[0.040s] Invoking command in '/home/balling/projects/RIC/ros_ws/build/nav_msgs': AMENT_PREFIX_PATH=/home/balling/projects/RIC/ros_ws/install/geometry_msgs:/home/balling/projects/RIC/ros_ws/install/std_msgs:/home/balling/projects/RIC/ros_ws/install/rosidl_default_runtime:/home/balling/projects/RIC/ros_ws/install/rosidl_default_generators:/home/balling/projects/RIC/ros_ws/install/action_msgs:/home/balling/projects/RIC/ros_ws/install/service_msgs:/home/balling/projects/RIC/ros_ws/install/unique_identifier_msgs:/home/balling/projects/RIC/ros_ws/install/builtin_interfaces:/home/balling/projects/RIC/ros_ws/install/rosidl_core_runtime:/home/balling/projects/RIC/ros_ws/install/rosidl_core_generators:/home/balling/projects/RIC/ros_ws/install/rosidl_generator_rs:/home/balling/projects/RIC/ros_ws/install/rosidl_runtime_rs:${AMENT_PREFIX_PATH} CMAKE_PREFIX_PATH=/home/balling/projects/RIC/ros_ws/install/geometry_msgs:/home/balling/projects/RIC/ros_ws/install/std_msgs:/home/balling/projects/RIC/ros_ws/install/rosidl_default_runtime:/home/balling/projects/RIC/ros_ws/install/rosidl_default_generators:/home/balling/projects/RIC/ros_ws/install/action_msgs:/home/balling/projects/RIC/ros_ws/install/service_msgs:/home/balling/projects/RIC/ros_ws/install/unique_identifier_msgs:/home/balling/projects/RIC/ros_ws/install/builtin_interfaces:/home/balling/projects/RIC/ros_ws/install/rosidl_core_runtime:/home/balling/projects/RIC/ros_ws/install/rosidl_core_generators:/home/balling/projects/RIC/ros_ws/install/rosidl_generator_rs:/home/balling/projects/RIC/mobile_robot_ws/install/mobile_robot:/home/balling/projects/RIC/mobile_robot_ws/install/articubot_one:/opt/ros/jazzy/opt/gz_sim_vendor:/opt/ros/jazzy/opt/gz_sensors_vendor:/opt/ros/jazzy/opt/gz_physics_vendor:/opt/ros/jazzy/opt/sdformat_vendor:/opt/ros/jazzy/opt/gz_gui_vendor:/opt/ros/jazzy/opt/gz_transport_vendor:/opt/ros/jazzy/opt/gz_rendering_vendor:/opt/ros/jazzy/opt/gz_plugin_vendor:/opt/ros/jazzy/opt/gz_fuel_tools_vendor:/opt/ros/jazzy/opt/gz_msgs_vendor:/opt/ros/jazzy/opt/gz_common_vendor:/opt/ros/jazzy/opt/gz_math_vendor:/opt/ros/jazzy/opt/gz_utils_vendor:/opt/ros/jazzy/opt/gz_tools_vendor:/opt/ros/jazzy/opt/gz_ogre_next_vendor:/opt/ros/jazzy/opt/gz_dartsim_vendor:/opt/ros/jazzy/opt/gz_cmake_vendor:/opt/ros/jazzy DEBUGINFOD_URLS=https://debuginfod.ubuntu.com LD_LIBRARY_PATH=/home/balling/projects/RIC/ros_ws/install/geometry_msgs/lib:/home/balling/projects/RIC/ros_ws/install/std_msgs/lib:/home/balling/projects/RIC/ros_ws/install/action_msgs/lib:/home/balling/projects/RIC/ros_ws/install/service_msgs/lib:/home/balling/projects/RIC/ros_ws/install/unique_identifier_msgs/lib:/home/balling/projects/RIC/ros_ws/install/builtin_interfaces/lib:${LD_LIBRARY_PATH} PYTHONPATH=/home/balling/projects/RIC/ros_ws/install/geometry_msgs/lib/python3.12/site-packages:/home/balling/projects/RIC/ros_ws/install/std_msgs/lib/python3.12/site-packages:/home/balling/projects/RIC/ros_ws/install/action_msgs/lib/python3.12/site-packages:/home/balling/projects/RIC/ros_ws/install/service_msgs/lib/python3.12/site-packages:/home/balling/projects/RIC/ros_ws/install/unique_identifier_msgs/lib/python3.12/site-packages:/home/balling/projects/RIC/ros_ws/install/builtin_interfaces/lib/python3.12/site-packages:/home/balling/projects/RIC/ros_ws/install/rosidl_generator_rs/lib/python3.12/site-packages:${PYTHONPATH} /home/balling/.nix-profile/bin/cmake /home/balling/projects/RIC/ros_ws/src/ros2/common_interfaces/nav_msgs -DCMAKE_INSTALL_PREFIX=/home/balling/projects/RIC/ros_ws/install/nav_msgs
[0.098s] -- The C compiler identification is GNU 13.3.0
[0.151s] -- The CXX compiler identification is GNU 13.3.0
[0.161s] -- Detecting C compiler ABI info
[0.232s] -- Detecting C compiler ABI info - done
[0.247s] -- Check for working C compiler: /usr/bin/cc - skipped
[0.248s] -- Detecting C compile features
[0.248s] -- Detecting C compile features - done
[0.251s] -- Detecting CXX compiler ABI info
[0.329s] -- Detecting CXX compiler ABI info - done
[0.346s] -- Check for working CXX compiler: /usr/bin/c++ - skipped
[0.346s] -- Detecting CXX compile features
[0.347s] -- Detecting CXX compile features - done
[0.351s] -- Found ament_cmake: 2.5.2 (/opt/ros/jazzy/share/ament_cmake/cmake)
[0.480s] -- Found Python3: /usr/bin/python3 (found version "3.12.3") found components: Interpreter
[0.576s] -- Found builtin_interfaces: 2.0.2 (/home/balling/projects/RIC/ros_ws/install/builtin_interfaces/share/builtin_interfaces/cmake)
[0.615s] -- Found rosidl_generator_c: 4.6.4 (/opt/ros/jazzy/share/rosidl_generator_c/cmake)
[0.632s] -- Found rosidl_generator_cpp: 4.6.4 (/opt/ros/jazzy/share/rosidl_generator_cpp/cmake)
[0.648s] -- Using all available rosidl_typesupport_c: rosidl_typesupport_fastrtps_c;rosidl_typesupport_introspection_c
[0.666s] -- Using all available rosidl_typesupport_cpp: rosidl_typesupport_fastrtps_cpp;rosidl_typesupport_introspection_cpp
[0.682s] -- Found geometry_msgs: 5.3.5 (/home/balling/projects/RIC/ros_ws/install/geometry_msgs/share/geometry_msgs/cmake)
[0.707s] -- Found rosidl_default_generators: 1.6.0 (/home/balling/projects/RIC/ros_ws/install/rosidl_default_generators/share/rosidl_default_generators/cmake)
[0.724s] -- Found rosidl_adapter: 4.6.4 (/opt/ros/jazzy/share/rosidl_adapter/cmake)
[1.309s] -- Found ament_cmake_cppcheck: 0.17.1 (/opt/ros/jazzy/share/ament_cmake_cppcheck/cmake)
[1.314s] -- Found ament_cmake_cpplint: 0.17.1 (/opt/ros/jazzy/share/ament_cmake_cpplint/cmake)
[1.318s] -- Found ament_cmake_uncrustify: 0.17.1 (/opt/ros/jazzy/share/ament_cmake_uncrustify/cmake)
[1.325s] -- Found ament_cmake_ros: 0.12.0 (/opt/ros/jazzy/share/ament_cmake_ros/cmake)
[2.087s] -- Using all available rosidl_typesupport_c: rosidl_typesupport_fastrtps_c;rosidl_typesupport_introspection_c
[2.384s] -- Using all available rosidl_typesupport_cpp: rosidl_typesupport_fastrtps_cpp;rosidl_typesupport_introspection_cpp
[2.426s] -- Found python_cmake_module: 0.11.1 (/opt/ros/jazzy/share/python_cmake_module/cmake)
[2.543s] -- Found PythonExtra: /usr/bin/python3
[2.892s] -- Found Python3: /usr/bin/python3 (found version "3.12.3") found components: Interpreter Development NumPy Development.Module Development.Embed
[2.956s] -- Found ament_cmake_flake8: 0.17.1 (/opt/ros/jazzy/share/ament_cmake_flake8/cmake)
[2.960s] -- Found ament_cmake_pep257: 0.17.1 (/opt/ros/jazzy/share/ament_cmake_pep257/cmake)
[2.966s] -- Configuring done (2.9s)
[3.015s] -- Generating done (0.0s)
[3.026s] -- Build files have been written to: /home/balling/projects/RIC/ros_ws/build/nav_msgs
[3.038s] Invoked command in '/home/balling/projects/RIC/ros_ws/build/nav_msgs' returned '0': AMENT_PREFIX_PATH=/home/balling/projects/RIC/ros_ws/install/geometry_msgs:/home/balling/projects/RIC/ros_ws/install/std_msgs:/home/balling/projects/RIC/ros_ws/install/rosidl_default_runtime:/home/balling/projects/RIC/ros_ws/install/rosidl_default_generators:/home/balling/projects/RIC/ros_ws/install/action_msgs:/home/balling/projects/RIC/ros_ws/install/service_msgs:/home/balling/projects/RIC/ros_ws/install/unique_identifier_msgs:/home/balling/projects/RIC/ros_ws/install/builtin_interfaces:/home/balling/projects/RIC/ros_ws/install/rosidl_core_runtime:/home/balling/projects/RIC/ros_ws/install/rosidl_core_generators:/home/balling/projects/RIC/ros_ws/install/rosidl_generator_rs:/home/balling/projects/RIC/ros_ws/install/rosidl_runtime_rs:${AMENT_PREFIX_PATH} CMAKE_PREFIX_PATH=/home/balling/projects/RIC/ros_ws/install/geometry_msgs:/home/balling/projects/RIC/ros_ws/install/std_msgs:/home/balling/projects/RIC/ros_ws/install/rosidl_default_runtime:/home/balling/projects/RIC/ros_ws/install/rosidl_default_generators:/home/balling/projects/RIC/ros_ws/install/action_msgs:/home/balling/projects/RIC/ros_ws/install/service_msgs:/home/balling/projects/RIC/ros_ws/install/unique_identifier_msgs:/home/balling/projects/RIC/ros_ws/install/builtin_interfaces:/home/balling/projects/RIC/ros_ws/install/rosidl_core_runtime:/home/balling/projects/RIC/ros_ws/install/rosidl_core_generators:/home/balling/projects/RIC/ros_ws/install/rosidl_generator_rs:/home/balling/projects/RIC/mobile_robot_ws/install/mobile_robot:/home/balling/projects/RIC/mobile_robot_ws/install/articubot_one:/opt/ros/jazzy/opt/gz_sim_vendor:/opt/ros/jazzy/opt/gz_sensors_vendor:/opt/ros/jazzy/opt/gz_physics_vendor:/opt/ros/jazzy/opt/sdformat_vendor:/opt/ros/jazzy/opt/gz_gui_vendor:/opt/ros/jazzy/opt/gz_transport_vendor:/opt/ros/jazzy/opt/gz_rendering_vendor:/opt/ros/jazzy/opt/gz_plugin_vendor:/opt/ros/jazzy/opt/gz_fuel_tools_vendor:/opt/ros/jazzy/opt/gz_msgs_vendor:/opt/ros/jazzy/opt/gz_common_vendor:/opt/ros/jazzy/opt/gz_math_vendor:/opt/ros/jazzy/opt/gz_utils_vendor:/opt/ros/jazzy/opt/gz_tools_vendor:/opt/ros/jazzy/opt/gz_ogre_next_vendor:/opt/ros/jazzy/opt/gz_dartsim_vendor:/opt/ros/jazzy/opt/gz_cmake_vendor:/opt/ros/jazzy DEBUGINFOD_URLS=https://debuginfod.ubuntu.com LD_LIBRARY_PATH=/home/balling/projects/RIC/ros_ws/install/geometry_msgs/lib:/home/balling/projects/RIC/ros_ws/install/std_msgs/lib:/home/balling/projects/RIC/ros_ws/install/action_msgs/lib:/home/balling/projects/RIC/ros_ws/install/service_msgs/lib:/home/balling/projects/RIC/ros_ws/install/unique_identifier_msgs/lib:/home/balling/projects/RIC/ros_ws/install/builtin_interfaces/lib:${LD_LIBRARY_PATH} PYTHONPATH=/home/balling/projects/RIC/ros_ws/install/geometry_msgs/lib/python3.12/site-packages:/home/balling/projects/RIC/ros_ws/install/std_msgs/lib/python3.12/site-packages:/home/balling/projects/RIC/ros_ws/install/action_msgs/lib/python3.12/site-packages:/home/balling/projects/RIC/ros_ws/install/service_msgs/lib/python3.12/site-packages:/home/balling/projects/RIC/ros_ws/install/unique_identifier_msgs/lib/python3.12/site-packages:/home/balling/projects/RIC/ros_ws/install/builtin_interfaces/lib/python3.12/site-packages:/home/balling/projects/RIC/ros_ws/install/rosidl_generator_rs/lib/python3.12/site-packages:${PYTHONPATH} /home/balling/.nix-profile/bin/cmake /home/balling/projects/RIC/ros_ws/src/ros2/common_interfaces/nav_msgs -DCMAKE_INSTALL_PREFIX=/home/balling/projects/RIC/ros_ws/install/nav_msgs
[3.038s] Invoking command in '/home/balling/projects/RIC/ros_ws/build/nav_msgs': AMENT_PREFIX_PATH=/home/balling/projects/RIC/ros_ws/install/geometry_msgs:/home/balling/projects/RIC/ros_ws/install/std_msgs:/home/balling/projects/RIC/ros_ws/install/rosidl_default_runtime:/home/balling/projects/RIC/ros_ws/install/rosidl_default_generators:/home/balling/projects/RIC/ros_ws/install/action_msgs:/home/balling/projects/RIC/ros_ws/install/service_msgs:/home/balling/projects/RIC/ros_ws/install/unique_identifier_msgs:/home/balling/projects/RIC/ros_ws/install/builtin_interfaces:/home/balling/projects/RIC/ros_ws/install/rosidl_core_runtime:/home/balling/projects/RIC/ros_ws/install/rosidl_core_generators:/home/balling/projects/RIC/ros_ws/install/rosidl_generator_rs:/home/balling/projects/RIC/ros_ws/install/rosidl_runtime_rs:${AMENT_PREFIX_PATH} CMAKE_PREFIX_PATH=/home/balling/projects/RIC/ros_ws/install/geometry_msgs:/home/balling/projects/RIC/ros_ws/install/std_msgs:/home/balling/projects/RIC/ros_ws/install/rosidl_default_runtime:/home/balling/projects/RIC/ros_ws/install/rosidl_default_generators:/home/balling/projects/RIC/ros_ws/install/action_msgs:/home/balling/projects/RIC/ros_ws/install/service_msgs:/home/balling/projects/RIC/ros_ws/install/unique_identifier_msgs:/home/balling/projects/RIC/ros_ws/install/builtin_interfaces:/home/balling/projects/RIC/ros_ws/install/rosidl_core_runtime:/home/balling/projects/RIC/ros_ws/install/rosidl_core_generators:/home/balling/projects/RIC/ros_ws/install/rosidl_generator_rs:/home/balling/projects/RIC/mobile_robot_ws/install/mobile_robot:/home/balling/projects/RIC/mobile_robot_ws/install/articubot_one:/opt/ros/jazzy/opt/gz_sim_vendor:/opt/ros/jazzy/opt/gz_sensors_vendor:/opt/ros/jazzy/opt/gz_physics_vendor:/opt/ros/jazzy/opt/sdformat_vendor:/opt/ros/jazzy/opt/gz_gui_vendor:/opt/ros/jazzy/opt/gz_transport_vendor:/opt/ros/jazzy/opt/gz_rendering_vendor:/opt/ros/jazzy/opt/gz_plugin_vendor:/opt/ros/jazzy/opt/gz_fuel_tools_vendor:/opt/ros/jazzy/opt/gz_msgs_vendor:/opt/ros/jazzy/opt/gz_common_vendor:/opt/ros/jazzy/opt/gz_math_vendor:/opt/ros/jazzy/opt/gz_utils_vendor:/opt/ros/jazzy/opt/gz_tools_vendor:/opt/ros/jazzy/opt/gz_ogre_next_vendor:/opt/ros/jazzy/opt/gz_dartsim_vendor:/opt/ros/jazzy/opt/gz_cmake_vendor:/opt/ros/jazzy DEBUGINFOD_URLS=https://debuginfod.ubuntu.com LD_LIBRARY_PATH=/home/balling/projects/RIC/ros_ws/install/geometry_msgs/lib:/home/balling/projects/RIC/ros_ws/install/std_msgs/lib:/home/balling/projects/RIC/ros_ws/install/action_msgs/lib:/home/balling/projects/RIC/ros_ws/install/service_msgs/lib:/home/balling/projects/RIC/ros_ws/install/unique_identifier_msgs/lib:/home/balling/projects/RIC/ros_ws/install/builtin_interfaces/lib:${LD_LIBRARY_PATH} PYTHONPATH=/home/balling/projects/RIC/ros_ws/install/geometry_msgs/lib/python3.12/site-packages:/home/balling/projects/RIC/ros_ws/install/std_msgs/lib/python3.12/site-packages:/home/balling/projects/RIC/ros_ws/install/action_msgs/lib/python3.12/site-packages:/home/balling/projects/RIC/ros_ws/install/service_msgs/lib/python3.12/site-packages:/home/balling/projects/RIC/ros_ws/install/unique_identifier_msgs/lib/python3.12/site-packages:/home/balling/projects/RIC/ros_ws/install/builtin_interfaces/lib/python3.12/site-packages:/home/balling/projects/RIC/ros_ws/install/rosidl_generator_rs/lib/python3.12/site-packages:${PYTHONPATH} /home/balling/.nix-profile/bin/cmake --build /home/balling/projects/RIC/ros_ws/build/nav_msgs -- -j8 -l8
[3.079s] [  1%] [34m[1mGenerating type hashes for ROS interfaces[0m
[3.079s] [  2%] [34m[1mGenerating Rust code for ROS interfaces[0m
[3.088s] [  2%] Built target ament_cmake_python_copy_nav_msgs
[3.273s] running egg_info
[3.274s] creating nav_msgs.egg-info
[3.286s] writing nav_msgs.egg-info/PKG-INFO
[3.286s] writing dependency_links to nav_msgs.egg-info/dependency_links.txt
[3.286s] writing top-level names to nav_msgs.egg-info/top_level.txt
[3.286s] writing manifest file 'nav_msgs.egg-info/SOURCES.txt'
[3.322s] reading manifest file 'nav_msgs.egg-info/SOURCES.txt'
[3.322s] writing manifest file 'nav_msgs.egg-info/SOURCES.txt'
[3.351s] [  2%] Built target ament_cmake_python_build_nav_msgs_egg
[3.526s] [  2%] Built target nav_msgs__rosidl_generator_type_description
[3.538s] [  2%] Built target nav_msgs__rs
[3.538s] [  3%] [34m[1mGenerating C code for ROS interfaces[0m
[3.549s] [  3%] [34m[1mGenerating C++ code for ROS interfaces[0m
[4.262s] [  3%] Built target nav_msgs__cpp
[4.414s] [  5%] [32mBuilding C object CMakeFiles/nav_msgs__rosidl_generator_c.dir/rosidl_generator_c/nav_msgs/msg/detail/grid_cells__description.c.o[0m
[4.414s] [  5%] [32mBuilding C object CMakeFiles/nav_msgs__rosidl_generator_c.dir/rosidl_generator_c/nav_msgs/msg/detail/grid_cells__functions.c.o[0m
[4.415s] [  6%] [32mBuilding C object CMakeFiles/nav_msgs__rosidl_generator_c.dir/rosidl_generator_c/nav_msgs/msg/detail/grid_cells__type_support.c.o[0m
[4.415s] [  6%] [32mBuilding C object CMakeFiles/nav_msgs__rosidl_generator_c.dir/rosidl_generator_c/nav_msgs/msg/detail/map_meta_data__functions.c.o[0m
[4.415s] [  7%] [32mBuilding C object CMakeFiles/nav_msgs__rosidl_generator_c.dir/rosidl_generator_c/nav_msgs/msg/detail/map_meta_data__description.c.o[0m
[4.447s] [  8%] [32mBuilding C object CMakeFiles/nav_msgs__rosidl_generator_c.dir/rosidl_generator_c/nav_msgs/msg/detail/occupancy_grid__functions.c.o[0m
[4.467s] [  9%] [32mBuilding C object CMakeFiles/nav_msgs__rosidl_generator_c.dir/rosidl_generator_c/nav_msgs/msg/detail/occupancy_grid__type_support.c.o[0m
[4.467s] [ 10%] [32mBuilding C object CMakeFiles/nav_msgs__rosidl_generator_c.dir/rosidl_generator_c/nav_msgs/msg/detail/odometry__description.c.o[0m
[4.467s] [ 11%] [32mBuilding C object CMakeFiles/nav_msgs__rosidl_generator_c.dir/rosidl_generator_c/nav_msgs/msg/detail/odometry__functions.c.o[0m
[4.470s] [ 12%] [32mBuilding C object CMakeFiles/nav_msgs__rosidl_generator_c.dir/rosidl_generator_c/nav_msgs/msg/detail/odometry__type_support.c.o[0m
[4.488s] [ 12%] [32mBuilding C object CMakeFiles/nav_msgs__rosidl_generator_c.dir/rosidl_generator_c/nav_msgs/msg/detail/path__description.c.o[0m
[4.496s] [ 13%] [32mBuilding C object CMakeFiles/nav_msgs__rosidl_generator_c.dir/rosidl_generator_c/nav_msgs/msg/detail/path__functions.c.o[0m
[4.504s] [ 14%] [32mBuilding C object CMakeFiles/nav_msgs__rosidl_generator_c.dir/rosidl_generator_c/nav_msgs/msg/detail/path__type_support.c.o[0m
[4.507s] [ 15%] [32mBuilding C object CMakeFiles/nav_msgs__rosidl_generator_c.dir/rosidl_generator_c/nav_msgs/srv/detail/get_map__description.c.o[0m
[4.512s] [ 16%] [32mBuilding C object CMakeFiles/nav_msgs__rosidl_generator_c.dir/rosidl_generator_c/nav_msgs/srv/detail/get_map__functions.c.o[0m
[4.530s] [ 17%] [32mBuilding C object CMakeFiles/nav_msgs__rosidl_generator_c.dir/rosidl_generator_c/nav_msgs/msg/detail/occupancy_grid__description.c.o[0m
[4.533s] [ 18%] [32mBuilding C object CMakeFiles/nav_msgs__rosidl_generator_c.dir/rosidl_generator_c/nav_msgs/srv/detail/get_map__type_support.c.o[0m
[4.534s] [ 19%] [32mBuilding C object CMakeFiles/nav_msgs__rosidl_generator_c.dir/rosidl_generator_c/nav_msgs/srv/detail/get_plan__description.c.o[0m
[4.535s] [ 20%] [32mBuilding C object CMakeFiles/nav_msgs__rosidl_generator_c.dir/rosidl_generator_c/nav_msgs/msg/detail/map_meta_data__type_support.c.o[0m
[4.549s] [ 21%] [32mBuilding C object CMakeFiles/nav_msgs__rosidl_generator_c.dir/rosidl_generator_c/nav_msgs/srv/detail/get_plan__functions.c.o[0m
[4.550s] [ 21%] [32mBuilding C object CMakeFiles/nav_msgs__rosidl_generator_c.dir/rosidl_generator_c/nav_msgs/srv/detail/get_plan__type_support.c.o[0m
[4.577s] [ 22%] [32mBuilding C object CMakeFiles/nav_msgs__rosidl_generator_c.dir/rosidl_generator_c/nav_msgs/srv/detail/load_map__functions.c.o[0m
[4.578s] [ 23%] [32mBuilding C object CMakeFiles/nav_msgs__rosidl_generator_c.dir/rosidl_generator_c/nav_msgs/srv/detail/load_map__description.c.o[0m
[4.590s] [ 24%] [32mBuilding C object CMakeFiles/nav_msgs__rosidl_generator_c.dir/rosidl_generator_c/nav_msgs/srv/detail/load_map__type_support.c.o[0m
[4.594s] [ 25%] [32mBuilding C object CMakeFiles/nav_msgs__rosidl_generator_c.dir/rosidl_generator_c/nav_msgs/srv/detail/set_map__description.c.o[0m
[4.601s] [ 26%] [32mBuilding C object CMakeFiles/nav_msgs__rosidl_generator_c.dir/rosidl_generator_c/nav_msgs/srv/detail/set_map__type_support.c.o[0m
[4.604s] [ 27%] [32mBuilding C object CMakeFiles/nav_msgs__rosidl_generator_c.dir/rosidl_generator_c/nav_msgs/srv/detail/set_map__functions.c.o[0m
[4.685s] [ 27%] [32m[1mLinking C shared library libnav_msgs__rosidl_generator_c.so[0m
[4.718s] [ 27%] Built target nav_msgs__rosidl_generator_c
[4.726s] [ 28%] [34m[1mGenerating C++ type support for eProsima Fast-RTPS[0m
[4.726s] [ 29%] [34m[1mGenerating C type support for eProsima Fast-RTPS[0m
[4.726s] [ 30%] [34m[1mGenerating C introspection for ROS interfaces[0m
[4.726s] [ 31%] [34m[1mGenerating C type support dispatch for ROS interfaces[0m
[5.399s] [ 32%] [32mBuilding CXX object CMakeFiles/nav_msgs__rosidl_typesupport_c.dir/rosidl_typesupport_c/nav_msgs/msg/grid_cells__type_support.cpp.o[0m
[5.406s] [ 33%] [32mBuilding CXX object CMakeFiles/nav_msgs__rosidl_typesupport_c.dir/rosidl_typesupport_c/nav_msgs/msg/map_meta_data__type_support.cpp.o[0m
[5.408s] [ 34%] [32mBuilding CXX object CMakeFiles/nav_msgs__rosidl_typesupport_c.dir/rosidl_typesupport_c/nav_msgs/msg/occupancy_grid__type_support.cpp.o[0m
[5.444s] [ 34%] [32mBuilding CXX object CMakeFiles/nav_msgs__rosidl_typesupport_c.dir/rosidl_typesupport_c/nav_msgs/msg/odometry__type_support.cpp.o[0m
[5.471s] [ 35%] [32mBuilding CXX object CMakeFiles/nav_msgs__rosidl_typesupport_c.dir/rosidl_typesupport_c/nav_msgs/msg/path__type_support.cpp.o[0m
[5.505s] [ 36%] [32mBuilding CXX object CMakeFiles/nav_msgs__rosidl_typesupport_c.dir/rosidl_typesupport_c/nav_msgs/srv/get_map__type_support.cpp.o[0m
[5.531s] [ 37%] [32mBuilding CXX object CMakeFiles/nav_msgs__rosidl_typesupport_c.dir/rosidl_typesupport_c/nav_msgs/srv/load_map__type_support.cpp.o[0m
[5.536s] [ 38%] [32mBuilding CXX object CMakeFiles/nav_msgs__rosidl_typesupport_c.dir/rosidl_typesupport_c/nav_msgs/srv/get_plan__type_support.cpp.o[0m
[5.571s] [ 39%] [32mBuilding CXX object CMakeFiles/nav_msgs__rosidl_typesupport_c.dir/rosidl_typesupport_c/nav_msgs/srv/set_map__type_support.cpp.o[0m
[5.642s] [ 40%] [32m[1mLinking CXX shared library libnav_msgs__rosidl_typesupport_c.so[0m
[5.651s] [ 41%] [32mBuilding C object CMakeFiles/nav_msgs__rosidl_typesupport_introspection_c.dir/rosidl_typesupport_introspection_c/nav_msgs/msg/detail/grid_cells__type_support.c.o[0m
[5.687s] [ 42%] [32mBuilding C object CMakeFiles/nav_msgs__rosidl_typesupport_introspection_c.dir/rosidl_typesupport_introspection_c/nav_msgs/msg/detail/map_meta_data__type_support.c.o[0m
[5.687s] [ 43%] [32mBuilding C object CMakeFiles/nav_msgs__rosidl_typesupport_introspection_c.dir/rosidl_typesupport_introspection_c/nav_msgs/msg/detail/occupancy_grid__type_support.c.o[0m
[5.702s] [ 44%] [32mBuilding C object CMakeFiles/nav_msgs__rosidl_typesupport_introspection_c.dir/rosidl_typesupport_introspection_c/nav_msgs/msg/detail/odometry__type_support.c.o[0m
[5.711s] [ 44%] Built target nav_msgs__rosidl_typesupport_c
[5.716s] [ 45%] [32mBuilding C object CMakeFiles/nav_msgs__rosidl_typesupport_introspection_c.dir/rosidl_typesupport_introspection_c/nav_msgs/msg/detail/path__type_support.c.o[0m
[5.719s] [ 45%] [34m[1mGenerating C++ type support dispatch for ROS interfaces[0m
[5.719s] [ 46%] [34m[1mGenerating C++ introspection for ROS interfaces[0m
[5.730s] [ 46%] [32mBuilding C object CMakeFiles/nav_msgs__rosidl_typesupport_introspection_c.dir/rosidl_typesupport_introspection_c/nav_msgs/srv/detail/get_map__type_support.c.o[0m
[5.738s] [ 46%] [32mBuilding CXX object CMakeFiles/nav_msgs__rosidl_typesupport_fastrtps_cpp.dir/rosidl_typesupport_fastrtps_cpp/nav_msgs/msg/detail/dds_fastrtps/grid_cells__type_support.cpp.o[0m
[5.741s] [ 47%] [32mBuilding C object CMakeFiles/nav_msgs__rosidl_typesupport_introspection_c.dir/rosidl_typesupport_introspection_c/nav_msgs/srv/detail/get_plan__type_support.c.o[0m
[5.761s] [ 48%] [32mBuilding C object CMakeFiles/nav_msgs__rosidl_typesupport_introspection_c.dir/rosidl_typesupport_introspection_c/nav_msgs/srv/detail/load_map__type_support.c.o[0m
[5.761s] [ 49%] [32mBuilding C object CMakeFiles/nav_msgs__rosidl_typesupport_introspection_c.dir/rosidl_typesupport_introspection_c/nav_msgs/srv/detail/set_map__type_support.c.o[0m
[5.798s] [ 50%] [32mBuilding CXX object CMakeFiles/nav_msgs__rosidl_typesupport_fastrtps_cpp.dir/rosidl_typesupport_fastrtps_cpp/nav_msgs/msg/detail/dds_fastrtps/map_meta_data__type_support.cpp.o[0m
[5.813s] [ 51%] [32mBuilding CXX object CMakeFiles/nav_msgs__rosidl_typesupport_fastrtps_cpp.dir/rosidl_typesupport_fastrtps_cpp/nav_msgs/msg/detail/dds_fastrtps/occupancy_grid__type_support.cpp.o[0m
[5.820s] [ 52%] [32mBuilding CXX object CMakeFiles/nav_msgs__rosidl_typesupport_fastrtps_c.dir/rosidl_typesupport_fastrtps_c/nav_msgs/msg/detail/grid_cells__type_support_c.cpp.o[0m
[5.831s] [ 53%] [32mBuilding CXX object CMakeFiles/nav_msgs__rosidl_typesupport_fastrtps_cpp.dir/rosidl_typesupport_fastrtps_cpp/nav_msgs/msg/detail/dds_fastrtps/odometry__type_support.cpp.o[0m
[5.863s] [ 54%] [32m[1mLinking C shared library libnav_msgs__rosidl_typesupport_introspection_c.so[0m
[5.971s] [ 54%] Built target nav_msgs__rosidl_typesupport_introspection_c
[5.990s] [ 55%] [32mBuilding CXX object CMakeFiles/nav_msgs__rosidl_typesupport_fastrtps_c.dir/rosidl_typesupport_fastrtps_c/nav_msgs/msg/detail/map_meta_data__type_support_c.cpp.o[0m
[6.473s] [ 56%] [32mBuilding CXX object CMakeFiles/nav_msgs__rosidl_typesupport_fastrtps_c.dir/rosidl_typesupport_fastrtps_c/nav_msgs/msg/detail/occupancy_grid__type_support_c.cpp.o[0m
[6.482s] [ 57%] [32mBuilding CXX object CMakeFiles/nav_msgs__rosidl_typesupport_fastrtps_cpp.dir/rosidl_typesupport_fastrtps_cpp/nav_msgs/msg/detail/dds_fastrtps/path__type_support.cpp.o[0m
[6.618s] [ 58%] [32mBuilding CXX object CMakeFiles/nav_msgs__rosidl_typesupport_fastrtps_c.dir/rosidl_typesupport_fastrtps_c/nav_msgs/msg/detail/odometry__type_support_c.cpp.o[0m
[6.644s] [ 58%] [32mBuilding CXX object CMakeFiles/nav_msgs__rosidl_typesupport_fastrtps_c.dir/rosidl_typesupport_fastrtps_c/nav_msgs/msg/detail/path__type_support_c.cpp.o[0m
[6.787s] [ 59%] [32mBuilding CXX object CMakeFiles/nav_msgs__rosidl_typesupport_fastrtps_cpp.dir/rosidl_typesupport_fastrtps_cpp/nav_msgs/srv/detail/dds_fastrtps/get_map__type_support.cpp.o[0m
[7.005s] [ 60%] [32mBuilding CXX object CMakeFiles/nav_msgs__rosidl_typesupport_fastrtps_c.dir/rosidl_typesupport_fastrtps_c/nav_msgs/srv/detail/get_plan__type_support_c.cpp.o[0m
[7.005s] [ 61%] [32mBuilding CXX object CMakeFiles/nav_msgs__rosidl_typesupport_fastrtps_c.dir/rosidl_typesupport_fastrtps_c/nav_msgs/srv/detail/get_map__type_support_c.cpp.o[0m
[7.046s] [ 62%] [32mBuilding CXX object CMakeFiles/nav_msgs__rosidl_typesupport_introspection_cpp.dir/rosidl_typesupport_introspection_cpp/nav_msgs/msg/detail/grid_cells__type_support.cpp.o[0m
[7.052s] [ 63%] [32mBuilding CXX object CMakeFiles/nav_msgs__rosidl_typesupport_cpp.dir/rosidl_typesupport_cpp/nav_msgs/msg/grid_cells__type_support.cpp.o[0m
[7.106s] [ 64%] [32mBuilding CXX object CMakeFiles/nav_msgs__rosidl_typesupport_fastrtps_cpp.dir/rosidl_typesupport_fastrtps_cpp/nav_msgs/srv/detail/dds_fastrtps/get_plan__type_support.cpp.o[0m
[7.194s] [ 65%] [32mBuilding CXX object CMakeFiles/nav_msgs__rosidl_typesupport_fastrtps_cpp.dir/rosidl_typesupport_fastrtps_cpp/nav_msgs/srv/detail/dds_fastrtps/load_map__type_support.cpp.o[0m
[7.230s] [ 66%] [32mBuilding CXX object CMakeFiles/nav_msgs__rosidl_typesupport_fastrtps_c.dir/rosidl_typesupport_fastrtps_c/nav_msgs/srv/detail/load_map__type_support_c.cpp.o[0m
[7.534s] [ 67%] [32mBuilding CXX object CMakeFiles/nav_msgs__rosidl_typesupport_fastrtps_c.dir/rosidl_typesupport_fastrtps_c/nav_msgs/srv/detail/set_map__type_support_c.cpp.o[0m
[7.607s] [ 68%] [32mBuilding CXX object CMakeFiles/nav_msgs__rosidl_typesupport_cpp.dir/rosidl_typesupport_cpp/nav_msgs/msg/map_meta_data__type_support.cpp.o[0m
[7.609s] [ 68%] [32mBuilding CXX object CMakeFiles/nav_msgs__rosidl_typesupport_introspection_cpp.dir/rosidl_typesupport_introspection_cpp/nav_msgs/msg/detail/map_meta_data__type_support.cpp.o[0m
[7.866s] [ 69%] [32mBuilding CXX object CMakeFiles/nav_msgs__rosidl_typesupport_cpp.dir/rosidl_typesupport_cpp/nav_msgs/msg/occupancy_grid__type_support.cpp.o[0m
[7.883s] [ 69%] [32mBuilding CXX object CMakeFiles/nav_msgs__rosidl_typesupport_fastrtps_cpp.dir/rosidl_typesupport_fastrtps_cpp/nav_msgs/srv/detail/dds_fastrtps/set_map__type_support.cpp.o[0m
[8.034s] [ 70%] [32mBuilding CXX object CMakeFiles/nav_msgs__rosidl_typesupport_cpp.dir/rosidl_typesupport_cpp/nav_msgs/msg/odometry__type_support.cpp.o[0m
[8.034s] [ 71%] [32mBuilding CXX object CMakeFiles/nav_msgs__rosidl_typesupport_introspection_cpp.dir/rosidl_typesupport_introspection_cpp/nav_msgs/msg/detail/occupancy_grid__type_support.cpp.o[0m
[8.097s] [ 72%] [32mBuilding CXX object CMakeFiles/nav_msgs__rosidl_typesupport_introspection_cpp.dir/rosidl_typesupport_introspection_cpp/nav_msgs/msg/detail/odometry__type_support.cpp.o[0m
[8.164s] [ 73%] [32m[1mLinking CXX shared library libnav_msgs__rosidl_typesupport_fastrtps_c.so[0m
[8.238s] [ 74%] [32mBuilding CXX object CMakeFiles/nav_msgs__rosidl_typesupport_cpp.dir/rosidl_typesupport_cpp/nav_msgs/msg/path__type_support.cpp.o[0m
[8.324s] [ 74%] Built target nav_msgs__rosidl_typesupport_fastrtps_c
[8.337s] [ 75%] [32mBuilding CXX object CMakeFiles/nav_msgs__rosidl_typesupport_introspection_cpp.dir/rosidl_typesupport_introspection_cpp/nav_msgs/msg/detail/path__type_support.cpp.o[0m
[8.351s] [ 76%] [32mBuilding CXX object CMakeFiles/nav_msgs__rosidl_typesupport_cpp.dir/rosidl_typesupport_cpp/nav_msgs/srv/get_map__type_support.cpp.o[0m
[8.608s] [ 77%] [32mBuilding CXX object CMakeFiles/nav_msgs__rosidl_typesupport_introspection_cpp.dir/rosidl_typesupport_introspection_cpp/nav_msgs/srv/detail/get_map__type_support.cpp.o[0m
[8.617s] [ 78%] [32mBuilding CXX object CMakeFiles/nav_msgs__rosidl_typesupport_cpp.dir/rosidl_typesupport_cpp/nav_msgs/srv/get_plan__type_support.cpp.o[0m
[8.675s] [ 79%] [32mBuilding CXX object CMakeFiles/nav_msgs__rosidl_typesupport_introspection_cpp.dir/rosidl_typesupport_introspection_cpp/nav_msgs/srv/detail/get_plan__type_support.cpp.o[0m
[8.682s] [ 80%] [32mBuilding CXX object CMakeFiles/nav_msgs__rosidl_typesupport_introspection_cpp.dir/rosidl_typesupport_introspection_cpp/nav_msgs/srv/detail/load_map__type_support.cpp.o[0m
[8.820s] [ 80%] [32mBuilding CXX object CMakeFiles/nav_msgs__rosidl_typesupport_cpp.dir/rosidl_typesupport_cpp/nav_msgs/srv/load_map__type_support.cpp.o[0m
[8.952s] [ 81%] [32mBuilding CXX object CMakeFiles/nav_msgs__rosidl_typesupport_introspection_cpp.dir/rosidl_typesupport_introspection_cpp/nav_msgs/srv/detail/set_map__type_support.cpp.o[0m
[9.037s] [ 82%] [32m[1mLinking CXX shared library libnav_msgs__rosidl_typesupport_fastrtps_cpp.so[0m
[9.164s] [ 83%] [32mBuilding CXX object CMakeFiles/nav_msgs__rosidl_typesupport_cpp.dir/rosidl_typesupport_cpp/nav_msgs/srv/set_map__type_support.cpp.o[0m
[9.190s] [ 83%] Built target nav_msgs__rosidl_typesupport_fastrtps_cpp
[9.698s] [ 83%] [32m[1mLinking CXX shared library libnav_msgs__rosidl_typesupport_introspection_cpp.so[0m
[9.741s] [ 84%] [32m[1mLinking CXX shared library libnav_msgs__rosidl_typesupport_cpp.so[0m
[9.856s] [ 84%] Built target nav_msgs__rosidl_typesupport_cpp
[9.859s] [ 84%] Built target nav_msgs__rosidl_typesupport_introspection_cpp
[9.874s] [ 84%] Built target nav_msgs
[9.899s] [ 85%] [34m[1mGenerating Python code for ROS interfaces[0m
[11.577s] [ 85%] Built target nav_msgs__py
[11.593s] [ 86%] [32mBuilding C object CMakeFiles/nav_msgs__rosidl_generator_py.dir/rosidl_generator_py/nav_msgs/msg/_grid_cells_s.c.o[0m
[11.593s] [ 87%] [32mBuilding C object CMakeFiles/nav_msgs__rosidl_generator_py.dir/rosidl_generator_py/nav_msgs/msg/_map_meta_data_s.c.o[0m
[11.712s] [ 87%] [32mBuilding C object CMakeFiles/nav_msgs__rosidl_generator_py.dir/rosidl_generator_py/nav_msgs/srv/_load_map_s.c.o[0m
[11.722s] [ 88%] [32mBuilding C object CMakeFiles/nav_msgs__rosidl_generator_py.dir/rosidl_generator_py/nav_msgs/srv/_set_map_s.c.o[0m
[11.848s] [ 89%] [32mBuilding C object CMakeFiles/nav_msgs__rosidl_generator_py.dir/rosidl_generator_py/nav_msgs/srv/_get_plan_s.c.o[0m
[11.865s] [ 90%] [32mBuilding C object CMakeFiles/nav_msgs__rosidl_generator_py.dir/rosidl_generator_py/nav_msgs/srv/_get_map_s.c.o[0m
[11.984s] [ 91%] [32mBuilding C object CMakeFiles/nav_msgs__rosidl_generator_py.dir/rosidl_generator_py/nav_msgs/msg/_path_s.c.o[0m
[11.993s] [ 92%] [32mBuilding C object CMakeFiles/nav_msgs__rosidl_generator_py.dir/rosidl_generator_py/nav_msgs/msg/_odometry_s.c.o[0m
[12.096s] [ 93%] [32mBuilding C object CMakeFiles/nav_msgs__rosidl_generator_py.dir/rosidl_generator_py/nav_msgs/msg/_occupancy_grid_s.c.o[0m
[12.199s] [ 94%] [32m[1mLinking C shared library libnav_msgs__rosidl_generator_py.so[0m
[12.244s] [ 94%] Built target nav_msgs__rosidl_generator_py
[12.260s] [ 95%] [32mBuilding C object CMakeFiles/nav_msgs_s__rosidl_typesupport_fastrtps_c.dir/rosidl_generator_py/nav_msgs/_nav_msgs_s.ep.rosidl_typesupport_fastrtps_c.c.o[0m
[12.260s] [ 96%] [32mBuilding C object CMakeFiles/nav_msgs_s__rosidl_typesupport_introspection_c.dir/rosidl_generator_py/nav_msgs/_nav_msgs_s.ep.rosidl_typesupport_introspection_c.c.o[0m
[12.386s] [ 97%] [32m[1mLinking C shared module rosidl_generator_py/nav_msgs/nav_msgs_s__rosidl_typesupport_introspection_c.so[0m
[12.389s] [ 98%] [32m[1mLinking C shared module rosidl_generator_py/nav_msgs/nav_msgs_s__rosidl_typesupport_fastrtps_c.so[0m
[12.412s] [ 98%] Built target nav_msgs_s__rosidl_typesupport_introspection_c
[12.418s] [ 98%] Built target nav_msgs_s__rosidl_typesupport_fastrtps_c
[12.432s] [ 99%] [32mBuilding C object CMakeFiles/nav_msgs_s__rosidl_typesupport_c.dir/rosidl_generator_py/nav_msgs/_nav_msgs_s.ep.rosidl_typesupport_c.c.o[0m
[12.540s] [100%] [32m[1mLinking C shared module rosidl_generator_py/nav_msgs/nav_msgs_s__rosidl_typesupport_c.so[0m
[12.566s] [100%] Built target nav_msgs_s__rosidl_typesupport_c
[12.577s] Invoked command in '/home/balling/projects/RIC/ros_ws/build/nav_msgs' returned '0': AMENT_PREFIX_PATH=/home/balling/projects/RIC/ros_ws/install/geometry_msgs:/home/balling/projects/RIC/ros_ws/install/std_msgs:/home/balling/projects/RIC/ros_ws/install/rosidl_default_runtime:/home/balling/projects/RIC/ros_ws/install/rosidl_default_generators:/home/balling/projects/RIC/ros_ws/install/action_msgs:/home/balling/projects/RIC/ros_ws/install/service_msgs:/home/balling/projects/RIC/ros_ws/install/unique_identifier_msgs:/home/balling/projects/RIC/ros_ws/install/builtin_interfaces:/home/balling/projects/RIC/ros_ws/install/rosidl_core_runtime:/home/balling/projects/RIC/ros_ws/install/rosidl_core_generators:/home/balling/projects/RIC/ros_ws/install/rosidl_generator_rs:/home/balling/projects/RIC/ros_ws/install/rosidl_runtime_rs:${AMENT_PREFIX_PATH} CMAKE_PREFIX_PATH=/home/balling/projects/RIC/ros_ws/install/geometry_msgs:/home/balling/projects/RIC/ros_ws/install/std_msgs:/home/balling/projects/RIC/ros_ws/install/rosidl_default_runtime:/home/balling/projects/RIC/ros_ws/install/rosidl_default_generators:/home/balling/projects/RIC/ros_ws/install/action_msgs:/home/balling/projects/RIC/ros_ws/install/service_msgs:/home/balling/projects/RIC/ros_ws/install/unique_identifier_msgs:/home/balling/projects/RIC/ros_ws/install/builtin_interfaces:/home/balling/projects/RIC/ros_ws/install/rosidl_core_runtime:/home/balling/projects/RIC/ros_ws/install/rosidl_core_generators:/home/balling/projects/RIC/ros_ws/install/rosidl_generator_rs:/home/balling/projects/RIC/mobile_robot_ws/install/mobile_robot:/home/balling/projects/RIC/mobile_robot_ws/install/articubot_one:/opt/ros/jazzy/opt/gz_sim_vendor:/opt/ros/jazzy/opt/gz_sensors_vendor:/opt/ros/jazzy/opt/gz_physics_vendor:/opt/ros/jazzy/opt/sdformat_vendor:/opt/ros/jazzy/opt/gz_gui_vendor:/opt/ros/jazzy/opt/gz_transport_vendor:/opt/ros/jazzy/opt/gz_rendering_vendor:/opt/ros/jazzy/opt/gz_plugin_vendor:/opt/ros/jazzy/opt/gz_fuel_tools_vendor:/opt/ros/jazzy/opt/gz_msgs_vendor:/opt/ros/jazzy/opt/gz_common_vendor:/opt/ros/jazzy/opt/gz_math_vendor:/opt/ros/jazzy/opt/gz_utils_vendor:/opt/ros/jazzy/opt/gz_tools_vendor:/opt/ros/jazzy/opt/gz_ogre_next_vendor:/opt/ros/jazzy/opt/gz_dartsim_vendor:/opt/ros/jazzy/opt/gz_cmake_vendor:/opt/ros/jazzy DEBUGINFOD_URLS=https://debuginfod.ubuntu.com LD_LIBRARY_PATH=/home/balling/projects/RIC/ros_ws/install/geometry_msgs/lib:/home/balling/projects/RIC/ros_ws/install/std_msgs/lib:/home/balling/projects/RIC/ros_ws/install/action_msgs/lib:/home/balling/projects/RIC/ros_ws/install/service_msgs/lib:/home/balling/projects/RIC/ros_ws/install/unique_identifier_msgs/lib:/home/balling/projects/RIC/ros_ws/install/builtin_interfaces/lib:${LD_LIBRARY_PATH} PYTHONPATH=/home/balling/projects/RIC/ros_ws/install/geometry_msgs/lib/python3.12/site-packages:/home/balling/projects/RIC/ros_ws/install/std_msgs/lib/python3.12/site-packages:/home/balling/projects/RIC/ros_ws/install/action_msgs/lib/python3.12/site-packages:/home/balling/projects/RIC/ros_ws/install/service_msgs/lib/python3.12/site-packages:/home/balling/projects/RIC/ros_ws/install/unique_identifier_msgs/lib/python3.12/site-packages:/home/balling/projects/RIC/ros_ws/install/builtin_interfaces/lib/python3.12/site-packages:/home/balling/projects/RIC/ros_ws/install/rosidl_generator_rs/lib/python3.12/site-packages:${PYTHONPATH} /home/balling/.nix-profile/bin/cmake --build /home/balling/projects/RIC/ros_ws/build/nav_msgs -- -j8 -l8
[12.578s] Invoking command in '/home/balling/projects/RIC/ros_ws/build/nav_msgs': AMENT_PREFIX_PATH=/home/balling/projects/RIC/ros_ws/install/geometry_msgs:/home/balling/projects/RIC/ros_ws/install/std_msgs:/home/balling/projects/RIC/ros_ws/install/rosidl_default_runtime:/home/balling/projects/RIC/ros_ws/install/rosidl_default_generators:/home/balling/projects/RIC/ros_ws/install/action_msgs:/home/balling/projects/RIC/ros_ws/install/service_msgs:/home/balling/projects/RIC/ros_ws/install/unique_identifier_msgs:/home/balling/projects/RIC/ros_ws/install/builtin_interfaces:/home/balling/projects/RIC/ros_ws/install/rosidl_core_runtime:/home/balling/projects/RIC/ros_ws/install/rosidl_core_generators:/home/balling/projects/RIC/ros_ws/install/rosidl_generator_rs:/home/balling/projects/RIC/ros_ws/install/rosidl_runtime_rs:${AMENT_PREFIX_PATH} CMAKE_PREFIX_PATH=/home/balling/projects/RIC/ros_ws/install/geometry_msgs:/home/balling/projects/RIC/ros_ws/install/std_msgs:/home/balling/projects/RIC/ros_ws/install/rosidl_default_runtime:/home/balling/projects/RIC/ros_ws/install/rosidl_default_generators:/home/balling/projects/RIC/ros_ws/install/action_msgs:/home/balling/projects/RIC/ros_ws/install/service_msgs:/home/balling/projects/RIC/ros_ws/install/unique_identifier_msgs:/home/balling/projects/RIC/ros_ws/install/builtin_interfaces:/home/balling/projects/RIC/ros_ws/install/rosidl_core_runtime:/home/balling/projects/RIC/ros_ws/install/rosidl_core_generators:/home/balling/projects/RIC/ros_ws/install/rosidl_generator_rs:/home/balling/projects/RIC/mobile_robot_ws/install/mobile_robot:/home/balling/projects/RIC/mobile_robot_ws/install/articubot_one:/opt/ros/jazzy/opt/gz_sim_vendor:/opt/ros/jazzy/opt/gz_sensors_vendor:/opt/ros/jazzy/opt/gz_physics_vendor:/opt/ros/jazzy/opt/sdformat_vendor:/opt/ros/jazzy/opt/gz_gui_vendor:/opt/ros/jazzy/opt/gz_transport_vendor:/opt/ros/jazzy/opt/gz_rendering_vendor:/opt/ros/jazzy/opt/gz_plugin_vendor:/opt/ros/jazzy/opt/gz_fuel_tools_vendor:/opt/ros/jazzy/opt/gz_msgs_vendor:/opt/ros/jazzy/opt/gz_common_vendor:/opt/ros/jazzy/opt/gz_math_vendor:/opt/ros/jazzy/opt/gz_utils_vendor:/opt/ros/jazzy/opt/gz_tools_vendor:/opt/ros/jazzy/opt/gz_ogre_next_vendor:/opt/ros/jazzy/opt/gz_dartsim_vendor:/opt/ros/jazzy/opt/gz_cmake_vendor:/opt/ros/jazzy DEBUGINFOD_URLS=https://debuginfod.ubuntu.com LD_LIBRARY_PATH=/home/balling/projects/RIC/ros_ws/install/geometry_msgs/lib:/home/balling/projects/RIC/ros_ws/install/std_msgs/lib:/home/balling/projects/RIC/ros_ws/install/action_msgs/lib:/home/balling/projects/RIC/ros_ws/install/service_msgs/lib:/home/balling/projects/RIC/ros_ws/install/unique_identifier_msgs/lib:/home/balling/projects/RIC/ros_ws/install/builtin_interfaces/lib:${LD_LIBRARY_PATH} PYTHONPATH=/home/balling/projects/RIC/ros_ws/install/geometry_msgs/lib/python3.12/site-packages:/home/balling/projects/RIC/ros_ws/install/std_msgs/lib/python3.12/site-packages:/home/balling/projects/RIC/ros_ws/install/action_msgs/lib/python3.12/site-packages:/home/balling/projects/RIC/ros_ws/install/service_msgs/lib/python3.12/site-packages:/home/balling/projects/RIC/ros_ws/install/unique_identifier_msgs/lib/python3.12/site-packages:/home/balling/projects/RIC/ros_ws/install/builtin_interfaces/lib/python3.12/site-packages:/home/balling/projects/RIC/ros_ws/install/rosidl_generator_rs/lib/python3.12/site-packages:${PYTHONPATH} /home/balling/.nix-profile/bin/cmake --install /home/balling/projects/RIC/ros_ws/build/nav_msgs
[12.585s] -- Install configuration: ""
[12.586s] -- Installing: /home/balling/projects/RIC/ros_ws/install/nav_msgs/share/ament_index/resource_index/rosidl_interfaces/nav_msgs
[12.586s] -- Installing: /home/balling/projects/RIC/ros_ws/install/nav_msgs/share/nav_msgs/msg/GridCells.json
[12.586s] -- Installing: /home/balling/projects/RIC/ros_ws/install/nav_msgs/share/nav_msgs/msg/MapMetaData.json
[12.586s] -- Installing: /home/balling/projects/RIC/ros_ws/install/nav_msgs/share/nav_msgs/msg/OccupancyGrid.json
[12.586s] -- Installing: /home/balling/projects/RIC/ros_ws/install/nav_msgs/share/nav_msgs/msg/Odometry.json
[12.586s] -- Installing: /home/balling/projects/RIC/ros_ws/install/nav_msgs/share/nav_msgs/msg/Path.json
[12.586s] -- Installing: /home/balling/projects/RIC/ros_ws/install/nav_msgs/share/nav_msgs/srv/GetMap.json
[12.586s] -- Installing: /home/balling/projects/RIC/ros_ws/install/nav_msgs/share/nav_msgs/srv/GetPlan.json
[12.587s] -- Installing: /home/balling/projects/RIC/ros_ws/install/nav_msgs/share/nav_msgs/srv/LoadMap.json
[12.587s] -- Installing: /home/balling/projects/RIC/ros_ws/install/nav_msgs/share/nav_msgs/srv/SetMap.json
[12.587s] -- Installing: /home/balling/projects/RIC/ros_ws/install/nav_msgs/include/nav_msgs/nav_msgs
[12.587s] -- Installing: /home/balling/projects/RIC/ros_ws/install/nav_msgs/include/nav_msgs/nav_msgs/msg
[12.587s] -- Installing: /home/balling/projects/RIC/ros_ws/install/nav_msgs/include/nav_msgs/nav_msgs/msg/detail
[12.587s] -- Installing: /home/balling/projects/RIC/ros_ws/install/nav_msgs/include/nav_msgs/nav_msgs/msg/detail/grid_cells__type_support.c
[12.587s] -- Installing: /home/balling/projects/RIC/ros_ws/install/nav_msgs/include/nav_msgs/nav_msgs/msg/detail/path__description.c
[12.588s] -- Installing: /home/balling/projects/RIC/ros_ws/install/nav_msgs/include/nav_msgs/nav_msgs/msg/detail/occupancy_grid__type_support.c
[12.588s] -- Installing: /home/balling/projects/RIC/ros_ws/install/nav_msgs/include/nav_msgs/nav_msgs/msg/detail/occupancy_grid__struct.h
[12.588s] -- Installing: /home/balling/projects/RIC/ros_ws/install/nav_msgs/include/nav_msgs/nav_msgs/msg/detail/path__functions.c
[12.588s] -- Installing: /home/balling/projects/RIC/ros_ws/install/nav_msgs/include/nav_msgs/nav_msgs/msg/detail/map_meta_data__struct.h
[12.588s] -- Installing: /home/balling/projects/RIC/ros_ws/install/nav_msgs/include/nav_msgs/nav_msgs/msg/detail/map_meta_data__functions.c
[12.588s] -- Installing: /home/balling/projects/RIC/ros_ws/install/nav_msgs/include/nav_msgs/nav_msgs/msg/detail/grid_cells__functions.c
[12.588s] -- Installing: /home/balling/projects/RIC/ros_ws/install/nav_msgs/include/nav_msgs/nav_msgs/msg/detail/map_meta_data__type_support.c
[12.588s] -- Installing: /home/balling/projects/RIC/ros_ws/install/nav_msgs/include/nav_msgs/nav_msgs/msg/detail/grid_cells__functions.h
[12.588s] -- Installing: /home/balling/projects/RIC/ros_ws/install/nav_msgs/include/nav_msgs/nav_msgs/msg/detail/path__functions.h
[12.588s] -- Installing: /home/balling/projects/RIC/ros_ws/install/nav_msgs/include/nav_msgs/nav_msgs/msg/detail/map_meta_data__type_support.h
[12.589s] -- Installing: /home/balling/projects/RIC/ros_ws/install/nav_msgs/include/nav_msgs/nav_msgs/msg/detail/path__type_support.c
[12.589s] -- Installing: /home/balling/projects/RIC/ros_ws/install/nav_msgs/include/nav_msgs/nav_msgs/msg/detail/grid_cells__description.c
[12.589s] -- Installing: /home/balling/projects/RIC/ros_ws/install/nav_msgs/include/nav_msgs/nav_msgs/msg/detail/map_meta_data__description.c
[12.589s] -- Installing: /home/balling/projects/RIC/ros_ws/install/nav_msgs/include/nav_msgs/nav_msgs/msg/detail/path__struct.h
[12.589s] -- Installing: /home/balling/projects/RIC/ros_ws/install/nav_msgs/include/nav_msgs/nav_msgs/msg/detail/occupancy_grid__functions.c
[12.589s] -- Installing: /home/balling/projects/RIC/ros_ws/install/nav_msgs/include/nav_msgs/nav_msgs/msg/detail/map_meta_data__functions.h
[12.589s] -- Installing: /home/balling/projects/RIC/ros_ws/install/nav_msgs/include/nav_msgs/nav_msgs/msg/detail/path__type_support.h
[12.589s] -- Installing: /home/balling/projects/RIC/ros_ws/install/nav_msgs/include/nav_msgs/nav_msgs/msg/detail/grid_cells__type_support.h
[12.589s] -- Installing: /home/balling/projects/RIC/ros_ws/install/nav_msgs/include/nav_msgs/nav_msgs/msg/detail/occupancy_grid__functions.h
[12.589s] -- Installing: /home/balling/projects/RIC/ros_ws/install/nav_msgs/include/nav_msgs/nav_msgs/msg/detail/odometry__struct.h
[12.589s] -- Installing: /home/balling/projects/RIC/ros_ws/install/nav_msgs/include/nav_msgs/nav_msgs/msg/detail/occupancy_grid__description.c
[12.589s] -- Installing: /home/balling/projects/RIC/ros_ws/install/nav_msgs/include/nav_msgs/nav_msgs/msg/detail/odometry__type_support.h
[12.589s] -- Installing: /home/balling/projects/RIC/ros_ws/install/nav_msgs/include/nav_msgs/nav_msgs/msg/detail/odometry__functions.c
[12.590s] -- Installing: /home/balling/projects/RIC/ros_ws/install/nav_msgs/include/nav_msgs/nav_msgs/msg/detail/grid_cells__struct.h
[12.590s] -- Installing: /home/balling/projects/RIC/ros_ws/install/nav_msgs/include/nav_msgs/nav_msgs/msg/detail/odometry__type_support.c
[12.590s] -- Installing: /home/balling/projects/RIC/ros_ws/install/nav_msgs/include/nav_msgs/nav_msgs/msg/detail/odometry__functions.h
[12.590s] -- Installing: /home/balling/projects/RIC/ros_ws/install/nav_msgs/include/nav_msgs/nav_msgs/msg/detail/occupancy_grid__type_support.h
[12.590s] -- Installing: /home/balling/projects/RIC/ros_ws/install/nav_msgs/include/nav_msgs/nav_msgs/msg/detail/odometry__description.c
[12.590s] -- Installing: /home/balling/projects/RIC/ros_ws/install/nav_msgs/include/nav_msgs/nav_msgs/msg/grid_cells.h
[12.590s] -- Installing: /home/balling/projects/RIC/ros_ws/install/nav_msgs/include/nav_msgs/nav_msgs/msg/path.h
[12.590s] -- Installing: /home/balling/projects/RIC/ros_ws/install/nav_msgs/include/nav_msgs/nav_msgs/msg/map_meta_data.h
[12.590s] -- Installing: /home/balling/projects/RIC/ros_ws/install/nav_msgs/include/nav_msgs/nav_msgs/msg/occupancy_grid.h
[12.591s] -- Installing: /home/balling/projects/RIC/ros_ws/install/nav_msgs/include/nav_msgs/nav_msgs/msg/odometry.h
[12.591s] -- Installing: /home/balling/projects/RIC/ros_ws/install/nav_msgs/include/nav_msgs/nav_msgs/msg/rosidl_generator_c__visibility_control.h
[12.591s] -- Installing: /home/balling/projects/RIC/ros_ws/install/nav_msgs/include/nav_msgs/nav_msgs/srv
[12.591s] -- Installing: /home/balling/projects/RIC/ros_ws/install/nav_msgs/include/nav_msgs/nav_msgs/srv/detail
[12.591s] -- Installing: /home/balling/projects/RIC/ros_ws/install/nav_msgs/include/nav_msgs/nav_msgs/srv/detail/load_map__struct.h
[12.591s] -- Installing: /home/balling/projects/RIC/ros_ws/install/nav_msgs/include/nav_msgs/nav_msgs/srv/detail/load_map__functions.h
[12.591s] -- Installing: /home/balling/projects/RIC/ros_ws/install/nav_msgs/include/nav_msgs/nav_msgs/srv/detail/load_map__description.c
[12.591s] -- Installing: /home/balling/projects/RIC/ros_ws/install/nav_msgs/include/nav_msgs/nav_msgs/srv/detail/get_map__type_support.h
[12.591s] -- Installing: /home/balling/projects/RIC/ros_ws/install/nav_msgs/include/nav_msgs/nav_msgs/srv/detail/get_map__description.c
[12.591s] -- Installing: /home/balling/projects/RIC/ros_ws/install/nav_msgs/include/nav_msgs/nav_msgs/srv/detail/get_map__functions.h
[12.591s] -- Installing: /home/balling/projects/RIC/ros_ws/install/nav_msgs/include/nav_msgs/nav_msgs/srv/detail/get_plan__type_support.c
[12.591s] -- Installing: /home/balling/projects/RIC/ros_ws/install/nav_msgs/include/nav_msgs/nav_msgs/srv/detail/load_map__type_support.h
[12.591s] -- Installing: /home/balling/projects/RIC/ros_ws/install/nav_msgs/include/nav_msgs/nav_msgs/srv/detail/set_map__type_support.c
[12.592s] -- Installing: /home/balling/projects/RIC/ros_ws/install/nav_msgs/include/nav_msgs/nav_msgs/srv/detail/get_plan__description.c
[12.592s] -- Installing: /home/balling/projects/RIC/ros_ws/install/nav_msgs/include/nav_msgs/nav_msgs/srv/detail/set_map__functions.h
[12.592s] -- Installing: /home/balling/projects/RIC/ros_ws/install/nav_msgs/include/nav_msgs/nav_msgs/srv/detail/get_plan__functions.c
[12.592s] -- Installing: /home/balling/projects/RIC/ros_ws/install/nav_msgs/include/nav_msgs/nav_msgs/srv/detail/get_map__struct.h
[12.592s] -- Installing: /home/balling/projects/RIC/ros_ws/install/nav_msgs/include/nav_msgs/nav_msgs/srv/detail/set_map__functions.c
[12.592s] -- Installing: /home/balling/projects/RIC/ros_ws/install/nav_msgs/include/nav_msgs/nav_msgs/srv/detail/get_plan__type_support.h
[12.592s] -- Installing: /home/balling/projects/RIC/ros_ws/install/nav_msgs/include/nav_msgs/nav_msgs/srv/detail/get_plan__struct.h
[12.592s] -- Installing: /home/balling/projects/RIC/ros_ws/install/nav_msgs/include/nav_msgs/nav_msgs/srv/detail/set_map__struct.h
[12.592s] -- Installing: /home/balling/projects/RIC/ros_ws/install/nav_msgs/include/nav_msgs/nav_msgs/srv/detail/get_map__functions.c
[12.592s] -- Installing: /home/balling/projects/RIC/ros_ws/install/nav_msgs/include/nav_msgs/nav_msgs/srv/detail/load_map__functions.c
[12.592s] -- Installing: /home/balling/projects/RIC/ros_ws/install/nav_msgs/include/nav_msgs/nav_msgs/srv/detail/set_map__description.c
[12.592s] -- Installing: /home/balling/projects/RIC/ros_ws/install/nav_msgs/include/nav_msgs/nav_msgs/srv/detail/set_map__type_support.h
[12.593s] -- Installing: /home/balling/projects/RIC/ros_ws/install/nav_msgs/include/nav_msgs/nav_msgs/srv/detail/get_plan__functions.h
[12.593s] -- Installing: /home/balling/projects/RIC/ros_ws/install/nav_msgs/include/nav_msgs/nav_msgs/srv/detail/get_map__type_support.c
[12.593s] -- Installing: /home/balling/projects/RIC/ros_ws/install/nav_msgs/include/nav_msgs/nav_msgs/srv/detail/load_map__type_support.c
[12.593s] -- Installing: /home/balling/projects/RIC/ros_ws/install/nav_msgs/include/nav_msgs/nav_msgs/srv/get_plan.h
[12.593s] -- Installing: /home/balling/projects/RIC/ros_ws/install/nav_msgs/include/nav_msgs/nav_msgs/srv/get_map.h
[12.593s] -- Installing: /home/balling/projects/RIC/ros_ws/install/nav_msgs/include/nav_msgs/nav_msgs/srv/set_map.h
[12.593s] -- Installing: /home/balling/projects/RIC/ros_ws/install/nav_msgs/include/nav_msgs/nav_msgs/srv/load_map.h
[12.593s] -- Installing: /home/balling/projects/RIC/ros_ws/install/nav_msgs/share/nav_msgs/environment/library_path.sh
[12.593s] -- Installing: /home/balling/projects/RIC/ros_ws/install/nav_msgs/share/nav_msgs/environment/library_path.dsv
[12.594s] -- Installing: /home/balling/projects/RIC/ros_ws/install/nav_msgs/lib/libnav_msgs__rosidl_generator_c.so
[12.594s] -- Set non-toolchain portion of runtime path of "/home/balling/projects/RIC/ros_ws/install/nav_msgs/lib/libnav_msgs__rosidl_generator_c.so" to ""
[12.594s] -- Up-to-date: /home/balling/projects/RIC/ros_ws/install/nav_msgs/include/nav_msgs/nav_msgs
[12.594s] -- Up-to-date: /home/balling/projects/RIC/ros_ws/install/nav_msgs/include/nav_msgs/nav_msgs/msg
[12.594s] -- Up-to-date: /home/balling/projects/RIC/ros_ws/install/nav_msgs/include/nav_msgs/nav_msgs/msg/detail
[12.594s] -- Installing: /home/balling/projects/RIC/ros_ws/install/nav_msgs/include/nav_msgs/nav_msgs/msg/detail/occupancy_grid__rosidl_typesupport_fastrtps_c.h
[12.594s] -- Installing: /home/balling/projects/RIC/ros_ws/install/nav_msgs/include/nav_msgs/nav_msgs/msg/detail/grid_cells__rosidl_typesupport_fastrtps_c.h
[12.594s] -- Installing: /home/balling/projects/RIC/ros_ws/install/nav_msgs/include/nav_msgs/nav_msgs/msg/detail/odometry__rosidl_typesupport_fastrtps_c.h
[12.594s] -- Installing: /home/balling/projects/RIC/ros_ws/install/nav_msgs/include/nav_msgs/nav_msgs/msg/detail/map_meta_data__rosidl_typesupport_fastrtps_c.h
[12.595s] -- Installing: /home/balling/projects/RIC/ros_ws/install/nav_msgs/include/nav_msgs/nav_msgs/msg/detail/path__rosidl_typesupport_fastrtps_c.h
[12.595s] -- Installing: /home/balling/projects/RIC/ros_ws/install/nav_msgs/include/nav_msgs/nav_msgs/msg/rosidl_typesupport_fastrtps_c__visibility_control.h
[12.595s] -- Up-to-date: /home/balling/projects/RIC/ros_ws/install/nav_msgs/include/nav_msgs/nav_msgs/srv
[12.595s] -- Up-to-date: /home/balling/projects/RIC/ros_ws/install/nav_msgs/include/nav_msgs/nav_msgs/srv/detail
[12.595s] -- Installing: /home/balling/projects/RIC/ros_ws/install/nav_msgs/include/nav_msgs/nav_msgs/srv/detail/get_plan__rosidl_typesupport_fastrtps_c.h
[12.595s] -- Installing: /home/balling/projects/RIC/ros_ws/install/nav_msgs/include/nav_msgs/nav_msgs/srv/detail/set_map__rosidl_typesupport_fastrtps_c.h
[12.595s] -- Installing: /home/balling/projects/RIC/ros_ws/install/nav_msgs/include/nav_msgs/nav_msgs/srv/detail/get_map__rosidl_typesupport_fastrtps_c.h
[12.595s] -- Installing: /home/balling/projects/RIC/ros_ws/install/nav_msgs/include/nav_msgs/nav_msgs/srv/detail/load_map__rosidl_typesupport_fastrtps_c.h
[12.595s] -- Installing: /home/balling/projects/RIC/ros_ws/install/nav_msgs/lib/libnav_msgs__rosidl_typesupport_fastrtps_c.so
[12.596s] -- Set non-toolchain portion of runtime path of "/home/balling/projects/RIC/ros_ws/install/nav_msgs/lib/libnav_msgs__rosidl_typesupport_fastrtps_c.so" to ""
[12.596s] -- Up-to-date: /home/balling/projects/RIC/ros_ws/install/nav_msgs/include/nav_msgs/nav_msgs
[12.596s] -- Up-to-date: /home/balling/projects/RIC/ros_ws/install/nav_msgs/include/nav_msgs/nav_msgs/msg
[12.596s] -- Up-to-date: /home/balling/projects/RIC/ros_ws/install/nav_msgs/include/nav_msgs/nav_msgs/msg/detail
[12.596s] -- Installing: /home/balling/projects/RIC/ros_ws/install/nav_msgs/include/nav_msgs/nav_msgs/msg/detail/path__traits.hpp
[12.597s] -- Installing: /home/balling/projects/RIC/ros_ws/install/nav_msgs/include/nav_msgs/nav_msgs/msg/detail/path__struct.hpp
[12.597s] -- Installing: /home/balling/projects/RIC/ros_ws/install/nav_msgs/include/nav_msgs/nav_msgs/msg/detail/grid_cells__traits.hpp
[12.597s] -- Installing: /home/balling/projects/RIC/ros_ws/install/nav_msgs/include/nav_msgs/nav_msgs/msg/detail/odometry__traits.hpp
[12.597s] -- Installing: /home/balling/projects/RIC/ros_ws/install/nav_msgs/include/nav_msgs/nav_msgs/msg/detail/grid_cells__struct.hpp
[12.597s] -- Installing: /home/balling/projects/RIC/ros_ws/install/nav_msgs/include/nav_msgs/nav_msgs/msg/detail/occupancy_grid__struct.hpp
[12.597s] -- Installing: /home/balling/projects/RIC/ros_ws/install/nav_msgs/include/nav_msgs/nav_msgs/msg/detail/occupancy_grid__type_support.hpp
[12.597s] -- Installing: /home/balling/projects/RIC/ros_ws/install/nav_msgs/include/nav_msgs/nav_msgs/msg/detail/occupancy_grid__builder.hpp
[12.598s] -- Installing: /home/balling/projects/RIC/ros_ws/install/nav_msgs/include/nav_msgs/nav_msgs/msg/detail/occupancy_grid__traits.hpp
[12.598s] -- Installing: /home/balling/projects/RIC/ros_ws/install/nav_msgs/include/nav_msgs/nav_msgs/msg/detail/map_meta_data__builder.hpp
[12.598s] -- Installing: /home/balling/projects/RIC/ros_ws/install/nav_msgs/include/nav_msgs/nav_msgs/msg/detail/path__type_support.hpp
[12.598s] -- Installing: /home/balling/projects/RIC/ros_ws/install/nav_msgs/include/nav_msgs/nav_msgs/msg/detail/odometry__type_support.hpp
[12.598s] -- Installing: /home/balling/projects/RIC/ros_ws/install/nav_msgs/include/nav_msgs/nav_msgs/msg/detail/map_meta_data__struct.hpp
[12.598s] -- Installing: /home/balling/projects/RIC/ros_ws/install/nav_msgs/include/nav_msgs/nav_msgs/msg/detail/map_meta_data__traits.hpp
[12.599s] -- Installing: /home/balling/projects/RIC/ros_ws/install/nav_msgs/include/nav_msgs/nav_msgs/msg/detail/odometry__builder.hpp
[12.599s] -- Installing: /home/balling/projects/RIC/ros_ws/install/nav_msgs/include/nav_msgs/nav_msgs/msg/detail/grid_cells__builder.hpp
[12.599s] -- Installing: /home/balling/projects/RIC/ros_ws/install/nav_msgs/include/nav_msgs/nav_msgs/msg/detail/map_meta_data__type_support.hpp
[12.599s] -- Installing: /home/balling/projects/RIC/ros_ws/install/nav_msgs/include/nav_msgs/nav_msgs/msg/detail/odometry__struct.hpp
[12.599s] -- Installing: /home/balling/projects/RIC/ros_ws/install/nav_msgs/include/nav_msgs/nav_msgs/msg/detail/grid_cells__type_support.hpp
[12.599s] -- Installing: /home/balling/projects/RIC/ros_ws/install/nav_msgs/include/nav_msgs/nav_msgs/msg/detail/path__builder.hpp
[12.599s] -- Installing: /home/balling/projects/RIC/ros_ws/install/nav_msgs/include/nav_msgs/nav_msgs/msg/grid_cells.hpp
[12.599s] -- Installing: /home/balling/projects/RIC/ros_ws/install/nav_msgs/include/nav_msgs/nav_msgs/msg/map_meta_data.hpp
[12.599s] -- Installing: /home/balling/projects/RIC/ros_ws/install/nav_msgs/include/nav_msgs/nav_msgs/msg/odometry.hpp
[12.599s] -- Installing: /home/balling/projects/RIC/ros_ws/install/nav_msgs/include/nav_msgs/nav_msgs/msg/occupancy_grid.hpp
[12.599s] -- Installing: /home/balling/projects/RIC/ros_ws/install/nav_msgs/include/nav_msgs/nav_msgs/msg/path.hpp
[12.599s] -- Installing: /home/balling/projects/RIC/ros_ws/install/nav_msgs/include/nav_msgs/nav_msgs/msg/rosidl_generator_cpp__visibility_control.hpp
[12.599s] -- Up-to-date: /home/balling/projects/RIC/ros_ws/install/nav_msgs/include/nav_msgs/nav_msgs/srv
[12.599s] -- Up-to-date: /home/balling/projects/RIC/ros_ws/install/nav_msgs/include/nav_msgs/nav_msgs/srv/detail
[12.599s] -- Installing: /home/balling/projects/RIC/ros_ws/install/nav_msgs/include/nav_msgs/nav_msgs/srv/detail/load_map__builder.hpp
[12.599s] -- Installing: /home/balling/projects/RIC/ros_ws/install/nav_msgs/include/nav_msgs/nav_msgs/srv/detail/get_plan__type_support.hpp
[12.599s] -- Installing: /home/balling/projects/RIC/ros_ws/install/nav_msgs/include/nav_msgs/nav_msgs/srv/detail/load_map__traits.hpp
[12.599s] -- Installing: /home/balling/projects/RIC/ros_ws/install/nav_msgs/include/nav_msgs/nav_msgs/srv/detail/get_map__builder.hpp
[12.599s] -- Installing: /home/balling/projects/RIC/ros_ws/install/nav_msgs/include/nav_msgs/nav_msgs/srv/detail/set_map__type_support.hpp
[12.599s] -- Installing: /home/balling/projects/RIC/ros_ws/install/nav_msgs/include/nav_msgs/nav_msgs/srv/detail/get_map__traits.hpp
[12.599s] -- Installing: /home/balling/projects/RIC/ros_ws/install/nav_msgs/include/nav_msgs/nav_msgs/srv/detail/set_map__traits.hpp
[12.599s] -- Installing: /home/balling/projects/RIC/ros_ws/install/nav_msgs/include/nav_msgs/nav_msgs/srv/detail/set_map__builder.hpp
[12.599s] -- Installing: /home/balling/projects/RIC/ros_ws/install/nav_msgs/include/nav_msgs/nav_msgs/srv/detail/get_plan__struct.hpp
[12.600s] -- Installing: /home/balling/projects/RIC/ros_ws/install/nav_msgs/include/nav_msgs/nav_msgs/srv/detail/load_map__type_support.hpp
[12.600s] -- Installing: /home/balling/projects/RIC/ros_ws/install/nav_msgs/include/nav_msgs/nav_msgs/srv/detail/set_map__struct.hpp
[12.600s] -- Installing: /home/balling/projects/RIC/ros_ws/install/nav_msgs/include/nav_msgs/nav_msgs/srv/detail/load_map__struct.hpp
[12.600s] -- Installing: /home/balling/projects/RIC/ros_ws/install/nav_msgs/include/nav_msgs/nav_msgs/srv/detail/get_plan__builder.hpp
[12.600s] -- Installing: /home/balling/projects/RIC/ros_ws/install/nav_msgs/include/nav_msgs/nav_msgs/srv/detail/get_plan__traits.hpp
[12.600s] -- Installing: /home/balling/projects/RIC/ros_ws/install/nav_msgs/include/nav_msgs/nav_msgs/srv/detail/get_map__type_support.hpp
[12.600s] -- Installing: /home/balling/projects/RIC/ros_ws/install/nav_msgs/include/nav_msgs/nav_msgs/srv/detail/get_map__struct.hpp
[12.600s] -- Installing: /home/balling/projects/RIC/ros_ws/install/nav_msgs/include/nav_msgs/nav_msgs/srv/set_map.hpp
[12.600s] -- Installing: /home/balling/projects/RIC/ros_ws/install/nav_msgs/include/nav_msgs/nav_msgs/srv/load_map.hpp
[12.600s] -- Installing: /home/balling/projects/RIC/ros_ws/install/nav_msgs/include/nav_msgs/nav_msgs/srv/get_map.hpp
[12.600s] -- Installing: /home/balling/projects/RIC/ros_ws/install/nav_msgs/include/nav_msgs/nav_msgs/srv/get_plan.hpp
[12.600s] -- Up-to-date: /home/balling/projects/RIC/ros_ws/install/nav_msgs/include/nav_msgs/nav_msgs
[12.600s] -- Up-to-date: /home/balling/projects/RIC/ros_ws/install/nav_msgs/include/nav_msgs/nav_msgs/msg
[12.600s] -- Up-to-date: /home/balling/projects/RIC/ros_ws/install/nav_msgs/include/nav_msgs/nav_msgs/msg/detail
[12.600s] -- Installing: /home/balling/projects/RIC/ros_ws/install/nav_msgs/include/nav_msgs/nav_msgs/msg/detail/odometry__rosidl_typesupport_fastrtps_cpp.hpp
[12.600s] -- Installing: /home/balling/projects/RIC/ros_ws/install/nav_msgs/include/nav_msgs/nav_msgs/msg/detail/grid_cells__rosidl_typesupport_fastrtps_cpp.hpp
[12.601s] -- Installing: /home/balling/projects/RIC/ros_ws/install/nav_msgs/include/nav_msgs/nav_msgs/msg/detail/path__rosidl_typesupport_fastrtps_cpp.hpp
[12.601s] -- Installing: /home/balling/projects/RIC/ros_ws/install/nav_msgs/include/nav_msgs/nav_msgs/msg/detail/occupancy_grid__rosidl_typesupport_fastrtps_cpp.hpp
[12.601s] -- Installing: /home/balling/projects/RIC/ros_ws/install/nav_msgs/include/nav_msgs/nav_msgs/msg/detail/dds_fastrtps
[12.601s] -- Installing: /home/balling/projects/RIC/ros_ws/install/nav_msgs/include/nav_msgs/nav_msgs/msg/detail/map_meta_data__rosidl_typesupport_fastrtps_cpp.hpp
[12.601s] -- Installing: /home/balling/projects/RIC/ros_ws/install/nav_msgs/include/nav_msgs/nav_msgs/msg/rosidl_typesupport_fastrtps_cpp__visibility_control.h
[12.601s] -- Up-to-date: /home/balling/projects/RIC/ros_ws/install/nav_msgs/include/nav_msgs/nav_msgs/srv
[12.601s] -- Up-to-date: /home/balling/projects/RIC/ros_ws/install/nav_msgs/include/nav_msgs/nav_msgs/srv/detail
[12.601s] -- Installing: /home/balling/projects/RIC/ros_ws/install/nav_msgs/include/nav_msgs/nav_msgs/srv/detail/set_map__rosidl_typesupport_fastrtps_cpp.hpp
[12.601s] -- Installing: /home/balling/projects/RIC/ros_ws/install/nav_msgs/include/nav_msgs/nav_msgs/srv/detail/get_map__rosidl_typesupport_fastrtps_cpp.hpp
[12.601s] -- Installing: /home/balling/projects/RIC/ros_ws/install/nav_msgs/include/nav_msgs/nav_msgs/srv/detail/load_map__rosidl_typesupport_fastrtps_cpp.hpp
[12.601s] -- Installing: /home/balling/projects/RIC/ros_ws/install/nav_msgs/include/nav_msgs/nav_msgs/srv/detail/dds_fastrtps
[12.601s] -- Installing: /home/balling/projects/RIC/ros_ws/install/nav_msgs/include/nav_msgs/nav_msgs/srv/detail/get_plan__rosidl_typesupport_fastrtps_cpp.hpp
[12.601s] -- Installing: /home/balling/projects/RIC/ros_ws/install/nav_msgs/lib/libnav_msgs__rosidl_typesupport_fastrtps_cpp.so
[12.601s] -- Set non-toolchain portion of runtime path of "/home/balling/projects/RIC/ros_ws/install/nav_msgs/lib/libnav_msgs__rosidl_typesupport_fastrtps_cpp.so" to ""
[12.601s] -- Up-to-date: /home/balling/projects/RIC/ros_ws/install/nav_msgs/include/nav_msgs/nav_msgs
[12.601s] -- Up-to-date: /home/balling/projects/RIC/ros_ws/install/nav_msgs/include/nav_msgs/nav_msgs/msg
[12.602s] -- Up-to-date: /home/balling/projects/RIC/ros_ws/install/nav_msgs/include/nav_msgs/nav_msgs/msg/detail
[12.602s] -- Installing: /home/balling/projects/RIC/ros_ws/install/nav_msgs/include/nav_msgs/nav_msgs/msg/detail/grid_cells__type_support.c
[12.602s] -- Installing: /home/balling/projects/RIC/ros_ws/install/nav_msgs/include/nav_msgs/nav_msgs/msg/detail/occupancy_grid__type_support.c
[12.602s] -- Installing: /home/balling/projects/RIC/ros_ws/install/nav_msgs/include/nav_msgs/nav_msgs/msg/detail/grid_cells__rosidl_typesupport_introspection_c.h
[12.602s] -- Installing: /home/balling/projects/RIC/ros_ws/install/nav_msgs/include/nav_msgs/nav_msgs/msg/detail/odometry__rosidl_typesupport_introspection_c.h
[12.602s] -- Installing: /home/balling/projects/RIC/ros_ws/install/nav_msgs/include/nav_msgs/nav_msgs/msg/detail/map_meta_data__type_support.c
[12.602s] -- Installing: /home/balling/projects/RIC/ros_ws/install/nav_msgs/include/nav_msgs/nav_msgs/msg/detail/path__type_support.c
[12.602s] -- Installing: /home/balling/projects/RIC/ros_ws/install/nav_msgs/include/nav_msgs/nav_msgs/msg/detail/map_meta_data__rosidl_typesupport_introspection_c.h
[12.603s] -- Installing: /home/balling/projects/RIC/ros_ws/install/nav_msgs/include/nav_msgs/nav_msgs/msg/detail/path__rosidl_typesupport_introspection_c.h
[12.603s] -- Installing: /home/balling/projects/RIC/ros_ws/install/nav_msgs/include/nav_msgs/nav_msgs/msg/detail/occupancy_grid__rosidl_typesupport_introspection_c.h
[12.603s] -- Installing: /home/balling/projects/RIC/ros_ws/install/nav_msgs/include/nav_msgs/nav_msgs/msg/detail/odometry__type_support.c
[12.603s] -- Installing: /home/balling/projects/RIC/ros_ws/install/nav_msgs/include/nav_msgs/nav_msgs/msg/rosidl_typesupport_introspection_c__visibility_control.h
[12.603s] -- Up-to-date: /home/balling/projects/RIC/ros_ws/install/nav_msgs/include/nav_msgs/nav_msgs/srv
[12.603s] -- Up-to-date: /home/balling/projects/RIC/ros_ws/install/nav_msgs/include/nav_msgs/nav_msgs/srv/detail
[12.603s] -- Installing: /home/balling/projects/RIC/ros_ws/install/nav_msgs/include/nav_msgs/nav_msgs/srv/detail/set_map__rosidl_typesupport_introspection_c.h
[12.603s] -- Installing: /home/balling/projects/RIC/ros_ws/install/nav_msgs/include/nav_msgs/nav_msgs/srv/detail/load_map__rosidl_typesupport_introspection_c.h
[12.603s] -- Installing: /home/balling/projects/RIC/ros_ws/install/nav_msgs/include/nav_msgs/nav_msgs/srv/detail/get_plan__type_support.c
[12.603s] -- Installing: /home/balling/projects/RIC/ros_ws/install/nav_msgs/include/nav_msgs/nav_msgs/srv/detail/set_map__type_support.c
[12.603s] -- Installing: /home/balling/projects/RIC/ros_ws/install/nav_msgs/include/nav_msgs/nav_msgs/srv/detail/get_plan__rosidl_typesupport_introspection_c.h
[12.603s] -- Installing: /home/balling/projects/RIC/ros_ws/install/nav_msgs/include/nav_msgs/nav_msgs/srv/detail/get_map__rosidl_typesupport_introspection_c.h
[12.603s] -- Installing: /home/balling/projects/RIC/ros_ws/install/nav_msgs/include/nav_msgs/nav_msgs/srv/detail/get_map__type_support.c
[12.604s] -- Installing: /home/balling/projects/RIC/ros_ws/install/nav_msgs/include/nav_msgs/nav_msgs/srv/detail/load_map__type_support.c
[12.604s] -- Installing: /home/balling/projects/RIC/ros_ws/install/nav_msgs/lib/libnav_msgs__rosidl_typesupport_introspection_c.so
[12.604s] -- Set non-toolchain portion of runtime path of "/home/balling/projects/RIC/ros_ws/install/nav_msgs/lib/libnav_msgs__rosidl_typesupport_introspection_c.so" to ""
[12.604s] -- Installing: /home/balling/projects/RIC/ros_ws/install/nav_msgs/lib/libnav_msgs__rosidl_typesupport_c.so
[12.604s] -- Set non-toolchain portion of runtime path of "/home/balling/projects/RIC/ros_ws/install/nav_msgs/lib/libnav_msgs__rosidl_typesupport_c.so" to ""
[12.604s] -- Up-to-date: /home/balling/projects/RIC/ros_ws/install/nav_msgs/include/nav_msgs/nav_msgs
[12.604s] -- Up-to-date: /home/balling/projects/RIC/ros_ws/install/nav_msgs/include/nav_msgs/nav_msgs/msg
[12.604s] -- Up-to-date: /home/balling/projects/RIC/ros_ws/install/nav_msgs/include/nav_msgs/nav_msgs/msg/detail
[12.604s] -- Installing: /home/balling/projects/RIC/ros_ws/install/nav_msgs/include/nav_msgs/nav_msgs/msg/detail/map_meta_data__rosidl_typesupport_introspection_cpp.hpp
[12.604s] -- Installing: /home/balling/projects/RIC/ros_ws/install/nav_msgs/include/nav_msgs/nav_msgs/msg/detail/grid_cells__rosidl_typesupport_introspection_cpp.hpp
[12.604s] -- Installing: /home/balling/projects/RIC/ros_ws/install/nav_msgs/include/nav_msgs/nav_msgs/msg/detail/map_meta_data__type_support.cpp
[12.604s] -- Installing: /home/balling/projects/RIC/ros_ws/install/nav_msgs/include/nav_msgs/nav_msgs/msg/detail/odometry__rosidl_typesupport_introspection_cpp.hpp
[12.605s] -- Installing: /home/balling/projects/RIC/ros_ws/install/nav_msgs/include/nav_msgs/nav_msgs/msg/detail/grid_cells__type_support.cpp
[12.605s] -- Installing: /home/balling/projects/RIC/ros_ws/install/nav_msgs/include/nav_msgs/nav_msgs/msg/detail/occupancy_grid__type_support.cpp
[12.605s] -- Installing: /home/balling/projects/RIC/ros_ws/install/nav_msgs/include/nav_msgs/nav_msgs/msg/detail/path__rosidl_typesupport_introspection_cpp.hpp
[12.605s] -- Installing: /home/balling/projects/RIC/ros_ws/install/nav_msgs/include/nav_msgs/nav_msgs/msg/detail/path__type_support.cpp
[12.605s] -- Installing: /home/balling/projects/RIC/ros_ws/install/nav_msgs/include/nav_msgs/nav_msgs/msg/detail/occupancy_grid__rosidl_typesupport_introspection_cpp.hpp
[12.605s] -- Installing: /home/balling/projects/RIC/ros_ws/install/nav_msgs/include/nav_msgs/nav_msgs/msg/detail/odometry__type_support.cpp
[12.605s] -- Up-to-date: /home/balling/projects/RIC/ros_ws/install/nav_msgs/include/nav_msgs/nav_msgs/srv
[12.605s] -- Up-to-date: /home/balling/projects/RIC/ros_ws/install/nav_msgs/include/nav_msgs/nav_msgs/srv/detail
[12.605s] -- Installing: /home/balling/projects/RIC/ros_ws/install/nav_msgs/include/nav_msgs/nav_msgs/srv/detail/get_plan__rosidl_typesupport_introspection_cpp.hpp
[12.605s] -- Installing: /home/balling/projects/RIC/ros_ws/install/nav_msgs/include/nav_msgs/nav_msgs/srv/detail/get_plan__type_support.cpp
[12.605s] -- Installing: /home/balling/projects/RIC/ros_ws/install/nav_msgs/include/nav_msgs/nav_msgs/srv/detail/load_map__type_support.cpp
[12.606s] -- Installing: /home/balling/projects/RIC/ros_ws/install/nav_msgs/include/nav_msgs/nav_msgs/srv/detail/get_map__type_support.cpp
[12.606s] -- Installing: /home/balling/projects/RIC/ros_ws/install/nav_msgs/include/nav_msgs/nav_msgs/srv/detail/load_map__rosidl_typesupport_introspection_cpp.hpp
[12.606s] -- Installing: /home/balling/projects/RIC/ros_ws/install/nav_msgs/include/nav_msgs/nav_msgs/srv/detail/get_map__rosidl_typesupport_introspection_cpp.hpp
[12.606s] -- Installing: /home/balling/projects/RIC/ros_ws/install/nav_msgs/include/nav_msgs/nav_msgs/srv/detail/set_map__rosidl_typesupport_introspection_cpp.hpp
[12.606s] -- Installing: /home/balling/projects/RIC/ros_ws/install/nav_msgs/include/nav_msgs/nav_msgs/srv/detail/set_map__type_support.cpp
[12.606s] -- Installing: /home/balling/projects/RIC/ros_ws/install/nav_msgs/lib/libnav_msgs__rosidl_typesupport_introspection_cpp.so
[12.606s] -- Set non-toolchain portion of runtime path of "/home/balling/projects/RIC/ros_ws/install/nav_msgs/lib/libnav_msgs__rosidl_typesupport_introspection_cpp.so" to ""
[12.606s] -- Installing: /home/balling/projects/RIC/ros_ws/install/nav_msgs/lib/libnav_msgs__rosidl_typesupport_cpp.so
[12.607s] -- Set non-toolchain portion of runtime path of "/home/balling/projects/RIC/ros_ws/install/nav_msgs/lib/libnav_msgs__rosidl_typesupport_cpp.so" to ""
[12.607s] -- Installing: /home/balling/projects/RIC/ros_ws/install/nav_msgs/share/ament_index/resource_index/rust_packages/nav_msgs
[12.607s] -- Installing: /home/balling/projects/RIC/ros_ws/install/nav_msgs/share/nav_msgs/rust
[12.607s] -- Installing: /home/balling/projects/RIC/ros_ws/install/nav_msgs/share/nav_msgs/rust/build.rs
[12.607s] -- Installing: /home/balling/projects/RIC/ros_ws/install/nav_msgs/share/nav_msgs/rust/Cargo.toml
[12.607s] -- Installing: /home/balling/projects/RIC/ros_ws/install/nav_msgs/share/nav_msgs/rust/src
[12.607s] -- Installing: /home/balling/projects/RIC/ros_ws/install/nav_msgs/share/nav_msgs/rust/src/lib.rs
[12.608s] -- Installing: /home/balling/projects/RIC/ros_ws/install/nav_msgs/share/nav_msgs/rust/src/msg.rs
[12.609s] -- Installing: /home/balling/projects/RIC/ros_ws/install/nav_msgs/share/nav_msgs/rust/src/srv.rs
[12.609s] -- Installing: /home/balling/projects/RIC/ros_ws/install/nav_msgs/share/nav_msgs/environment/pythonpath.sh
[12.609s] -- Installing: /home/balling/projects/RIC/ros_ws/install/nav_msgs/share/nav_msgs/environment/pythonpath.dsv
[12.609s] -- Installing: /home/balling/projects/RIC/ros_ws/install/nav_msgs/lib/python3.12/site-packages/nav_msgs-5.3.5-py3.12.egg-info
[12.609s] -- Installing: /home/balling/projects/RIC/ros_ws/install/nav_msgs/lib/python3.12/site-packages/nav_msgs-5.3.5-py3.12.egg-info/PKG-INFO
[12.609s] -- Installing: /home/balling/projects/RIC/ros_ws/install/nav_msgs/lib/python3.12/site-packages/nav_msgs-5.3.5-py3.12.egg-info/dependency_links.txt
[12.609s] -- Installing: /home/balling/projects/RIC/ros_ws/install/nav_msgs/lib/python3.12/site-packages/nav_msgs-5.3.5-py3.12.egg-info/top_level.txt
[12.609s] -- Installing: /home/balling/projects/RIC/ros_ws/install/nav_msgs/lib/python3.12/site-packages/nav_msgs-5.3.5-py3.12.egg-info/SOURCES.txt
[12.609s] -- Installing: /home/balling/projects/RIC/ros_ws/install/nav_msgs/lib/python3.12/site-packages/nav_msgs
[12.609s] -- Installing: /home/balling/projects/RIC/ros_ws/install/nav_msgs/lib/python3.12/site-packages/nav_msgs/nav_msgs_s__rosidl_typesupport_c.so
[12.609s] -- Installing: /home/balling/projects/RIC/ros_ws/install/nav_msgs/lib/python3.12/site-packages/nav_msgs/msg
[12.609s] -- Installing: /home/balling/projects/RIC/ros_ws/install/nav_msgs/lib/python3.12/site-packages/nav_msgs/msg/_grid_cells_s.c
[12.609s] -- Installing: /home/balling/projects/RIC/ros_ws/install/nav_msgs/lib/python3.12/site-packages/nav_msgs/msg/_odometry_s.c
[12.610s] -- Installing: /home/balling/projects/RIC/ros_ws/install/nav_msgs/lib/python3.12/site-packages/nav_msgs/msg/_occupancy_grid_s.c
[12.610s] -- Installing: /home/balling/projects/RIC/ros_ws/install/nav_msgs/lib/python3.12/site-packages/nav_msgs/msg/_map_meta_data_s.c
[12.610s] -- Installing: /home/balling/projects/RIC/ros_ws/install/nav_msgs/lib/python3.12/site-packages/nav_msgs/msg/_map_meta_data.py
[12.610s] -- Installing: /home/balling/projects/RIC/ros_ws/install/nav_msgs/lib/python3.12/site-packages/nav_msgs/msg/_path_s.c
[12.610s] -- Installing: /home/balling/projects/RIC/ros_ws/install/nav_msgs/lib/python3.12/site-packages/nav_msgs/msg/_occupancy_grid.py
[12.610s] -- Installing: /home/balling/projects/RIC/ros_ws/install/nav_msgs/lib/python3.12/site-packages/nav_msgs/msg/_grid_cells.py
[12.610s] -- Installing: /home/balling/projects/RIC/ros_ws/install/nav_msgs/lib/python3.12/site-packages/nav_msgs/msg/_path.py
[12.610s] -- Installing: /home/balling/projects/RIC/ros_ws/install/nav_msgs/lib/python3.12/site-packages/nav_msgs/msg/__init__.py
[12.610s] -- Installing: /home/balling/projects/RIC/ros_ws/install/nav_msgs/lib/python3.12/site-packages/nav_msgs/msg/_odometry.py
[12.610s] -- Installing: /home/balling/projects/RIC/ros_ws/install/nav_msgs/lib/python3.12/site-packages/nav_msgs/_nav_msgs_s.ep.rosidl_typesupport_introspection_c.c
[12.610s] -- Installing: /home/balling/projects/RIC/ros_ws/install/nav_msgs/lib/python3.12/site-packages/nav_msgs/srv
[12.611s] -- Installing: /home/balling/projects/RIC/ros_ws/install/nav_msgs/lib/python3.12/site-packages/nav_msgs/srv/_get_plan_s.c
[12.611s] -- Installing: /home/balling/projects/RIC/ros_ws/install/nav_msgs/lib/python3.12/site-packages/nav_msgs/srv/_get_map_s.c
[12.611s] -- Installing: /home/balling/projects/RIC/ros_ws/install/nav_msgs/lib/python3.12/site-packages/nav_msgs/srv/_get_plan.py
[12.611s] -- Installing: /home/balling/projects/RIC/ros_ws/install/nav_msgs/lib/python3.12/site-packages/nav_msgs/srv/_load_map_s.c
[12.611s] -- Installing: /home/balling/projects/RIC/ros_ws/install/nav_msgs/lib/python3.12/site-packages/nav_msgs/srv/_load_map.py
[12.612s] -- Installing: /home/balling/projects/RIC/ros_ws/install/nav_msgs/lib/python3.12/site-packages/nav_msgs/srv/__init__.py
[12.612s] -- Installing: /home/balling/projects/RIC/ros_ws/install/nav_msgs/lib/python3.12/site-packages/nav_msgs/srv/_get_map.py
[12.612s] -- Installing: /home/balling/projects/RIC/ros_ws/install/nav_msgs/lib/python3.12/site-packages/nav_msgs/srv/_set_map_s.c
[12.612s] -- Installing: /home/balling/projects/RIC/ros_ws/install/nav_msgs/lib/python3.12/site-packages/nav_msgs/srv/_set_map.py
[12.612s] -- Installing: /home/balling/projects/RIC/ros_ws/install/nav_msgs/lib/python3.12/site-packages/nav_msgs/nav_msgs_s__rosidl_typesupport_fastrtps_c.so
[12.612s] -- Installing: /home/balling/projects/RIC/ros_ws/install/nav_msgs/lib/python3.12/site-packages/nav_msgs/__init__.py
[12.612s] -- Installing: /home/balling/projects/RIC/ros_ws/install/nav_msgs/lib/python3.12/site-packages/nav_msgs/_nav_msgs_s.ep.rosidl_typesupport_fastrtps_c.c
[12.612s] -- Installing: /home/balling/projects/RIC/ros_ws/install/nav_msgs/lib/python3.12/site-packages/nav_msgs/nav_msgs_s__rosidl_typesupport_introspection_c.so
[12.612s] -- Installing: /home/balling/projects/RIC/ros_ws/install/nav_msgs/lib/python3.12/site-packages/nav_msgs/_nav_msgs_s.ep.rosidl_typesupport_c.c
[12.654s] Listing '/home/balling/projects/RIC/ros_ws/install/nav_msgs/lib/python3.12/site-packages/nav_msgs'...
[12.654s] Compiling '/home/balling/projects/RIC/ros_ws/install/nav_msgs/lib/python3.12/site-packages/nav_msgs/__init__.py'...
[12.654s] Listing '/home/balling/projects/RIC/ros_ws/install/nav_msgs/lib/python3.12/site-packages/nav_msgs/msg'...
[12.654s] Compiling '/home/balling/projects/RIC/ros_ws/install/nav_msgs/lib/python3.12/site-packages/nav_msgs/msg/__init__.py'...
[12.654s] Compiling '/home/balling/projects/RIC/ros_ws/install/nav_msgs/lib/python3.12/site-packages/nav_msgs/msg/_grid_cells.py'...
[12.654s] Compiling '/home/balling/projects/RIC/ros_ws/install/nav_msgs/lib/python3.12/site-packages/nav_msgs/msg/_map_meta_data.py'...
[12.654s] Compiling '/home/balling/projects/RIC/ros_ws/install/nav_msgs/lib/python3.12/site-packages/nav_msgs/msg/_occupancy_grid.py'...
[12.654s] Compiling '/home/balling/projects/RIC/ros_ws/install/nav_msgs/lib/python3.12/site-packages/nav_msgs/msg/_odometry.py'...
[12.654s] Compiling '/home/balling/projects/RIC/ros_ws/install/nav_msgs/lib/python3.12/site-packages/nav_msgs/msg/_path.py'...
[12.654s] Listing '/home/balling/projects/RIC/ros_ws/install/nav_msgs/lib/python3.12/site-packages/nav_msgs/srv'...
[12.654s] Compiling '/home/balling/projects/RIC/ros_ws/install/nav_msgs/lib/python3.12/site-packages/nav_msgs/srv/__init__.py'...
[12.654s] Compiling '/home/balling/projects/RIC/ros_ws/install/nav_msgs/lib/python3.12/site-packages/nav_msgs/srv/_get_map.py'...
[12.654s] Compiling '/home/balling/projects/RIC/ros_ws/install/nav_msgs/lib/python3.12/site-packages/nav_msgs/srv/_get_plan.py'...
[12.654s] Compiling '/home/balling/projects/RIC/ros_ws/install/nav_msgs/lib/python3.12/site-packages/nav_msgs/srv/_load_map.py'...
[12.654s] Compiling '/home/balling/projects/RIC/ros_ws/install/nav_msgs/lib/python3.12/site-packages/nav_msgs/srv/_set_map.py'...
[12.658s] -- Installing: /home/balling/projects/RIC/ros_ws/install/nav_msgs/lib/python3.12/site-packages/nav_msgs/nav_msgs_s__rosidl_typesupport_fastrtps_c.so
[12.659s] -- Set non-toolchain portion of runtime path of "/home/balling/projects/RIC/ros_ws/install/nav_msgs/lib/python3.12/site-packages/nav_msgs/nav_msgs_s__rosidl_typesupport_fastrtps_c.so" to ""
[12.659s] -- Installing: /home/balling/projects/RIC/ros_ws/install/nav_msgs/lib/python3.12/site-packages/nav_msgs/nav_msgs_s__rosidl_typesupport_introspection_c.so
[12.659s] -- Set non-toolchain portion of runtime path of "/home/balling/projects/RIC/ros_ws/install/nav_msgs/lib/python3.12/site-packages/nav_msgs/nav_msgs_s__rosidl_typesupport_introspection_c.so" to ""
[12.660s] -- Installing: /home/balling/projects/RIC/ros_ws/install/nav_msgs/lib/python3.12/site-packages/nav_msgs/nav_msgs_s__rosidl_typesupport_c.so
[12.660s] -- Set non-toolchain portion of runtime path of "/home/balling/projects/RIC/ros_ws/install/nav_msgs/lib/python3.12/site-packages/nav_msgs/nav_msgs_s__rosidl_typesupport_c.so" to ""
[12.660s] -- Installing: /home/balling/projects/RIC/ros_ws/install/nav_msgs/lib/libnav_msgs__rosidl_generator_py.so
[12.660s] -- Set non-toolchain portion of runtime path of "/home/balling/projects/RIC/ros_ws/install/nav_msgs/lib/libnav_msgs__rosidl_generator_py.so" to ""
[12.660s] -- Installing: /home/balling/projects/RIC/ros_ws/install/nav_msgs/share/nav_msgs/msg/GridCells.idl
[12.660s] -- Installing: /home/balling/projects/RIC/ros_ws/install/nav_msgs/share/nav_msgs/msg/MapMetaData.idl
[12.661s] -- Installing: /home/balling/projects/RIC/ros_ws/install/nav_msgs/share/nav_msgs/msg/OccupancyGrid.idl
[12.661s] -- Installing: /home/balling/projects/RIC/ros_ws/install/nav_msgs/share/nav_msgs/msg/Odometry.idl
[12.661s] -- Installing: /home/balling/projects/RIC/ros_ws/install/nav_msgs/share/nav_msgs/msg/Path.idl
[12.661s] -- Installing: /home/balling/projects/RIC/ros_ws/install/nav_msgs/share/nav_msgs/srv/GetMap.idl
[12.661s] -- Installing: /home/balling/projects/RIC/ros_ws/install/nav_msgs/share/nav_msgs/srv/GetPlan.idl
[12.661s] -- Installing: /home/balling/projects/RIC/ros_ws/install/nav_msgs/share/nav_msgs/srv/LoadMap.idl
[12.661s] -- Installing: /home/balling/projects/RIC/ros_ws/install/nav_msgs/share/nav_msgs/srv/SetMap.idl
[12.661s] -- Installing: /home/balling/projects/RIC/ros_ws/install/nav_msgs/share/nav_msgs/msg/GridCells.msg
[12.661s] -- Installing: /home/balling/projects/RIC/ros_ws/install/nav_msgs/share/nav_msgs/msg/MapMetaData.msg
[12.661s] -- Installing: /home/balling/projects/RIC/ros_ws/install/nav_msgs/share/nav_msgs/msg/OccupancyGrid.msg
[12.661s] -- Installing: /home/balling/projects/RIC/ros_ws/install/nav_msgs/share/nav_msgs/msg/Odometry.msg
[12.662s] -- Installing: /home/balling/projects/RIC/ros_ws/install/nav_msgs/share/nav_msgs/msg/Path.msg
[12.662s] -- Installing: /home/balling/projects/RIC/ros_ws/install/nav_msgs/share/nav_msgs/srv/GetMap.srv
[12.662s] -- Installing: /home/balling/projects/RIC/ros_ws/install/nav_msgs/share/nav_msgs/srv/GetPlan.srv
[12.662s] -- Installing: /home/balling/projects/RIC/ros_ws/install/nav_msgs/share/nav_msgs/srv/LoadMap.srv
[12.662s] -- Installing: /home/balling/projects/RIC/ros_ws/install/nav_msgs/share/nav_msgs/srv/SetMap.srv
[12.662s] -- Installing: /home/balling/projects/RIC/ros_ws/install/nav_msgs/share/ament_index/resource_index/package_run_dependencies/nav_msgs
[12.662s] -- Installing: /home/balling/projects/RIC/ros_ws/install/nav_msgs/share/ament_index/resource_index/parent_prefix_path/nav_msgs
[12.662s] -- Installing: /home/balling/projects/RIC/ros_ws/install/nav_msgs/share/nav_msgs/environment/ament_prefix_path.sh
[12.663s] -- Installing: /home/balling/projects/RIC/ros_ws/install/nav_msgs/share/nav_msgs/environment/ament_prefix_path.dsv
[12.663s] -- Installing: /home/balling/projects/RIC/ros_ws/install/nav_msgs/share/nav_msgs/environment/path.sh
[12.663s] -- Installing: /home/balling/projects/RIC/ros_ws/install/nav_msgs/share/nav_msgs/environment/path.dsv
[12.663s] -- Installing: /home/balling/projects/RIC/ros_ws/install/nav_msgs/share/nav_msgs/local_setup.bash
[12.663s] -- Installing: /home/balling/projects/RIC/ros_ws/install/nav_msgs/share/nav_msgs/local_setup.sh
[12.663s] -- Installing: /home/balling/projects/RIC/ros_ws/install/nav_msgs/share/nav_msgs/local_setup.zsh
[12.663s] -- Installing: /home/balling/projects/RIC/ros_ws/install/nav_msgs/share/nav_msgs/local_setup.dsv
[12.663s] -- Installing: /home/balling/projects/RIC/ros_ws/install/nav_msgs/share/nav_msgs/package.dsv
[12.663s] -- Installing: /home/balling/projects/RIC/ros_ws/install/nav_msgs/share/ament_index/resource_index/packages/nav_msgs
[12.664s] -- Installing: /home/balling/projects/RIC/ros_ws/install/nav_msgs/share/nav_msgs/cmake/export_nav_msgs__rosidl_generator_cExport.cmake
[12.664s] -- Installing: /home/balling/projects/RIC/ros_ws/install/nav_msgs/share/nav_msgs/cmake/export_nav_msgs__rosidl_generator_cExport-noconfig.cmake
[12.664s] -- Installing: /home/balling/projects/RIC/ros_ws/install/nav_msgs/share/nav_msgs/cmake/export_nav_msgs__rosidl_typesupport_fastrtps_cExport.cmake
[12.664s] -- Installing: /home/balling/projects/RIC/ros_ws/install/nav_msgs/share/nav_msgs/cmake/export_nav_msgs__rosidl_typesupport_fastrtps_cExport-noconfig.cmake
[12.664s] -- Installing: /home/balling/projects/RIC/ros_ws/install/nav_msgs/share/nav_msgs/cmake/export_nav_msgs__rosidl_generator_cppExport.cmake
[12.664s] -- Installing: /home/balling/projects/RIC/ros_ws/install/nav_msgs/share/nav_msgs/cmake/export_nav_msgs__rosidl_typesupport_fastrtps_cppExport.cmake
[12.665s] -- Installing: /home/balling/projects/RIC/ros_ws/install/nav_msgs/share/nav_msgs/cmake/export_nav_msgs__rosidl_typesupport_fastrtps_cppExport-noconfig.cmake
[12.665s] -- Installing: /home/balling/projects/RIC/ros_ws/install/nav_msgs/share/nav_msgs/cmake/nav_msgs__rosidl_typesupport_introspection_cExport.cmake
[12.665s] -- Installing: /home/balling/projects/RIC/ros_ws/install/nav_msgs/share/nav_msgs/cmake/nav_msgs__rosidl_typesupport_introspection_cExport-noconfig.cmake
[12.665s] -- Installing: /home/balling/projects/RIC/ros_ws/install/nav_msgs/share/nav_msgs/cmake/nav_msgs__rosidl_typesupport_cExport.cmake
[12.665s] -- Installing: /home/balling/projects/RIC/ros_ws/install/nav_msgs/share/nav_msgs/cmake/nav_msgs__rosidl_typesupport_cExport-noconfig.cmake
[12.665s] -- Installing: /home/balling/projects/RIC/ros_ws/install/nav_msgs/share/nav_msgs/cmake/nav_msgs__rosidl_typesupport_introspection_cppExport.cmake
[12.665s] -- Installing: /home/balling/projects/RIC/ros_ws/install/nav_msgs/share/nav_msgs/cmake/nav_msgs__rosidl_typesupport_introspection_cppExport-noconfig.cmake
[12.665s] -- Installing: /home/balling/projects/RIC/ros_ws/install/nav_msgs/share/nav_msgs/cmake/nav_msgs__rosidl_typesupport_cppExport.cmake
[12.666s] -- Installing: /home/balling/projects/RIC/ros_ws/install/nav_msgs/share/nav_msgs/cmake/nav_msgs__rosidl_typesupport_cppExport-noconfig.cmake
[12.666s] -- Installing: /home/balling/projects/RIC/ros_ws/install/nav_msgs/share/nav_msgs/cmake/export_nav_msgs__rosidl_generator_pyExport.cmake
[12.666s] -- Installing: /home/balling/projects/RIC/ros_ws/install/nav_msgs/share/nav_msgs/cmake/export_nav_msgs__rosidl_generator_pyExport-noconfig.cmake
[12.666s] -- Installing: /home/balling/projects/RIC/ros_ws/install/nav_msgs/share/nav_msgs/cmake/rosidl_cmake-extras.cmake
[12.666s] -- Installing: /home/balling/projects/RIC/ros_ws/install/nav_msgs/share/nav_msgs/cmake/ament_cmake_export_dependencies-extras.cmake
[12.666s] -- Installing: /home/balling/projects/RIC/ros_ws/install/nav_msgs/share/nav_msgs/cmake/ament_cmake_export_include_directories-extras.cmake
[12.666s] -- Installing: /home/balling/projects/RIC/ros_ws/install/nav_msgs/share/nav_msgs/cmake/ament_cmake_export_libraries-extras.cmake
[12.666s] -- Installing: /home/balling/projects/RIC/ros_ws/install/nav_msgs/share/nav_msgs/cmake/ament_cmake_export_targets-extras.cmake
[12.666s] -- Installing: /home/balling/projects/RIC/ros_ws/install/nav_msgs/share/nav_msgs/cmake/rosidl_cmake_export_typesupport_targets-extras.cmake
[12.666s] -- Installing: /home/balling/projects/RIC/ros_ws/install/nav_msgs/share/nav_msgs/cmake/rosidl_cmake_export_typesupport_libraries-extras.cmake
[12.666s] -- Installing: /home/balling/projects/RIC/ros_ws/install/nav_msgs/share/nav_msgs/cmake/nav_msgsConfig.cmake
[12.666s] -- Installing: /home/balling/projects/RIC/ros_ws/install/nav_msgs/share/nav_msgs/cmake/nav_msgsConfig-version.cmake
[12.666s] -- Installing: /home/balling/projects/RIC/ros_ws/install/nav_msgs/share/nav_msgs/package.xml
[12.668s] Invoked command in '/home/balling/projects/RIC/ros_ws/build/nav_msgs' returned '0': AMENT_PREFIX_PATH=/home/balling/projects/RIC/ros_ws/install/geometry_msgs:/home/balling/projects/RIC/ros_ws/install/std_msgs:/home/balling/projects/RIC/ros_ws/install/rosidl_default_runtime:/home/balling/projects/RIC/ros_ws/install/rosidl_default_generators:/home/balling/projects/RIC/ros_ws/install/action_msgs:/home/balling/projects/RIC/ros_ws/install/service_msgs:/home/balling/projects/RIC/ros_ws/install/unique_identifier_msgs:/home/balling/projects/RIC/ros_ws/install/builtin_interfaces:/home/balling/projects/RIC/ros_ws/install/rosidl_core_runtime:/home/balling/projects/RIC/ros_ws/install/rosidl_core_generators:/home/balling/projects/RIC/ros_ws/install/rosidl_generator_rs:/home/balling/projects/RIC/ros_ws/install/rosidl_runtime_rs:${AMENT_PREFIX_PATH} CMAKE_PREFIX_PATH=/home/balling/projects/RIC/ros_ws/install/geometry_msgs:/home/balling/projects/RIC/ros_ws/install/std_msgs:/home/balling/projects/RIC/ros_ws/install/rosidl_default_runtime:/home/balling/projects/RIC/ros_ws/install/rosidl_default_generators:/home/balling/projects/RIC/ros_ws/install/action_msgs:/home/balling/projects/RIC/ros_ws/install/service_msgs:/home/balling/projects/RIC/ros_ws/install/unique_identifier_msgs:/home/balling/projects/RIC/ros_ws/install/builtin_interfaces:/home/balling/projects/RIC/ros_ws/install/rosidl_core_runtime:/home/balling/projects/RIC/ros_ws/install/rosidl_core_generators:/home/balling/projects/RIC/ros_ws/install/rosidl_generator_rs:/home/balling/projects/RIC/mobile_robot_ws/install/mobile_robot:/home/balling/projects/RIC/mobile_robot_ws/install/articubot_one:/opt/ros/jazzy/opt/gz_sim_vendor:/opt/ros/jazzy/opt/gz_sensors_vendor:/opt/ros/jazzy/opt/gz_physics_vendor:/opt/ros/jazzy/opt/sdformat_vendor:/opt/ros/jazzy/opt/gz_gui_vendor:/opt/ros/jazzy/opt/gz_transport_vendor:/opt/ros/jazzy/opt/gz_rendering_vendor:/opt/ros/jazzy/opt/gz_plugin_vendor:/opt/ros/jazzy/opt/gz_fuel_tools_vendor:/opt/ros/jazzy/opt/gz_msgs_vendor:/opt/ros/jazzy/opt/gz_common_vendor:/opt/ros/jazzy/opt/gz_math_vendor:/opt/ros/jazzy/opt/gz_utils_vendor:/opt/ros/jazzy/opt/gz_tools_vendor:/opt/ros/jazzy/opt/gz_ogre_next_vendor:/opt/ros/jazzy/opt/gz_dartsim_vendor:/opt/ros/jazzy/opt/gz_cmake_vendor:/opt/ros/jazzy DEBUGINFOD_URLS=https://debuginfod.ubuntu.com LD_LIBRARY_PATH=/home/balling/projects/RIC/ros_ws/install/geometry_msgs/lib:/home/balling/projects/RIC/ros_ws/install/std_msgs/lib:/home/balling/projects/RIC/ros_ws/install/action_msgs/lib:/home/balling/projects/RIC/ros_ws/install/service_msgs/lib:/home/balling/projects/RIC/ros_ws/install/unique_identifier_msgs/lib:/home/balling/projects/RIC/ros_ws/install/builtin_interfaces/lib:${LD_LIBRARY_PATH} PYTHONPATH=/home/balling/projects/RIC/ros_ws/install/geometry_msgs/lib/python3.12/site-packages:/home/balling/projects/RIC/ros_ws/install/std_msgs/lib/python3.12/site-packages:/home/balling/projects/RIC/ros_ws/install/action_msgs/lib/python3.12/site-packages:/home/balling/projects/RIC/ros_ws/install/service_msgs/lib/python3.12/site-packages:/home/balling/projects/RIC/ros_ws/install/unique_identifier_msgs/lib/python3.12/site-packages:/home/balling/projects/RIC/ros_ws/install/builtin_interfaces/lib/python3.12/site-packages:/home/balling/projects/RIC/ros_ws/install/rosidl_generator_rs/lib/python3.12/site-packages:${PYTHONPATH} /home/balling/.nix-profile/bin/cmake --install /home/balling/projects/RIC/ros_ws/build/nav_msgs
