[0.028s] Invoking command in '/home/balling/projects/RIC/ros_ws/build/rosgraph_msgs': AMENT_PREFIX_PATH=/home/balling/projects/RIC/ros_ws/install/rosidl_default_runtime:/home/balling/projects/RIC/ros_ws/install/rosidl_default_generators:/home/balling/projects/RIC/ros_ws/install/action_msgs:/home/balling/projects/RIC/ros_ws/install/service_msgs:/home/balling/projects/RIC/ros_ws/install/unique_identifier_msgs:/home/balling/projects/RIC/ros_ws/install/builtin_interfaces:/home/balling/projects/RIC/ros_ws/install/rosidl_core_runtime:/home/balling/projects/RIC/ros_ws/install/rosidl_core_generators:/home/balling/projects/RIC/ros_ws/install/rosidl_generator_rs:/home/balling/projects/RIC/ros_ws/install/rosidl_runtime_rs:${AMENT_PREFIX_PATH} CMAKE_PREFIX_PATH=/home/balling/projects/RIC/ros_ws/install/rosidl_default_runtime:/home/balling/projects/RIC/ros_ws/install/rosidl_default_generators:/home/balling/projects/RIC/ros_ws/install/action_msgs:/home/balling/projects/RIC/ros_ws/install/service_msgs:/home/balling/projects/RIC/ros_ws/install/unique_identifier_msgs:/home/balling/projects/RIC/ros_ws/install/builtin_interfaces:/home/balling/projects/RIC/ros_ws/install/rosidl_core_runtime:/home/balling/projects/RIC/ros_ws/install/rosidl_core_generators:/home/balling/projects/RIC/ros_ws/install/rosidl_generator_rs:/home/balling/projects/RIC/mobile_robot_ws/install/mobile_robot:/home/balling/projects/RIC/mobile_robot_ws/install/articubot_one:/opt/ros/jazzy/opt/gz_sim_vendor:/opt/ros/jazzy/opt/gz_sensors_vendor:/opt/ros/jazzy/opt/gz_physics_vendor:/opt/ros/jazzy/opt/sdformat_vendor:/opt/ros/jazzy/opt/gz_gui_vendor:/opt/ros/jazzy/opt/gz_transport_vendor:/opt/ros/jazzy/opt/gz_rendering_vendor:/opt/ros/jazzy/opt/gz_plugin_vendor:/opt/ros/jazzy/opt/gz_fuel_tools_vendor:/opt/ros/jazzy/opt/gz_msgs_vendor:/opt/ros/jazzy/opt/gz_common_vendor:/opt/ros/jazzy/opt/gz_math_vendor:/opt/ros/jazzy/opt/gz_utils_vendor:/opt/ros/jazzy/opt/gz_tools_vendor:/opt/ros/jazzy/opt/gz_ogre_next_vendor:/opt/ros/jazzy/opt/gz_dartsim_vendor:/opt/ros/jazzy/opt/gz_cmake_vendor:/opt/ros/jazzy DEBUGINFOD_URLS=https://debuginfod.ubuntu.com LD_LIBRARY_PATH=/home/balling/projects/RIC/ros_ws/install/action_msgs/lib:/home/balling/projects/RIC/ros_ws/install/service_msgs/lib:/home/balling/projects/RIC/ros_ws/install/unique_identifier_msgs/lib:/home/balling/projects/RIC/ros_ws/install/builtin_interfaces/lib:${LD_LIBRARY_PATH} PYTHONPATH=/home/balling/projects/RIC/ros_ws/install/action_msgs/lib/python3.12/site-packages:/home/balling/projects/RIC/ros_ws/install/service_msgs/lib/python3.12/site-packages:/home/balling/projects/RIC/ros_ws/install/unique_identifier_msgs/lib/python3.12/site-packages:/home/balling/projects/RIC/ros_ws/install/builtin_interfaces/lib/python3.12/site-packages:/home/balling/projects/RIC/ros_ws/install/rosidl_generator_rs/lib/python3.12/site-packages:${PYTHONPATH} /home/balling/.nix-profile/bin/cmake /home/balling/projects/RIC/ros_ws/src/ros2/rcl_interfaces/rosgraph_msgs -DCMAKE_INSTALL_PREFIX=/home/balling/projects/RIC/ros_ws/install/rosgraph_msgs
[0.091s] -- The C compiler identification is GNU 13.3.0
[0.156s] -- The CXX compiler identification is GNU 13.3.0
[0.171s] -- Detecting C compiler ABI info
[0.241s] -- Detecting C compiler ABI info - done
[0.260s] -- Check for working C compiler: /usr/bin/cc - skipped
[0.260s] -- Detecting C compile features
[0.260s] -- Detecting C compile features - done
[0.262s] -- Detecting CXX compiler ABI info
[0.341s] -- Detecting CXX compiler ABI info - done
[0.356s] -- Check for working CXX compiler: /usr/bin/c++ - skipped
[0.357s] -- Detecting CXX compile features
[0.357s] -- Detecting CXX compile features - done
[0.361s] -- Found ament_cmake: 2.5.2 (/opt/ros/jazzy/share/ament_cmake/cmake)
[0.510s] -- Found Python3: /usr/bin/python3 (found version "3.12.3") found components: Interpreter
[0.614s] -- Found builtin_interfaces: 2.0.2 (/home/balling/projects/RIC/ros_ws/install/builtin_interfaces/share/builtin_interfaces/cmake)
[0.656s] -- Found rosidl_generator_c: 4.6.4 (/opt/ros/jazzy/share/rosidl_generator_c/cmake)
[0.672s] -- Found rosidl_generator_cpp: 4.6.4 (/opt/ros/jazzy/share/rosidl_generator_cpp/cmake)
[0.689s] -- Using all available rosidl_typesupport_c: rosidl_typesupport_fastrtps_c;rosidl_typesupport_introspection_c
[0.712s] -- Using all available rosidl_typesupport_cpp: rosidl_typesupport_fastrtps_cpp;rosidl_typesupport_introspection_cpp
[0.728s] -- Found rosidl_default_generators: 1.6.0 (/home/balling/projects/RIC/ros_ws/install/rosidl_default_generators/share/rosidl_default_generators/cmake)
[0.743s] -- Found rosidl_adapter: 4.6.4 (/opt/ros/jazzy/share/rosidl_adapter/cmake)
[1.248s] -- Found ament_cmake_cppcheck: 0.17.1 (/opt/ros/jazzy/share/ament_cmake_cppcheck/cmake)
[1.253s] -- Found ament_cmake_cpplint: 0.17.1 (/opt/ros/jazzy/share/ament_cmake_cpplint/cmake)
[1.257s] -- Found ament_cmake_uncrustify: 0.17.1 (/opt/ros/jazzy/share/ament_cmake_uncrustify/cmake)
[1.262s] -- Found ament_cmake_ros: 0.12.0 (/opt/ros/jazzy/share/ament_cmake_ros/cmake)
[1.913s] -- Using all available rosidl_typesupport_c: rosidl_typesupport_fastrtps_c;rosidl_typesupport_introspection_c
[2.174s] -- Using all available rosidl_typesupport_cpp: rosidl_typesupport_fastrtps_cpp;rosidl_typesupport_introspection_cpp
[2.183s] -- Found python_cmake_module: 0.11.1 (/opt/ros/jazzy/share/python_cmake_module/cmake)
[2.306s] -- Found PythonExtra: /usr/bin/python3
[2.702s] -- Found Python3: /usr/bin/python3 (found version "3.12.3") found components: Interpreter Development NumPy Development.Module Development.Embed
[2.741s] -- Found ament_cmake_flake8: 0.17.1 (/opt/ros/jazzy/share/ament_cmake_flake8/cmake)
[2.747s] -- Found ament_cmake_pep257: 0.17.1 (/opt/ros/jazzy/share/ament_cmake_pep257/cmake)
[2.753s] -- Configuring done (2.7s)
[2.782s] -- Generating done (0.0s)
[2.792s] -- Build files have been written to: /home/balling/projects/RIC/ros_ws/build/rosgraph_msgs
[2.803s] Invoked command in '/home/balling/projects/RIC/ros_ws/build/rosgraph_msgs' returned '0': AMENT_PREFIX_PATH=/home/balling/projects/RIC/ros_ws/install/rosidl_default_runtime:/home/balling/projects/RIC/ros_ws/install/rosidl_default_generators:/home/balling/projects/RIC/ros_ws/install/action_msgs:/home/balling/projects/RIC/ros_ws/install/service_msgs:/home/balling/projects/RIC/ros_ws/install/unique_identifier_msgs:/home/balling/projects/RIC/ros_ws/install/builtin_interfaces:/home/balling/projects/RIC/ros_ws/install/rosidl_core_runtime:/home/balling/projects/RIC/ros_ws/install/rosidl_core_generators:/home/balling/projects/RIC/ros_ws/install/rosidl_generator_rs:/home/balling/projects/RIC/ros_ws/install/rosidl_runtime_rs:${AMENT_PREFIX_PATH} CMAKE_PREFIX_PATH=/home/balling/projects/RIC/ros_ws/install/rosidl_default_runtime:/home/balling/projects/RIC/ros_ws/install/rosidl_default_generators:/home/balling/projects/RIC/ros_ws/install/action_msgs:/home/balling/projects/RIC/ros_ws/install/service_msgs:/home/balling/projects/RIC/ros_ws/install/unique_identifier_msgs:/home/balling/projects/RIC/ros_ws/install/builtin_interfaces:/home/balling/projects/RIC/ros_ws/install/rosidl_core_runtime:/home/balling/projects/RIC/ros_ws/install/rosidl_core_generators:/home/balling/projects/RIC/ros_ws/install/rosidl_generator_rs:/home/balling/projects/RIC/mobile_robot_ws/install/mobile_robot:/home/balling/projects/RIC/mobile_robot_ws/install/articubot_one:/opt/ros/jazzy/opt/gz_sim_vendor:/opt/ros/jazzy/opt/gz_sensors_vendor:/opt/ros/jazzy/opt/gz_physics_vendor:/opt/ros/jazzy/opt/sdformat_vendor:/opt/ros/jazzy/opt/gz_gui_vendor:/opt/ros/jazzy/opt/gz_transport_vendor:/opt/ros/jazzy/opt/gz_rendering_vendor:/opt/ros/jazzy/opt/gz_plugin_vendor:/opt/ros/jazzy/opt/gz_fuel_tools_vendor:/opt/ros/jazzy/opt/gz_msgs_vendor:/opt/ros/jazzy/opt/gz_common_vendor:/opt/ros/jazzy/opt/gz_math_vendor:/opt/ros/jazzy/opt/gz_utils_vendor:/opt/ros/jazzy/opt/gz_tools_vendor:/opt/ros/jazzy/opt/gz_ogre_next_vendor:/opt/ros/jazzy/opt/gz_dartsim_vendor:/opt/ros/jazzy/opt/gz_cmake_vendor:/opt/ros/jazzy DEBUGINFOD_URLS=https://debuginfod.ubuntu.com LD_LIBRARY_PATH=/home/balling/projects/RIC/ros_ws/install/action_msgs/lib:/home/balling/projects/RIC/ros_ws/install/service_msgs/lib:/home/balling/projects/RIC/ros_ws/install/unique_identifier_msgs/lib:/home/balling/projects/RIC/ros_ws/install/builtin_interfaces/lib:${LD_LIBRARY_PATH} PYTHONPATH=/home/balling/projects/RIC/ros_ws/install/action_msgs/lib/python3.12/site-packages:/home/balling/projects/RIC/ros_ws/install/service_msgs/lib/python3.12/site-packages:/home/balling/projects/RIC/ros_ws/install/unique_identifier_msgs/lib/python3.12/site-packages:/home/balling/projects/RIC/ros_ws/install/builtin_interfaces/lib/python3.12/site-packages:/home/balling/projects/RIC/ros_ws/install/rosidl_generator_rs/lib/python3.12/site-packages:${PYTHONPATH} /home/balling/.nix-profile/bin/cmake /home/balling/projects/RIC/ros_ws/src/ros2/rcl_interfaces/rosgraph_msgs -DCMAKE_INSTALL_PREFIX=/home/balling/projects/RIC/ros_ws/install/rosgraph_msgs
[2.804s] Invoking command in '/home/balling/projects/RIC/ros_ws/build/rosgraph_msgs': AMENT_PREFIX_PATH=/home/balling/projects/RIC/ros_ws/install/rosidl_default_runtime:/home/balling/projects/RIC/ros_ws/install/rosidl_default_generators:/home/balling/projects/RIC/ros_ws/install/action_msgs:/home/balling/projects/RIC/ros_ws/install/service_msgs:/home/balling/projects/RIC/ros_ws/install/unique_identifier_msgs:/home/balling/projects/RIC/ros_ws/install/builtin_interfaces:/home/balling/projects/RIC/ros_ws/install/rosidl_core_runtime:/home/balling/projects/RIC/ros_ws/install/rosidl_core_generators:/home/balling/projects/RIC/ros_ws/install/rosidl_generator_rs:/home/balling/projects/RIC/ros_ws/install/rosidl_runtime_rs:${AMENT_PREFIX_PATH} CMAKE_PREFIX_PATH=/home/balling/projects/RIC/ros_ws/install/rosidl_default_runtime:/home/balling/projects/RIC/ros_ws/install/rosidl_default_generators:/home/balling/projects/RIC/ros_ws/install/action_msgs:/home/balling/projects/RIC/ros_ws/install/service_msgs:/home/balling/projects/RIC/ros_ws/install/unique_identifier_msgs:/home/balling/projects/RIC/ros_ws/install/builtin_interfaces:/home/balling/projects/RIC/ros_ws/install/rosidl_core_runtime:/home/balling/projects/RIC/ros_ws/install/rosidl_core_generators:/home/balling/projects/RIC/ros_ws/install/rosidl_generator_rs:/home/balling/projects/RIC/mobile_robot_ws/install/mobile_robot:/home/balling/projects/RIC/mobile_robot_ws/install/articubot_one:/opt/ros/jazzy/opt/gz_sim_vendor:/opt/ros/jazzy/opt/gz_sensors_vendor:/opt/ros/jazzy/opt/gz_physics_vendor:/opt/ros/jazzy/opt/sdformat_vendor:/opt/ros/jazzy/opt/gz_gui_vendor:/opt/ros/jazzy/opt/gz_transport_vendor:/opt/ros/jazzy/opt/gz_rendering_vendor:/opt/ros/jazzy/opt/gz_plugin_vendor:/opt/ros/jazzy/opt/gz_fuel_tools_vendor:/opt/ros/jazzy/opt/gz_msgs_vendor:/opt/ros/jazzy/opt/gz_common_vendor:/opt/ros/jazzy/opt/gz_math_vendor:/opt/ros/jazzy/opt/gz_utils_vendor:/opt/ros/jazzy/opt/gz_tools_vendor:/opt/ros/jazzy/opt/gz_ogre_next_vendor:/opt/ros/jazzy/opt/gz_dartsim_vendor:/opt/ros/jazzy/opt/gz_cmake_vendor:/opt/ros/jazzy DEBUGINFOD_URLS=https://debuginfod.ubuntu.com LD_LIBRARY_PATH=/home/balling/projects/RIC/ros_ws/install/action_msgs/lib:/home/balling/projects/RIC/ros_ws/install/service_msgs/lib:/home/balling/projects/RIC/ros_ws/install/unique_identifier_msgs/lib:/home/balling/projects/RIC/ros_ws/install/builtin_interfaces/lib:${LD_LIBRARY_PATH} PYTHONPATH=/home/balling/projects/RIC/ros_ws/install/action_msgs/lib/python3.12/site-packages:/home/balling/projects/RIC/ros_ws/install/service_msgs/lib/python3.12/site-packages:/home/balling/projects/RIC/ros_ws/install/unique_identifier_msgs/lib/python3.12/site-packages:/home/balling/projects/RIC/ros_ws/install/builtin_interfaces/lib/python3.12/site-packages:/home/balling/projects/RIC/ros_ws/install/rosidl_generator_rs/lib/python3.12/site-packages:${PYTHONPATH} /home/balling/.nix-profile/bin/cmake --build /home/balling/projects/RIC/ros_ws/build/rosgraph_msgs -- -j8 -l8
[2.852s] [  2%] [34m[1mGenerating Rust code for ROS interfaces[0m
[2.852s] [  5%] [34m[1mGenerating type hashes for ROS interfaces[0m
[2.865s] [  5%] Built target ament_cmake_python_copy_rosgraph_msgs
[3.031s] [  5%] Built target rosgraph_msgs__rosidl_generator_type_description
[3.040s] [  8%] [34m[1mGenerating C code for ROS interfaces[0m
[3.050s] [ 11%] [34m[1mGenerating C++ code for ROS interfaces[0m
[3.055s] [ 11%] Built target rosgraph_msgs__rs
[3.064s] running egg_info
[3.067s] creating rosgraph_msgs.egg-info
[3.079s] writing rosgraph_msgs.egg-info/PKG-INFO
[3.079s] writing dependency_links to rosgraph_msgs.egg-info/dependency_links.txt
[3.079s] writing top-level names to rosgraph_msgs.egg-info/top_level.txt
[3.079s] writing manifest file 'rosgraph_msgs.egg-info/SOURCES.txt'
[3.125s] reading manifest file 'rosgraph_msgs.egg-info/SOURCES.txt'
[3.125s] writing manifest file 'rosgraph_msgs.egg-info/SOURCES.txt'
[3.160s] [ 11%] Built target ament_cmake_python_build_rosgraph_msgs_egg
[3.282s] [ 11%] Built target rosgraph_msgs__cpp
[3.297s] [ 14%] [32mBuilding C object CMakeFiles/rosgraph_msgs__rosidl_generator_c.dir/rosidl_generator_c/rosgraph_msgs/msg/detail/clock__description.c.o[0m
[3.304s] [ 17%] [32mBuilding C object CMakeFiles/rosgraph_msgs__rosidl_generator_c.dir/rosidl_generator_c/rosgraph_msgs/msg/detail/clock__type_support.c.o[0m
[3.309s] [ 20%] [32mBuilding C object CMakeFiles/rosgraph_msgs__rosidl_generator_c.dir/rosidl_generator_c/rosgraph_msgs/msg/detail/clock__functions.c.o[0m
[3.376s] [ 22%] [32m[1mLinking C shared library librosgraph_msgs__rosidl_generator_c.so[0m
[3.420s] [ 22%] Built target rosgraph_msgs__rosidl_generator_c
[3.432s] [ 25%] [34m[1mGenerating C type support dispatch for ROS interfaces[0m
[3.439s] [ 28%] [34m[1mGenerating C++ type support dispatch for ROS interfaces[0m
[3.442s] [ 31%] [34m[1mGenerating C++ introspection for ROS interfaces[0m
[3.447s] [ 34%] [34m[1mGenerating C type support for eProsima Fast-RTPS[0m
[3.449s] [ 37%] [34m[1mGenerating C introspection for ROS interfaces[0m
[3.464s] [ 40%] [34m[1mGenerating C++ type support for eProsima Fast-RTPS[0m
[3.674s] [ 42%] [32mBuilding CXX object CMakeFiles/rosgraph_msgs__rosidl_typesupport_introspection_cpp.dir/rosidl_typesupport_introspection_cpp/rosgraph_msgs/msg/detail/clock__type_support.cpp.o[0m
[3.723s] [ 45%] [32mBuilding C object CMakeFiles/rosgraph_msgs__rosidl_typesupport_introspection_c.dir/rosidl_typesupport_introspection_c/rosgraph_msgs/msg/detail/clock__type_support.c.o[0m
[3.767s] [ 48%] [32mBuilding CXX object CMakeFiles/rosgraph_msgs__rosidl_typesupport_c.dir/rosidl_typesupport_c/rosgraph_msgs/msg/clock__type_support.cpp.o[0m
[3.792s] [ 51%] [32m[1mLinking C shared library librosgraph_msgs__rosidl_typesupport_introspection_c.so[0m
[3.829s] [ 54%] [32mBuilding CXX object CMakeFiles/rosgraph_msgs__rosidl_typesupport_cpp.dir/rosidl_typesupport_cpp/rosgraph_msgs/msg/clock__type_support.cpp.o[0m
[3.854s] [ 54%] Built target rosgraph_msgs__rosidl_typesupport_introspection_c
[3.866s] [ 57%] [32m[1mLinking CXX shared library librosgraph_msgs__rosidl_typesupport_c.so[0m
[3.889s] [ 60%] [32mBuilding CXX object CMakeFiles/rosgraph_msgs__rosidl_typesupport_fastrtps_c.dir/rosidl_typesupport_fastrtps_c/rosgraph_msgs/msg/detail/clock__type_support_c.cpp.o[0m
[3.948s] [ 60%] Built target rosgraph_msgs__rosidl_typesupport_c
[3.953s] [ 62%] [32mBuilding CXX object CMakeFiles/rosgraph_msgs__rosidl_typesupport_fastrtps_cpp.dir/rosidl_typesupport_fastrtps_cpp/rosgraph_msgs/msg/detail/dds_fastrtps/clock__type_support.cpp.o[0m
[4.207s] [ 65%] [32m[1mLinking CXX shared library librosgraph_msgs__rosidl_typesupport_introspection_cpp.so[0m
[4.287s] [ 65%] Built target rosgraph_msgs__rosidl_typesupport_introspection_cpp
[4.342s] [ 68%] [32m[1mLinking CXX shared library librosgraph_msgs__rosidl_typesupport_cpp.so[0m
[4.423s] [ 71%] [32m[1mLinking CXX shared library librosgraph_msgs__rosidl_typesupport_fastrtps_cpp.so[0m
[4.442s] [ 71%] Built target rosgraph_msgs__rosidl_typesupport_cpp
[4.500s] [ 71%] Built target rosgraph_msgs__rosidl_typesupport_fastrtps_cpp
[4.565s] [ 74%] [32m[1mLinking CXX shared library librosgraph_msgs__rosidl_typesupport_fastrtps_c.so[0m
[4.669s] [ 74%] Built target rosgraph_msgs__rosidl_typesupport_fastrtps_c
[4.718s] [ 74%] Built target rosgraph_msgs
[4.762s] [ 77%] [34m[1mGenerating Python code for ROS interfaces[0m
[5.068s] [ 77%] Built target rosgraph_msgs__py
[5.083s] [ 80%] [32mBuilding C object CMakeFiles/rosgraph_msgs__rosidl_generator_py.dir/rosidl_generator_py/rosgraph_msgs/msg/_clock_s.c.o[0m
[5.185s] [ 82%] [32m[1mLinking C shared library librosgraph_msgs__rosidl_generator_py.so[0m
[5.222s] [ 82%] Built target rosgraph_msgs__rosidl_generator_py
[5.247s] [ 85%] [32mBuilding C object CMakeFiles/rosgraph_msgs_s__rosidl_typesupport_c.dir/rosidl_generator_py/rosgraph_msgs/_rosgraph_msgs_s.ep.rosidl_typesupport_c.c.o[0m
[5.255s] [ 88%] [32mBuilding C object CMakeFiles/rosgraph_msgs_s__rosidl_typesupport_fastrtps_c.dir/rosidl_generator_py/rosgraph_msgs/_rosgraph_msgs_s.ep.rosidl_typesupport_fastrtps_c.c.o[0m
[5.258s] [ 91%] [32mBuilding C object CMakeFiles/rosgraph_msgs_s__rosidl_typesupport_introspection_c.dir/rosidl_generator_py/rosgraph_msgs/_rosgraph_msgs_s.ep.rosidl_typesupport_introspection_c.c.o[0m
[5.426s] [ 94%] [32m[1mLinking C shared module rosidl_generator_py/rosgraph_msgs/rosgraph_msgs_s__rosidl_typesupport_c.so[0m
[5.431s] [100%] [32m[1mLinking C shared module rosidl_generator_py/rosgraph_msgs/rosgraph_msgs_s__rosidl_typesupport_fastrtps_c.so[0m
[5.432s] [100%] [32m[1mLinking C shared module rosidl_generator_py/rosgraph_msgs/rosgraph_msgs_s__rosidl_typesupport_introspection_c.so[0m
[5.451s] [100%] Built target rosgraph_msgs_s__rosidl_typesupport_c
[5.471s] [100%] Built target rosgraph_msgs_s__rosidl_typesupport_introspection_c
[5.481s] [100%] Built target rosgraph_msgs_s__rosidl_typesupport_fastrtps_c
[5.490s] Invoked command in '/home/balling/projects/RIC/ros_ws/build/rosgraph_msgs' returned '0': AMENT_PREFIX_PATH=/home/balling/projects/RIC/ros_ws/install/rosidl_default_runtime:/home/balling/projects/RIC/ros_ws/install/rosidl_default_generators:/home/balling/projects/RIC/ros_ws/install/action_msgs:/home/balling/projects/RIC/ros_ws/install/service_msgs:/home/balling/projects/RIC/ros_ws/install/unique_identifier_msgs:/home/balling/projects/RIC/ros_ws/install/builtin_interfaces:/home/balling/projects/RIC/ros_ws/install/rosidl_core_runtime:/home/balling/projects/RIC/ros_ws/install/rosidl_core_generators:/home/balling/projects/RIC/ros_ws/install/rosidl_generator_rs:/home/balling/projects/RIC/ros_ws/install/rosidl_runtime_rs:${AMENT_PREFIX_PATH} CMAKE_PREFIX_PATH=/home/balling/projects/RIC/ros_ws/install/rosidl_default_runtime:/home/balling/projects/RIC/ros_ws/install/rosidl_default_generators:/home/balling/projects/RIC/ros_ws/install/action_msgs:/home/balling/projects/RIC/ros_ws/install/service_msgs:/home/balling/projects/RIC/ros_ws/install/unique_identifier_msgs:/home/balling/projects/RIC/ros_ws/install/builtin_interfaces:/home/balling/projects/RIC/ros_ws/install/rosidl_core_runtime:/home/balling/projects/RIC/ros_ws/install/rosidl_core_generators:/home/balling/projects/RIC/ros_ws/install/rosidl_generator_rs:/home/balling/projects/RIC/mobile_robot_ws/install/mobile_robot:/home/balling/projects/RIC/mobile_robot_ws/install/articubot_one:/opt/ros/jazzy/opt/gz_sim_vendor:/opt/ros/jazzy/opt/gz_sensors_vendor:/opt/ros/jazzy/opt/gz_physics_vendor:/opt/ros/jazzy/opt/sdformat_vendor:/opt/ros/jazzy/opt/gz_gui_vendor:/opt/ros/jazzy/opt/gz_transport_vendor:/opt/ros/jazzy/opt/gz_rendering_vendor:/opt/ros/jazzy/opt/gz_plugin_vendor:/opt/ros/jazzy/opt/gz_fuel_tools_vendor:/opt/ros/jazzy/opt/gz_msgs_vendor:/opt/ros/jazzy/opt/gz_common_vendor:/opt/ros/jazzy/opt/gz_math_vendor:/opt/ros/jazzy/opt/gz_utils_vendor:/opt/ros/jazzy/opt/gz_tools_vendor:/opt/ros/jazzy/opt/gz_ogre_next_vendor:/opt/ros/jazzy/opt/gz_dartsim_vendor:/opt/ros/jazzy/opt/gz_cmake_vendor:/opt/ros/jazzy DEBUGINFOD_URLS=https://debuginfod.ubuntu.com LD_LIBRARY_PATH=/home/balling/projects/RIC/ros_ws/install/action_msgs/lib:/home/balling/projects/RIC/ros_ws/install/service_msgs/lib:/home/balling/projects/RIC/ros_ws/install/unique_identifier_msgs/lib:/home/balling/projects/RIC/ros_ws/install/builtin_interfaces/lib:${LD_LIBRARY_PATH} PYTHONPATH=/home/balling/projects/RIC/ros_ws/install/action_msgs/lib/python3.12/site-packages:/home/balling/projects/RIC/ros_ws/install/service_msgs/lib/python3.12/site-packages:/home/balling/projects/RIC/ros_ws/install/unique_identifier_msgs/lib/python3.12/site-packages:/home/balling/projects/RIC/ros_ws/install/builtin_interfaces/lib/python3.12/site-packages:/home/balling/projects/RIC/ros_ws/install/rosidl_generator_rs/lib/python3.12/site-packages:${PYTHONPATH} /home/balling/.nix-profile/bin/cmake --build /home/balling/projects/RIC/ros_ws/build/rosgraph_msgs -- -j8 -l8
[5.491s] Invoking command in '/home/balling/projects/RIC/ros_ws/build/rosgraph_msgs': AMENT_PREFIX_PATH=/home/balling/projects/RIC/ros_ws/install/rosidl_default_runtime:/home/balling/projects/RIC/ros_ws/install/rosidl_default_generators:/home/balling/projects/RIC/ros_ws/install/action_msgs:/home/balling/projects/RIC/ros_ws/install/service_msgs:/home/balling/projects/RIC/ros_ws/install/unique_identifier_msgs:/home/balling/projects/RIC/ros_ws/install/builtin_interfaces:/home/balling/projects/RIC/ros_ws/install/rosidl_core_runtime:/home/balling/projects/RIC/ros_ws/install/rosidl_core_generators:/home/balling/projects/RIC/ros_ws/install/rosidl_generator_rs:/home/balling/projects/RIC/ros_ws/install/rosidl_runtime_rs:${AMENT_PREFIX_PATH} CMAKE_PREFIX_PATH=/home/balling/projects/RIC/ros_ws/install/rosidl_default_runtime:/home/balling/projects/RIC/ros_ws/install/rosidl_default_generators:/home/balling/projects/RIC/ros_ws/install/action_msgs:/home/balling/projects/RIC/ros_ws/install/service_msgs:/home/balling/projects/RIC/ros_ws/install/unique_identifier_msgs:/home/balling/projects/RIC/ros_ws/install/builtin_interfaces:/home/balling/projects/RIC/ros_ws/install/rosidl_core_runtime:/home/balling/projects/RIC/ros_ws/install/rosidl_core_generators:/home/balling/projects/RIC/ros_ws/install/rosidl_generator_rs:/home/balling/projects/RIC/mobile_robot_ws/install/mobile_robot:/home/balling/projects/RIC/mobile_robot_ws/install/articubot_one:/opt/ros/jazzy/opt/gz_sim_vendor:/opt/ros/jazzy/opt/gz_sensors_vendor:/opt/ros/jazzy/opt/gz_physics_vendor:/opt/ros/jazzy/opt/sdformat_vendor:/opt/ros/jazzy/opt/gz_gui_vendor:/opt/ros/jazzy/opt/gz_transport_vendor:/opt/ros/jazzy/opt/gz_rendering_vendor:/opt/ros/jazzy/opt/gz_plugin_vendor:/opt/ros/jazzy/opt/gz_fuel_tools_vendor:/opt/ros/jazzy/opt/gz_msgs_vendor:/opt/ros/jazzy/opt/gz_common_vendor:/opt/ros/jazzy/opt/gz_math_vendor:/opt/ros/jazzy/opt/gz_utils_vendor:/opt/ros/jazzy/opt/gz_tools_vendor:/opt/ros/jazzy/opt/gz_ogre_next_vendor:/opt/ros/jazzy/opt/gz_dartsim_vendor:/opt/ros/jazzy/opt/gz_cmake_vendor:/opt/ros/jazzy DEBUGINFOD_URLS=https://debuginfod.ubuntu.com LD_LIBRARY_PATH=/home/balling/projects/RIC/ros_ws/install/action_msgs/lib:/home/balling/projects/RIC/ros_ws/install/service_msgs/lib:/home/balling/projects/RIC/ros_ws/install/unique_identifier_msgs/lib:/home/balling/projects/RIC/ros_ws/install/builtin_interfaces/lib:${LD_LIBRARY_PATH} PYTHONPATH=/home/balling/projects/RIC/ros_ws/install/action_msgs/lib/python3.12/site-packages:/home/balling/projects/RIC/ros_ws/install/service_msgs/lib/python3.12/site-packages:/home/balling/projects/RIC/ros_ws/install/unique_identifier_msgs/lib/python3.12/site-packages:/home/balling/projects/RIC/ros_ws/install/builtin_interfaces/lib/python3.12/site-packages:/home/balling/projects/RIC/ros_ws/install/rosidl_generator_rs/lib/python3.12/site-packages:${PYTHONPATH} /home/balling/.nix-profile/bin/cmake --install /home/balling/projects/RIC/ros_ws/build/rosgraph_msgs
[5.508s] -- Install configuration: ""
[5.508s] -- Installing: /home/balling/projects/RIC/ros_ws/install/rosgraph_msgs/share/ament_index/resource_index/rosidl_interfaces/rosgraph_msgs
[5.508s] -- Installing: /home/balling/projects/RIC/ros_ws/install/rosgraph_msgs/share/rosgraph_msgs/msg/Clock.json
[5.509s] -- Installing: /home/balling/projects/RIC/ros_ws/install/rosgraph_msgs/include/rosgraph_msgs/rosgraph_msgs
[5.509s] -- Installing: /home/balling/projects/RIC/ros_ws/install/rosgraph_msgs/include/rosgraph_msgs/rosgraph_msgs/msg
[5.509s] -- Installing: /home/balling/projects/RIC/ros_ws/install/rosgraph_msgs/include/rosgraph_msgs/rosgraph_msgs/msg/clock.h
[5.509s] -- Installing: /home/balling/projects/RIC/ros_ws/install/rosgraph_msgs/include/rosgraph_msgs/rosgraph_msgs/msg/detail
[5.510s] -- Installing: /home/balling/projects/RIC/ros_ws/install/rosgraph_msgs/include/rosgraph_msgs/rosgraph_msgs/msg/detail/clock__struct.h
[5.510s] -- Installing: /home/balling/projects/RIC/ros_ws/install/rosgraph_msgs/include/rosgraph_msgs/rosgraph_msgs/msg/detail/clock__type_support.h
[5.510s] -- Installing: /home/balling/projects/RIC/ros_ws/install/rosgraph_msgs/include/rosgraph_msgs/rosgraph_msgs/msg/detail/clock__description.c
[5.510s] -- Installing: /home/balling/projects/RIC/ros_ws/install/rosgraph_msgs/include/rosgraph_msgs/rosgraph_msgs/msg/detail/clock__functions.c
[5.510s] -- Installing: /home/balling/projects/RIC/ros_ws/install/rosgraph_msgs/include/rosgraph_msgs/rosgraph_msgs/msg/detail/clock__functions.h
[5.510s] -- Installing: /home/balling/projects/RIC/ros_ws/install/rosgraph_msgs/include/rosgraph_msgs/rosgraph_msgs/msg/detail/clock__type_support.c
[5.511s] -- Installing: /home/balling/projects/RIC/ros_ws/install/rosgraph_msgs/include/rosgraph_msgs/rosgraph_msgs/msg/rosidl_generator_c__visibility_control.h
[5.511s] -- Installing: /home/balling/projects/RIC/ros_ws/install/rosgraph_msgs/share/rosgraph_msgs/environment/library_path.sh
[5.511s] -- Installing: /home/balling/projects/RIC/ros_ws/install/rosgraph_msgs/share/rosgraph_msgs/environment/library_path.dsv
[5.511s] -- Installing: /home/balling/projects/RIC/ros_ws/install/rosgraph_msgs/lib/librosgraph_msgs__rosidl_generator_c.so
[5.512s] -- Set non-toolchain portion of runtime path of "/home/balling/projects/RIC/ros_ws/install/rosgraph_msgs/lib/librosgraph_msgs__rosidl_generator_c.so" to ""
[5.512s] -- Up-to-date: /home/balling/projects/RIC/ros_ws/install/rosgraph_msgs/include/rosgraph_msgs/rosgraph_msgs
[5.512s] -- Up-to-date: /home/balling/projects/RIC/ros_ws/install/rosgraph_msgs/include/rosgraph_msgs/rosgraph_msgs/msg
[5.512s] -- Up-to-date: /home/balling/projects/RIC/ros_ws/install/rosgraph_msgs/include/rosgraph_msgs/rosgraph_msgs/msg/detail
[5.512s] -- Installing: /home/balling/projects/RIC/ros_ws/install/rosgraph_msgs/include/rosgraph_msgs/rosgraph_msgs/msg/detail/clock__rosidl_typesupport_fastrtps_c.h
[5.513s] -- Installing: /home/balling/projects/RIC/ros_ws/install/rosgraph_msgs/include/rosgraph_msgs/rosgraph_msgs/msg/rosidl_typesupport_fastrtps_c__visibility_control.h
[5.513s] -- Installing: /home/balling/projects/RIC/ros_ws/install/rosgraph_msgs/lib/librosgraph_msgs__rosidl_typesupport_fastrtps_c.so
[5.514s] -- Set non-toolchain portion of runtime path of "/home/balling/projects/RIC/ros_ws/install/rosgraph_msgs/lib/librosgraph_msgs__rosidl_typesupport_fastrtps_c.so" to ""
[5.514s] -- Up-to-date: /home/balling/projects/RIC/ros_ws/install/rosgraph_msgs/include/rosgraph_msgs/rosgraph_msgs
[5.514s] -- Up-to-date: /home/balling/projects/RIC/ros_ws/install/rosgraph_msgs/include/rosgraph_msgs/rosgraph_msgs/msg
[5.514s] -- Up-to-date: /home/balling/projects/RIC/ros_ws/install/rosgraph_msgs/include/rosgraph_msgs/rosgraph_msgs/msg/detail
[5.514s] -- Installing: /home/balling/projects/RIC/ros_ws/install/rosgraph_msgs/include/rosgraph_msgs/rosgraph_msgs/msg/detail/clock__builder.hpp
[5.514s] -- Installing: /home/balling/projects/RIC/ros_ws/install/rosgraph_msgs/include/rosgraph_msgs/rosgraph_msgs/msg/detail/clock__struct.hpp
[5.515s] -- Installing: /home/balling/projects/RIC/ros_ws/install/rosgraph_msgs/include/rosgraph_msgs/rosgraph_msgs/msg/detail/clock__traits.hpp
[5.515s] -- Installing: /home/balling/projects/RIC/ros_ws/install/rosgraph_msgs/include/rosgraph_msgs/rosgraph_msgs/msg/detail/clock__type_support.hpp
[5.515s] -- Installing: /home/balling/projects/RIC/ros_ws/install/rosgraph_msgs/include/rosgraph_msgs/rosgraph_msgs/msg/clock.hpp
[5.516s] -- Installing: /home/balling/projects/RIC/ros_ws/install/rosgraph_msgs/include/rosgraph_msgs/rosgraph_msgs/msg/rosidl_generator_cpp__visibility_control.hpp
[5.516s] -- Up-to-date: /home/balling/projects/RIC/ros_ws/install/rosgraph_msgs/include/rosgraph_msgs/rosgraph_msgs
[5.516s] -- Up-to-date: /home/balling/projects/RIC/ros_ws/install/rosgraph_msgs/include/rosgraph_msgs/rosgraph_msgs/msg
[5.516s] -- Up-to-date: /home/balling/projects/RIC/ros_ws/install/rosgraph_msgs/include/rosgraph_msgs/rosgraph_msgs/msg/detail
[5.516s] -- Installing: /home/balling/projects/RIC/ros_ws/install/rosgraph_msgs/include/rosgraph_msgs/rosgraph_msgs/msg/detail/clock__rosidl_typesupport_fastrtps_cpp.hpp
[5.516s] -- Installing: /home/balling/projects/RIC/ros_ws/install/rosgraph_msgs/include/rosgraph_msgs/rosgraph_msgs/msg/detail/dds_fastrtps
[5.516s] -- Installing: /home/balling/projects/RIC/ros_ws/install/rosgraph_msgs/include/rosgraph_msgs/rosgraph_msgs/msg/rosidl_typesupport_fastrtps_cpp__visibility_control.h
[5.516s] -- Installing: /home/balling/projects/RIC/ros_ws/install/rosgraph_msgs/lib/librosgraph_msgs__rosidl_typesupport_fastrtps_cpp.so
[5.517s] -- Set non-toolchain portion of runtime path of "/home/balling/projects/RIC/ros_ws/install/rosgraph_msgs/lib/librosgraph_msgs__rosidl_typesupport_fastrtps_cpp.so" to ""
[5.517s] -- Up-to-date: /home/balling/projects/RIC/ros_ws/install/rosgraph_msgs/include/rosgraph_msgs/rosgraph_msgs
[5.517s] -- Up-to-date: /home/balling/projects/RIC/ros_ws/install/rosgraph_msgs/include/rosgraph_msgs/rosgraph_msgs/msg
[5.517s] -- Up-to-date: /home/balling/projects/RIC/ros_ws/install/rosgraph_msgs/include/rosgraph_msgs/rosgraph_msgs/msg/detail
[5.517s] -- Installing: /home/balling/projects/RIC/ros_ws/install/rosgraph_msgs/include/rosgraph_msgs/rosgraph_msgs/msg/detail/clock__rosidl_typesupport_introspection_c.h
[5.517s] -- Up-to-date: /home/balling/projects/RIC/ros_ws/install/rosgraph_msgs/include/rosgraph_msgs/rosgraph_msgs/msg/detail/clock__type_support.c
[5.517s] -- Installing: /home/balling/projects/RIC/ros_ws/install/rosgraph_msgs/include/rosgraph_msgs/rosgraph_msgs/msg/rosidl_typesupport_introspection_c__visibility_control.h
[5.517s] -- Installing: /home/balling/projects/RIC/ros_ws/install/rosgraph_msgs/lib/librosgraph_msgs__rosidl_typesupport_introspection_c.so
[5.519s] -- Set non-toolchain portion of runtime path of "/home/balling/projects/RIC/ros_ws/install/rosgraph_msgs/lib/librosgraph_msgs__rosidl_typesupport_introspection_c.so" to ""
[5.519s] -- Installing: /home/balling/projects/RIC/ros_ws/install/rosgraph_msgs/lib/librosgraph_msgs__rosidl_typesupport_c.so
[5.519s] -- Set non-toolchain portion of runtime path of "/home/balling/projects/RIC/ros_ws/install/rosgraph_msgs/lib/librosgraph_msgs__rosidl_typesupport_c.so" to ""
[5.519s] -- Up-to-date: /home/balling/projects/RIC/ros_ws/install/rosgraph_msgs/include/rosgraph_msgs/rosgraph_msgs
[5.520s] -- Up-to-date: /home/balling/projects/RIC/ros_ws/install/rosgraph_msgs/include/rosgraph_msgs/rosgraph_msgs/msg
[5.520s] -- Up-to-date: /home/balling/projects/RIC/ros_ws/install/rosgraph_msgs/include/rosgraph_msgs/rosgraph_msgs/msg/detail
[5.520s] -- Installing: /home/balling/projects/RIC/ros_ws/install/rosgraph_msgs/include/rosgraph_msgs/rosgraph_msgs/msg/detail/clock__type_support.cpp
[5.520s] -- Installing: /home/balling/projects/RIC/ros_ws/install/rosgraph_msgs/include/rosgraph_msgs/rosgraph_msgs/msg/detail/clock__rosidl_typesupport_introspection_cpp.hpp
[5.520s] -- Installing: /home/balling/projects/RIC/ros_ws/install/rosgraph_msgs/lib/librosgraph_msgs__rosidl_typesupport_introspection_cpp.so
[5.520s] -- Set non-toolchain portion of runtime path of "/home/balling/projects/RIC/ros_ws/install/rosgraph_msgs/lib/librosgraph_msgs__rosidl_typesupport_introspection_cpp.so" to ""
[5.520s] -- Installing: /home/balling/projects/RIC/ros_ws/install/rosgraph_msgs/lib/librosgraph_msgs__rosidl_typesupport_cpp.so
[5.520s] -- Set non-toolchain portion of runtime path of "/home/balling/projects/RIC/ros_ws/install/rosgraph_msgs/lib/librosgraph_msgs__rosidl_typesupport_cpp.so" to ""
[5.520s] -- Installing: /home/balling/projects/RIC/ros_ws/install/rosgraph_msgs/share/ament_index/resource_index/rust_packages/rosgraph_msgs
[5.520s] -- Installing: /home/balling/projects/RIC/ros_ws/install/rosgraph_msgs/share/rosgraph_msgs/rust
[5.520s] -- Installing: /home/balling/projects/RIC/ros_ws/install/rosgraph_msgs/share/rosgraph_msgs/rust/build.rs
[5.521s] -- Installing: /home/balling/projects/RIC/ros_ws/install/rosgraph_msgs/share/rosgraph_msgs/rust/Cargo.toml
[5.521s] -- Installing: /home/balling/projects/RIC/ros_ws/install/rosgraph_msgs/share/rosgraph_msgs/rust/src
[5.521s] -- Installing: /home/balling/projects/RIC/ros_ws/install/rosgraph_msgs/share/rosgraph_msgs/rust/src/lib.rs
[5.521s] -- Installing: /home/balling/projects/RIC/ros_ws/install/rosgraph_msgs/share/rosgraph_msgs/rust/src/msg.rs
[5.521s] -- Installing: /home/balling/projects/RIC/ros_ws/install/rosgraph_msgs/share/rosgraph_msgs/environment/pythonpath.sh
[5.521s] -- Installing: /home/balling/projects/RIC/ros_ws/install/rosgraph_msgs/share/rosgraph_msgs/environment/pythonpath.dsv
[5.522s] -- Installing: /home/balling/projects/RIC/ros_ws/install/rosgraph_msgs/lib/python3.12/site-packages/rosgraph_msgs-2.0.2-py3.12.egg-info
[5.522s] -- Installing: /home/balling/projects/RIC/ros_ws/install/rosgraph_msgs/lib/python3.12/site-packages/rosgraph_msgs-2.0.2-py3.12.egg-info/PKG-INFO
[5.522s] -- Installing: /home/balling/projects/RIC/ros_ws/install/rosgraph_msgs/lib/python3.12/site-packages/rosgraph_msgs-2.0.2-py3.12.egg-info/dependency_links.txt
[5.522s] -- Installing: /home/balling/projects/RIC/ros_ws/install/rosgraph_msgs/lib/python3.12/site-packages/rosgraph_msgs-2.0.2-py3.12.egg-info/top_level.txt
[5.522s] -- Installing: /home/balling/projects/RIC/ros_ws/install/rosgraph_msgs/lib/python3.12/site-packages/rosgraph_msgs-2.0.2-py3.12.egg-info/SOURCES.txt
[5.523s] -- Installing: /home/balling/projects/RIC/ros_ws/install/rosgraph_msgs/lib/python3.12/site-packages/rosgraph_msgs
[5.523s] -- Installing: /home/balling/projects/RIC/ros_ws/install/rosgraph_msgs/lib/python3.12/site-packages/rosgraph_msgs/msg
[5.523s] -- Installing: /home/balling/projects/RIC/ros_ws/install/rosgraph_msgs/lib/python3.12/site-packages/rosgraph_msgs/msg/_clock_s.c
[5.523s] -- Installing: /home/balling/projects/RIC/ros_ws/install/rosgraph_msgs/lib/python3.12/site-packages/rosgraph_msgs/msg/__init__.py
[5.523s] -- Installing: /home/balling/projects/RIC/ros_ws/install/rosgraph_msgs/lib/python3.12/site-packages/rosgraph_msgs/msg/_clock.py
[5.523s] -- Installing: /home/balling/projects/RIC/ros_ws/install/rosgraph_msgs/lib/python3.12/site-packages/rosgraph_msgs/rosgraph_msgs_s__rosidl_typesupport_c.so
[5.524s] -- Installing: /home/balling/projects/RIC/ros_ws/install/rosgraph_msgs/lib/python3.12/site-packages/rosgraph_msgs/_rosgraph_msgs_s.ep.rosidl_typesupport_fastrtps_c.c
[5.524s] -- Installing: /home/balling/projects/RIC/ros_ws/install/rosgraph_msgs/lib/python3.12/site-packages/rosgraph_msgs/rosgraph_msgs_s__rosidl_typesupport_introspection_c.so
[5.524s] -- Installing: /home/balling/projects/RIC/ros_ws/install/rosgraph_msgs/lib/python3.12/site-packages/rosgraph_msgs/_rosgraph_msgs_s.ep.rosidl_typesupport_introspection_c.c
[5.524s] -- Installing: /home/balling/projects/RIC/ros_ws/install/rosgraph_msgs/lib/python3.12/site-packages/rosgraph_msgs/__init__.py
[5.524s] -- Installing: /home/balling/projects/RIC/ros_ws/install/rosgraph_msgs/lib/python3.12/site-packages/rosgraph_msgs/rosgraph_msgs_s__rosidl_typesupport_fastrtps_c.so
[5.524s] -- Installing: /home/balling/projects/RIC/ros_ws/install/rosgraph_msgs/lib/python3.12/site-packages/rosgraph_msgs/_rosgraph_msgs_s.ep.rosidl_typesupport_c.c
[5.563s] Listing '/home/balling/projects/RIC/ros_ws/install/rosgraph_msgs/lib/python3.12/site-packages/rosgraph_msgs'...
[5.563s] Compiling '/home/balling/projects/RIC/ros_ws/install/rosgraph_msgs/lib/python3.12/site-packages/rosgraph_msgs/__init__.py'...
[5.563s] Listing '/home/balling/projects/RIC/ros_ws/install/rosgraph_msgs/lib/python3.12/site-packages/rosgraph_msgs/msg'...
[5.563s] Compiling '/home/balling/projects/RIC/ros_ws/install/rosgraph_msgs/lib/python3.12/site-packages/rosgraph_msgs/msg/__init__.py'...
[5.564s] Compiling '/home/balling/projects/RIC/ros_ws/install/rosgraph_msgs/lib/python3.12/site-packages/rosgraph_msgs/msg/_clock.py'...
[5.571s] -- Installing: /home/balling/projects/RIC/ros_ws/install/rosgraph_msgs/lib/python3.12/site-packages/rosgraph_msgs/rosgraph_msgs_s__rosidl_typesupport_fastrtps_c.so
[5.572s] -- Set non-toolchain portion of runtime path of "/home/balling/projects/RIC/ros_ws/install/rosgraph_msgs/lib/python3.12/site-packages/rosgraph_msgs/rosgraph_msgs_s__rosidl_typesupport_fastrtps_c.so" to ""
[5.572s] -- Installing: /home/balling/projects/RIC/ros_ws/install/rosgraph_msgs/lib/python3.12/site-packages/rosgraph_msgs/rosgraph_msgs_s__rosidl_typesupport_introspection_c.so
[5.572s] -- Set non-toolchain portion of runtime path of "/home/balling/projects/RIC/ros_ws/install/rosgraph_msgs/lib/python3.12/site-packages/rosgraph_msgs/rosgraph_msgs_s__rosidl_typesupport_introspection_c.so" to ""
[5.572s] -- Installing: /home/balling/projects/RIC/ros_ws/install/rosgraph_msgs/lib/python3.12/site-packages/rosgraph_msgs/rosgraph_msgs_s__rosidl_typesupport_c.so
[5.573s] -- Set non-toolchain portion of runtime path of "/home/balling/projects/RIC/ros_ws/install/rosgraph_msgs/lib/python3.12/site-packages/rosgraph_msgs/rosgraph_msgs_s__rosidl_typesupport_c.so" to ""
[5.573s] -- Installing: /home/balling/projects/RIC/ros_ws/install/rosgraph_msgs/lib/librosgraph_msgs__rosidl_generator_py.so
[5.573s] -- Set non-toolchain portion of runtime path of "/home/balling/projects/RIC/ros_ws/install/rosgraph_msgs/lib/librosgraph_msgs__rosidl_generator_py.so" to ""
[5.573s] -- Installing: /home/balling/projects/RIC/ros_ws/install/rosgraph_msgs/share/rosgraph_msgs/msg/Clock.idl
[5.574s] -- Installing: /home/balling/projects/RIC/ros_ws/install/rosgraph_msgs/share/rosgraph_msgs/msg/Clock.msg
[5.574s] -- Installing: /home/balling/projects/RIC/ros_ws/install/rosgraph_msgs/share/ament_index/resource_index/package_run_dependencies/rosgraph_msgs
[5.574s] -- Installing: /home/balling/projects/RIC/ros_ws/install/rosgraph_msgs/share/ament_index/resource_index/parent_prefix_path/rosgraph_msgs
[5.574s] -- Installing: /home/balling/projects/RIC/ros_ws/install/rosgraph_msgs/share/rosgraph_msgs/environment/ament_prefix_path.sh
[5.574s] -- Installing: /home/balling/projects/RIC/ros_ws/install/rosgraph_msgs/share/rosgraph_msgs/environment/ament_prefix_path.dsv
[5.574s] -- Installing: /home/balling/projects/RIC/ros_ws/install/rosgraph_msgs/share/rosgraph_msgs/environment/path.sh
[5.575s] -- Installing: /home/balling/projects/RIC/ros_ws/install/rosgraph_msgs/share/rosgraph_msgs/environment/path.dsv
[5.575s] -- Installing: /home/balling/projects/RIC/ros_ws/install/rosgraph_msgs/share/rosgraph_msgs/local_setup.bash
[5.575s] -- Installing: /home/balling/projects/RIC/ros_ws/install/rosgraph_msgs/share/rosgraph_msgs/local_setup.sh
[5.575s] -- Installing: /home/balling/projects/RIC/ros_ws/install/rosgraph_msgs/share/rosgraph_msgs/local_setup.zsh
[5.575s] -- Installing: /home/balling/projects/RIC/ros_ws/install/rosgraph_msgs/share/rosgraph_msgs/local_setup.dsv
[5.576s] -- Installing: /home/balling/projects/RIC/ros_ws/install/rosgraph_msgs/share/rosgraph_msgs/package.dsv
[5.576s] -- Installing: /home/balling/projects/RIC/ros_ws/install/rosgraph_msgs/share/ament_index/resource_index/packages/rosgraph_msgs
[5.576s] -- Installing: /home/balling/projects/RIC/ros_ws/install/rosgraph_msgs/share/rosgraph_msgs/cmake/export_rosgraph_msgs__rosidl_generator_cExport.cmake
[5.582s] -- Installing: /home/balling/projects/RIC/ros_ws/install/rosgraph_msgs/share/rosgraph_msgs/cmake/export_rosgraph_msgs__rosidl_generator_cExport-noconfig.cmake
[5.582s] -- Installing: /home/balling/projects/RIC/ros_ws/install/rosgraph_msgs/share/rosgraph_msgs/cmake/export_rosgraph_msgs__rosidl_typesupport_fastrtps_cExport.cmake
[5.582s] -- Installing: /home/balling/projects/RIC/ros_ws/install/rosgraph_msgs/share/rosgraph_msgs/cmake/export_rosgraph_msgs__rosidl_typesupport_fastrtps_cExport-noconfig.cmake
[5.582s] -- Installing: /home/balling/projects/RIC/ros_ws/install/rosgraph_msgs/share/rosgraph_msgs/cmake/export_rosgraph_msgs__rosidl_generator_cppExport.cmake
[5.582s] -- Installing: /home/balling/projects/RIC/ros_ws/install/rosgraph_msgs/share/rosgraph_msgs/cmake/export_rosgraph_msgs__rosidl_typesupport_fastrtps_cppExport.cmake
[5.582s] -- Installing: /home/balling/projects/RIC/ros_ws/install/rosgraph_msgs/share/rosgraph_msgs/cmake/export_rosgraph_msgs__rosidl_typesupport_fastrtps_cppExport-noconfig.cmake
[5.582s] -- Installing: /home/balling/projects/RIC/ros_ws/install/rosgraph_msgs/share/rosgraph_msgs/cmake/rosgraph_msgs__rosidl_typesupport_introspection_cExport.cmake
[5.582s] -- Installing: /home/balling/projects/RIC/ros_ws/install/rosgraph_msgs/share/rosgraph_msgs/cmake/rosgraph_msgs__rosidl_typesupport_introspection_cExport-noconfig.cmake
[5.582s] -- Installing: /home/balling/projects/RIC/ros_ws/install/rosgraph_msgs/share/rosgraph_msgs/cmake/rosgraph_msgs__rosidl_typesupport_cExport.cmake
[5.582s] -- Installing: /home/balling/projects/RIC/ros_ws/install/rosgraph_msgs/share/rosgraph_msgs/cmake/rosgraph_msgs__rosidl_typesupport_cExport-noconfig.cmake
[5.583s] -- Installing: /home/balling/projects/RIC/ros_ws/install/rosgraph_msgs/share/rosgraph_msgs/cmake/rosgraph_msgs__rosidl_typesupport_introspection_cppExport.cmake
[5.583s] -- Installing: /home/balling/projects/RIC/ros_ws/install/rosgraph_msgs/share/rosgraph_msgs/cmake/rosgraph_msgs__rosidl_typesupport_introspection_cppExport-noconfig.cmake
[5.583s] -- Installing: /home/balling/projects/RIC/ros_ws/install/rosgraph_msgs/share/rosgraph_msgs/cmake/rosgraph_msgs__rosidl_typesupport_cppExport.cmake
[5.583s] -- Installing: /home/balling/projects/RIC/ros_ws/install/rosgraph_msgs/share/rosgraph_msgs/cmake/rosgraph_msgs__rosidl_typesupport_cppExport-noconfig.cmake
[5.583s] -- Installing: /home/balling/projects/RIC/ros_ws/install/rosgraph_msgs/share/rosgraph_msgs/cmake/export_rosgraph_msgs__rosidl_generator_pyExport.cmake
[5.583s] -- Installing: /home/balling/projects/RIC/ros_ws/install/rosgraph_msgs/share/rosgraph_msgs/cmake/export_rosgraph_msgs__rosidl_generator_pyExport-noconfig.cmake
[5.583s] -- Installing: /home/balling/projects/RIC/ros_ws/install/rosgraph_msgs/share/rosgraph_msgs/cmake/rosidl_cmake-extras.cmake
[5.583s] -- Installing: /home/balling/projects/RIC/ros_ws/install/rosgraph_msgs/share/rosgraph_msgs/cmake/ament_cmake_export_dependencies-extras.cmake
[5.583s] -- Installing: /home/balling/projects/RIC/ros_ws/install/rosgraph_msgs/share/rosgraph_msgs/cmake/ament_cmake_export_include_directories-extras.cmake
[5.585s] -- Installing: /home/balling/projects/RIC/ros_ws/install/rosgraph_msgs/share/rosgraph_msgs/cmake/ament_cmake_export_libraries-extras.cmake
[5.585s] -- Installing: /home/balling/projects/RIC/ros_ws/install/rosgraph_msgs/share/rosgraph_msgs/cmake/ament_cmake_export_targets-extras.cmake
[5.585s] -- Installing: /home/balling/projects/RIC/ros_ws/install/rosgraph_msgs/share/rosgraph_msgs/cmake/rosidl_cmake_export_typesupport_targets-extras.cmake
[5.585s] -- Installing: /home/balling/projects/RIC/ros_ws/install/rosgraph_msgs/share/rosgraph_msgs/cmake/rosidl_cmake_export_typesupport_libraries-extras.cmake
[5.585s] -- Installing: /home/balling/projects/RIC/ros_ws/install/rosgraph_msgs/share/rosgraph_msgs/cmake/rosgraph_msgsConfig.cmake
[5.585s] -- Installing: /home/balling/projects/RIC/ros_ws/install/rosgraph_msgs/share/rosgraph_msgs/cmake/rosgraph_msgsConfig-version.cmake
[5.585s] -- Installing: /home/balling/projects/RIC/ros_ws/install/rosgraph_msgs/share/rosgraph_msgs/package.xml
[5.586s] Invoked command in '/home/balling/projects/RIC/ros_ws/build/rosgraph_msgs' returned '0': AMENT_PREFIX_PATH=/home/balling/projects/RIC/ros_ws/install/rosidl_default_runtime:/home/balling/projects/RIC/ros_ws/install/rosidl_default_generators:/home/balling/projects/RIC/ros_ws/install/action_msgs:/home/balling/projects/RIC/ros_ws/install/service_msgs:/home/balling/projects/RIC/ros_ws/install/unique_identifier_msgs:/home/balling/projects/RIC/ros_ws/install/builtin_interfaces:/home/balling/projects/RIC/ros_ws/install/rosidl_core_runtime:/home/balling/projects/RIC/ros_ws/install/rosidl_core_generators:/home/balling/projects/RIC/ros_ws/install/rosidl_generator_rs:/home/balling/projects/RIC/ros_ws/install/rosidl_runtime_rs:${AMENT_PREFIX_PATH} CMAKE_PREFIX_PATH=/home/balling/projects/RIC/ros_ws/install/rosidl_default_runtime:/home/balling/projects/RIC/ros_ws/install/rosidl_default_generators:/home/balling/projects/RIC/ros_ws/install/action_msgs:/home/balling/projects/RIC/ros_ws/install/service_msgs:/home/balling/projects/RIC/ros_ws/install/unique_identifier_msgs:/home/balling/projects/RIC/ros_ws/install/builtin_interfaces:/home/balling/projects/RIC/ros_ws/install/rosidl_core_runtime:/home/balling/projects/RIC/ros_ws/install/rosidl_core_generators:/home/balling/projects/RIC/ros_ws/install/rosidl_generator_rs:/home/balling/projects/RIC/mobile_robot_ws/install/mobile_robot:/home/balling/projects/RIC/mobile_robot_ws/install/articubot_one:/opt/ros/jazzy/opt/gz_sim_vendor:/opt/ros/jazzy/opt/gz_sensors_vendor:/opt/ros/jazzy/opt/gz_physics_vendor:/opt/ros/jazzy/opt/sdformat_vendor:/opt/ros/jazzy/opt/gz_gui_vendor:/opt/ros/jazzy/opt/gz_transport_vendor:/opt/ros/jazzy/opt/gz_rendering_vendor:/opt/ros/jazzy/opt/gz_plugin_vendor:/opt/ros/jazzy/opt/gz_fuel_tools_vendor:/opt/ros/jazzy/opt/gz_msgs_vendor:/opt/ros/jazzy/opt/gz_common_vendor:/opt/ros/jazzy/opt/gz_math_vendor:/opt/ros/jazzy/opt/gz_utils_vendor:/opt/ros/jazzy/opt/gz_tools_vendor:/opt/ros/jazzy/opt/gz_ogre_next_vendor:/opt/ros/jazzy/opt/gz_dartsim_vendor:/opt/ros/jazzy/opt/gz_cmake_vendor:/opt/ros/jazzy DEBUGINFOD_URLS=https://debuginfod.ubuntu.com LD_LIBRARY_PATH=/home/balling/projects/RIC/ros_ws/install/action_msgs/lib:/home/balling/projects/RIC/ros_ws/install/service_msgs/lib:/home/balling/projects/RIC/ros_ws/install/unique_identifier_msgs/lib:/home/balling/projects/RIC/ros_ws/install/builtin_interfaces/lib:${LD_LIBRARY_PATH} PYTHONPATH=/home/balling/projects/RIC/ros_ws/install/action_msgs/lib/python3.12/site-packages:/home/balling/projects/RIC/ros_ws/install/service_msgs/lib/python3.12/site-packages:/home/balling/projects/RIC/ros_ws/install/unique_identifier_msgs/lib/python3.12/site-packages:/home/balling/projects/RIC/ros_ws/install/builtin_interfaces/lib/python3.12/site-packages:/home/balling/projects/RIC/ros_ws/install/rosidl_generator_rs/lib/python3.12/site-packages:${PYTHONPATH} /home/balling/.nix-profile/bin/cmake --install /home/balling/projects/RIC/ros_ws/build/rosgraph_msgs
