[0.018s] Invoking command in '/home/balling/projects/RIC/ros_ws/build/service_msgs': AMENT_PREFIX_PATH=/home/balling/projects/RIC/ros_ws/install/builtin_interfaces:/home/balling/projects/RIC/ros_ws/install/rosidl_core_runtime:/home/balling/projects/RIC/ros_ws/install/rosidl_core_generators:/home/balling/projects/RIC/ros_ws/install/rosidl_generator_rs:/home/balling/projects/RIC/ros_ws/install/rosidl_runtime_rs:${AMENT_PREFIX_PATH} CMAKE_PREFIX_PATH=/home/balling/projects/RIC/ros_ws/install/builtin_interfaces:/home/balling/projects/RIC/ros_ws/install/rosidl_core_runtime:/home/balling/projects/RIC/ros_ws/install/rosidl_core_generators:/home/balling/projects/RIC/ros_ws/install/rosidl_generator_rs:/home/balling/projects/RIC/mobile_robot_ws/install/mobile_robot:/home/balling/projects/RIC/mobile_robot_ws/install/articubot_one:/opt/ros/jazzy/opt/gz_sim_vendor:/opt/ros/jazzy/opt/gz_sensors_vendor:/opt/ros/jazzy/opt/gz_physics_vendor:/opt/ros/jazzy/opt/sdformat_vendor:/opt/ros/jazzy/opt/gz_gui_vendor:/opt/ros/jazzy/opt/gz_transport_vendor:/opt/ros/jazzy/opt/gz_rendering_vendor:/opt/ros/jazzy/opt/gz_plugin_vendor:/opt/ros/jazzy/opt/gz_fuel_tools_vendor:/opt/ros/jazzy/opt/gz_msgs_vendor:/opt/ros/jazzy/opt/gz_common_vendor:/opt/ros/jazzy/opt/gz_math_vendor:/opt/ros/jazzy/opt/gz_utils_vendor:/opt/ros/jazzy/opt/gz_tools_vendor:/opt/ros/jazzy/opt/gz_ogre_next_vendor:/opt/ros/jazzy/opt/gz_dartsim_vendor:/opt/ros/jazzy/opt/gz_cmake_vendor:/opt/ros/jazzy DEBUGINFOD_URLS=https://debuginfod.ubuntu.com LD_LIBRARY_PATH=/home/balling/projects/RIC/ros_ws/install/builtin_interfaces/lib:${LD_LIBRARY_PATH} PYTHONPATH=/home/balling/projects/RIC/ros_ws/install/builtin_interfaces/lib/python3.12/site-packages:/home/balling/projects/RIC/ros_ws/install/rosidl_generator_rs/lib/python3.12/site-packages:${PYTHONPATH} /home/balling/.nix-profile/bin/cmake /home/balling/projects/RIC/ros_ws/src/ros2/rcl_interfaces/service_msgs -DCMAKE_INSTALL_PREFIX=/home/balling/projects/RIC/ros_ws/install/service_msgs
[0.076s] -- The C compiler identification is GNU 13.3.0
[0.130s] -- The CXX compiler identification is GNU 13.3.0
[0.140s] -- Detecting C compiler ABI info
[0.206s] -- Detecting C compiler ABI info - done
[0.221s] -- Check for working C compiler: /usr/bin/cc - skipped
[0.221s] -- Detecting C compile features
[0.221s] -- Detecting C compile features - done
[0.225s] -- Detecting CXX compiler ABI info
[0.311s] -- Detecting CXX compiler ABI info - done
[0.327s] -- Check for working CXX compiler: /usr/bin/c++ - skipped
[0.327s] -- Detecting CXX compile features
[0.328s] -- Detecting CXX compile features - done
[0.331s] -- Found ament_cmake: 2.5.2 (/opt/ros/jazzy/share/ament_cmake/cmake)
[0.451s] -- Found Python3: /usr/bin/python3 (found version "3.12.3") found components: Interpreter
[0.534s] -- Found builtin_interfaces: 2.0.2 (/home/balling/projects/RIC/ros_ws/install/builtin_interfaces/share/builtin_interfaces/cmake)
[0.572s] -- Found rosidl_generator_c: 4.6.4 (/opt/ros/jazzy/share/rosidl_generator_c/cmake)
[0.585s] -- Found rosidl_generator_cpp: 4.6.4 (/opt/ros/jazzy/share/rosidl_generator_cpp/cmake)
[0.599s] -- Using all available rosidl_typesupport_c: rosidl_typesupport_fastrtps_c;rosidl_typesupport_introspection_c
[0.614s] -- Using all available rosidl_typesupport_cpp: rosidl_typesupport_fastrtps_cpp;rosidl_typesupport_introspection_cpp
[0.627s] -- Found rosidl_core_generators: 0.2.0 (/home/balling/projects/RIC/ros_ws/install/rosidl_core_generators/share/rosidl_core_generators/cmake)
[0.638s] -- Found rosidl_adapter: 4.6.4 (/opt/ros/jazzy/share/rosidl_adapter/cmake)
[1.046s] -- Found ament_cmake_cppcheck: 0.17.1 (/opt/ros/jazzy/share/ament_cmake_cppcheck/cmake)
[1.053s] -- Found ament_cmake_cpplint: 0.17.1 (/opt/ros/jazzy/share/ament_cmake_cpplint/cmake)
[1.056s] -- Found ament_cmake_uncrustify: 0.17.1 (/opt/ros/jazzy/share/ament_cmake_uncrustify/cmake)
[1.059s] -- Found ament_cmake_ros: 0.12.0 (/opt/ros/jazzy/share/ament_cmake_ros/cmake)
[1.577s] -- Using all available rosidl_typesupport_c: rosidl_typesupport_fastrtps_c;rosidl_typesupport_introspection_c
[1.781s] -- Using all available rosidl_typesupport_cpp: rosidl_typesupport_fastrtps_cpp;rosidl_typesupport_introspection_cpp
[1.789s] -- Found python_cmake_module: 0.11.1 (/opt/ros/jazzy/share/python_cmake_module/cmake)
[1.885s] -- Found PythonExtra: /usr/bin/python3
[2.177s] -- Found Python3: /usr/bin/python3 (found version "3.12.3") found components: Interpreter Development NumPy Development.Module Development.Embed
[2.204s] -- Found ament_cmake_flake8: 0.17.1 (/opt/ros/jazzy/share/ament_cmake_flake8/cmake)
[2.207s] -- Found ament_cmake_pep257: 0.17.1 (/opt/ros/jazzy/share/ament_cmake_pep257/cmake)
[2.210s] -- Found ament_lint_auto: 0.17.1 (/opt/ros/jazzy/share/ament_lint_auto/cmake)
[2.224s] -- Added test 'copyright' to check source files copyright and LICENSE
[2.225s] -- Added test 'lint_cmake' to check CMake code style
[2.225s] -- Added test 'xmllint' to check XML markup files
[2.227s] -- Configuring done (2.2s)
[2.256s] -- Generating done (0.0s)
[2.268s] -- Build files have been written to: /home/balling/projects/RIC/ros_ws/build/service_msgs
[2.275s] Invoked command in '/home/balling/projects/RIC/ros_ws/build/service_msgs' returned '0': AMENT_PREFIX_PATH=/home/balling/projects/RIC/ros_ws/install/builtin_interfaces:/home/balling/projects/RIC/ros_ws/install/rosidl_core_runtime:/home/balling/projects/RIC/ros_ws/install/rosidl_core_generators:/home/balling/projects/RIC/ros_ws/install/rosidl_generator_rs:/home/balling/projects/RIC/ros_ws/install/rosidl_runtime_rs:${AMENT_PREFIX_PATH} CMAKE_PREFIX_PATH=/home/balling/projects/RIC/ros_ws/install/builtin_interfaces:/home/balling/projects/RIC/ros_ws/install/rosidl_core_runtime:/home/balling/projects/RIC/ros_ws/install/rosidl_core_generators:/home/balling/projects/RIC/ros_ws/install/rosidl_generator_rs:/home/balling/projects/RIC/mobile_robot_ws/install/mobile_robot:/home/balling/projects/RIC/mobile_robot_ws/install/articubot_one:/opt/ros/jazzy/opt/gz_sim_vendor:/opt/ros/jazzy/opt/gz_sensors_vendor:/opt/ros/jazzy/opt/gz_physics_vendor:/opt/ros/jazzy/opt/sdformat_vendor:/opt/ros/jazzy/opt/gz_gui_vendor:/opt/ros/jazzy/opt/gz_transport_vendor:/opt/ros/jazzy/opt/gz_rendering_vendor:/opt/ros/jazzy/opt/gz_plugin_vendor:/opt/ros/jazzy/opt/gz_fuel_tools_vendor:/opt/ros/jazzy/opt/gz_msgs_vendor:/opt/ros/jazzy/opt/gz_common_vendor:/opt/ros/jazzy/opt/gz_math_vendor:/opt/ros/jazzy/opt/gz_utils_vendor:/opt/ros/jazzy/opt/gz_tools_vendor:/opt/ros/jazzy/opt/gz_ogre_next_vendor:/opt/ros/jazzy/opt/gz_dartsim_vendor:/opt/ros/jazzy/opt/gz_cmake_vendor:/opt/ros/jazzy DEBUGINFOD_URLS=https://debuginfod.ubuntu.com LD_LIBRARY_PATH=/home/balling/projects/RIC/ros_ws/install/builtin_interfaces/lib:${LD_LIBRARY_PATH} PYTHONPATH=/home/balling/projects/RIC/ros_ws/install/builtin_interfaces/lib/python3.12/site-packages:/home/balling/projects/RIC/ros_ws/install/rosidl_generator_rs/lib/python3.12/site-packages:${PYTHONPATH} /home/balling/.nix-profile/bin/cmake /home/balling/projects/RIC/ros_ws/src/ros2/rcl_interfaces/service_msgs -DCMAKE_INSTALL_PREFIX=/home/balling/projects/RIC/ros_ws/install/service_msgs
[2.275s] Invoking command in '/home/balling/projects/RIC/ros_ws/build/service_msgs': AMENT_PREFIX_PATH=/home/balling/projects/RIC/ros_ws/install/builtin_interfaces:/home/balling/projects/RIC/ros_ws/install/rosidl_core_runtime:/home/balling/projects/RIC/ros_ws/install/rosidl_core_generators:/home/balling/projects/RIC/ros_ws/install/rosidl_generator_rs:/home/balling/projects/RIC/ros_ws/install/rosidl_runtime_rs:${AMENT_PREFIX_PATH} CMAKE_PREFIX_PATH=/home/balling/projects/RIC/ros_ws/install/builtin_interfaces:/home/balling/projects/RIC/ros_ws/install/rosidl_core_runtime:/home/balling/projects/RIC/ros_ws/install/rosidl_core_generators:/home/balling/projects/RIC/ros_ws/install/rosidl_generator_rs:/home/balling/projects/RIC/mobile_robot_ws/install/mobile_robot:/home/balling/projects/RIC/mobile_robot_ws/install/articubot_one:/opt/ros/jazzy/opt/gz_sim_vendor:/opt/ros/jazzy/opt/gz_sensors_vendor:/opt/ros/jazzy/opt/gz_physics_vendor:/opt/ros/jazzy/opt/sdformat_vendor:/opt/ros/jazzy/opt/gz_gui_vendor:/opt/ros/jazzy/opt/gz_transport_vendor:/opt/ros/jazzy/opt/gz_rendering_vendor:/opt/ros/jazzy/opt/gz_plugin_vendor:/opt/ros/jazzy/opt/gz_fuel_tools_vendor:/opt/ros/jazzy/opt/gz_msgs_vendor:/opt/ros/jazzy/opt/gz_common_vendor:/opt/ros/jazzy/opt/gz_math_vendor:/opt/ros/jazzy/opt/gz_utils_vendor:/opt/ros/jazzy/opt/gz_tools_vendor:/opt/ros/jazzy/opt/gz_ogre_next_vendor:/opt/ros/jazzy/opt/gz_dartsim_vendor:/opt/ros/jazzy/opt/gz_cmake_vendor:/opt/ros/jazzy DEBUGINFOD_URLS=https://debuginfod.ubuntu.com LD_LIBRARY_PATH=/home/balling/projects/RIC/ros_ws/install/builtin_interfaces/lib:${LD_LIBRARY_PATH} PYTHONPATH=/home/balling/projects/RIC/ros_ws/install/builtin_interfaces/lib/python3.12/site-packages:/home/balling/projects/RIC/ros_ws/install/rosidl_generator_rs/lib/python3.12/site-packages:${PYTHONPATH} /home/balling/.nix-profile/bin/cmake --build /home/balling/projects/RIC/ros_ws/build/service_msgs -- -j8 -l8
[2.310s] [  2%] [34m[1mGenerating Rust code for ROS interfaces[0m
[2.311s] [  5%] [34m[1mGenerating type hashes for ROS interfaces[0m
[2.318s] [  5%] Built target ament_cmake_python_copy_service_msgs
[2.456s] running egg_info
[2.456s] creating service_msgs.egg-info
[2.470s] writing service_msgs.egg-info/PKG-INFO
[2.470s] writing dependency_links to service_msgs.egg-info/dependency_links.txt
[2.470s] writing top-level names to service_msgs.egg-info/top_level.txt
[2.470s] writing manifest file 'service_msgs.egg-info/SOURCES.txt'
[2.481s] [  5%] Built target service_msgs__rosidl_generator_type_description
[2.490s] [  8%] [34m[1mGenerating C code for ROS interfaces[0m
[2.491s] [  8%] Built target service_msgs__rs
[2.499s] [ 11%] [34m[1mGenerating C++ code for ROS interfaces[0m
[2.510s] reading manifest file 'service_msgs.egg-info/SOURCES.txt'
[2.511s] writing manifest file 'service_msgs.egg-info/SOURCES.txt'
[2.533s] [ 11%] Built target ament_cmake_python_build_service_msgs_egg
[2.680s] [ 11%] Built target service_msgs__cpp
[2.702s] [ 14%] [32mBuilding C object CMakeFiles/service_msgs__rosidl_generator_c.dir/rosidl_generator_c/service_msgs/msg/detail/service_event_info__description.c.o[0m
[2.702s] [ 17%] [32mBuilding C object CMakeFiles/service_msgs__rosidl_generator_c.dir/rosidl_generator_c/service_msgs/msg/detail/service_event_info__type_support.c.o[0m
[2.704s] [ 20%] [32mBuilding C object CMakeFiles/service_msgs__rosidl_generator_c.dir/rosidl_generator_c/service_msgs/msg/detail/service_event_info__functions.c.o[0m
[2.745s] [ 22%] [32m[1mLinking C shared library libservice_msgs__rosidl_generator_c.so[0m
[2.770s] [ 22%] Built target service_msgs__rosidl_generator_c
[2.778s] [ 25%] [34m[1mGenerating C type support for eProsima Fast-RTPS[0m
[2.780s] [ 28%] [34m[1mGenerating C++ type support for eProsima Fast-RTPS[0m
[2.780s] [ 31%] [34m[1mGenerating C introspection for ROS interfaces[0m
[2.780s] [ 34%] [34m[1mGenerating C++ introspection for ROS interfaces[0m
[2.781s] [ 40%] [34m[1mGenerating C++ type support dispatch for ROS interfaces[0m
[2.781s] [ 40%] [34m[1mGenerating C type support dispatch for ROS interfaces[0m
[2.980s] [ 45%] [32mBuilding CXX object CMakeFiles/service_msgs__rosidl_typesupport_c.dir/rosidl_typesupport_c/service_msgs/msg/service_event_info__type_support.cpp.o[0m
[2.980s] [ 45%] [32mBuilding CXX object CMakeFiles/service_msgs__rosidl_typesupport_cpp.dir/rosidl_typesupport_cpp/service_msgs/msg/service_event_info__type_support.cpp.o[0m
[2.996s] [ 48%] [32mBuilding C object CMakeFiles/service_msgs__rosidl_typesupport_introspection_c.dir/rosidl_typesupport_introspection_c/service_msgs/msg/detail/service_event_info__type_support.c.o[0m
[2.997s] [ 51%] [32mBuilding CXX object CMakeFiles/service_msgs__rosidl_typesupport_introspection_cpp.dir/rosidl_typesupport_introspection_cpp/service_msgs/msg/detail/service_event_info__type_support.cpp.o[0m
[3.007s] [ 54%] [32mBuilding CXX object CMakeFiles/service_msgs__rosidl_typesupport_fastrtps_cpp.dir/rosidl_typesupport_fastrtps_cpp/service_msgs/msg/detail/dds_fastrtps/service_event_info__type_support.cpp.o[0m
[3.013s] [ 57%] [32mBuilding CXX object CMakeFiles/service_msgs__rosidl_typesupport_fastrtps_c.dir/rosidl_typesupport_fastrtps_c/service_msgs/msg/detail/service_event_info__type_support_c.cpp.o[0m
[3.030s] [ 62%] [32m[1mLinking CXX shared library libservice_msgs__rosidl_typesupport_c.so[0m
[3.030s] [ 62%] [32m[1mLinking C shared library libservice_msgs__rosidl_typesupport_introspection_c.so[0m
[3.053s] [ 62%] Built target service_msgs__rosidl_typesupport_introspection_c
[3.063s] [ 62%] Built target service_msgs__rosidl_typesupport_c
[3.207s] [ 65%] [32m[1mLinking CXX shared library libservice_msgs__rosidl_typesupport_cpp.so[0m
[3.225s] [ 68%] [32m[1mLinking CXX shared library libservice_msgs__rosidl_typesupport_introspection_cpp.so[0m
[3.240s] [ 68%] Built target service_msgs__rosidl_typesupport_cpp
[3.289s] [ 68%] Built target service_msgs__rosidl_typesupport_introspection_cpp
[3.340s] [ 71%] [32m[1mLinking CXX shared library libservice_msgs__rosidl_typesupport_fastrtps_c.so[0m
[3.348s] [ 74%] [32m[1mLinking CXX shared library libservice_msgs__rosidl_typesupport_fastrtps_cpp.so[0m
[3.379s] [ 74%] Built target service_msgs__rosidl_typesupport_fastrtps_c
[3.403s] [ 74%] Built target service_msgs__rosidl_typesupport_fastrtps_cpp
[3.417s] [ 74%] Built target service_msgs
[3.429s] [ 77%] [34m[1mGenerating Python code for ROS interfaces[0m
[3.655s] [ 77%] Built target service_msgs__py
[3.670s] [ 80%] [32mBuilding C object CMakeFiles/service_msgs__rosidl_generator_py.dir/rosidl_generator_py/service_msgs/msg/_service_event_info_s.c.o[0m
[3.748s] [ 82%] [32m[1mLinking C shared library libservice_msgs__rosidl_generator_py.so[0m
[3.781s] [ 82%] Built target service_msgs__rosidl_generator_py
[3.799s] [ 88%] [32mBuilding C object CMakeFiles/service_msgs_s__rosidl_typesupport_c.dir/rosidl_generator_py/service_msgs/_service_msgs_s.ep.rosidl_typesupport_c.c.o[0m
[3.799s] [ 88%] [32mBuilding C object CMakeFiles/service_msgs_s__rosidl_typesupport_introspection_c.dir/rosidl_generator_py/service_msgs/_service_msgs_s.ep.rosidl_typesupport_introspection_c.c.o[0m
[3.799s] [ 91%] [32mBuilding C object CMakeFiles/service_msgs_s__rosidl_typesupport_fastrtps_c.dir/rosidl_generator_py/service_msgs/_service_msgs_s.ep.rosidl_typesupport_fastrtps_c.c.o[0m
[3.870s] [ 97%] [32m[1mLinking C shared module rosidl_generator_py/service_msgs/service_msgs_s__rosidl_typesupport_c.so[0m
[3.870s] [ 97%] [32m[1mLinking C shared module rosidl_generator_py/service_msgs/service_msgs_s__rosidl_typesupport_introspection_c.so[0m
[3.871s] [100%] [32m[1mLinking C shared module rosidl_generator_py/service_msgs/service_msgs_s__rosidl_typesupport_fastrtps_c.so[0m
[3.897s] [100%] Built target service_msgs_s__rosidl_typesupport_c
[3.899s] [100%] Built target service_msgs_s__rosidl_typesupport_fastrtps_c
[3.899s] [100%] Built target service_msgs_s__rosidl_typesupport_introspection_c
[3.908s] Invoked command in '/home/balling/projects/RIC/ros_ws/build/service_msgs' returned '0': AMENT_PREFIX_PATH=/home/balling/projects/RIC/ros_ws/install/builtin_interfaces:/home/balling/projects/RIC/ros_ws/install/rosidl_core_runtime:/home/balling/projects/RIC/ros_ws/install/rosidl_core_generators:/home/balling/projects/RIC/ros_ws/install/rosidl_generator_rs:/home/balling/projects/RIC/ros_ws/install/rosidl_runtime_rs:${AMENT_PREFIX_PATH} CMAKE_PREFIX_PATH=/home/balling/projects/RIC/ros_ws/install/builtin_interfaces:/home/balling/projects/RIC/ros_ws/install/rosidl_core_runtime:/home/balling/projects/RIC/ros_ws/install/rosidl_core_generators:/home/balling/projects/RIC/ros_ws/install/rosidl_generator_rs:/home/balling/projects/RIC/mobile_robot_ws/install/mobile_robot:/home/balling/projects/RIC/mobile_robot_ws/install/articubot_one:/opt/ros/jazzy/opt/gz_sim_vendor:/opt/ros/jazzy/opt/gz_sensors_vendor:/opt/ros/jazzy/opt/gz_physics_vendor:/opt/ros/jazzy/opt/sdformat_vendor:/opt/ros/jazzy/opt/gz_gui_vendor:/opt/ros/jazzy/opt/gz_transport_vendor:/opt/ros/jazzy/opt/gz_rendering_vendor:/opt/ros/jazzy/opt/gz_plugin_vendor:/opt/ros/jazzy/opt/gz_fuel_tools_vendor:/opt/ros/jazzy/opt/gz_msgs_vendor:/opt/ros/jazzy/opt/gz_common_vendor:/opt/ros/jazzy/opt/gz_math_vendor:/opt/ros/jazzy/opt/gz_utils_vendor:/opt/ros/jazzy/opt/gz_tools_vendor:/opt/ros/jazzy/opt/gz_ogre_next_vendor:/opt/ros/jazzy/opt/gz_dartsim_vendor:/opt/ros/jazzy/opt/gz_cmake_vendor:/opt/ros/jazzy DEBUGINFOD_URLS=https://debuginfod.ubuntu.com LD_LIBRARY_PATH=/home/balling/projects/RIC/ros_ws/install/builtin_interfaces/lib:${LD_LIBRARY_PATH} PYTHONPATH=/home/balling/projects/RIC/ros_ws/install/builtin_interfaces/lib/python3.12/site-packages:/home/balling/projects/RIC/ros_ws/install/rosidl_generator_rs/lib/python3.12/site-packages:${PYTHONPATH} /home/balling/.nix-profile/bin/cmake --build /home/balling/projects/RIC/ros_ws/build/service_msgs -- -j8 -l8
[3.908s] Invoking command in '/home/balling/projects/RIC/ros_ws/build/service_msgs': AMENT_PREFIX_PATH=/home/balling/projects/RIC/ros_ws/install/builtin_interfaces:/home/balling/projects/RIC/ros_ws/install/rosidl_core_runtime:/home/balling/projects/RIC/ros_ws/install/rosidl_core_generators:/home/balling/projects/RIC/ros_ws/install/rosidl_generator_rs:/home/balling/projects/RIC/ros_ws/install/rosidl_runtime_rs:${AMENT_PREFIX_PATH} CMAKE_PREFIX_PATH=/home/balling/projects/RIC/ros_ws/install/builtin_interfaces:/home/balling/projects/RIC/ros_ws/install/rosidl_core_runtime:/home/balling/projects/RIC/ros_ws/install/rosidl_core_generators:/home/balling/projects/RIC/ros_ws/install/rosidl_generator_rs:/home/balling/projects/RIC/mobile_robot_ws/install/mobile_robot:/home/balling/projects/RIC/mobile_robot_ws/install/articubot_one:/opt/ros/jazzy/opt/gz_sim_vendor:/opt/ros/jazzy/opt/gz_sensors_vendor:/opt/ros/jazzy/opt/gz_physics_vendor:/opt/ros/jazzy/opt/sdformat_vendor:/opt/ros/jazzy/opt/gz_gui_vendor:/opt/ros/jazzy/opt/gz_transport_vendor:/opt/ros/jazzy/opt/gz_rendering_vendor:/opt/ros/jazzy/opt/gz_plugin_vendor:/opt/ros/jazzy/opt/gz_fuel_tools_vendor:/opt/ros/jazzy/opt/gz_msgs_vendor:/opt/ros/jazzy/opt/gz_common_vendor:/opt/ros/jazzy/opt/gz_math_vendor:/opt/ros/jazzy/opt/gz_utils_vendor:/opt/ros/jazzy/opt/gz_tools_vendor:/opt/ros/jazzy/opt/gz_ogre_next_vendor:/opt/ros/jazzy/opt/gz_dartsim_vendor:/opt/ros/jazzy/opt/gz_cmake_vendor:/opt/ros/jazzy DEBUGINFOD_URLS=https://debuginfod.ubuntu.com LD_LIBRARY_PATH=/home/balling/projects/RIC/ros_ws/install/builtin_interfaces/lib:${LD_LIBRARY_PATH} PYTHONPATH=/home/balling/projects/RIC/ros_ws/install/builtin_interfaces/lib/python3.12/site-packages:/home/balling/projects/RIC/ros_ws/install/rosidl_generator_rs/lib/python3.12/site-packages:${PYTHONPATH} /home/balling/.nix-profile/bin/cmake --install /home/balling/projects/RIC/ros_ws/build/service_msgs
[3.914s] -- Install configuration: ""
[3.914s] -- Installing: /home/balling/projects/RIC/ros_ws/install/service_msgs/share/ament_index/resource_index/rosidl_interfaces/service_msgs
[3.914s] -- Installing: /home/balling/projects/RIC/ros_ws/install/service_msgs/share/service_msgs/msg/ServiceEventInfo.json
[3.915s] -- Installing: /home/balling/projects/RIC/ros_ws/install/service_msgs/include/service_msgs/service_msgs
[3.915s] -- Installing: /home/balling/projects/RIC/ros_ws/install/service_msgs/include/service_msgs/service_msgs/msg
[3.915s] -- Installing: /home/balling/projects/RIC/ros_ws/install/service_msgs/include/service_msgs/service_msgs/msg/detail
[3.915s] -- Installing: /home/balling/projects/RIC/ros_ws/install/service_msgs/include/service_msgs/service_msgs/msg/detail/service_event_info__type_support.c
[3.915s] -- Installing: /home/balling/projects/RIC/ros_ws/install/service_msgs/include/service_msgs/service_msgs/msg/detail/service_event_info__functions.h
[3.915s] -- Installing: /home/balling/projects/RIC/ros_ws/install/service_msgs/include/service_msgs/service_msgs/msg/detail/service_event_info__description.c
[3.915s] -- Installing: /home/balling/projects/RIC/ros_ws/install/service_msgs/include/service_msgs/service_msgs/msg/detail/service_event_info__type_support.h
[3.915s] -- Installing: /home/balling/projects/RIC/ros_ws/install/service_msgs/include/service_msgs/service_msgs/msg/detail/service_event_info__struct.h
[3.915s] -- Installing: /home/balling/projects/RIC/ros_ws/install/service_msgs/include/service_msgs/service_msgs/msg/detail/service_event_info__functions.c
[3.916s] -- Installing: /home/balling/projects/RIC/ros_ws/install/service_msgs/include/service_msgs/service_msgs/msg/service_event_info.h
[3.916s] -- Installing: /home/balling/projects/RIC/ros_ws/install/service_msgs/include/service_msgs/service_msgs/msg/rosidl_generator_c__visibility_control.h
[3.916s] -- Installing: /home/balling/projects/RIC/ros_ws/install/service_msgs/share/service_msgs/environment/library_path.sh
[3.916s] -- Installing: /home/balling/projects/RIC/ros_ws/install/service_msgs/share/service_msgs/environment/library_path.dsv
[3.916s] -- Installing: /home/balling/projects/RIC/ros_ws/install/service_msgs/lib/libservice_msgs__rosidl_generator_c.so
[3.917s] -- Set non-toolchain portion of runtime path of "/home/balling/projects/RIC/ros_ws/install/service_msgs/lib/libservice_msgs__rosidl_generator_c.so" to ""
[3.917s] -- Up-to-date: /home/balling/projects/RIC/ros_ws/install/service_msgs/include/service_msgs/service_msgs
[3.917s] -- Up-to-date: /home/balling/projects/RIC/ros_ws/install/service_msgs/include/service_msgs/service_msgs/msg
[3.917s] -- Up-to-date: /home/balling/projects/RIC/ros_ws/install/service_msgs/include/service_msgs/service_msgs/msg/detail
[3.917s] -- Installing: /home/balling/projects/RIC/ros_ws/install/service_msgs/include/service_msgs/service_msgs/msg/detail/service_event_info__rosidl_typesupport_fastrtps_c.h
[3.917s] -- Installing: /home/balling/projects/RIC/ros_ws/install/service_msgs/include/service_msgs/service_msgs/msg/rosidl_typesupport_fastrtps_c__visibility_control.h
[3.917s] -- Installing: /home/balling/projects/RIC/ros_ws/install/service_msgs/lib/libservice_msgs__rosidl_typesupport_fastrtps_c.so
[3.917s] -- Set non-toolchain portion of runtime path of "/home/balling/projects/RIC/ros_ws/install/service_msgs/lib/libservice_msgs__rosidl_typesupport_fastrtps_c.so" to ""
[3.917s] -- Up-to-date: /home/balling/projects/RIC/ros_ws/install/service_msgs/include/service_msgs/service_msgs
[3.917s] -- Up-to-date: /home/balling/projects/RIC/ros_ws/install/service_msgs/include/service_msgs/service_msgs/msg
[3.917s] -- Installing: /home/balling/projects/RIC/ros_ws/install/service_msgs/include/service_msgs/service_msgs/msg/service_event_info.hpp
[3.918s] -- Up-to-date: /home/balling/projects/RIC/ros_ws/install/service_msgs/include/service_msgs/service_msgs/msg/detail
[3.918s] -- Installing: /home/balling/projects/RIC/ros_ws/install/service_msgs/include/service_msgs/service_msgs/msg/detail/service_event_info__builder.hpp
[3.918s] -- Installing: /home/balling/projects/RIC/ros_ws/install/service_msgs/include/service_msgs/service_msgs/msg/detail/service_event_info__struct.hpp
[3.918s] -- Installing: /home/balling/projects/RIC/ros_ws/install/service_msgs/include/service_msgs/service_msgs/msg/detail/service_event_info__type_support.hpp
[3.918s] -- Installing: /home/balling/projects/RIC/ros_ws/install/service_msgs/include/service_msgs/service_msgs/msg/detail/service_event_info__traits.hpp
[3.918s] -- Installing: /home/balling/projects/RIC/ros_ws/install/service_msgs/include/service_msgs/service_msgs/msg/rosidl_generator_cpp__visibility_control.hpp
[3.918s] -- Up-to-date: /home/balling/projects/RIC/ros_ws/install/service_msgs/include/service_msgs/service_msgs
[3.918s] -- Up-to-date: /home/balling/projects/RIC/ros_ws/install/service_msgs/include/service_msgs/service_msgs/msg
[3.918s] -- Up-to-date: /home/balling/projects/RIC/ros_ws/install/service_msgs/include/service_msgs/service_msgs/msg/detail
[3.918s] -- Installing: /home/balling/projects/RIC/ros_ws/install/service_msgs/include/service_msgs/service_msgs/msg/detail/service_event_info__rosidl_typesupport_fastrtps_cpp.hpp
[3.918s] -- Installing: /home/balling/projects/RIC/ros_ws/install/service_msgs/include/service_msgs/service_msgs/msg/detail/dds_fastrtps
[3.919s] -- Installing: /home/balling/projects/RIC/ros_ws/install/service_msgs/include/service_msgs/service_msgs/msg/rosidl_typesupport_fastrtps_cpp__visibility_control.h
[3.919s] -- Installing: /home/balling/projects/RIC/ros_ws/install/service_msgs/lib/libservice_msgs__rosidl_typesupport_fastrtps_cpp.so
[3.919s] -- Set non-toolchain portion of runtime path of "/home/balling/projects/RIC/ros_ws/install/service_msgs/lib/libservice_msgs__rosidl_typesupport_fastrtps_cpp.so" to ""
[3.919s] -- Up-to-date: /home/balling/projects/RIC/ros_ws/install/service_msgs/include/service_msgs/service_msgs
[3.919s] -- Up-to-date: /home/balling/projects/RIC/ros_ws/install/service_msgs/include/service_msgs/service_msgs/msg
[3.919s] -- Up-to-date: /home/balling/projects/RIC/ros_ws/install/service_msgs/include/service_msgs/service_msgs/msg/detail
[3.919s] -- Up-to-date: /home/balling/projects/RIC/ros_ws/install/service_msgs/include/service_msgs/service_msgs/msg/detail/service_event_info__type_support.c
[3.919s] -- Installing: /home/balling/projects/RIC/ros_ws/install/service_msgs/include/service_msgs/service_msgs/msg/detail/service_event_info__rosidl_typesupport_introspection_c.h
[3.919s] -- Installing: /home/balling/projects/RIC/ros_ws/install/service_msgs/include/service_msgs/service_msgs/msg/rosidl_typesupport_introspection_c__visibility_control.h
[3.919s] -- Installing: /home/balling/projects/RIC/ros_ws/install/service_msgs/lib/libservice_msgs__rosidl_typesupport_introspection_c.so
[3.919s] -- Set non-toolchain portion of runtime path of "/home/balling/projects/RIC/ros_ws/install/service_msgs/lib/libservice_msgs__rosidl_typesupport_introspection_c.so" to ""
[3.919s] -- Installing: /home/balling/projects/RIC/ros_ws/install/service_msgs/lib/libservice_msgs__rosidl_typesupport_c.so
[3.920s] -- Set non-toolchain portion of runtime path of "/home/balling/projects/RIC/ros_ws/install/service_msgs/lib/libservice_msgs__rosidl_typesupport_c.so" to ""
[3.920s] -- Up-to-date: /home/balling/projects/RIC/ros_ws/install/service_msgs/include/service_msgs/service_msgs
[3.920s] -- Up-to-date: /home/balling/projects/RIC/ros_ws/install/service_msgs/include/service_msgs/service_msgs/msg
[3.920s] -- Up-to-date: /home/balling/projects/RIC/ros_ws/install/service_msgs/include/service_msgs/service_msgs/msg/detail
[3.920s] -- Installing: /home/balling/projects/RIC/ros_ws/install/service_msgs/include/service_msgs/service_msgs/msg/detail/service_event_info__rosidl_typesupport_introspection_cpp.hpp
[3.920s] -- Installing: /home/balling/projects/RIC/ros_ws/install/service_msgs/include/service_msgs/service_msgs/msg/detail/service_event_info__type_support.cpp
[3.920s] -- Installing: /home/balling/projects/RIC/ros_ws/install/service_msgs/lib/libservice_msgs__rosidl_typesupport_introspection_cpp.so
[3.920s] -- Set non-toolchain portion of runtime path of "/home/balling/projects/RIC/ros_ws/install/service_msgs/lib/libservice_msgs__rosidl_typesupport_introspection_cpp.so" to ""
[3.920s] -- Installing: /home/balling/projects/RIC/ros_ws/install/service_msgs/lib/libservice_msgs__rosidl_typesupport_cpp.so
[3.921s] -- Set non-toolchain portion of runtime path of "/home/balling/projects/RIC/ros_ws/install/service_msgs/lib/libservice_msgs__rosidl_typesupport_cpp.so" to ""
[3.921s] -- Installing: /home/balling/projects/RIC/ros_ws/install/service_msgs/share/ament_index/resource_index/rust_packages/service_msgs
[3.921s] -- Installing: /home/balling/projects/RIC/ros_ws/install/service_msgs/share/service_msgs/rust
[3.921s] -- Installing: /home/balling/projects/RIC/ros_ws/install/service_msgs/share/service_msgs/rust/build.rs
[3.921s] -- Installing: /home/balling/projects/RIC/ros_ws/install/service_msgs/share/service_msgs/rust/Cargo.toml
[3.921s] -- Installing: /home/balling/projects/RIC/ros_ws/install/service_msgs/share/service_msgs/rust/src
[3.921s] -- Installing: /home/balling/projects/RIC/ros_ws/install/service_msgs/share/service_msgs/rust/src/lib.rs
[3.921s] -- Installing: /home/balling/projects/RIC/ros_ws/install/service_msgs/share/service_msgs/rust/src/msg.rs
[3.922s] -- Installing: /home/balling/projects/RIC/ros_ws/install/service_msgs/share/service_msgs/environment/pythonpath.sh
[3.922s] -- Installing: /home/balling/projects/RIC/ros_ws/install/service_msgs/share/service_msgs/environment/pythonpath.dsv
[3.922s] -- Installing: /home/balling/projects/RIC/ros_ws/install/service_msgs/lib/python3.12/site-packages/service_msgs-2.0.2-py3.12.egg-info
[3.922s] -- Installing: /home/balling/projects/RIC/ros_ws/install/service_msgs/lib/python3.12/site-packages/service_msgs-2.0.2-py3.12.egg-info/PKG-INFO
[3.922s] -- Installing: /home/balling/projects/RIC/ros_ws/install/service_msgs/lib/python3.12/site-packages/service_msgs-2.0.2-py3.12.egg-info/dependency_links.txt
[3.922s] -- Installing: /home/balling/projects/RIC/ros_ws/install/service_msgs/lib/python3.12/site-packages/service_msgs-2.0.2-py3.12.egg-info/top_level.txt
[3.922s] -- Installing: /home/balling/projects/RIC/ros_ws/install/service_msgs/lib/python3.12/site-packages/service_msgs-2.0.2-py3.12.egg-info/SOURCES.txt
[3.922s] -- Installing: /home/balling/projects/RIC/ros_ws/install/service_msgs/lib/python3.12/site-packages/service_msgs
[3.922s] -- Installing: /home/balling/projects/RIC/ros_ws/install/service_msgs/lib/python3.12/site-packages/service_msgs/_service_msgs_s.ep.rosidl_typesupport_fastrtps_c.c
[3.923s] -- Installing: /home/balling/projects/RIC/ros_ws/install/service_msgs/lib/python3.12/site-packages/service_msgs/msg
[3.923s] -- Installing: /home/balling/projects/RIC/ros_ws/install/service_msgs/lib/python3.12/site-packages/service_msgs/msg/_service_event_info.py
[3.923s] -- Installing: /home/balling/projects/RIC/ros_ws/install/service_msgs/lib/python3.12/site-packages/service_msgs/msg/_service_event_info_s.c
[3.923s] -- Installing: /home/balling/projects/RIC/ros_ws/install/service_msgs/lib/python3.12/site-packages/service_msgs/msg/__init__.py
[3.923s] -- Installing: /home/balling/projects/RIC/ros_ws/install/service_msgs/lib/python3.12/site-packages/service_msgs/service_msgs_s__rosidl_typesupport_fastrtps_c.so
[3.923s] -- Installing: /home/balling/projects/RIC/ros_ws/install/service_msgs/lib/python3.12/site-packages/service_msgs/service_msgs_s__rosidl_typesupport_c.so
[3.923s] -- Installing: /home/balling/projects/RIC/ros_ws/install/service_msgs/lib/python3.12/site-packages/service_msgs/__init__.py
[3.923s] -- Installing: /home/balling/projects/RIC/ros_ws/install/service_msgs/lib/python3.12/site-packages/service_msgs/_service_msgs_s.ep.rosidl_typesupport_c.c
[3.923s] -- Installing: /home/balling/projects/RIC/ros_ws/install/service_msgs/lib/python3.12/site-packages/service_msgs/_service_msgs_s.ep.rosidl_typesupport_introspection_c.c
[3.923s] -- Installing: /home/balling/projects/RIC/ros_ws/install/service_msgs/lib/python3.12/site-packages/service_msgs/service_msgs_s__rosidl_typesupport_introspection_c.so
[3.946s] Listing '/home/balling/projects/RIC/ros_ws/install/service_msgs/lib/python3.12/site-packages/service_msgs'...
[3.946s] Compiling '/home/balling/projects/RIC/ros_ws/install/service_msgs/lib/python3.12/site-packages/service_msgs/__init__.py'...
[3.946s] Listing '/home/balling/projects/RIC/ros_ws/install/service_msgs/lib/python3.12/site-packages/service_msgs/msg'...
[3.946s] Compiling '/home/balling/projects/RIC/ros_ws/install/service_msgs/lib/python3.12/site-packages/service_msgs/msg/__init__.py'...
[3.946s] Compiling '/home/balling/projects/RIC/ros_ws/install/service_msgs/lib/python3.12/site-packages/service_msgs/msg/_service_event_info.py'...
[3.950s] -- Installing: /home/balling/projects/RIC/ros_ws/install/service_msgs/lib/python3.12/site-packages/service_msgs/service_msgs_s__rosidl_typesupport_fastrtps_c.so
[3.950s] -- Set non-toolchain portion of runtime path of "/home/balling/projects/RIC/ros_ws/install/service_msgs/lib/python3.12/site-packages/service_msgs/service_msgs_s__rosidl_typesupport_fastrtps_c.so" to ""
[3.950s] -- Installing: /home/balling/projects/RIC/ros_ws/install/service_msgs/lib/python3.12/site-packages/service_msgs/service_msgs_s__rosidl_typesupport_introspection_c.so
[3.950s] -- Set non-toolchain portion of runtime path of "/home/balling/projects/RIC/ros_ws/install/service_msgs/lib/python3.12/site-packages/service_msgs/service_msgs_s__rosidl_typesupport_introspection_c.so" to ""
[3.951s] -- Installing: /home/balling/projects/RIC/ros_ws/install/service_msgs/lib/python3.12/site-packages/service_msgs/service_msgs_s__rosidl_typesupport_c.so
[3.951s] -- Set non-toolchain portion of runtime path of "/home/balling/projects/RIC/ros_ws/install/service_msgs/lib/python3.12/site-packages/service_msgs/service_msgs_s__rosidl_typesupport_c.so" to ""
[3.951s] -- Installing: /home/balling/projects/RIC/ros_ws/install/service_msgs/lib/libservice_msgs__rosidl_generator_py.so
[3.951s] -- Set non-toolchain portion of runtime path of "/home/balling/projects/RIC/ros_ws/install/service_msgs/lib/libservice_msgs__rosidl_generator_py.so" to ""
[3.951s] -- Installing: /home/balling/projects/RIC/ros_ws/install/service_msgs/share/service_msgs/msg/ServiceEventInfo.idl
[3.952s] -- Installing: /home/balling/projects/RIC/ros_ws/install/service_msgs/share/service_msgs/msg/ServiceEventInfo.msg
[3.952s] -- Installing: /home/balling/projects/RIC/ros_ws/install/service_msgs/share/ament_index/resource_index/package_run_dependencies/service_msgs
[3.952s] -- Installing: /home/balling/projects/RIC/ros_ws/install/service_msgs/share/ament_index/resource_index/parent_prefix_path/service_msgs
[3.952s] -- Installing: /home/balling/projects/RIC/ros_ws/install/service_msgs/share/service_msgs/environment/ament_prefix_path.sh
[3.952s] -- Installing: /home/balling/projects/RIC/ros_ws/install/service_msgs/share/service_msgs/environment/ament_prefix_path.dsv
[3.952s] -- Installing: /home/balling/projects/RIC/ros_ws/install/service_msgs/share/service_msgs/environment/path.sh
[3.952s] -- Installing: /home/balling/projects/RIC/ros_ws/install/service_msgs/share/service_msgs/environment/path.dsv
[3.952s] -- Installing: /home/balling/projects/RIC/ros_ws/install/service_msgs/share/service_msgs/local_setup.bash
[3.953s] -- Installing: /home/balling/projects/RIC/ros_ws/install/service_msgs/share/service_msgs/local_setup.sh
[3.953s] -- Installing: /home/balling/projects/RIC/ros_ws/install/service_msgs/share/service_msgs/local_setup.zsh
[3.953s] -- Installing: /home/balling/projects/RIC/ros_ws/install/service_msgs/share/service_msgs/local_setup.dsv
[3.953s] -- Installing: /home/balling/projects/RIC/ros_ws/install/service_msgs/share/service_msgs/package.dsv
[3.953s] -- Installing: /home/balling/projects/RIC/ros_ws/install/service_msgs/share/ament_index/resource_index/packages/service_msgs
[3.953s] -- Installing: /home/balling/projects/RIC/ros_ws/install/service_msgs/share/service_msgs/cmake/export_service_msgs__rosidl_generator_cExport.cmake
[3.954s] -- Installing: /home/balling/projects/RIC/ros_ws/install/service_msgs/share/service_msgs/cmake/export_service_msgs__rosidl_generator_cExport-noconfig.cmake
[3.954s] -- Installing: /home/balling/projects/RIC/ros_ws/install/service_msgs/share/service_msgs/cmake/export_service_msgs__rosidl_typesupport_fastrtps_cExport.cmake
[3.954s] -- Installing: /home/balling/projects/RIC/ros_ws/install/service_msgs/share/service_msgs/cmake/export_service_msgs__rosidl_typesupport_fastrtps_cExport-noconfig.cmake
[3.954s] -- Installing: /home/balling/projects/RIC/ros_ws/install/service_msgs/share/service_msgs/cmake/export_service_msgs__rosidl_generator_cppExport.cmake
[3.954s] -- Installing: /home/balling/projects/RIC/ros_ws/install/service_msgs/share/service_msgs/cmake/export_service_msgs__rosidl_typesupport_fastrtps_cppExport.cmake
[3.954s] -- Installing: /home/balling/projects/RIC/ros_ws/install/service_msgs/share/service_msgs/cmake/export_service_msgs__rosidl_typesupport_fastrtps_cppExport-noconfig.cmake
[3.954s] -- Installing: /home/balling/projects/RIC/ros_ws/install/service_msgs/share/service_msgs/cmake/service_msgs__rosidl_typesupport_introspection_cExport.cmake
[3.955s] -- Installing: /home/balling/projects/RIC/ros_ws/install/service_msgs/share/service_msgs/cmake/service_msgs__rosidl_typesupport_introspection_cExport-noconfig.cmake
[3.955s] -- Installing: /home/balling/projects/RIC/ros_ws/install/service_msgs/share/service_msgs/cmake/service_msgs__rosidl_typesupport_cExport.cmake
[3.955s] -- Installing: /home/balling/projects/RIC/ros_ws/install/service_msgs/share/service_msgs/cmake/service_msgs__rosidl_typesupport_cExport-noconfig.cmake
[3.955s] -- Installing: /home/balling/projects/RIC/ros_ws/install/service_msgs/share/service_msgs/cmake/service_msgs__rosidl_typesupport_introspection_cppExport.cmake
[3.955s] -- Installing: /home/balling/projects/RIC/ros_ws/install/service_msgs/share/service_msgs/cmake/service_msgs__rosidl_typesupport_introspection_cppExport-noconfig.cmake
[3.956s] -- Installing: /home/balling/projects/RIC/ros_ws/install/service_msgs/share/service_msgs/cmake/service_msgs__rosidl_typesupport_cppExport.cmake
[3.956s] -- Installing: /home/balling/projects/RIC/ros_ws/install/service_msgs/share/service_msgs/cmake/service_msgs__rosidl_typesupport_cppExport-noconfig.cmake
[3.956s] -- Installing: /home/balling/projects/RIC/ros_ws/install/service_msgs/share/service_msgs/cmake/export_service_msgs__rosidl_generator_pyExport.cmake
[3.956s] -- Installing: /home/balling/projects/RIC/ros_ws/install/service_msgs/share/service_msgs/cmake/export_service_msgs__rosidl_generator_pyExport-noconfig.cmake
[3.956s] -- Installing: /home/balling/projects/RIC/ros_ws/install/service_msgs/share/service_msgs/cmake/rosidl_cmake-extras.cmake
[3.956s] -- Installing: /home/balling/projects/RIC/ros_ws/install/service_msgs/share/service_msgs/cmake/ament_cmake_export_dependencies-extras.cmake
[3.956s] -- Installing: /home/balling/projects/RIC/ros_ws/install/service_msgs/share/service_msgs/cmake/ament_cmake_export_include_directories-extras.cmake
[3.957s] -- Installing: /home/balling/projects/RIC/ros_ws/install/service_msgs/share/service_msgs/cmake/ament_cmake_export_libraries-extras.cmake
[3.957s] -- Installing: /home/balling/projects/RIC/ros_ws/install/service_msgs/share/service_msgs/cmake/ament_cmake_export_targets-extras.cmake
[3.957s] -- Installing: /home/balling/projects/RIC/ros_ws/install/service_msgs/share/service_msgs/cmake/rosidl_cmake_export_typesupport_targets-extras.cmake
[3.957s] -- Installing: /home/balling/projects/RIC/ros_ws/install/service_msgs/share/service_msgs/cmake/rosidl_cmake_export_typesupport_libraries-extras.cmake
[3.957s] -- Installing: /home/balling/projects/RIC/ros_ws/install/service_msgs/share/service_msgs/cmake/service_msgsConfig.cmake
[3.957s] -- Installing: /home/balling/projects/RIC/ros_ws/install/service_msgs/share/service_msgs/cmake/service_msgsConfig-version.cmake
[3.957s] -- Installing: /home/balling/projects/RIC/ros_ws/install/service_msgs/share/service_msgs/package.xml
[3.959s] Invoked command in '/home/balling/projects/RIC/ros_ws/build/service_msgs' returned '0': AMENT_PREFIX_PATH=/home/balling/projects/RIC/ros_ws/install/builtin_interfaces:/home/balling/projects/RIC/ros_ws/install/rosidl_core_runtime:/home/balling/projects/RIC/ros_ws/install/rosidl_core_generators:/home/balling/projects/RIC/ros_ws/install/rosidl_generator_rs:/home/balling/projects/RIC/ros_ws/install/rosidl_runtime_rs:${AMENT_PREFIX_PATH} CMAKE_PREFIX_PATH=/home/balling/projects/RIC/ros_ws/install/builtin_interfaces:/home/balling/projects/RIC/ros_ws/install/rosidl_core_runtime:/home/balling/projects/RIC/ros_ws/install/rosidl_core_generators:/home/balling/projects/RIC/ros_ws/install/rosidl_generator_rs:/home/balling/projects/RIC/mobile_robot_ws/install/mobile_robot:/home/balling/projects/RIC/mobile_robot_ws/install/articubot_one:/opt/ros/jazzy/opt/gz_sim_vendor:/opt/ros/jazzy/opt/gz_sensors_vendor:/opt/ros/jazzy/opt/gz_physics_vendor:/opt/ros/jazzy/opt/sdformat_vendor:/opt/ros/jazzy/opt/gz_gui_vendor:/opt/ros/jazzy/opt/gz_transport_vendor:/opt/ros/jazzy/opt/gz_rendering_vendor:/opt/ros/jazzy/opt/gz_plugin_vendor:/opt/ros/jazzy/opt/gz_fuel_tools_vendor:/opt/ros/jazzy/opt/gz_msgs_vendor:/opt/ros/jazzy/opt/gz_common_vendor:/opt/ros/jazzy/opt/gz_math_vendor:/opt/ros/jazzy/opt/gz_utils_vendor:/opt/ros/jazzy/opt/gz_tools_vendor:/opt/ros/jazzy/opt/gz_ogre_next_vendor:/opt/ros/jazzy/opt/gz_dartsim_vendor:/opt/ros/jazzy/opt/gz_cmake_vendor:/opt/ros/jazzy DEBUGINFOD_URLS=https://debuginfod.ubuntu.com LD_LIBRARY_PATH=/home/balling/projects/RIC/ros_ws/install/builtin_interfaces/lib:${LD_LIBRARY_PATH} PYTHONPATH=/home/balling/projects/RIC/ros_ws/install/builtin_interfaces/lib/python3.12/site-packages:/home/balling/projects/RIC/ros_ws/install/rosidl_generator_rs/lib/python3.12/site-packages:${PYTHONPATH} /home/balling/.nix-profile/bin/cmake --install /home/balling/projects/RIC/ros_ws/build/service_msgs
