[0.011s] Invoking command in '/home/balling/projects/RIC/ros_ws/build/unique_identifier_msgs': AMENT_PREFIX_PATH=/home/balling/projects/RIC/ros_ws/install/rosidl_core_runtime:/home/balling/projects/RIC/ros_ws/install/rosidl_core_generators:/home/balling/projects/RIC/ros_ws/install/rosidl_generator_rs:/home/balling/projects/RIC/ros_ws/install/rosidl_runtime_rs:${AMENT_PREFIX_PATH} CMAKE_PREFIX_PATH=/home/balling/projects/RIC/ros_ws/install/rosidl_core_runtime:/home/balling/projects/RIC/ros_ws/install/rosidl_core_generators:/home/balling/projects/RIC/ros_ws/install/rosidl_generator_rs:/home/balling/projects/RIC/mobile_robot_ws/install/mobile_robot:/home/balling/projects/RIC/mobile_robot_ws/install/articubot_one:/opt/ros/jazzy/opt/gz_sim_vendor:/opt/ros/jazzy/opt/gz_sensors_vendor:/opt/ros/jazzy/opt/gz_physics_vendor:/opt/ros/jazzy/opt/sdformat_vendor:/opt/ros/jazzy/opt/gz_gui_vendor:/opt/ros/jazzy/opt/gz_transport_vendor:/opt/ros/jazzy/opt/gz_rendering_vendor:/opt/ros/jazzy/opt/gz_plugin_vendor:/opt/ros/jazzy/opt/gz_fuel_tools_vendor:/opt/ros/jazzy/opt/gz_msgs_vendor:/opt/ros/jazzy/opt/gz_common_vendor:/opt/ros/jazzy/opt/gz_math_vendor:/opt/ros/jazzy/opt/gz_utils_vendor:/opt/ros/jazzy/opt/gz_tools_vendor:/opt/ros/jazzy/opt/gz_ogre_next_vendor:/opt/ros/jazzy/opt/gz_dartsim_vendor:/opt/ros/jazzy/opt/gz_cmake_vendor:/opt/ros/jazzy DEBUGINFOD_URLS=https://debuginfod.ubuntu.com PYTHONPATH=/home/balling/projects/RIC/ros_ws/install/rosidl_generator_rs/lib/python3.12/site-packages:${PYTHONPATH} /home/balling/.nix-profile/bin/cmake /home/balling/projects/RIC/ros_ws/src/ros2/unique_identifier_msgs -DCMAKE_INSTALL_PREFIX=/home/balling/projects/RIC/ros_ws/install/unique_identifier_msgs
[0.072s] -- The C compiler identification is GNU 13.3.0
[0.131s] -- The CXX compiler identification is GNU 13.3.0
[0.144s] -- Detecting C compiler ABI info
[0.211s] -- Detecting C compiler ABI info - done
[0.229s] -- Check for working C compiler: /usr/bin/cc - skipped
[0.229s] -- Detecting C compile features
[0.229s] -- Detecting C compile features - done
[0.231s] -- Detecting CXX compiler ABI info
[0.306s] -- Detecting CXX compiler ABI info - done
[0.325s] -- Check for working CXX compiler: /usr/bin/c++ - skipped
[0.325s] -- Detecting CXX compile features
[0.326s] -- Detecting CXX compile features - done
[0.328s] -- Found ament_cmake: 2.5.2 (/opt/ros/jazzy/share/ament_cmake/cmake)
[0.455s] -- Found Python3: /usr/bin/python3 (found version "3.12.3") found components: Interpreter
[0.545s] -- Found rosidl_core_generators: 0.2.0 (/home/balling/projects/RIC/ros_ws/install/rosidl_core_generators/share/rosidl_core_generators/cmake)
[0.550s] -- Using all available rosidl_typesupport_c: rosidl_typesupport_fastrtps_c;rosidl_typesupport_introspection_c
[0.599s] -- Using all available rosidl_typesupport_cpp: rosidl_typesupport_fastrtps_cpp;rosidl_typesupport_introspection_cpp
[0.646s] -- Found rosidl_adapter: 4.6.4 (/opt/ros/jazzy/share/rosidl_adapter/cmake)
[1.087s] -- Found ament_cmake_ros: 0.12.0 (/opt/ros/jazzy/share/ament_cmake_ros/cmake)
[1.437s] -- Using all available rosidl_typesupport_c: rosidl_typesupport_fastrtps_c;rosidl_typesupport_introspection_c
[1.883s] -- Using all available rosidl_typesupport_cpp: rosidl_typesupport_fastrtps_cpp;rosidl_typesupport_introspection_cpp
[1.889s] -- Found python_cmake_module: 0.11.1 (/opt/ros/jazzy/share/python_cmake_module/cmake)
[1.998s] -- Found PythonExtra: /usr/bin/python3
[2.350s] -- Found Python3: /usr/bin/python3 (found version "3.12.3") found components: Interpreter Development NumPy Development.Module Development.Embed
[2.380s] -- Found ament_lint_auto: 0.17.1 (/opt/ros/jazzy/share/ament_lint_auto/cmake)
[2.407s] -- Added test 'copyright' to check source files copyright and LICENSE
[2.412s] -- Added test 'lint_cmake' to check CMake code style
[2.414s] -- Added test 'xmllint' to check XML markup files
[2.417s] -- Configuring done (2.4s)
[2.444s] -- Generating done (0.0s)
[2.456s] -- Build files have been written to: /home/balling/projects/RIC/ros_ws/build/unique_identifier_msgs
[2.463s] Invoked command in '/home/balling/projects/RIC/ros_ws/build/unique_identifier_msgs' returned '0': AMENT_PREFIX_PATH=/home/balling/projects/RIC/ros_ws/install/rosidl_core_runtime:/home/balling/projects/RIC/ros_ws/install/rosidl_core_generators:/home/balling/projects/RIC/ros_ws/install/rosidl_generator_rs:/home/balling/projects/RIC/ros_ws/install/rosidl_runtime_rs:${AMENT_PREFIX_PATH} CMAKE_PREFIX_PATH=/home/balling/projects/RIC/ros_ws/install/rosidl_core_runtime:/home/balling/projects/RIC/ros_ws/install/rosidl_core_generators:/home/balling/projects/RIC/ros_ws/install/rosidl_generator_rs:/home/balling/projects/RIC/mobile_robot_ws/install/mobile_robot:/home/balling/projects/RIC/mobile_robot_ws/install/articubot_one:/opt/ros/jazzy/opt/gz_sim_vendor:/opt/ros/jazzy/opt/gz_sensors_vendor:/opt/ros/jazzy/opt/gz_physics_vendor:/opt/ros/jazzy/opt/sdformat_vendor:/opt/ros/jazzy/opt/gz_gui_vendor:/opt/ros/jazzy/opt/gz_transport_vendor:/opt/ros/jazzy/opt/gz_rendering_vendor:/opt/ros/jazzy/opt/gz_plugin_vendor:/opt/ros/jazzy/opt/gz_fuel_tools_vendor:/opt/ros/jazzy/opt/gz_msgs_vendor:/opt/ros/jazzy/opt/gz_common_vendor:/opt/ros/jazzy/opt/gz_math_vendor:/opt/ros/jazzy/opt/gz_utils_vendor:/opt/ros/jazzy/opt/gz_tools_vendor:/opt/ros/jazzy/opt/gz_ogre_next_vendor:/opt/ros/jazzy/opt/gz_dartsim_vendor:/opt/ros/jazzy/opt/gz_cmake_vendor:/opt/ros/jazzy DEBUGINFOD_URLS=https://debuginfod.ubuntu.com PYTHONPATH=/home/balling/projects/RIC/ros_ws/install/rosidl_generator_rs/lib/python3.12/site-packages:${PYTHONPATH} /home/balling/.nix-profile/bin/cmake /home/balling/projects/RIC/ros_ws/src/ros2/unique_identifier_msgs -DCMAKE_INSTALL_PREFIX=/home/balling/projects/RIC/ros_ws/install/unique_identifier_msgs
[2.463s] Invoking command in '/home/balling/projects/RIC/ros_ws/build/unique_identifier_msgs': AMENT_PREFIX_PATH=/home/balling/projects/RIC/ros_ws/install/rosidl_core_runtime:/home/balling/projects/RIC/ros_ws/install/rosidl_core_generators:/home/balling/projects/RIC/ros_ws/install/rosidl_generator_rs:/home/balling/projects/RIC/ros_ws/install/rosidl_runtime_rs:${AMENT_PREFIX_PATH} CMAKE_PREFIX_PATH=/home/balling/projects/RIC/ros_ws/install/rosidl_core_runtime:/home/balling/projects/RIC/ros_ws/install/rosidl_core_generators:/home/balling/projects/RIC/ros_ws/install/rosidl_generator_rs:/home/balling/projects/RIC/mobile_robot_ws/install/mobile_robot:/home/balling/projects/RIC/mobile_robot_ws/install/articubot_one:/opt/ros/jazzy/opt/gz_sim_vendor:/opt/ros/jazzy/opt/gz_sensors_vendor:/opt/ros/jazzy/opt/gz_physics_vendor:/opt/ros/jazzy/opt/sdformat_vendor:/opt/ros/jazzy/opt/gz_gui_vendor:/opt/ros/jazzy/opt/gz_transport_vendor:/opt/ros/jazzy/opt/gz_rendering_vendor:/opt/ros/jazzy/opt/gz_plugin_vendor:/opt/ros/jazzy/opt/gz_fuel_tools_vendor:/opt/ros/jazzy/opt/gz_msgs_vendor:/opt/ros/jazzy/opt/gz_common_vendor:/opt/ros/jazzy/opt/gz_math_vendor:/opt/ros/jazzy/opt/gz_utils_vendor:/opt/ros/jazzy/opt/gz_tools_vendor:/opt/ros/jazzy/opt/gz_ogre_next_vendor:/opt/ros/jazzy/opt/gz_dartsim_vendor:/opt/ros/jazzy/opt/gz_cmake_vendor:/opt/ros/jazzy DEBUGINFOD_URLS=https://debuginfod.ubuntu.com PYTHONPATH=/home/balling/projects/RIC/ros_ws/install/rosidl_generator_rs/lib/python3.12/site-packages:${PYTHONPATH} /home/balling/.nix-profile/bin/cmake --build /home/balling/projects/RIC/ros_ws/build/unique_identifier_msgs -- -j8 -l8
[2.500s] [  2%] [34m[1mGenerating type hashes for ROS interfaces[0m
[2.500s] [  5%] [34m[1mGenerating Rust code for ROS interfaces[0m
[2.506s] [  5%] Built target ament_cmake_python_copy_unique_identifier_msgs
[2.653s] [  5%] Built target unique_identifier_msgs__rosidl_generator_type_description
[2.660s] [  8%] [34m[1mGenerating C code for ROS interfaces[0m
[2.666s] running egg_info
[2.666s] creating unique_identifier_msgs.egg-info
[2.667s] [ 11%] [34m[1mGenerating C++ code for ROS interfaces[0m
[2.678s] writing unique_identifier_msgs.egg-info/PKG-INFO
[2.678s] writing dependency_links to unique_identifier_msgs.egg-info/dependency_links.txt
[2.678s] writing top-level names to unique_identifier_msgs.egg-info/top_level.txt
[2.678s] writing manifest file 'unique_identifier_msgs.egg-info/SOURCES.txt'
[2.679s] [ 11%] Built target unique_identifier_msgs__rs
[2.720s] reading manifest file 'unique_identifier_msgs.egg-info/SOURCES.txt'
[2.720s] writing manifest file 'unique_identifier_msgs.egg-info/SOURCES.txt'
[2.748s] [ 11%] Built target ament_cmake_python_build_unique_identifier_msgs_egg
[2.837s] [ 11%] Built target unique_identifier_msgs__cpp
[2.867s] [ 14%] [32mBuilding C object CMakeFiles/unique_identifier_msgs__rosidl_generator_c.dir/rosidl_generator_c/unique_identifier_msgs/msg/detail/uuid__description.c.o[0m
[2.867s] [ 17%] [32mBuilding C object CMakeFiles/unique_identifier_msgs__rosidl_generator_c.dir/rosidl_generator_c/unique_identifier_msgs/msg/detail/uuid__functions.c.o[0m
[2.867s] [ 20%] [32mBuilding C object CMakeFiles/unique_identifier_msgs__rosidl_generator_c.dir/rosidl_generator_c/unique_identifier_msgs/msg/detail/uuid__type_support.c.o[0m
[2.912s] [ 22%] [32m[1mLinking C shared library libunique_identifier_msgs__rosidl_generator_c.so[0m
[2.941s] [ 22%] Built target unique_identifier_msgs__rosidl_generator_c
[2.950s] [ 25%] [34m[1mGenerating C++ type support dispatch for ROS interfaces[0m
[2.954s] [ 28%] [34m[1mGenerating C introspection for ROS interfaces[0m
[2.957s] [ 31%] [34m[1mGenerating C type support for eProsima Fast-RTPS[0m
[2.958s] [ 34%] [34m[1mGenerating C type support dispatch for ROS interfaces[0m
[2.963s] [ 37%] [34m[1mGenerating C++ introspection for ROS interfaces[0m
[2.963s] [ 40%] [34m[1mGenerating C++ type support for eProsima Fast-RTPS[0m
[3.161s] [ 42%] [32mBuilding CXX object CMakeFiles/unique_identifier_msgs__rosidl_typesupport_c.dir/rosidl_typesupport_c/unique_identifier_msgs/msg/uuid__type_support.cpp.o[0m
[3.203s] [ 45%] [32m[1mLinking CXX shared library libunique_identifier_msgs__rosidl_typesupport_c.so[0m
[3.220s] [ 48%] [32mBuilding CXX object CMakeFiles/unique_identifier_msgs__rosidl_typesupport_fastrtps_cpp.dir/rosidl_typesupport_fastrtps_cpp/unique_identifier_msgs/msg/detail/dds_fastrtps/uuid__type_support.cpp.o[0m
[3.235s] [ 51%] [32mBuilding CXX object CMakeFiles/unique_identifier_msgs__rosidl_typesupport_introspection_cpp.dir/rosidl_typesupport_introspection_cpp/unique_identifier_msgs/msg/detail/uuid__type_support.cpp.o[0m
[3.238s] [ 54%] [32mBuilding C object CMakeFiles/unique_identifier_msgs__rosidl_typesupport_introspection_c.dir/rosidl_typesupport_introspection_c/unique_identifier_msgs/msg/detail/uuid__type_support.c.o[0m
[3.268s] [ 57%] [32mBuilding CXX object CMakeFiles/unique_identifier_msgs__rosidl_typesupport_cpp.dir/rosidl_typesupport_cpp/unique_identifier_msgs/msg/uuid__type_support.cpp.o[0m
[3.279s] [ 57%] Built target unique_identifier_msgs__rosidl_typesupport_c
[3.288s] [ 60%] [32mBuilding CXX object CMakeFiles/unique_identifier_msgs__rosidl_typesupport_fastrtps_c.dir/rosidl_typesupport_fastrtps_c/unique_identifier_msgs/msg/detail/uuid__type_support_c.cpp.o[0m
[3.305s] [ 62%] [32m[1mLinking C shared library libunique_identifier_msgs__rosidl_typesupport_introspection_c.so[0m
[3.365s] [ 62%] Built target unique_identifier_msgs__rosidl_typesupport_introspection_c
[3.663s] [ 65%] [32m[1mLinking CXX shared library libunique_identifier_msgs__rosidl_typesupport_introspection_cpp.so[0m
[3.854s] [ 65%] Built target unique_identifier_msgs__rosidl_typesupport_introspection_cpp
[3.960s] [ 68%] [32m[1mLinking CXX shared library libunique_identifier_msgs__rosidl_typesupport_fastrtps_cpp.so[0m
[3.971s] [ 71%] [32m[1mLinking CXX shared library libunique_identifier_msgs__rosidl_typesupport_fastrtps_c.so[0m
[3.982s] [ 74%] [32m[1mLinking CXX shared library libunique_identifier_msgs__rosidl_typesupport_cpp.so[0m
[4.035s] [ 74%] Built target unique_identifier_msgs__rosidl_typesupport_fastrtps_c
[4.058s] [ 74%] Built target unique_identifier_msgs__rosidl_typesupport_fastrtps_cpp
[4.087s] [ 74%] Built target unique_identifier_msgs__rosidl_typesupport_cpp
[4.111s] [ 74%] Built target unique_identifier_msgs
[4.129s] [ 77%] [34m[1mGenerating Python code for ROS interfaces[0m
[4.384s] [ 77%] Built target unique_identifier_msgs__py
[4.398s] [ 80%] [32mBuilding C object CMakeFiles/unique_identifier_msgs__rosidl_generator_py.dir/rosidl_generator_py/unique_identifier_msgs/msg/_uuid_s.c.o[0m
[4.480s] [ 82%] [32m[1mLinking C shared library libunique_identifier_msgs__rosidl_generator_py.so[0m
[4.510s] [ 82%] Built target unique_identifier_msgs__rosidl_generator_py
[4.523s] [ 85%] [32mBuilding C object CMakeFiles/unique_identifier_msgs_s__rosidl_typesupport_fastrtps_c.dir/rosidl_generator_py/unique_identifier_msgs/_unique_identifier_msgs_s.ep.rosidl_typesupport_fastrtps_c.c.o[0m
[4.523s] [ 88%] [32mBuilding C object CMakeFiles/unique_identifier_msgs_s__rosidl_typesupport_c.dir/rosidl_generator_py/unique_identifier_msgs/_unique_identifier_msgs_s.ep.rosidl_typesupport_c.c.o[0m
[4.524s] [ 91%] [32mBuilding C object CMakeFiles/unique_identifier_msgs_s__rosidl_typesupport_introspection_c.dir/rosidl_generator_py/unique_identifier_msgs/_unique_identifier_msgs_s.ep.rosidl_typesupport_introspection_c.c.o[0m
[4.598s] [ 94%] [32m[1mLinking C shared module rosidl_generator_py/unique_identifier_msgs/unique_identifier_msgs_s__rosidl_typesupport_c.so[0m
[4.599s] [ 97%] [32m[1mLinking C shared module rosidl_generator_py/unique_identifier_msgs/unique_identifier_msgs_s__rosidl_typesupport_fastrtps_c.so[0m
[4.599s] [100%] [32m[1mLinking C shared module rosidl_generator_py/unique_identifier_msgs/unique_identifier_msgs_s__rosidl_typesupport_introspection_c.so[0m
[4.622s] [100%] Built target unique_identifier_msgs_s__rosidl_typesupport_c
[4.622s] [100%] Built target unique_identifier_msgs_s__rosidl_typesupport_fastrtps_c
[4.623s] [100%] Built target unique_identifier_msgs_s__rosidl_typesupport_introspection_c
[4.632s] Invoked command in '/home/balling/projects/RIC/ros_ws/build/unique_identifier_msgs' returned '0': AMENT_PREFIX_PATH=/home/balling/projects/RIC/ros_ws/install/rosidl_core_runtime:/home/balling/projects/RIC/ros_ws/install/rosidl_core_generators:/home/balling/projects/RIC/ros_ws/install/rosidl_generator_rs:/home/balling/projects/RIC/ros_ws/install/rosidl_runtime_rs:${AMENT_PREFIX_PATH} CMAKE_PREFIX_PATH=/home/balling/projects/RIC/ros_ws/install/rosidl_core_runtime:/home/balling/projects/RIC/ros_ws/install/rosidl_core_generators:/home/balling/projects/RIC/ros_ws/install/rosidl_generator_rs:/home/balling/projects/RIC/mobile_robot_ws/install/mobile_robot:/home/balling/projects/RIC/mobile_robot_ws/install/articubot_one:/opt/ros/jazzy/opt/gz_sim_vendor:/opt/ros/jazzy/opt/gz_sensors_vendor:/opt/ros/jazzy/opt/gz_physics_vendor:/opt/ros/jazzy/opt/sdformat_vendor:/opt/ros/jazzy/opt/gz_gui_vendor:/opt/ros/jazzy/opt/gz_transport_vendor:/opt/ros/jazzy/opt/gz_rendering_vendor:/opt/ros/jazzy/opt/gz_plugin_vendor:/opt/ros/jazzy/opt/gz_fuel_tools_vendor:/opt/ros/jazzy/opt/gz_msgs_vendor:/opt/ros/jazzy/opt/gz_common_vendor:/opt/ros/jazzy/opt/gz_math_vendor:/opt/ros/jazzy/opt/gz_utils_vendor:/opt/ros/jazzy/opt/gz_tools_vendor:/opt/ros/jazzy/opt/gz_ogre_next_vendor:/opt/ros/jazzy/opt/gz_dartsim_vendor:/opt/ros/jazzy/opt/gz_cmake_vendor:/opt/ros/jazzy DEBUGINFOD_URLS=https://debuginfod.ubuntu.com PYTHONPATH=/home/balling/projects/RIC/ros_ws/install/rosidl_generator_rs/lib/python3.12/site-packages:${PYTHONPATH} /home/balling/.nix-profile/bin/cmake --build /home/balling/projects/RIC/ros_ws/build/unique_identifier_msgs -- -j8 -l8
[4.633s] Invoking command in '/home/balling/projects/RIC/ros_ws/build/unique_identifier_msgs': AMENT_PREFIX_PATH=/home/balling/projects/RIC/ros_ws/install/rosidl_core_runtime:/home/balling/projects/RIC/ros_ws/install/rosidl_core_generators:/home/balling/projects/RIC/ros_ws/install/rosidl_generator_rs:/home/balling/projects/RIC/ros_ws/install/rosidl_runtime_rs:${AMENT_PREFIX_PATH} CMAKE_PREFIX_PATH=/home/balling/projects/RIC/ros_ws/install/rosidl_core_runtime:/home/balling/projects/RIC/ros_ws/install/rosidl_core_generators:/home/balling/projects/RIC/ros_ws/install/rosidl_generator_rs:/home/balling/projects/RIC/mobile_robot_ws/install/mobile_robot:/home/balling/projects/RIC/mobile_robot_ws/install/articubot_one:/opt/ros/jazzy/opt/gz_sim_vendor:/opt/ros/jazzy/opt/gz_sensors_vendor:/opt/ros/jazzy/opt/gz_physics_vendor:/opt/ros/jazzy/opt/sdformat_vendor:/opt/ros/jazzy/opt/gz_gui_vendor:/opt/ros/jazzy/opt/gz_transport_vendor:/opt/ros/jazzy/opt/gz_rendering_vendor:/opt/ros/jazzy/opt/gz_plugin_vendor:/opt/ros/jazzy/opt/gz_fuel_tools_vendor:/opt/ros/jazzy/opt/gz_msgs_vendor:/opt/ros/jazzy/opt/gz_common_vendor:/opt/ros/jazzy/opt/gz_math_vendor:/opt/ros/jazzy/opt/gz_utils_vendor:/opt/ros/jazzy/opt/gz_tools_vendor:/opt/ros/jazzy/opt/gz_ogre_next_vendor:/opt/ros/jazzy/opt/gz_dartsim_vendor:/opt/ros/jazzy/opt/gz_cmake_vendor:/opt/ros/jazzy DEBUGINFOD_URLS=https://debuginfod.ubuntu.com PYTHONPATH=/home/balling/projects/RIC/ros_ws/install/rosidl_generator_rs/lib/python3.12/site-packages:${PYTHONPATH} /home/balling/.nix-profile/bin/cmake --install /home/balling/projects/RIC/ros_ws/build/unique_identifier_msgs
[4.639s] -- Install configuration: ""
[4.640s] -- Installing: /home/balling/projects/RIC/ros_ws/install/unique_identifier_msgs/share/ament_index/resource_index/rosidl_interfaces/unique_identifier_msgs
[4.640s] -- Installing: /home/balling/projects/RIC/ros_ws/install/unique_identifier_msgs/share/unique_identifier_msgs/msg/UUID.json
[4.640s] -- Installing: /home/balling/projects/RIC/ros_ws/install/unique_identifier_msgs/include/unique_identifier_msgs/unique_identifier_msgs
[4.641s] -- Installing: /home/balling/projects/RIC/ros_ws/install/unique_identifier_msgs/include/unique_identifier_msgs/unique_identifier_msgs/msg
[4.641s] -- Installing: /home/balling/projects/RIC/ros_ws/install/unique_identifier_msgs/include/unique_identifier_msgs/unique_identifier_msgs/msg/detail
[4.641s] -- Installing: /home/balling/projects/RIC/ros_ws/install/unique_identifier_msgs/include/unique_identifier_msgs/unique_identifier_msgs/msg/detail/uuid__type_support.c
[4.641s] -- Installing: /home/balling/projects/RIC/ros_ws/install/unique_identifier_msgs/include/unique_identifier_msgs/unique_identifier_msgs/msg/detail/uuid__description.c
[4.641s] -- Installing: /home/balling/projects/RIC/ros_ws/install/unique_identifier_msgs/include/unique_identifier_msgs/unique_identifier_msgs/msg/detail/uuid__struct.h
[4.642s] -- Installing: /home/balling/projects/RIC/ros_ws/install/unique_identifier_msgs/include/unique_identifier_msgs/unique_identifier_msgs/msg/detail/uuid__type_support.h
[4.642s] -- Installing: /home/balling/projects/RIC/ros_ws/install/unique_identifier_msgs/include/unique_identifier_msgs/unique_identifier_msgs/msg/detail/uuid__functions.h
[4.642s] -- Installing: /home/balling/projects/RIC/ros_ws/install/unique_identifier_msgs/include/unique_identifier_msgs/unique_identifier_msgs/msg/detail/uuid__functions.c
[4.642s] -- Installing: /home/balling/projects/RIC/ros_ws/install/unique_identifier_msgs/include/unique_identifier_msgs/unique_identifier_msgs/msg/uuid.h
[4.642s] -- Installing: /home/balling/projects/RIC/ros_ws/install/unique_identifier_msgs/include/unique_identifier_msgs/unique_identifier_msgs/msg/rosidl_generator_c__visibility_control.h
[4.642s] -- Installing: /home/balling/projects/RIC/ros_ws/install/unique_identifier_msgs/share/unique_identifier_msgs/environment/library_path.sh
[4.642s] -- Installing: /home/balling/projects/RIC/ros_ws/install/unique_identifier_msgs/share/unique_identifier_msgs/environment/library_path.dsv
[4.642s] -- Installing: /home/balling/projects/RIC/ros_ws/install/unique_identifier_msgs/lib/libunique_identifier_msgs__rosidl_generator_c.so
[4.642s] -- Set non-toolchain portion of runtime path of "/home/balling/projects/RIC/ros_ws/install/unique_identifier_msgs/lib/libunique_identifier_msgs__rosidl_generator_c.so" to ""
[4.642s] -- Up-to-date: /home/balling/projects/RIC/ros_ws/install/unique_identifier_msgs/include/unique_identifier_msgs/unique_identifier_msgs
[4.643s] -- Up-to-date: /home/balling/projects/RIC/ros_ws/install/unique_identifier_msgs/include/unique_identifier_msgs/unique_identifier_msgs/msg
[4.643s] -- Up-to-date: /home/balling/projects/RIC/ros_ws/install/unique_identifier_msgs/include/unique_identifier_msgs/unique_identifier_msgs/msg/detail
[4.643s] -- Installing: /home/balling/projects/RIC/ros_ws/install/unique_identifier_msgs/include/unique_identifier_msgs/unique_identifier_msgs/msg/detail/uuid__rosidl_typesupport_fastrtps_c.h
[4.643s] -- Installing: /home/balling/projects/RIC/ros_ws/install/unique_identifier_msgs/include/unique_identifier_msgs/unique_identifier_msgs/msg/rosidl_typesupport_fastrtps_c__visibility_control.h
[4.643s] -- Installing: /home/balling/projects/RIC/ros_ws/install/unique_identifier_msgs/lib/libunique_identifier_msgs__rosidl_typesupport_fastrtps_c.so
[4.643s] -- Set non-toolchain portion of runtime path of "/home/balling/projects/RIC/ros_ws/install/unique_identifier_msgs/lib/libunique_identifier_msgs__rosidl_typesupport_fastrtps_c.so" to ""
[4.643s] -- Up-to-date: /home/balling/projects/RIC/ros_ws/install/unique_identifier_msgs/include/unique_identifier_msgs/unique_identifier_msgs
[4.643s] -- Up-to-date: /home/balling/projects/RIC/ros_ws/install/unique_identifier_msgs/include/unique_identifier_msgs/unique_identifier_msgs/msg
[4.643s] -- Up-to-date: /home/balling/projects/RIC/ros_ws/install/unique_identifier_msgs/include/unique_identifier_msgs/unique_identifier_msgs/msg/detail
[4.643s] -- Up-to-date: /home/balling/projects/RIC/ros_ws/install/unique_identifier_msgs/include/unique_identifier_msgs/unique_identifier_msgs/msg/detail/uuid__type_support.c
[4.643s] -- Installing: /home/balling/projects/RIC/ros_ws/install/unique_identifier_msgs/include/unique_identifier_msgs/unique_identifier_msgs/msg/detail/uuid__rosidl_typesupport_introspection_c.h
[4.643s] -- Installing: /home/balling/projects/RIC/ros_ws/install/unique_identifier_msgs/include/unique_identifier_msgs/unique_identifier_msgs/msg/rosidl_typesupport_introspection_c__visibility_control.h
[4.644s] -- Installing: /home/balling/projects/RIC/ros_ws/install/unique_identifier_msgs/lib/libunique_identifier_msgs__rosidl_typesupport_introspection_c.so
[4.644s] -- Set non-toolchain portion of runtime path of "/home/balling/projects/RIC/ros_ws/install/unique_identifier_msgs/lib/libunique_identifier_msgs__rosidl_typesupport_introspection_c.so" to ""
[4.644s] -- Installing: /home/balling/projects/RIC/ros_ws/install/unique_identifier_msgs/lib/libunique_identifier_msgs__rosidl_typesupport_c.so
[4.644s] -- Set non-toolchain portion of runtime path of "/home/balling/projects/RIC/ros_ws/install/unique_identifier_msgs/lib/libunique_identifier_msgs__rosidl_typesupport_c.so" to ""
[4.644s] -- Up-to-date: /home/balling/projects/RIC/ros_ws/install/unique_identifier_msgs/include/unique_identifier_msgs/unique_identifier_msgs
[4.644s] -- Up-to-date: /home/balling/projects/RIC/ros_ws/install/unique_identifier_msgs/include/unique_identifier_msgs/unique_identifier_msgs/msg
[4.644s] -- Up-to-date: /home/balling/projects/RIC/ros_ws/install/unique_identifier_msgs/include/unique_identifier_msgs/unique_identifier_msgs/msg/detail
[4.644s] -- Installing: /home/balling/projects/RIC/ros_ws/install/unique_identifier_msgs/include/unique_identifier_msgs/unique_identifier_msgs/msg/detail/uuid__builder.hpp
[4.644s] -- Installing: /home/balling/projects/RIC/ros_ws/install/unique_identifier_msgs/include/unique_identifier_msgs/unique_identifier_msgs/msg/detail/uuid__traits.hpp
[4.644s] -- Installing: /home/balling/projects/RIC/ros_ws/install/unique_identifier_msgs/include/unique_identifier_msgs/unique_identifier_msgs/msg/detail/uuid__type_support.hpp
[4.645s] -- Installing: /home/balling/projects/RIC/ros_ws/install/unique_identifier_msgs/include/unique_identifier_msgs/unique_identifier_msgs/msg/detail/uuid__struct.hpp
[4.645s] -- Installing: /home/balling/projects/RIC/ros_ws/install/unique_identifier_msgs/include/unique_identifier_msgs/unique_identifier_msgs/msg/uuid.hpp
[4.645s] -- Installing: /home/balling/projects/RIC/ros_ws/install/unique_identifier_msgs/include/unique_identifier_msgs/unique_identifier_msgs/msg/rosidl_generator_cpp__visibility_control.hpp
[4.645s] -- Up-to-date: /home/balling/projects/RIC/ros_ws/install/unique_identifier_msgs/include/unique_identifier_msgs/unique_identifier_msgs
[4.645s] -- Up-to-date: /home/balling/projects/RIC/ros_ws/install/unique_identifier_msgs/include/unique_identifier_msgs/unique_identifier_msgs/msg
[4.645s] -- Up-to-date: /home/balling/projects/RIC/ros_ws/install/unique_identifier_msgs/include/unique_identifier_msgs/unique_identifier_msgs/msg/detail
[4.645s] -- Installing: /home/balling/projects/RIC/ros_ws/install/unique_identifier_msgs/include/unique_identifier_msgs/unique_identifier_msgs/msg/detail/uuid__rosidl_typesupport_fastrtps_cpp.hpp
[4.645s] -- Installing: /home/balling/projects/RIC/ros_ws/install/unique_identifier_msgs/include/unique_identifier_msgs/unique_identifier_msgs/msg/detail/dds_fastrtps
[4.645s] -- Installing: /home/balling/projects/RIC/ros_ws/install/unique_identifier_msgs/include/unique_identifier_msgs/unique_identifier_msgs/msg/rosidl_typesupport_fastrtps_cpp__visibility_control.h
[4.645s] -- Installing: /home/balling/projects/RIC/ros_ws/install/unique_identifier_msgs/lib/libunique_identifier_msgs__rosidl_typesupport_fastrtps_cpp.so
[4.645s] -- Set non-toolchain portion of runtime path of "/home/balling/projects/RIC/ros_ws/install/unique_identifier_msgs/lib/libunique_identifier_msgs__rosidl_typesupport_fastrtps_cpp.so" to ""
[4.645s] -- Up-to-date: /home/balling/projects/RIC/ros_ws/install/unique_identifier_msgs/include/unique_identifier_msgs/unique_identifier_msgs
[4.646s] -- Up-to-date: /home/balling/projects/RIC/ros_ws/install/unique_identifier_msgs/include/unique_identifier_msgs/unique_identifier_msgs/msg
[4.646s] -- Up-to-date: /home/balling/projects/RIC/ros_ws/install/unique_identifier_msgs/include/unique_identifier_msgs/unique_identifier_msgs/msg/detail
[4.646s] -- Installing: /home/balling/projects/RIC/ros_ws/install/unique_identifier_msgs/include/unique_identifier_msgs/unique_identifier_msgs/msg/detail/uuid__type_support.cpp
[4.646s] -- Installing: /home/balling/projects/RIC/ros_ws/install/unique_identifier_msgs/include/unique_identifier_msgs/unique_identifier_msgs/msg/detail/uuid__rosidl_typesupport_introspection_cpp.hpp
[4.646s] -- Installing: /home/balling/projects/RIC/ros_ws/install/unique_identifier_msgs/lib/libunique_identifier_msgs__rosidl_typesupport_introspection_cpp.so
[4.646s] -- Set non-toolchain portion of runtime path of "/home/balling/projects/RIC/ros_ws/install/unique_identifier_msgs/lib/libunique_identifier_msgs__rosidl_typesupport_introspection_cpp.so" to ""
[4.646s] -- Installing: /home/balling/projects/RIC/ros_ws/install/unique_identifier_msgs/lib/libunique_identifier_msgs__rosidl_typesupport_cpp.so
[4.646s] -- Set non-toolchain portion of runtime path of "/home/balling/projects/RIC/ros_ws/install/unique_identifier_msgs/lib/libunique_identifier_msgs__rosidl_typesupport_cpp.so" to ""
[4.646s] -- Installing: /home/balling/projects/RIC/ros_ws/install/unique_identifier_msgs/share/ament_index/resource_index/rust_packages/unique_identifier_msgs
[4.646s] -- Installing: /home/balling/projects/RIC/ros_ws/install/unique_identifier_msgs/share/unique_identifier_msgs/rust
[4.646s] -- Installing: /home/balling/projects/RIC/ros_ws/install/unique_identifier_msgs/share/unique_identifier_msgs/rust/build.rs
[4.646s] -- Installing: /home/balling/projects/RIC/ros_ws/install/unique_identifier_msgs/share/unique_identifier_msgs/rust/Cargo.toml
[4.646s] -- Installing: /home/balling/projects/RIC/ros_ws/install/unique_identifier_msgs/share/unique_identifier_msgs/rust/src
[4.647s] -- Installing: /home/balling/projects/RIC/ros_ws/install/unique_identifier_msgs/share/unique_identifier_msgs/rust/src/lib.rs
[4.647s] -- Installing: /home/balling/projects/RIC/ros_ws/install/unique_identifier_msgs/share/unique_identifier_msgs/rust/src/msg.rs
[4.647s] -- Installing: /home/balling/projects/RIC/ros_ws/install/unique_identifier_msgs/share/unique_identifier_msgs/environment/pythonpath.sh
[4.647s] -- Installing: /home/balling/projects/RIC/ros_ws/install/unique_identifier_msgs/share/unique_identifier_msgs/environment/pythonpath.dsv
[4.647s] -- Installing: /home/balling/projects/RIC/ros_ws/install/unique_identifier_msgs/lib/python3.12/site-packages/unique_identifier_msgs-2.5.0-py3.12.egg-info
[4.648s] -- Installing: /home/balling/projects/RIC/ros_ws/install/unique_identifier_msgs/lib/python3.12/site-packages/unique_identifier_msgs-2.5.0-py3.12.egg-info/PKG-INFO
[4.648s] -- Installing: /home/balling/projects/RIC/ros_ws/install/unique_identifier_msgs/lib/python3.12/site-packages/unique_identifier_msgs-2.5.0-py3.12.egg-info/dependency_links.txt
[4.648s] -- Installing: /home/balling/projects/RIC/ros_ws/install/unique_identifier_msgs/lib/python3.12/site-packages/unique_identifier_msgs-2.5.0-py3.12.egg-info/top_level.txt
[4.648s] -- Installing: /home/balling/projects/RIC/ros_ws/install/unique_identifier_msgs/lib/python3.12/site-packages/unique_identifier_msgs-2.5.0-py3.12.egg-info/SOURCES.txt
[4.648s] -- Installing: /home/balling/projects/RIC/ros_ws/install/unique_identifier_msgs/lib/python3.12/site-packages/unique_identifier_msgs
[4.648s] -- Installing: /home/balling/projects/RIC/ros_ws/install/unique_identifier_msgs/lib/python3.12/site-packages/unique_identifier_msgs/unique_identifier_msgs_s__rosidl_typesupport_introspection_c.so
[4.648s] -- Installing: /home/balling/projects/RIC/ros_ws/install/unique_identifier_msgs/lib/python3.12/site-packages/unique_identifier_msgs/unique_identifier_msgs_s__rosidl_typesupport_c.so
[4.649s] -- Installing: /home/balling/projects/RIC/ros_ws/install/unique_identifier_msgs/lib/python3.12/site-packages/unique_identifier_msgs/unique_identifier_msgs_s__rosidl_typesupport_fastrtps_c.so
[4.649s] -- Installing: /home/balling/projects/RIC/ros_ws/install/unique_identifier_msgs/lib/python3.12/site-packages/unique_identifier_msgs/msg
[4.649s] -- Installing: /home/balling/projects/RIC/ros_ws/install/unique_identifier_msgs/lib/python3.12/site-packages/unique_identifier_msgs/msg/_uuid_s.c
[4.649s] -- Installing: /home/balling/projects/RIC/ros_ws/install/unique_identifier_msgs/lib/python3.12/site-packages/unique_identifier_msgs/msg/_uuid.py
[4.649s] -- Installing: /home/balling/projects/RIC/ros_ws/install/unique_identifier_msgs/lib/python3.12/site-packages/unique_identifier_msgs/msg/__init__.py
[4.649s] -- Installing: /home/balling/projects/RIC/ros_ws/install/unique_identifier_msgs/lib/python3.12/site-packages/unique_identifier_msgs/_unique_identifier_msgs_s.ep.rosidl_typesupport_fastrtps_c.c
[4.649s] -- Installing: /home/balling/projects/RIC/ros_ws/install/unique_identifier_msgs/lib/python3.12/site-packages/unique_identifier_msgs/_unique_identifier_msgs_s.ep.rosidl_typesupport_c.c
[4.649s] -- Installing: /home/balling/projects/RIC/ros_ws/install/unique_identifier_msgs/lib/python3.12/site-packages/unique_identifier_msgs/_unique_identifier_msgs_s.ep.rosidl_typesupport_introspection_c.c
[4.649s] -- Installing: /home/balling/projects/RIC/ros_ws/install/unique_identifier_msgs/lib/python3.12/site-packages/unique_identifier_msgs/__init__.py
[4.679s] Listing '/home/balling/projects/RIC/ros_ws/install/unique_identifier_msgs/lib/python3.12/site-packages/unique_identifier_msgs'...
[4.679s] Compiling '/home/balling/projects/RIC/ros_ws/install/unique_identifier_msgs/lib/python3.12/site-packages/unique_identifier_msgs/__init__.py'...
[4.679s] Listing '/home/balling/projects/RIC/ros_ws/install/unique_identifier_msgs/lib/python3.12/site-packages/unique_identifier_msgs/msg'...
[4.679s] Compiling '/home/balling/projects/RIC/ros_ws/install/unique_identifier_msgs/lib/python3.12/site-packages/unique_identifier_msgs/msg/__init__.py'...
[4.679s] Compiling '/home/balling/projects/RIC/ros_ws/install/unique_identifier_msgs/lib/python3.12/site-packages/unique_identifier_msgs/msg/_uuid.py'...
[4.690s] -- Installing: /home/balling/projects/RIC/ros_ws/install/unique_identifier_msgs/lib/python3.12/site-packages/unique_identifier_msgs/unique_identifier_msgs_s__rosidl_typesupport_fastrtps_c.so
[4.690s] -- Set non-toolchain portion of runtime path of "/home/balling/projects/RIC/ros_ws/install/unique_identifier_msgs/lib/python3.12/site-packages/unique_identifier_msgs/unique_identifier_msgs_s__rosidl_typesupport_fastrtps_c.so" to ""
[4.690s] -- Installing: /home/balling/projects/RIC/ros_ws/install/unique_identifier_msgs/lib/python3.12/site-packages/unique_identifier_msgs/unique_identifier_msgs_s__rosidl_typesupport_introspection_c.so
[4.690s] -- Set non-toolchain portion of runtime path of "/home/balling/projects/RIC/ros_ws/install/unique_identifier_msgs/lib/python3.12/site-packages/unique_identifier_msgs/unique_identifier_msgs_s__rosidl_typesupport_introspection_c.so" to ""
[4.690s] -- Installing: /home/balling/projects/RIC/ros_ws/install/unique_identifier_msgs/lib/python3.12/site-packages/unique_identifier_msgs/unique_identifier_msgs_s__rosidl_typesupport_c.so
[4.690s] -- Set non-toolchain portion of runtime path of "/home/balling/projects/RIC/ros_ws/install/unique_identifier_msgs/lib/python3.12/site-packages/unique_identifier_msgs/unique_identifier_msgs_s__rosidl_typesupport_c.so" to ""
[4.690s] -- Installing: /home/balling/projects/RIC/ros_ws/install/unique_identifier_msgs/lib/libunique_identifier_msgs__rosidl_generator_py.so
[4.692s] -- Set non-toolchain portion of runtime path of "/home/balling/projects/RIC/ros_ws/install/unique_identifier_msgs/lib/libunique_identifier_msgs__rosidl_generator_py.so" to ""
[4.692s] -- Installing: /home/balling/projects/RIC/ros_ws/install/unique_identifier_msgs/share/unique_identifier_msgs/msg/UUID.idl
[4.692s] -- Installing: /home/balling/projects/RIC/ros_ws/install/unique_identifier_msgs/share/unique_identifier_msgs/msg/UUID.msg
[4.692s] -- Installing: /home/balling/projects/RIC/ros_ws/install/unique_identifier_msgs/share/ament_index/resource_index/package_run_dependencies/unique_identifier_msgs
[4.693s] -- Installing: /home/balling/projects/RIC/ros_ws/install/unique_identifier_msgs/share/ament_index/resource_index/parent_prefix_path/unique_identifier_msgs
[4.693s] -- Installing: /home/balling/projects/RIC/ros_ws/install/unique_identifier_msgs/share/unique_identifier_msgs/environment/ament_prefix_path.sh
[4.693s] -- Installing: /home/balling/projects/RIC/ros_ws/install/unique_identifier_msgs/share/unique_identifier_msgs/environment/ament_prefix_path.dsv
[4.693s] -- Installing: /home/balling/projects/RIC/ros_ws/install/unique_identifier_msgs/share/unique_identifier_msgs/environment/path.sh
[4.693s] -- Installing: /home/balling/projects/RIC/ros_ws/install/unique_identifier_msgs/share/unique_identifier_msgs/environment/path.dsv
[4.694s] -- Installing: /home/balling/projects/RIC/ros_ws/install/unique_identifier_msgs/share/unique_identifier_msgs/local_setup.bash
[4.694s] -- Installing: /home/balling/projects/RIC/ros_ws/install/unique_identifier_msgs/share/unique_identifier_msgs/local_setup.sh
[4.694s] -- Installing: /home/balling/projects/RIC/ros_ws/install/unique_identifier_msgs/share/unique_identifier_msgs/local_setup.zsh
[4.694s] -- Installing: /home/balling/projects/RIC/ros_ws/install/unique_identifier_msgs/share/unique_identifier_msgs/local_setup.dsv
[4.694s] -- Installing: /home/balling/projects/RIC/ros_ws/install/unique_identifier_msgs/share/unique_identifier_msgs/package.dsv
[4.694s] -- Installing: /home/balling/projects/RIC/ros_ws/install/unique_identifier_msgs/share/ament_index/resource_index/packages/unique_identifier_msgs
[4.694s] -- Installing: /home/balling/projects/RIC/ros_ws/install/unique_identifier_msgs/share/unique_identifier_msgs/cmake/export_unique_identifier_msgs__rosidl_generator_cExport.cmake
[4.694s] -- Installing: /home/balling/projects/RIC/ros_ws/install/unique_identifier_msgs/share/unique_identifier_msgs/cmake/export_unique_identifier_msgs__rosidl_generator_cExport-noconfig.cmake
[4.694s] -- Installing: /home/balling/projects/RIC/ros_ws/install/unique_identifier_msgs/share/unique_identifier_msgs/cmake/export_unique_identifier_msgs__rosidl_typesupport_fastrtps_cExport.cmake
[4.695s] -- Installing: /home/balling/projects/RIC/ros_ws/install/unique_identifier_msgs/share/unique_identifier_msgs/cmake/export_unique_identifier_msgs__rosidl_typesupport_fastrtps_cExport-noconfig.cmake
[4.695s] -- Installing: /home/balling/projects/RIC/ros_ws/install/unique_identifier_msgs/share/unique_identifier_msgs/cmake/unique_identifier_msgs__rosidl_typesupport_introspection_cExport.cmake
[4.695s] -- Installing: /home/balling/projects/RIC/ros_ws/install/unique_identifier_msgs/share/unique_identifier_msgs/cmake/unique_identifier_msgs__rosidl_typesupport_introspection_cExport-noconfig.cmake
[4.695s] -- Installing: /home/balling/projects/RIC/ros_ws/install/unique_identifier_msgs/share/unique_identifier_msgs/cmake/unique_identifier_msgs__rosidl_typesupport_cExport.cmake
[4.695s] -- Installing: /home/balling/projects/RIC/ros_ws/install/unique_identifier_msgs/share/unique_identifier_msgs/cmake/unique_identifier_msgs__rosidl_typesupport_cExport-noconfig.cmake
[4.695s] -- Installing: /home/balling/projects/RIC/ros_ws/install/unique_identifier_msgs/share/unique_identifier_msgs/cmake/export_unique_identifier_msgs__rosidl_generator_cppExport.cmake
[4.695s] -- Installing: /home/balling/projects/RIC/ros_ws/install/unique_identifier_msgs/share/unique_identifier_msgs/cmake/export_unique_identifier_msgs__rosidl_typesupport_fastrtps_cppExport.cmake
[4.695s] -- Installing: /home/balling/projects/RIC/ros_ws/install/unique_identifier_msgs/share/unique_identifier_msgs/cmake/export_unique_identifier_msgs__rosidl_typesupport_fastrtps_cppExport-noconfig.cmake
[4.695s] -- Installing: /home/balling/projects/RIC/ros_ws/install/unique_identifier_msgs/share/unique_identifier_msgs/cmake/unique_identifier_msgs__rosidl_typesupport_introspection_cppExport.cmake
[4.696s] -- Installing: /home/balling/projects/RIC/ros_ws/install/unique_identifier_msgs/share/unique_identifier_msgs/cmake/unique_identifier_msgs__rosidl_typesupport_introspection_cppExport-noconfig.cmake
[4.696s] -- Installing: /home/balling/projects/RIC/ros_ws/install/unique_identifier_msgs/share/unique_identifier_msgs/cmake/unique_identifier_msgs__rosidl_typesupport_cppExport.cmake
[4.696s] -- Installing: /home/balling/projects/RIC/ros_ws/install/unique_identifier_msgs/share/unique_identifier_msgs/cmake/unique_identifier_msgs__rosidl_typesupport_cppExport-noconfig.cmake
[4.696s] -- Installing: /home/balling/projects/RIC/ros_ws/install/unique_identifier_msgs/share/unique_identifier_msgs/cmake/export_unique_identifier_msgs__rosidl_generator_pyExport.cmake
[4.696s] -- Installing: /home/balling/projects/RIC/ros_ws/install/unique_identifier_msgs/share/unique_identifier_msgs/cmake/export_unique_identifier_msgs__rosidl_generator_pyExport-noconfig.cmake
[4.696s] -- Installing: /home/balling/projects/RIC/ros_ws/install/unique_identifier_msgs/share/unique_identifier_msgs/cmake/rosidl_cmake-extras.cmake
[4.696s] -- Installing: /home/balling/projects/RIC/ros_ws/install/unique_identifier_msgs/share/unique_identifier_msgs/cmake/ament_cmake_export_include_directories-extras.cmake
[4.696s] -- Installing: /home/balling/projects/RIC/ros_ws/install/unique_identifier_msgs/share/unique_identifier_msgs/cmake/ament_cmake_export_libraries-extras.cmake
[4.696s] -- Installing: /home/balling/projects/RIC/ros_ws/install/unique_identifier_msgs/share/unique_identifier_msgs/cmake/ament_cmake_export_targets-extras.cmake
[4.696s] -- Installing: /home/balling/projects/RIC/ros_ws/install/unique_identifier_msgs/share/unique_identifier_msgs/cmake/rosidl_cmake_export_typesupport_targets-extras.cmake
[4.696s] -- Installing: /home/balling/projects/RIC/ros_ws/install/unique_identifier_msgs/share/unique_identifier_msgs/cmake/ament_cmake_export_dependencies-extras.cmake
[4.696s] -- Installing: /home/balling/projects/RIC/ros_ws/install/unique_identifier_msgs/share/unique_identifier_msgs/cmake/rosidl_cmake_export_typesupport_libraries-extras.cmake
[4.697s] -- Installing: /home/balling/projects/RIC/ros_ws/install/unique_identifier_msgs/share/unique_identifier_msgs/cmake/unique_identifier_msgsConfig.cmake
[4.697s] -- Installing: /home/balling/projects/RIC/ros_ws/install/unique_identifier_msgs/share/unique_identifier_msgs/cmake/unique_identifier_msgsConfig-version.cmake
[4.697s] -- Installing: /home/balling/projects/RIC/ros_ws/install/unique_identifier_msgs/share/unique_identifier_msgs/package.xml
[4.697s] -- Installing: /home/balling/projects/RIC/ros_ws/install/unique_identifier_msgs/share/unique_identifier_msgs/mapping_rules.yaml
[4.701s] Invoked command in '/home/balling/projects/RIC/ros_ws/build/unique_identifier_msgs' returned '0': AMENT_PREFIX_PATH=/home/balling/projects/RIC/ros_ws/install/rosidl_core_runtime:/home/balling/projects/RIC/ros_ws/install/rosidl_core_generators:/home/balling/projects/RIC/ros_ws/install/rosidl_generator_rs:/home/balling/projects/RIC/ros_ws/install/rosidl_runtime_rs:${AMENT_PREFIX_PATH} CMAKE_PREFIX_PATH=/home/balling/projects/RIC/ros_ws/install/rosidl_core_runtime:/home/balling/projects/RIC/ros_ws/install/rosidl_core_generators:/home/balling/projects/RIC/ros_ws/install/rosidl_generator_rs:/home/balling/projects/RIC/mobile_robot_ws/install/mobile_robot:/home/balling/projects/RIC/mobile_robot_ws/install/articubot_one:/opt/ros/jazzy/opt/gz_sim_vendor:/opt/ros/jazzy/opt/gz_sensors_vendor:/opt/ros/jazzy/opt/gz_physics_vendor:/opt/ros/jazzy/opt/sdformat_vendor:/opt/ros/jazzy/opt/gz_gui_vendor:/opt/ros/jazzy/opt/gz_transport_vendor:/opt/ros/jazzy/opt/gz_rendering_vendor:/opt/ros/jazzy/opt/gz_plugin_vendor:/opt/ros/jazzy/opt/gz_fuel_tools_vendor:/opt/ros/jazzy/opt/gz_msgs_vendor:/opt/ros/jazzy/opt/gz_common_vendor:/opt/ros/jazzy/opt/gz_math_vendor:/opt/ros/jazzy/opt/gz_utils_vendor:/opt/ros/jazzy/opt/gz_tools_vendor:/opt/ros/jazzy/opt/gz_ogre_next_vendor:/opt/ros/jazzy/opt/gz_dartsim_vendor:/opt/ros/jazzy/opt/gz_cmake_vendor:/opt/ros/jazzy DEBUGINFOD_URLS=https://debuginfod.ubuntu.com PYTHONPATH=/home/balling/projects/RIC/ros_ws/install/rosidl_generator_rs/lib/python3.12/site-packages:${PYTHONPATH} /home/balling/.nix-profile/bin/cmake --install /home/balling/projects/RIC/ros_ws/build/unique_identifier_msgs
