-- The C compiler identification is GNU 13.3.0
-- The CXX compiler identification is GNU 13.3.0
-- Detecting C compiler ABI info
-- Detecting C compiler ABI info - done
-- Check for working C compiler: /usr/bin/cc - skipped
-- Detecting C compile features
-- Detecting C compile features - done
-- Detecting CXX compiler ABI info
-- Detecting CXX compiler ABI info - done
-- Check for working CXX compiler: /usr/bin/c++ - skipped
-- Detecting CXX compile features
-- Detecting CXX compile features - done
-- Found ament_cmake: 2.5.2 (/opt/ros/jazzy/share/ament_cmake/cmake)
-- Found Python3: /usr/bin/python3 (found version "3.12.3") found components: Interpreter
-- Found rosidl_default_generators: 1.6.0 (/home/balling/projects/RIC/ros_ws/install/rosidl_default_generators/share/rosidl_default_generators/cmake)
-- Using all available rosidl_typesupport_c: rosidl_typesupport_fastrtps_c;rosidl_typesupport_introspection_c
-- Using all available rosidl_typesupport_cpp: rosidl_typesupport_fastrtps_cpp;rosidl_typesupport_introspection_cpp
-- Found rosidl_adapter: 4.6.4 (/opt/ros/jazzy/share/rosidl_adapter/cmake)
-- Found std_msgs: 5.3.5 (/home/balling/projects/RIC/ros_ws/install/std_msgs/share/std_msgs/cmake)
-- Found geometry_msgs: 5.3.5 (/home/balling/projects/RIC/ros_ws/install/geometry_msgs/share/geometry_msgs/cmake)
-- Found unique_identifier_msgs: 2.5.0 (/home/balling/projects/RIC/ros_ws/install/unique_identifier_msgs/share/unique_identifier_msgs/cmake)
-- Found ament_cmake_cppcheck: 0.17.1 (/opt/ros/jazzy/share/ament_cmake_cppcheck/cmake)
-- Found ament_cmake_cpplint: 0.17.1 (/opt/ros/jazzy/share/ament_cmake_cpplint/cmake)
-- Found ament_cmake_uncrustify: 0.17.1 (/opt/ros/jazzy/share/ament_cmake_uncrustify/cmake)
-- Found ament_cmake_ros: 0.12.0 (/opt/ros/jazzy/share/ament_cmake_ros/cmake)
-- Using all available rosidl_typesupport_c: rosidl_typesupport_fastrtps_c;rosidl_typesupport_introspection_c
-- Using all available rosidl_typesupport_cpp: rosidl_typesupport_fastrtps_cpp;rosidl_typesupport_introspection_cpp
-- Found python_cmake_module: 0.11.1 (/opt/ros/jazzy/share/python_cmake_module/cmake)
-- Found PythonExtra: /usr/bin/python3
-- Found Python3: /usr/bin/python3 (found version "3.12.3") found components: Interpreter Development NumPy Development.Module Development.Embed
-- Found ament_cmake_flake8: 0.17.1 (/opt/ros/jazzy/share/ament_cmake_flake8/cmake)
-- Found ament_cmake_pep257: 0.17.1 (/opt/ros/jazzy/share/ament_cmake_pep257/cmake)
-- Configuring done (2.9s)
-- Generating done (0.1s)
-- Build files have been written to: /home/balling/projects/RIC/ros_ws/build/geographic_msgs
[  1%] [34m[1mGenerating type hashes for ROS interfaces[0m
[  2%] [34m[1mGenerating Rust code for ROS interfaces[0m
[  2%] Built target ament_cmake_python_copy_geographic_msgs
running egg_info
creating geographic_msgs.egg-info
writing geographic_msgs.egg-info/PKG-INFO
writing dependency_links to geographic_msgs.egg-info/dependency_links.txt
writing top-level names to geographic_msgs.egg-info/top_level.txt
writing manifest file 'geographic_msgs.egg-info/SOURCES.txt'
reading manifest file 'geographic_msgs.egg-info/SOURCES.txt'
writing manifest file 'geographic_msgs.egg-info/SOURCES.txt'
[  2%] Built target ament_cmake_python_build_geographic_msgs_egg
[  2%] Built target geographic_msgs__rosidl_generator_type_description
[  2%] Built target geographic_msgs__rs
[  2%] [34m[1mGenerating C code for ROS interfaces[0m
[  2%] [34m[1mGenerating C++ code for ROS interfaces[0m
[  2%] Built target geographic_msgs__cpp
[  4%] [32mBuilding C object CMakeFiles/geographic_msgs__rosidl_generator_c.dir/rosidl_generator_c/geographic_msgs/msg/detail/bounding_box__description.c.o[0m
[  4%] [32mBuilding C object CMakeFiles/geographic_msgs__rosidl_generator_c.dir/rosidl_generator_c/geographic_msgs/msg/detail/geo_point__functions.c.o[0m
[  4%] [32mBuilding C object CMakeFiles/geographic_msgs__rosidl_generator_c.dir/rosidl_generator_c/geographic_msgs/msg/detail/geo_point__type_support.c.o[0m
[  5%] [32mBuilding C object CMakeFiles/geographic_msgs__rosidl_generator_c.dir/rosidl_generator_c/geographic_msgs/msg/detail/geo_point__description.c.o[0m
[  5%] [32mBuilding C object CMakeFiles/geographic_msgs__rosidl_generator_c.dir/rosidl_generator_c/geographic_msgs/msg/detail/bounding_box__functions.c.o[0m
[  5%] [32mBuilding C object CMakeFiles/geographic_msgs__rosidl_generator_c.dir/rosidl_generator_c/geographic_msgs/msg/detail/geographic_map_changes__functions.c.o[0m
[  5%] [32mBuilding C object CMakeFiles/geographic_msgs__rosidl_generator_c.dir/rosidl_generator_c/geographic_msgs/msg/detail/geographic_map__description.c.o[0m
[  6%] [32mBuilding C object CMakeFiles/geographic_msgs__rosidl_generator_c.dir/rosidl_generator_c/geographic_msgs/msg/detail/geographic_map_changes__type_support.c.o[0m
[  7%] [32mBuilding C object CMakeFiles/geographic_msgs__rosidl_generator_c.dir/rosidl_generator_c/geographic_msgs/msg/detail/geographic_map__functions.c.o[0m
[  8%] [32mBuilding C object CMakeFiles/geographic_msgs__rosidl_generator_c.dir/rosidl_generator_c/geographic_msgs/msg/detail/geographic_map__type_support.c.o[0m
[  8%] [32mBuilding C object CMakeFiles/geographic_msgs__rosidl_generator_c.dir/rosidl_generator_c/geographic_msgs/msg/detail/geo_pose__description.c.o[0m
[  9%] [32mBuilding C object CMakeFiles/geographic_msgs__rosidl_generator_c.dir/rosidl_generator_c/geographic_msgs/msg/detail/geo_pose__functions.c.o[0m
[  9%] [32mBuilding C object CMakeFiles/geographic_msgs__rosidl_generator_c.dir/rosidl_generator_c/geographic_msgs/msg/detail/geo_pose__type_support.c.o[0m
[ 10%] [32mBuilding C object CMakeFiles/geographic_msgs__rosidl_generator_c.dir/rosidl_generator_c/geographic_msgs/msg/detail/key_value__description.c.o[0m
[ 11%] [32mBuilding C object CMakeFiles/geographic_msgs__rosidl_generator_c.dir/rosidl_generator_c/geographic_msgs/msg/detail/key_value__functions.c.o[0m
[ 11%] [32mBuilding C object CMakeFiles/geographic_msgs__rosidl_generator_c.dir/rosidl_generator_c/geographic_msgs/msg/detail/key_value__type_support.c.o[0m
[ 12%] [32mBuilding C object CMakeFiles/geographic_msgs__rosidl_generator_c.dir/rosidl_generator_c/geographic_msgs/msg/detail/map_feature__description.c.o[0m
[ 12%] [32mBuilding C object CMakeFiles/geographic_msgs__rosidl_generator_c.dir/rosidl_generator_c/geographic_msgs/msg/detail/map_feature__functions.c.o[0m
[ 13%] [32mBuilding C object CMakeFiles/geographic_msgs__rosidl_generator_c.dir/rosidl_generator_c/geographic_msgs/msg/detail/map_feature__type_support.c.o[0m
[ 14%] [32mBuilding C object CMakeFiles/geographic_msgs__rosidl_generator_c.dir/rosidl_generator_c/geographic_msgs/msg/detail/route_network__description.c.o[0m
[ 14%] [32mBuilding C object CMakeFiles/geographic_msgs__rosidl_generator_c.dir/rosidl_generator_c/geographic_msgs/msg/detail/route_network__functions.c.o[0m
[ 15%] [32mBuilding C object CMakeFiles/geographic_msgs__rosidl_generator_c.dir/rosidl_generator_c/geographic_msgs/msg/detail/route_network__type_support.c.o[0m
[ 15%] [32mBuilding C object CMakeFiles/geographic_msgs__rosidl_generator_c.dir/rosidl_generator_c/geographic_msgs/msg/detail/route_path__description.c.o[0m
[ 16%] [32mBuilding C object CMakeFiles/geographic_msgs__rosidl_generator_c.dir/rosidl_generator_c/geographic_msgs/msg/detail/route_path__functions.c.o[0m
[ 17%] [32mBuilding C object CMakeFiles/geographic_msgs__rosidl_generator_c.dir/rosidl_generator_c/geographic_msgs/msg/detail/route_path__type_support.c.o[0m
[ 17%] [32mBuilding C object CMakeFiles/geographic_msgs__rosidl_generator_c.dir/rosidl_generator_c/geographic_msgs/msg/detail/route_segment__description.c.o[0m
[ 18%] [32mBuilding C object CMakeFiles/geographic_msgs__rosidl_generator_c.dir/rosidl_generator_c/geographic_msgs/msg/detail/route_segment__functions.c.o[0m
[ 19%] [32mBuilding C object CMakeFiles/geographic_msgs__rosidl_generator_c.dir/rosidl_generator_c/geographic_msgs/msg/detail/route_segment__type_support.c.o[0m
[ 19%] [32mBuilding C object CMakeFiles/geographic_msgs__rosidl_generator_c.dir/rosidl_generator_c/geographic_msgs/msg/detail/way_point__description.c.o[0m
[ 20%] [32mBuilding C object CMakeFiles/geographic_msgs__rosidl_generator_c.dir/rosidl_generator_c/geographic_msgs/msg/detail/way_point__functions.c.o[0m
[ 20%] [32mBuilding C object CMakeFiles/geographic_msgs__rosidl_generator_c.dir/rosidl_generator_c/geographic_msgs/msg/detail/way_point__type_support.c.o[0m
[ 21%] [32mBuilding C object CMakeFiles/geographic_msgs__rosidl_generator_c.dir/rosidl_generator_c/geographic_msgs/msg/detail/bounding_box__type_support.c.o[0m
[ 22%] [32mBuilding C object CMakeFiles/geographic_msgs__rosidl_generator_c.dir/rosidl_generator_c/geographic_msgs/msg/detail/geographic_map_changes__description.c.o[0m
[ 23%] [32mBuilding C object CMakeFiles/geographic_msgs__rosidl_generator_c.dir/rosidl_generator_c/geographic_msgs/srv/detail/get_geographic_map__description.c.o[0m
[ 24%] [32mBuilding C object CMakeFiles/geographic_msgs__rosidl_generator_c.dir/rosidl_generator_c/geographic_msgs/srv/detail/get_geographic_map__functions.c.o[0m
[ 24%] [32mBuilding C object CMakeFiles/geographic_msgs__rosidl_generator_c.dir/rosidl_generator_c/geographic_msgs/srv/detail/get_geographic_map__type_support.c.o[0m
[ 25%] [32mBuilding C object CMakeFiles/geographic_msgs__rosidl_generator_c.dir/rosidl_generator_c/geographic_msgs/srv/detail/get_route_plan__description.c.o[0m
[ 25%] [32mBuilding C object CMakeFiles/geographic_msgs__rosidl_generator_c.dir/rosidl_generator_c/geographic_msgs/srv/detail/get_route_plan__functions.c.o[0m
[ 26%] [32mBuilding C object CMakeFiles/geographic_msgs__rosidl_generator_c.dir/rosidl_generator_c/geographic_msgs/srv/detail/get_route_plan__type_support.c.o[0m
[ 27%] [32mBuilding C object CMakeFiles/geographic_msgs__rosidl_generator_c.dir/rosidl_generator_c/geographic_msgs/srv/detail/update_geographic_map__description.c.o[0m
[ 27%] [32mBuilding C object CMakeFiles/geographic_msgs__rosidl_generator_c.dir/rosidl_generator_c/geographic_msgs/srv/detail/update_geographic_map__functions.c.o[0m
[ 28%] [32mBuilding C object CMakeFiles/geographic_msgs__rosidl_generator_c.dir/rosidl_generator_c/geographic_msgs/srv/detail/update_geographic_map__type_support.c.o[0m
[ 28%] [32m[1mLinking C shared library libgeographic_msgs__rosidl_generator_c.so[0m
[ 28%] Built target geographic_msgs__rosidl_generator_c
[ 29%] [34m[1mGenerating C type support dispatch for ROS interfaces[0m
[ 30%] [34m[1mGenerating C type support for eProsima Fast-RTPS[0m
[ 30%] [34m[1mGenerating C introspection for ROS interfaces[0m
[ 31%] [34m[1mGenerating C++ type support for eProsima Fast-RTPS[0m
[ 31%] [34m[1mGenerating C++ introspection for ROS interfaces[0m
[ 32%] [32mBuilding C object CMakeFiles/geographic_msgs__rosidl_typesupport_introspection_c.dir/rosidl_typesupport_introspection_c/geographic_msgs/msg/detail/geo_point__type_support.c.o[0m
[ 33%] [32mBuilding C object CMakeFiles/geographic_msgs__rosidl_typesupport_introspection_c.dir/rosidl_typesupport_introspection_c/geographic_msgs/msg/detail/bounding_box__type_support.c.o[0m
[ 33%] [32mBuilding C object CMakeFiles/geographic_msgs__rosidl_typesupport_introspection_c.dir/rosidl_typesupport_introspection_c/geographic_msgs/msg/detail/geographic_map_changes__type_support.c.o[0m
[ 33%] [32mBuilding CXX object CMakeFiles/geographic_msgs__rosidl_typesupport_c.dir/rosidl_typesupport_c/geographic_msgs/msg/geo_point__type_support.cpp.o[0m
[ 34%] [32mBuilding C object CMakeFiles/geographic_msgs__rosidl_typesupport_introspection_c.dir/rosidl_typesupport_introspection_c/geographic_msgs/msg/detail/geographic_map__type_support.c.o[0m
[ 35%] [32mBuilding CXX object CMakeFiles/geographic_msgs__rosidl_typesupport_c.dir/rosidl_typesupport_c/geographic_msgs/msg/bounding_box__type_support.cpp.o[0m
[ 36%] [32mBuilding C object CMakeFiles/geographic_msgs__rosidl_typesupport_introspection_c.dir/rosidl_typesupport_introspection_c/geographic_msgs/msg/detail/geo_pose__type_support.c.o[0m
[ 37%] [32mBuilding CXX object CMakeFiles/geographic_msgs__rosidl_typesupport_c.dir/rosidl_typesupport_c/geographic_msgs/msg/geographic_map_changes__type_support.cpp.o[0m
[ 37%] [32mBuilding C object CMakeFiles/geographic_msgs__rosidl_typesupport_introspection_c.dir/rosidl_typesupport_introspection_c/geographic_msgs/msg/detail/key_value__type_support.c.o[0m
[ 37%] [32mBuilding CXX object CMakeFiles/geographic_msgs__rosidl_typesupport_c.dir/rosidl_typesupport_c/geographic_msgs/msg/geographic_map__type_support.cpp.o[0m
[ 38%] [32mBuilding C object CMakeFiles/geographic_msgs__rosidl_typesupport_introspection_c.dir/rosidl_typesupport_introspection_c/geographic_msgs/msg/detail/map_feature__type_support.c.o[0m
[ 39%] [32mBuilding CXX object CMakeFiles/geographic_msgs__rosidl_typesupport_c.dir/rosidl_typesupport_c/geographic_msgs/msg/geo_pose__type_support.cpp.o[0m
[ 39%] [32mBuilding CXX object CMakeFiles/geographic_msgs__rosidl_typesupport_c.dir/rosidl_typesupport_c/geographic_msgs/msg/key_value__type_support.cpp.o[0m
[ 39%] [32mBuilding C object CMakeFiles/geographic_msgs__rosidl_typesupport_introspection_c.dir/rosidl_typesupport_introspection_c/geographic_msgs/msg/detail/route_network__type_support.c.o[0m
[ 40%] [32mBuilding C object CMakeFiles/geographic_msgs__rosidl_typesupport_introspection_c.dir/rosidl_typesupport_introspection_c/geographic_msgs/msg/detail/route_path__type_support.c.o[0m
[ 41%] [32mBuilding C object CMakeFiles/geographic_msgs__rosidl_typesupport_introspection_c.dir/rosidl_typesupport_introspection_c/geographic_msgs/msg/detail/route_segment__type_support.c.o[0m
[ 42%] [32mBuilding CXX object CMakeFiles/geographic_msgs__rosidl_typesupport_c.dir/rosidl_typesupport_c/geographic_msgs/msg/map_feature__type_support.cpp.o[0m
[ 43%] [32mBuilding CXX object CMakeFiles/geographic_msgs__rosidl_typesupport_c.dir/rosidl_typesupport_c/geographic_msgs/msg/route_network__type_support.cpp.o[0m
[ 43%] [32mBuilding C object CMakeFiles/geographic_msgs__rosidl_typesupport_introspection_c.dir/rosidl_typesupport_introspection_c/geographic_msgs/msg/detail/way_point__type_support.c.o[0m
[ 44%] [32mBuilding C object CMakeFiles/geographic_msgs__rosidl_typesupport_introspection_c.dir/rosidl_typesupport_introspection_c/geographic_msgs/srv/detail/get_geographic_map__type_support.c.o[0m
[ 44%] [32mBuilding CXX object CMakeFiles/geographic_msgs__rosidl_typesupport_c.dir/rosidl_typesupport_c/geographic_msgs/msg/route_path__type_support.cpp.o[0m
[ 45%] [32mBuilding CXX object CMakeFiles/geographic_msgs__rosidl_typesupport_c.dir/rosidl_typesupport_c/geographic_msgs/msg/route_segment__type_support.cpp.o[0m
[ 45%] [32mBuilding C object CMakeFiles/geographic_msgs__rosidl_typesupport_introspection_c.dir/rosidl_typesupport_introspection_c/geographic_msgs/srv/detail/get_route_plan__type_support.c.o[0m
[ 46%] [32mBuilding C object CMakeFiles/geographic_msgs__rosidl_typesupport_introspection_c.dir/rosidl_typesupport_introspection_c/geographic_msgs/srv/detail/update_geographic_map__type_support.c.o[0m
[ 46%] [32mBuilding CXX object CMakeFiles/geographic_msgs__rosidl_typesupport_c.dir/rosidl_typesupport_c/geographic_msgs/msg/way_point__type_support.cpp.o[0m
[ 47%] [32mBuilding CXX object CMakeFiles/geographic_msgs__rosidl_typesupport_c.dir/rosidl_typesupport_c/geographic_msgs/srv/get_geographic_map__type_support.cpp.o[0m
[ 48%] [32mBuilding CXX object CMakeFiles/geographic_msgs__rosidl_typesupport_introspection_cpp.dir/rosidl_typesupport_introspection_cpp/geographic_msgs/msg/detail/geo_point__type_support.cpp.o[0m
[ 49%] [32mBuilding CXX object CMakeFiles/geographic_msgs__rosidl_typesupport_c.dir/rosidl_typesupport_c/geographic_msgs/srv/get_route_plan__type_support.cpp.o[0m
[ 50%] [32m[1mLinking C shared library libgeographic_msgs__rosidl_typesupport_introspection_c.so[0m
[ 50%] [32mBuilding CXX object CMakeFiles/geographic_msgs__rosidl_typesupport_c.dir/rosidl_typesupport_c/geographic_msgs/srv/update_geographic_map__type_support.cpp.o[0m
[ 50%] [32mBuilding CXX object CMakeFiles/geographic_msgs__rosidl_typesupport_introspection_cpp.dir/rosidl_typesupport_introspection_cpp/geographic_msgs/msg/detail/bounding_box__type_support.cpp.o[0m
[ 51%] [32mBuilding CXX object CMakeFiles/geographic_msgs__rosidl_typesupport_introspection_cpp.dir/rosidl_typesupport_introspection_cpp/geographic_msgs/msg/detail/geographic_map_changes__type_support.cpp.o[0m
[ 51%] Built target geographic_msgs__rosidl_typesupport_introspection_c
[ 52%] [32mBuilding CXX object CMakeFiles/geographic_msgs__rosidl_typesupport_fastrtps_c.dir/rosidl_typesupport_fastrtps_c/geographic_msgs/msg/detail/geo_point__type_support_c.cpp.o[0m
[ 52%] [34m[1mGenerating C++ type support dispatch for ROS interfaces[0m
[ 53%] [32m[1mLinking CXX shared library libgeographic_msgs__rosidl_typesupport_c.so[0m
[ 53%] Built target geographic_msgs__rosidl_typesupport_c
[ 53%] [32mBuilding CXX object CMakeFiles/geographic_msgs__rosidl_typesupport_fastrtps_c.dir/rosidl_typesupport_fastrtps_c/geographic_msgs/msg/detail/bounding_box__type_support_c.cpp.o[0m
[ 53%] [32mBuilding CXX object CMakeFiles/geographic_msgs__rosidl_typesupport_fastrtps_cpp.dir/rosidl_typesupport_fastrtps_cpp/geographic_msgs/msg/detail/dds_fastrtps/geo_point__type_support.cpp.o[0m
[ 54%] [32mBuilding CXX object CMakeFiles/geographic_msgs__rosidl_typesupport_fastrtps_c.dir/rosidl_typesupport_fastrtps_c/geographic_msgs/msg/detail/geographic_map_changes__type_support_c.cpp.o[0m
[ 55%] [32mBuilding CXX object CMakeFiles/geographic_msgs__rosidl_typesupport_introspection_cpp.dir/rosidl_typesupport_introspection_cpp/geographic_msgs/msg/detail/geographic_map__type_support.cpp.o[0m
[ 55%] [32mBuilding CXX object CMakeFiles/geographic_msgs__rosidl_typesupport_introspection_cpp.dir/rosidl_typesupport_introspection_cpp/geographic_msgs/msg/detail/geo_pose__type_support.cpp.o[0m
[ 56%] [32mBuilding CXX object CMakeFiles/geographic_msgs__rosidl_typesupport_introspection_cpp.dir/rosidl_typesupport_introspection_cpp/geographic_msgs/msg/detail/key_value__type_support.cpp.o[0m
[ 57%] [32mBuilding CXX object CMakeFiles/geographic_msgs__rosidl_typesupport_fastrtps_c.dir/rosidl_typesupport_fastrtps_c/geographic_msgs/msg/detail/geographic_map__type_support_c.cpp.o[0m
[ 57%] [32mBuilding CXX object CMakeFiles/geographic_msgs__rosidl_typesupport_fastrtps_c.dir/rosidl_typesupport_fastrtps_c/geographic_msgs/msg/detail/geo_pose__type_support_c.cpp.o[0m
[ 57%] [32mBuilding CXX object CMakeFiles/geographic_msgs__rosidl_typesupport_introspection_cpp.dir/rosidl_typesupport_introspection_cpp/geographic_msgs/msg/detail/map_feature__type_support.cpp.o[0m
[ 58%] [32mBuilding CXX object CMakeFiles/geographic_msgs__rosidl_typesupport_introspection_cpp.dir/rosidl_typesupport_introspection_cpp/geographic_msgs/msg/detail/route_network__type_support.cpp.o[0m
[ 59%] [32mBuilding CXX object CMakeFiles/geographic_msgs__rosidl_typesupport_fastrtps_c.dir/rosidl_typesupport_fastrtps_c/geographic_msgs/msg/detail/key_value__type_support_c.cpp.o[0m
[ 60%] [32mBuilding CXX object CMakeFiles/geographic_msgs__rosidl_typesupport_fastrtps_cpp.dir/rosidl_typesupport_fastrtps_cpp/geographic_msgs/msg/detail/dds_fastrtps/bounding_box__type_support.cpp.o[0m
[ 60%] [32mBuilding CXX object CMakeFiles/geographic_msgs__rosidl_typesupport_fastrtps_c.dir/rosidl_typesupport_fastrtps_c/geographic_msgs/msg/detail/map_feature__type_support_c.cpp.o[0m
[ 61%] [32mBuilding CXX object CMakeFiles/geographic_msgs__rosidl_typesupport_fastrtps_cpp.dir/rosidl_typesupport_fastrtps_cpp/geographic_msgs/msg/detail/dds_fastrtps/geographic_map_changes__type_support.cpp.o[0m
[ 62%] [32mBuilding CXX object CMakeFiles/geographic_msgs__rosidl_typesupport_introspection_cpp.dir/rosidl_typesupport_introspection_cpp/geographic_msgs/msg/detail/route_path__type_support.cpp.o[0m
[ 62%] [32mBuilding CXX object CMakeFiles/geographic_msgs__rosidl_typesupport_introspection_cpp.dir/rosidl_typesupport_introspection_cpp/geographic_msgs/msg/detail/route_segment__type_support.cpp.o[0m
[ 63%] [32mBuilding CXX object CMakeFiles/geographic_msgs__rosidl_typesupport_fastrtps_c.dir/rosidl_typesupport_fastrtps_c/geographic_msgs/msg/detail/route_network__type_support_c.cpp.o[0m
[ 64%] [32mBuilding CXX object CMakeFiles/geographic_msgs__rosidl_typesupport_cpp.dir/rosidl_typesupport_cpp/geographic_msgs/msg/geo_point__type_support.cpp.o[0m
[ 64%] [32mBuilding CXX object CMakeFiles/geographic_msgs__rosidl_typesupport_fastrtps_cpp.dir/rosidl_typesupport_fastrtps_cpp/geographic_msgs/msg/detail/dds_fastrtps/geographic_map__type_support.cpp.o[0m
[ 65%] [32mBuilding CXX object CMakeFiles/geographic_msgs__rosidl_typesupport_cpp.dir/rosidl_typesupport_cpp/geographic_msgs/msg/bounding_box__type_support.cpp.o[0m
[ 65%] [32mBuilding CXX object CMakeFiles/geographic_msgs__rosidl_typesupport_cpp.dir/rosidl_typesupport_cpp/geographic_msgs/msg/geographic_map_changes__type_support.cpp.o[0m
[ 66%] [32mBuilding CXX object CMakeFiles/geographic_msgs__rosidl_typesupport_introspection_cpp.dir/rosidl_typesupport_introspection_cpp/geographic_msgs/msg/detail/way_point__type_support.cpp.o[0m
[ 66%] [32mBuilding CXX object CMakeFiles/geographic_msgs__rosidl_typesupport_introspection_cpp.dir/rosidl_typesupport_introspection_cpp/geographic_msgs/srv/detail/get_geographic_map__type_support.cpp.o[0m
[ 67%] [32mBuilding CXX object CMakeFiles/geographic_msgs__rosidl_typesupport_introspection_cpp.dir/rosidl_typesupport_introspection_cpp/geographic_msgs/srv/detail/get_route_plan__type_support.cpp.o[0m
[ 68%] [32mBuilding CXX object CMakeFiles/geographic_msgs__rosidl_typesupport_cpp.dir/rosidl_typesupport_cpp/geographic_msgs/msg/geographic_map__type_support.cpp.o[0m
[ 69%] [32mBuilding CXX object CMakeFiles/geographic_msgs__rosidl_typesupport_fastrtps_c.dir/rosidl_typesupport_fastrtps_c/geographic_msgs/msg/detail/route_path__type_support_c.cpp.o[0m
[ 69%] [32mBuilding CXX object CMakeFiles/geographic_msgs__rosidl_typesupport_cpp.dir/rosidl_typesupport_cpp/geographic_msgs/msg/geo_pose__type_support.cpp.o[0m
[ 69%] [32mBuilding CXX object CMakeFiles/geographic_msgs__rosidl_typesupport_fastrtps_c.dir/rosidl_typesupport_fastrtps_c/geographic_msgs/msg/detail/route_segment__type_support_c.cpp.o[0m
[ 70%] [32mBuilding CXX object CMakeFiles/geographic_msgs__rosidl_typesupport_fastrtps_cpp.dir/rosidl_typesupport_fastrtps_cpp/geographic_msgs/msg/detail/dds_fastrtps/geo_pose__type_support.cpp.o[0m
[ 70%] [32mBuilding CXX object CMakeFiles/geographic_msgs__rosidl_typesupport_fastrtps_cpp.dir/rosidl_typesupport_fastrtps_cpp/geographic_msgs/msg/detail/dds_fastrtps/key_value__type_support.cpp.o[0m
[ 71%] [32mBuilding CXX object CMakeFiles/geographic_msgs__rosidl_typesupport_fastrtps_c.dir/rosidl_typesupport_fastrtps_c/geographic_msgs/msg/detail/way_point__type_support_c.cpp.o[0m
[ 72%] [32mBuilding CXX object CMakeFiles/geographic_msgs__rosidl_typesupport_cpp.dir/rosidl_typesupport_cpp/geographic_msgs/msg/key_value__type_support.cpp.o[0m
[ 73%] [32mBuilding CXX object CMakeFiles/geographic_msgs__rosidl_typesupport_introspection_cpp.dir/rosidl_typesupport_introspection_cpp/geographic_msgs/srv/detail/update_geographic_map__type_support.cpp.o[0m
[ 74%] [32mBuilding CXX object CMakeFiles/geographic_msgs__rosidl_typesupport_fastrtps_cpp.dir/rosidl_typesupport_fastrtps_cpp/geographic_msgs/msg/detail/dds_fastrtps/map_feature__type_support.cpp.o[0m
[ 74%] [32mBuilding CXX object CMakeFiles/geographic_msgs__rosidl_typesupport_fastrtps_c.dir/rosidl_typesupport_fastrtps_c/geographic_msgs/srv/detail/get_geographic_map__type_support_c.cpp.o[0m
[ 75%] [32mBuilding CXX object CMakeFiles/geographic_msgs__rosidl_typesupport_cpp.dir/rosidl_typesupport_cpp/geographic_msgs/msg/map_feature__type_support.cpp.o[0m
[ 76%] [32mBuilding CXX object CMakeFiles/geographic_msgs__rosidl_typesupport_fastrtps_cpp.dir/rosidl_typesupport_fastrtps_cpp/geographic_msgs/msg/detail/dds_fastrtps/route_network__type_support.cpp.o[0m
[ 76%] [32mBuilding CXX object CMakeFiles/geographic_msgs__rosidl_typesupport_cpp.dir/rosidl_typesupport_cpp/geographic_msgs/msg/route_network__type_support.cpp.o[0m
[ 77%] [32mBuilding CXX object CMakeFiles/geographic_msgs__rosidl_typesupport_fastrtps_c.dir/rosidl_typesupport_fastrtps_c/geographic_msgs/srv/detail/get_route_plan__type_support_c.cpp.o[0m
[ 78%] [32mBuilding CXX object CMakeFiles/geographic_msgs__rosidl_typesupport_fastrtps_c.dir/rosidl_typesupport_fastrtps_c/geographic_msgs/srv/detail/update_geographic_map__type_support_c.cpp.o[0m
[ 78%] [32mBuilding CXX object CMakeFiles/geographic_msgs__rosidl_typesupport_fastrtps_cpp.dir/rosidl_typesupport_fastrtps_cpp/geographic_msgs/msg/detail/dds_fastrtps/route_path__type_support.cpp.o[0m
[ 79%] [32mBuilding CXX object CMakeFiles/geographic_msgs__rosidl_typesupport_cpp.dir/rosidl_typesupport_cpp/geographic_msgs/msg/route_path__type_support.cpp.o[0m
[ 80%] [32mBuilding CXX object CMakeFiles/geographic_msgs__rosidl_typesupport_fastrtps_cpp.dir/rosidl_typesupport_fastrtps_cpp/geographic_msgs/msg/detail/dds_fastrtps/route_segment__type_support.cpp.o[0m
[ 80%] [32m[1mLinking CXX shared library libgeographic_msgs__rosidl_typesupport_introspection_cpp.so[0m
[ 80%] [32mBuilding CXX object CMakeFiles/geographic_msgs__rosidl_typesupport_cpp.dir/rosidl_typesupport_cpp/geographic_msgs/msg/route_segment__type_support.cpp.o[0m
[ 80%] Built target geographic_msgs__rosidl_typesupport_introspection_cpp
[ 80%] [32mBuilding CXX object CMakeFiles/geographic_msgs__rosidl_typesupport_cpp.dir/rosidl_typesupport_cpp/geographic_msgs/srv/get_route_plan__type_support.cpp.o[0m
[ 80%] [32mBuilding CXX object CMakeFiles/geographic_msgs__rosidl_typesupport_fastrtps_cpp.dir/rosidl_typesupport_fastrtps_cpp/geographic_msgs/msg/detail/dds_fastrtps/way_point__type_support.cpp.o[0m
[ 81%] [32mBuilding CXX object CMakeFiles/geographic_msgs__rosidl_typesupport_cpp.dir/rosidl_typesupport_cpp/geographic_msgs/srv/get_geographic_map__type_support.cpp.o[0m
[ 81%] [32m[1mLinking CXX shared library libgeographic_msgs__rosidl_typesupport_fastrtps_c.so[0m
[ 82%] [32mBuilding CXX object CMakeFiles/geographic_msgs__rosidl_typesupport_cpp.dir/rosidl_typesupport_cpp/geographic_msgs/msg/way_point__type_support.cpp.o[0m
[ 82%] Built target geographic_msgs__rosidl_typesupport_fastrtps_c
[ 83%] [32mBuilding CXX object CMakeFiles/geographic_msgs__rosidl_typesupport_fastrtps_cpp.dir/rosidl_typesupport_fastrtps_cpp/geographic_msgs/srv/detail/dds_fastrtps/get_route_plan__type_support.cpp.o[0m
[ 84%] [32mBuilding CXX object CMakeFiles/geographic_msgs__rosidl_typesupport_cpp.dir/rosidl_typesupport_cpp/geographic_msgs/srv/update_geographic_map__type_support.cpp.o[0m
[ 84%] [32mBuilding CXX object CMakeFiles/geographic_msgs__rosidl_typesupport_fastrtps_cpp.dir/rosidl_typesupport_fastrtps_cpp/geographic_msgs/srv/detail/dds_fastrtps/update_geographic_map__type_support.cpp.o[0m
[ 84%] [32m[1mLinking CXX shared library libgeographic_msgs__rosidl_typesupport_cpp.so[0m
[ 85%] [32mBuilding CXX object CMakeFiles/geographic_msgs__rosidl_typesupport_fastrtps_cpp.dir/rosidl_typesupport_fastrtps_cpp/geographic_msgs/srv/detail/dds_fastrtps/get_geographic_map__type_support.cpp.o[0m
[ 85%] Built target geographic_msgs__rosidl_typesupport_cpp
[ 86%] [32m[1mLinking CXX shared library libgeographic_msgs__rosidl_typesupport_fastrtps_cpp.so[0m
[ 86%] Built target geographic_msgs__rosidl_typesupport_fastrtps_cpp
[ 86%] Built target geographic_msgs
[ 87%] [34m[1mGenerating Python code for ROS interfaces[0m
[ 87%] Built target geographic_msgs__py
[ 88%] [32mBuilding C object CMakeFiles/geographic_msgs__rosidl_generator_py.dir/rosidl_generator_py/geographic_msgs/msg/_geo_point_s.c.o[0m
[ 89%] [32mBuilding C object CMakeFiles/geographic_msgs__rosidl_generator_py.dir/rosidl_generator_py/geographic_msgs/msg/_bounding_box_s.c.o[0m
[ 89%] [32mBuilding C object CMakeFiles/geographic_msgs__rosidl_generator_py.dir/rosidl_generator_py/geographic_msgs/msg/_route_network_s.c.o[0m
[ 90%] [32mBuilding C object CMakeFiles/geographic_msgs__rosidl_generator_py.dir/rosidl_generator_py/geographic_msgs/msg/_map_feature_s.c.o[0m
[ 90%] [32mBuilding C object CMakeFiles/geographic_msgs__rosidl_generator_py.dir/rosidl_generator_py/geographic_msgs/msg/_route_segment_s.c.o[0m
[ 91%] [32mBuilding C object CMakeFiles/geographic_msgs__rosidl_generator_py.dir/rosidl_generator_py/geographic_msgs/msg/_way_point_s.c.o[0m
[ 92%] [32mBuilding C object CMakeFiles/geographic_msgs__rosidl_generator_py.dir/rosidl_generator_py/geographic_msgs/srv/_get_geographic_map_s.c.o[0m
[ 92%] [32mBuilding C object CMakeFiles/geographic_msgs__rosidl_generator_py.dir/rosidl_generator_py/geographic_msgs/srv/_get_route_plan_s.c.o[0m
[ 93%] [32mBuilding C object CMakeFiles/geographic_msgs__rosidl_generator_py.dir/rosidl_generator_py/geographic_msgs/msg/_route_path_s.c.o[0m
[ 94%] [32mBuilding C object CMakeFiles/geographic_msgs__rosidl_generator_py.dir/rosidl_generator_py/geographic_msgs/srv/_update_geographic_map_s.c.o[0m
[ 95%] [32mBuilding C object CMakeFiles/geographic_msgs__rosidl_generator_py.dir/rosidl_generator_py/geographic_msgs/msg/_key_value_s.c.o[0m
[ 95%] [32mBuilding C object CMakeFiles/geographic_msgs__rosidl_generator_py.dir/rosidl_generator_py/geographic_msgs/msg/_geo_pose_s.c.o[0m
[ 96%] [32mBuilding C object CMakeFiles/geographic_msgs__rosidl_generator_py.dir/rosidl_generator_py/geographic_msgs/msg/_geographic_map_s.c.o[0m
[ 96%] [32mBuilding C object CMakeFiles/geographic_msgs__rosidl_generator_py.dir/rosidl_generator_py/geographic_msgs/msg/_geographic_map_changes_s.c.o[0m
[ 96%] [32m[1mLinking C shared library libgeographic_msgs__rosidl_generator_py.so[0m
[ 96%] Built target geographic_msgs__rosidl_generator_py
[ 97%] [32mBuilding C object CMakeFiles/geographic_msgs_s__rosidl_typesupport_introspection_c.dir/rosidl_generator_py/geographic_msgs/_geographic_msgs_s.ep.rosidl_typesupport_introspection_c.c.o[0m
[ 98%] [32mBuilding C object CMakeFiles/geographic_msgs_s__rosidl_typesupport_fastrtps_c.dir/rosidl_generator_py/geographic_msgs/_geographic_msgs_s.ep.rosidl_typesupport_fastrtps_c.c.o[0m
[ 99%] [32m[1mLinking C shared module rosidl_generator_py/geographic_msgs/geographic_msgs_s__rosidl_typesupport_introspection_c.so[0m
[ 99%] [32m[1mLinking C shared module rosidl_generator_py/geographic_msgs/geographic_msgs_s__rosidl_typesupport_fastrtps_c.so[0m
[ 99%] Built target geographic_msgs_s__rosidl_typesupport_introspection_c
[ 99%] Built target geographic_msgs_s__rosidl_typesupport_fastrtps_c
[ 99%] [32mBuilding C object CMakeFiles/geographic_msgs_s__rosidl_typesupport_c.dir/rosidl_generator_py/geographic_msgs/_geographic_msgs_s.ep.rosidl_typesupport_c.c.o[0m
[100%] [32m[1mLinking C shared module rosidl_generator_py/geographic_msgs/geographic_msgs_s__rosidl_typesupport_c.so[0m
[100%] Built target geographic_msgs_s__rosidl_typesupport_c
-- Install configuration: ""
-- Installing: /home/balling/projects/RIC/ros_ws/install/geographic_msgs/share/ament_index/resource_index/rosidl_interfaces/geographic_msgs
-- Installing: /home/balling/projects/RIC/ros_ws/install/geographic_msgs/share/geographic_msgs/msg/GeoPoint.json
-- Installing: /home/balling/projects/RIC/ros_ws/install/geographic_msgs/share/geographic_msgs/msg/BoundingBox.json
-- Installing: /home/balling/projects/RIC/ros_ws/install/geographic_msgs/share/geographic_msgs/msg/GeographicMapChanges.json
-- Installing: /home/balling/projects/RIC/ros_ws/install/geographic_msgs/share/geographic_msgs/msg/GeographicMap.json
-- Installing: /home/balling/projects/RIC/ros_ws/install/geographic_msgs/share/geographic_msgs/msg/GeoPose.json
-- Installing: /home/balling/projects/RIC/ros_ws/install/geographic_msgs/share/geographic_msgs/msg/KeyValue.json
-- Installing: /home/balling/projects/RIC/ros_ws/install/geographic_msgs/share/geographic_msgs/msg/MapFeature.json
-- Installing: /home/balling/projects/RIC/ros_ws/install/geographic_msgs/share/geographic_msgs/msg/RouteNetwork.json
-- Installing: /home/balling/projects/RIC/ros_ws/install/geographic_msgs/share/geographic_msgs/msg/RoutePath.json
-- Installing: /home/balling/projects/RIC/ros_ws/install/geographic_msgs/share/geographic_msgs/msg/RouteSegment.json
-- Installing: /home/balling/projects/RIC/ros_ws/install/geographic_msgs/share/geographic_msgs/msg/WayPoint.json
-- Installing: /home/balling/projects/RIC/ros_ws/install/geographic_msgs/share/geographic_msgs/srv/GetGeographicMap.json
-- Installing: /home/balling/projects/RIC/ros_ws/install/geographic_msgs/share/geographic_msgs/srv/GetRoutePlan.json
-- Installing: /home/balling/projects/RIC/ros_ws/install/geographic_msgs/share/geographic_msgs/srv/UpdateGeographicMap.json
-- Installing: /home/balling/projects/RIC/ros_ws/install/geographic_msgs/include/geographic_msgs/geographic_msgs
-- Installing: /home/balling/projects/RIC/ros_ws/install/geographic_msgs/include/geographic_msgs/geographic_msgs/msg
-- Installing: /home/balling/projects/RIC/ros_ws/install/geographic_msgs/include/geographic_msgs/geographic_msgs/msg/route_path.h
-- Installing: /home/balling/projects/RIC/ros_ws/install/geographic_msgs/include/geographic_msgs/geographic_msgs/msg/route_network.h
-- Installing: /home/balling/projects/RIC/ros_ws/install/geographic_msgs/include/geographic_msgs/geographic_msgs/msg/detail
-- Installing: /home/balling/projects/RIC/ros_ws/install/geographic_msgs/include/geographic_msgs/geographic_msgs/msg/detail/way_point__functions.h
-- Installing: /home/balling/projects/RIC/ros_ws/install/geographic_msgs/include/geographic_msgs/geographic_msgs/msg/detail/bounding_box__description.c
-- Installing: /home/balling/projects/RIC/ros_ws/install/geographic_msgs/include/geographic_msgs/geographic_msgs/msg/detail/geographic_map__type_support.h
-- Installing: /home/balling/projects/RIC/ros_ws/install/geographic_msgs/include/geographic_msgs/geographic_msgs/msg/detail/geographic_map__struct.h
-- Installing: /home/balling/projects/RIC/ros_ws/install/geographic_msgs/include/geographic_msgs/geographic_msgs/msg/detail/route_segment__description.c
-- Installing: /home/balling/projects/RIC/ros_ws/install/geographic_msgs/include/geographic_msgs/geographic_msgs/msg/detail/route_path__functions.h
-- Installing: /home/balling/projects/RIC/ros_ws/install/geographic_msgs/include/geographic_msgs/geographic_msgs/msg/detail/route_segment__type_support.h
-- Installing: /home/balling/projects/RIC/ros_ws/install/geographic_msgs/include/geographic_msgs/geographic_msgs/msg/detail/geo_point__functions.h
-- Installing: /home/balling/projects/RIC/ros_ws/install/geographic_msgs/include/geographic_msgs/geographic_msgs/msg/detail/key_value__functions.c
-- Installing: /home/balling/projects/RIC/ros_ws/install/geographic_msgs/include/geographic_msgs/geographic_msgs/msg/detail/bounding_box__type_support.h
-- Installing: /home/balling/projects/RIC/ros_ws/install/geographic_msgs/include/geographic_msgs/geographic_msgs/msg/detail/geographic_map_changes__functions.c
-- Installing: /home/balling/projects/RIC/ros_ws/install/geographic_msgs/include/geographic_msgs/geographic_msgs/msg/detail/route_network__functions.c
-- Installing: /home/balling/projects/RIC/ros_ws/install/geographic_msgs/include/geographic_msgs/geographic_msgs/msg/detail/geographic_map__functions.h
-- Installing: /home/balling/projects/RIC/ros_ws/install/geographic_msgs/include/geographic_msgs/geographic_msgs/msg/detail/geographic_map_changes__functions.h
-- Installing: /home/balling/projects/RIC/ros_ws/install/geographic_msgs/include/geographic_msgs/geographic_msgs/msg/detail/route_path__struct.h
-- Installing: /home/balling/projects/RIC/ros_ws/install/geographic_msgs/include/geographic_msgs/geographic_msgs/msg/detail/geo_pose__type_support.h
-- Installing: /home/balling/projects/RIC/ros_ws/install/geographic_msgs/include/geographic_msgs/geographic_msgs/msg/detail/geographic_map_changes__type_support.c
-- Installing: /home/balling/projects/RIC/ros_ws/install/geographic_msgs/include/geographic_msgs/geographic_msgs/msg/detail/key_value__description.c
-- Installing: /home/balling/projects/RIC/ros_ws/install/geographic_msgs/include/geographic_msgs/geographic_msgs/msg/detail/geographic_map__description.c
-- Installing: /home/balling/projects/RIC/ros_ws/install/geographic_msgs/include/geographic_msgs/geographic_msgs/msg/detail/route_network__functions.h
-- Installing: /home/balling/projects/RIC/ros_ws/install/geographic_msgs/include/geographic_msgs/geographic_msgs/msg/detail/map_feature__type_support.c
-- Installing: /home/balling/projects/RIC/ros_ws/install/geographic_msgs/include/geographic_msgs/geographic_msgs/msg/detail/geographic_map__functions.c
-- Installing: /home/balling/projects/RIC/ros_ws/install/geographic_msgs/include/geographic_msgs/geographic_msgs/msg/detail/geographic_map_changes__struct.h
-- Installing: /home/balling/projects/RIC/ros_ws/install/geographic_msgs/include/geographic_msgs/geographic_msgs/msg/detail/map_feature__functions.h
-- Installing: /home/balling/projects/RIC/ros_ws/install/geographic_msgs/include/geographic_msgs/geographic_msgs/msg/detail/route_path__type_support.h
-- Installing: /home/balling/projects/RIC/ros_ws/install/geographic_msgs/include/geographic_msgs/geographic_msgs/msg/detail/geo_pose__functions.c
-- Installing: /home/balling/projects/RIC/ros_ws/install/geographic_msgs/include/geographic_msgs/geographic_msgs/msg/detail/geo_point__functions.c
-- Installing: /home/balling/projects/RIC/ros_ws/install/geographic_msgs/include/geographic_msgs/geographic_msgs/msg/detail/map_feature__functions.c
-- Installing: /home/balling/projects/RIC/ros_ws/install/geographic_msgs/include/geographic_msgs/geographic_msgs/msg/detail/map_feature__type_support.h
-- Installing: /home/balling/projects/RIC/ros_ws/install/geographic_msgs/include/geographic_msgs/geographic_msgs/msg/detail/route_path__description.c
-- Installing: /home/balling/projects/RIC/ros_ws/install/geographic_msgs/include/geographic_msgs/geographic_msgs/msg/detail/geo_point__type_support.c
-- Installing: /home/balling/projects/RIC/ros_ws/install/geographic_msgs/include/geographic_msgs/geographic_msgs/msg/detail/route_network__description.c
-- Installing: /home/balling/projects/RIC/ros_ws/install/geographic_msgs/include/geographic_msgs/geographic_msgs/msg/detail/way_point__type_support.c
-- Installing: /home/balling/projects/RIC/ros_ws/install/geographic_msgs/include/geographic_msgs/geographic_msgs/msg/detail/route_segment__functions.c
-- Installing: /home/balling/projects/RIC/ros_ws/install/geographic_msgs/include/geographic_msgs/geographic_msgs/msg/detail/key_value__type_support.h
-- Installing: /home/balling/projects/RIC/ros_ws/install/geographic_msgs/include/geographic_msgs/geographic_msgs/msg/detail/map_feature__struct.h
-- Installing: /home/balling/projects/RIC/ros_ws/install/geographic_msgs/include/geographic_msgs/geographic_msgs/msg/detail/map_feature__description.c
-- Installing: /home/balling/projects/RIC/ros_ws/install/geographic_msgs/include/geographic_msgs/geographic_msgs/msg/detail/route_path__functions.c
-- Installing: /home/balling/projects/RIC/ros_ws/install/geographic_msgs/include/geographic_msgs/geographic_msgs/msg/detail/geo_pose__description.c
-- Installing: /home/balling/projects/RIC/ros_ws/install/geographic_msgs/include/geographic_msgs/geographic_msgs/msg/detail/way_point__functions.c
-- Installing: /home/balling/projects/RIC/ros_ws/install/geographic_msgs/include/geographic_msgs/geographic_msgs/msg/detail/bounding_box__functions.h
-- Installing: /home/balling/projects/RIC/ros_ws/install/geographic_msgs/include/geographic_msgs/geographic_msgs/msg/detail/route_network__struct.h
-- Installing: /home/balling/projects/RIC/ros_ws/install/geographic_msgs/include/geographic_msgs/geographic_msgs/msg/detail/geographic_map_changes__description.c
-- Installing: /home/balling/projects/RIC/ros_ws/install/geographic_msgs/include/geographic_msgs/geographic_msgs/msg/detail/route_segment__functions.h
-- Installing: /home/balling/projects/RIC/ros_ws/install/geographic_msgs/include/geographic_msgs/geographic_msgs/msg/detail/geographic_map_changes__type_support.h
-- Installing: /home/balling/projects/RIC/ros_ws/install/geographic_msgs/include/geographic_msgs/geographic_msgs/msg/detail/geo_pose__functions.h
-- Installing: /home/balling/projects/RIC/ros_ws/install/geographic_msgs/include/geographic_msgs/geographic_msgs/msg/detail/key_value__struct.h
-- Installing: /home/balling/projects/RIC/ros_ws/install/geographic_msgs/include/geographic_msgs/geographic_msgs/msg/detail/bounding_box__functions.c
-- Installing: /home/balling/projects/RIC/ros_ws/install/geographic_msgs/include/geographic_msgs/geographic_msgs/msg/detail/geographic_map__type_support.c
-- Installing: /home/balling/projects/RIC/ros_ws/install/geographic_msgs/include/geographic_msgs/geographic_msgs/msg/detail/geo_pose__type_support.c
-- Installing: /home/balling/projects/RIC/ros_ws/install/geographic_msgs/include/geographic_msgs/geographic_msgs/msg/detail/geo_point__type_support.h
-- Installing: /home/balling/projects/RIC/ros_ws/install/geographic_msgs/include/geographic_msgs/geographic_msgs/msg/detail/way_point__struct.h
-- Installing: /home/balling/projects/RIC/ros_ws/install/geographic_msgs/include/geographic_msgs/geographic_msgs/msg/detail/geo_pose__struct.h
-- Installing: /home/balling/projects/RIC/ros_ws/install/geographic_msgs/include/geographic_msgs/geographic_msgs/msg/detail/route_network__type_support.c
-- Installing: /home/balling/projects/RIC/ros_ws/install/geographic_msgs/include/geographic_msgs/geographic_msgs/msg/detail/key_value__type_support.c
-- Installing: /home/balling/projects/RIC/ros_ws/install/geographic_msgs/include/geographic_msgs/geographic_msgs/msg/detail/way_point__type_support.h
-- Installing: /home/balling/projects/RIC/ros_ws/install/geographic_msgs/include/geographic_msgs/geographic_msgs/msg/detail/geo_point__struct.h
-- Installing: /home/balling/projects/RIC/ros_ws/install/geographic_msgs/include/geographic_msgs/geographic_msgs/msg/detail/way_point__description.c
-- Installing: /home/balling/projects/RIC/ros_ws/install/geographic_msgs/include/geographic_msgs/geographic_msgs/msg/detail/route_segment__type_support.c
-- Installing: /home/balling/projects/RIC/ros_ws/install/geographic_msgs/include/geographic_msgs/geographic_msgs/msg/detail/route_segment__struct.h
-- Installing: /home/balling/projects/RIC/ros_ws/install/geographic_msgs/include/geographic_msgs/geographic_msgs/msg/detail/key_value__functions.h
-- Installing: /home/balling/projects/RIC/ros_ws/install/geographic_msgs/include/geographic_msgs/geographic_msgs/msg/detail/bounding_box__struct.h
-- Installing: /home/balling/projects/RIC/ros_ws/install/geographic_msgs/include/geographic_msgs/geographic_msgs/msg/detail/route_network__type_support.h
-- Installing: /home/balling/projects/RIC/ros_ws/install/geographic_msgs/include/geographic_msgs/geographic_msgs/msg/detail/bounding_box__type_support.c
-- Installing: /home/balling/projects/RIC/ros_ws/install/geographic_msgs/include/geographic_msgs/geographic_msgs/msg/detail/geo_point__description.c
-- Installing: /home/balling/projects/RIC/ros_ws/install/geographic_msgs/include/geographic_msgs/geographic_msgs/msg/detail/route_path__type_support.c
-- Installing: /home/balling/projects/RIC/ros_ws/install/geographic_msgs/include/geographic_msgs/geographic_msgs/msg/geographic_map_changes.h
-- Installing: /home/balling/projects/RIC/ros_ws/install/geographic_msgs/include/geographic_msgs/geographic_msgs/msg/way_point.h
-- Installing: /home/balling/projects/RIC/ros_ws/install/geographic_msgs/include/geographic_msgs/geographic_msgs/msg/key_value.h
-- Installing: /home/balling/projects/RIC/ros_ws/install/geographic_msgs/include/geographic_msgs/geographic_msgs/msg/geo_pose.h
-- Installing: /home/balling/projects/RIC/ros_ws/install/geographic_msgs/include/geographic_msgs/geographic_msgs/msg/geographic_map.h
-- Installing: /home/balling/projects/RIC/ros_ws/install/geographic_msgs/include/geographic_msgs/geographic_msgs/msg/geo_point.h
-- Installing: /home/balling/projects/RIC/ros_ws/install/geographic_msgs/include/geographic_msgs/geographic_msgs/msg/map_feature.h
-- Installing: /home/balling/projects/RIC/ros_ws/install/geographic_msgs/include/geographic_msgs/geographic_msgs/msg/route_segment.h
-- Installing: /home/balling/projects/RIC/ros_ws/install/geographic_msgs/include/geographic_msgs/geographic_msgs/msg/bounding_box.h
-- Installing: /home/balling/projects/RIC/ros_ws/install/geographic_msgs/include/geographic_msgs/geographic_msgs/msg/rosidl_generator_c__visibility_control.h
-- Installing: /home/balling/projects/RIC/ros_ws/install/geographic_msgs/include/geographic_msgs/geographic_msgs/srv
-- Installing: /home/balling/projects/RIC/ros_ws/install/geographic_msgs/include/geographic_msgs/geographic_msgs/srv/detail
-- Installing: /home/balling/projects/RIC/ros_ws/install/geographic_msgs/include/geographic_msgs/geographic_msgs/srv/detail/update_geographic_map__type_support.h
-- Installing: /home/balling/projects/RIC/ros_ws/install/geographic_msgs/include/geographic_msgs/geographic_msgs/srv/detail/get_route_plan__type_support.h
-- Installing: /home/balling/projects/RIC/ros_ws/install/geographic_msgs/include/geographic_msgs/geographic_msgs/srv/detail/get_geographic_map__type_support.c
-- Installing: /home/balling/projects/RIC/ros_ws/install/geographic_msgs/include/geographic_msgs/geographic_msgs/srv/detail/get_route_plan__description.c
-- Installing: /home/balling/projects/RIC/ros_ws/install/geographic_msgs/include/geographic_msgs/geographic_msgs/srv/detail/get_geographic_map__description.c
-- Installing: /home/balling/projects/RIC/ros_ws/install/geographic_msgs/include/geographic_msgs/geographic_msgs/srv/detail/get_geographic_map__type_support.h
-- Installing: /home/balling/projects/RIC/ros_ws/install/geographic_msgs/include/geographic_msgs/geographic_msgs/srv/detail/get_geographic_map__functions.c
-- Installing: /home/balling/projects/RIC/ros_ws/install/geographic_msgs/include/geographic_msgs/geographic_msgs/srv/detail/update_geographic_map__functions.c
-- Installing: /home/balling/projects/RIC/ros_ws/install/geographic_msgs/include/geographic_msgs/geographic_msgs/srv/detail/get_route_plan__functions.c
-- Installing: /home/balling/projects/RIC/ros_ws/install/geographic_msgs/include/geographic_msgs/geographic_msgs/srv/detail/update_geographic_map__type_support.c
-- Installing: /home/balling/projects/RIC/ros_ws/install/geographic_msgs/include/geographic_msgs/geographic_msgs/srv/detail/get_route_plan__type_support.c
-- Installing: /home/balling/projects/RIC/ros_ws/install/geographic_msgs/include/geographic_msgs/geographic_msgs/srv/detail/update_geographic_map__description.c
-- Installing: /home/balling/projects/RIC/ros_ws/install/geographic_msgs/include/geographic_msgs/geographic_msgs/srv/detail/get_geographic_map__functions.h
-- Installing: /home/balling/projects/RIC/ros_ws/install/geographic_msgs/include/geographic_msgs/geographic_msgs/srv/detail/update_geographic_map__functions.h
-- Installing: /home/balling/projects/RIC/ros_ws/install/geographic_msgs/include/geographic_msgs/geographic_msgs/srv/detail/update_geographic_map__struct.h
-- Installing: /home/balling/projects/RIC/ros_ws/install/geographic_msgs/include/geographic_msgs/geographic_msgs/srv/detail/get_route_plan__functions.h
-- Installing: /home/balling/projects/RIC/ros_ws/install/geographic_msgs/include/geographic_msgs/geographic_msgs/srv/detail/get_geographic_map__struct.h
-- Installing: /home/balling/projects/RIC/ros_ws/install/geographic_msgs/include/geographic_msgs/geographic_msgs/srv/detail/get_route_plan__struct.h
-- Installing: /home/balling/projects/RIC/ros_ws/install/geographic_msgs/include/geographic_msgs/geographic_msgs/srv/get_route_plan.h
-- Installing: /home/balling/projects/RIC/ros_ws/install/geographic_msgs/include/geographic_msgs/geographic_msgs/srv/update_geographic_map.h
-- Installing: /home/balling/projects/RIC/ros_ws/install/geographic_msgs/include/geographic_msgs/geographic_msgs/srv/get_geographic_map.h
-- Installing: /home/balling/projects/RIC/ros_ws/install/geographic_msgs/share/geographic_msgs/environment/library_path.sh
-- Installing: /home/balling/projects/RIC/ros_ws/install/geographic_msgs/share/geographic_msgs/environment/library_path.dsv
-- Installing: /home/balling/projects/RIC/ros_ws/install/geographic_msgs/lib/libgeographic_msgs__rosidl_generator_c.so
-- Set non-toolchain portion of runtime path of "/home/balling/projects/RIC/ros_ws/install/geographic_msgs/lib/libgeographic_msgs__rosidl_generator_c.so" to ""
-- Up-to-date: /home/balling/projects/RIC/ros_ws/install/geographic_msgs/include/geographic_msgs/geographic_msgs
-- Up-to-date: /home/balling/projects/RIC/ros_ws/install/geographic_msgs/include/geographic_msgs/geographic_msgs/msg
-- Up-to-date: /home/balling/projects/RIC/ros_ws/install/geographic_msgs/include/geographic_msgs/geographic_msgs/msg/detail
-- Installing: /home/balling/projects/RIC/ros_ws/install/geographic_msgs/include/geographic_msgs/geographic_msgs/msg/detail/route_segment__rosidl_typesupport_fastrtps_c.h
-- Installing: /home/balling/projects/RIC/ros_ws/install/geographic_msgs/include/geographic_msgs/geographic_msgs/msg/detail/way_point__rosidl_typesupport_fastrtps_c.h
-- Installing: /home/balling/projects/RIC/ros_ws/install/geographic_msgs/include/geographic_msgs/geographic_msgs/msg/detail/map_feature__rosidl_typesupport_fastrtps_c.h
-- Installing: /home/balling/projects/RIC/ros_ws/install/geographic_msgs/include/geographic_msgs/geographic_msgs/msg/detail/route_path__rosidl_typesupport_fastrtps_c.h
-- Installing: /home/balling/projects/RIC/ros_ws/install/geographic_msgs/include/geographic_msgs/geographic_msgs/msg/detail/bounding_box__rosidl_typesupport_fastrtps_c.h
-- Installing: /home/balling/projects/RIC/ros_ws/install/geographic_msgs/include/geographic_msgs/geographic_msgs/msg/detail/key_value__rosidl_typesupport_fastrtps_c.h
-- Installing: /home/balling/projects/RIC/ros_ws/install/geographic_msgs/include/geographic_msgs/geographic_msgs/msg/detail/route_network__rosidl_typesupport_fastrtps_c.h
-- Installing: /home/balling/projects/RIC/ros_ws/install/geographic_msgs/include/geographic_msgs/geographic_msgs/msg/detail/geo_pose__rosidl_typesupport_fastrtps_c.h
-- Installing: /home/balling/projects/RIC/ros_ws/install/geographic_msgs/include/geographic_msgs/geographic_msgs/msg/detail/geographic_map_changes__rosidl_typesupport_fastrtps_c.h
-- Installing: /home/balling/projects/RIC/ros_ws/install/geographic_msgs/include/geographic_msgs/geographic_msgs/msg/detail/geographic_map__rosidl_typesupport_fastrtps_c.h
-- Installing: /home/balling/projects/RIC/ros_ws/install/geographic_msgs/include/geographic_msgs/geographic_msgs/msg/detail/geo_point__rosidl_typesupport_fastrtps_c.h
-- Installing: /home/balling/projects/RIC/ros_ws/install/geographic_msgs/include/geographic_msgs/geographic_msgs/msg/rosidl_typesupport_fastrtps_c__visibility_control.h
-- Up-to-date: /home/balling/projects/RIC/ros_ws/install/geographic_msgs/include/geographic_msgs/geographic_msgs/srv
-- Up-to-date: /home/balling/projects/RIC/ros_ws/install/geographic_msgs/include/geographic_msgs/geographic_msgs/srv/detail
-- Installing: /home/balling/projects/RIC/ros_ws/install/geographic_msgs/include/geographic_msgs/geographic_msgs/srv/detail/get_geographic_map__rosidl_typesupport_fastrtps_c.h
-- Installing: /home/balling/projects/RIC/ros_ws/install/geographic_msgs/include/geographic_msgs/geographic_msgs/srv/detail/get_route_plan__rosidl_typesupport_fastrtps_c.h
-- Installing: /home/balling/projects/RIC/ros_ws/install/geographic_msgs/include/geographic_msgs/geographic_msgs/srv/detail/update_geographic_map__rosidl_typesupport_fastrtps_c.h
-- Installing: /home/balling/projects/RIC/ros_ws/install/geographic_msgs/lib/libgeographic_msgs__rosidl_typesupport_fastrtps_c.so
-- Set non-toolchain portion of runtime path of "/home/balling/projects/RIC/ros_ws/install/geographic_msgs/lib/libgeographic_msgs__rosidl_typesupport_fastrtps_c.so" to ""
-- Up-to-date: /home/balling/projects/RIC/ros_ws/install/geographic_msgs/include/geographic_msgs/geographic_msgs
-- Up-to-date: /home/balling/projects/RIC/ros_ws/install/geographic_msgs/include/geographic_msgs/geographic_msgs/msg
-- Up-to-date: /home/balling/projects/RIC/ros_ws/install/geographic_msgs/include/geographic_msgs/geographic_msgs/msg/detail
-- Installing: /home/balling/projects/RIC/ros_ws/install/geographic_msgs/include/geographic_msgs/geographic_msgs/msg/detail/route_segment__rosidl_typesupport_introspection_c.h
-- Installing: /home/balling/projects/RIC/ros_ws/install/geographic_msgs/include/geographic_msgs/geographic_msgs/msg/detail/geo_pose__rosidl_typesupport_introspection_c.h
-- Installing: /home/balling/projects/RIC/ros_ws/install/geographic_msgs/include/geographic_msgs/geographic_msgs/msg/detail/key_value__rosidl_typesupport_introspection_c.h
-- Installing: /home/balling/projects/RIC/ros_ws/install/geographic_msgs/include/geographic_msgs/geographic_msgs/msg/detail/geographic_map_changes__type_support.c
-- Installing: /home/balling/projects/RIC/ros_ws/install/geographic_msgs/include/geographic_msgs/geographic_msgs/msg/detail/map_feature__type_support.c
-- Installing: /home/balling/projects/RIC/ros_ws/install/geographic_msgs/include/geographic_msgs/geographic_msgs/msg/detail/geo_point__rosidl_typesupport_introspection_c.h
-- Installing: /home/balling/projects/RIC/ros_ws/install/geographic_msgs/include/geographic_msgs/geographic_msgs/msg/detail/geo_point__type_support.c
-- Installing: /home/balling/projects/RIC/ros_ws/install/geographic_msgs/include/geographic_msgs/geographic_msgs/msg/detail/way_point__type_support.c
-- Installing: /home/balling/projects/RIC/ros_ws/install/geographic_msgs/include/geographic_msgs/geographic_msgs/msg/detail/route_path__rosidl_typesupport_introspection_c.h
-- Installing: /home/balling/projects/RIC/ros_ws/install/geographic_msgs/include/geographic_msgs/geographic_msgs/msg/detail/route_network__rosidl_typesupport_introspection_c.h
-- Installing: /home/balling/projects/RIC/ros_ws/install/geographic_msgs/include/geographic_msgs/geographic_msgs/msg/detail/map_feature__rosidl_typesupport_introspection_c.h
-- Installing: /home/balling/projects/RIC/ros_ws/install/geographic_msgs/include/geographic_msgs/geographic_msgs/msg/detail/geographic_map_changes__rosidl_typesupport_introspection_c.h
-- Installing: /home/balling/projects/RIC/ros_ws/install/geographic_msgs/include/geographic_msgs/geographic_msgs/msg/detail/geographic_map__type_support.c
-- Installing: /home/balling/projects/RIC/ros_ws/install/geographic_msgs/include/geographic_msgs/geographic_msgs/msg/detail/geo_pose__type_support.c
-- Installing: /home/balling/projects/RIC/ros_ws/install/geographic_msgs/include/geographic_msgs/geographic_msgs/msg/detail/geographic_map__rosidl_typesupport_introspection_c.h
-- Installing: /home/balling/projects/RIC/ros_ws/install/geographic_msgs/include/geographic_msgs/geographic_msgs/msg/detail/route_network__type_support.c
-- Installing: /home/balling/projects/RIC/ros_ws/install/geographic_msgs/include/geographic_msgs/geographic_msgs/msg/detail/key_value__type_support.c
-- Installing: /home/balling/projects/RIC/ros_ws/install/geographic_msgs/include/geographic_msgs/geographic_msgs/msg/detail/way_point__rosidl_typesupport_introspection_c.h
-- Installing: /home/balling/projects/RIC/ros_ws/install/geographic_msgs/include/geographic_msgs/geographic_msgs/msg/detail/bounding_box__rosidl_typesupport_introspection_c.h
-- Installing: /home/balling/projects/RIC/ros_ws/install/geographic_msgs/include/geographic_msgs/geographic_msgs/msg/detail/route_segment__type_support.c
-- Installing: /home/balling/projects/RIC/ros_ws/install/geographic_msgs/include/geographic_msgs/geographic_msgs/msg/detail/bounding_box__type_support.c
-- Installing: /home/balling/projects/RIC/ros_ws/install/geographic_msgs/include/geographic_msgs/geographic_msgs/msg/detail/route_path__type_support.c
-- Installing: /home/balling/projects/RIC/ros_ws/install/geographic_msgs/include/geographic_msgs/geographic_msgs/msg/rosidl_typesupport_introspection_c__visibility_control.h
-- Up-to-date: /home/balling/projects/RIC/ros_ws/install/geographic_msgs/include/geographic_msgs/geographic_msgs/srv
-- Up-to-date: /home/balling/projects/RIC/ros_ws/install/geographic_msgs/include/geographic_msgs/geographic_msgs/srv/detail
-- Installing: /home/balling/projects/RIC/ros_ws/install/geographic_msgs/include/geographic_msgs/geographic_msgs/srv/detail/update_geographic_map__rosidl_typesupport_introspection_c.h
-- Installing: /home/balling/projects/RIC/ros_ws/install/geographic_msgs/include/geographic_msgs/geographic_msgs/srv/detail/get_geographic_map__type_support.c
-- Installing: /home/balling/projects/RIC/ros_ws/install/geographic_msgs/include/geographic_msgs/geographic_msgs/srv/detail/get_route_plan__rosidl_typesupport_introspection_c.h
-- Installing: /home/balling/projects/RIC/ros_ws/install/geographic_msgs/include/geographic_msgs/geographic_msgs/srv/detail/update_geographic_map__type_support.c
-- Installing: /home/balling/projects/RIC/ros_ws/install/geographic_msgs/include/geographic_msgs/geographic_msgs/srv/detail/get_route_plan__type_support.c
-- Installing: /home/balling/projects/RIC/ros_ws/install/geographic_msgs/include/geographic_msgs/geographic_msgs/srv/detail/get_geographic_map__rosidl_typesupport_introspection_c.h
-- Installing: /home/balling/projects/RIC/ros_ws/install/geographic_msgs/lib/libgeographic_msgs__rosidl_typesupport_introspection_c.so
-- Set non-toolchain portion of runtime path of "/home/balling/projects/RIC/ros_ws/install/geographic_msgs/lib/libgeographic_msgs__rosidl_typesupport_introspection_c.so" to ""
-- Installing: /home/balling/projects/RIC/ros_ws/install/geographic_msgs/lib/libgeographic_msgs__rosidl_typesupport_c.so
-- Set non-toolchain portion of runtime path of "/home/balling/projects/RIC/ros_ws/install/geographic_msgs/lib/libgeographic_msgs__rosidl_typesupport_c.so" to ""
-- Up-to-date: /home/balling/projects/RIC/ros_ws/install/geographic_msgs/include/geographic_msgs/geographic_msgs
-- Up-to-date: /home/balling/projects/RIC/ros_ws/install/geographic_msgs/include/geographic_msgs/geographic_msgs/msg
-- Up-to-date: /home/balling/projects/RIC/ros_ws/install/geographic_msgs/include/geographic_msgs/geographic_msgs/msg/detail
-- Installing: /home/balling/projects/RIC/ros_ws/install/geographic_msgs/include/geographic_msgs/geographic_msgs/msg/detail/route_path__builder.hpp
-- Installing: /home/balling/projects/RIC/ros_ws/install/geographic_msgs/include/geographic_msgs/geographic_msgs/msg/detail/route_segment__traits.hpp
-- Installing: /home/balling/projects/RIC/ros_ws/install/geographic_msgs/include/geographic_msgs/geographic_msgs/msg/detail/way_point__traits.hpp
-- Installing: /home/balling/projects/RIC/ros_ws/install/geographic_msgs/include/geographic_msgs/geographic_msgs/msg/detail/bounding_box__type_support.hpp
-- Installing: /home/balling/projects/RIC/ros_ws/install/geographic_msgs/include/geographic_msgs/geographic_msgs/msg/detail/key_value__type_support.hpp
-- Installing: /home/balling/projects/RIC/ros_ws/install/geographic_msgs/include/geographic_msgs/geographic_msgs/msg/detail/way_point__struct.hpp
-- Installing: /home/balling/projects/RIC/ros_ws/install/geographic_msgs/include/geographic_msgs/geographic_msgs/msg/detail/geo_pose__traits.hpp
-- Installing: /home/balling/projects/RIC/ros_ws/install/geographic_msgs/include/geographic_msgs/geographic_msgs/msg/detail/geographic_map__builder.hpp
-- Installing: /home/balling/projects/RIC/ros_ws/install/geographic_msgs/include/geographic_msgs/geographic_msgs/msg/detail/route_network__builder.hpp
-- Installing: /home/balling/projects/RIC/ros_ws/install/geographic_msgs/include/geographic_msgs/geographic_msgs/msg/detail/route_segment__type_support.hpp
-- Installing: /home/balling/projects/RIC/ros_ws/install/geographic_msgs/include/geographic_msgs/geographic_msgs/msg/detail/geo_point__struct.hpp
-- Installing: /home/balling/projects/RIC/ros_ws/install/geographic_msgs/include/geographic_msgs/geographic_msgs/msg/detail/way_point__type_support.hpp
-- Installing: /home/balling/projects/RIC/ros_ws/install/geographic_msgs/include/geographic_msgs/geographic_msgs/msg/detail/way_point__builder.hpp
-- Installing: /home/balling/projects/RIC/ros_ws/install/geographic_msgs/include/geographic_msgs/geographic_msgs/msg/detail/bounding_box__struct.hpp
-- Installing: /home/balling/projects/RIC/ros_ws/install/geographic_msgs/include/geographic_msgs/geographic_msgs/msg/detail/map_feature__builder.hpp
-- Installing: /home/balling/projects/RIC/ros_ws/install/geographic_msgs/include/geographic_msgs/geographic_msgs/msg/detail/route_path__traits.hpp
-- Installing: /home/balling/projects/RIC/ros_ws/install/geographic_msgs/include/geographic_msgs/geographic_msgs/msg/detail/route_path__type_support.hpp
-- Installing: /home/balling/projects/RIC/ros_ws/install/geographic_msgs/include/geographic_msgs/geographic_msgs/msg/detail/geo_pose__struct.hpp
-- Installing: /home/balling/projects/RIC/ros_ws/install/geographic_msgs/include/geographic_msgs/geographic_msgs/msg/detail/geographic_map_changes__struct.hpp
-- Installing: /home/balling/projects/RIC/ros_ws/install/geographic_msgs/include/geographic_msgs/geographic_msgs/msg/detail/key_value__struct.hpp
-- Installing: /home/balling/projects/RIC/ros_ws/install/geographic_msgs/include/geographic_msgs/geographic_msgs/msg/detail/geographic_map_changes__builder.hpp
-- Installing: /home/balling/projects/RIC/ros_ws/install/geographic_msgs/include/geographic_msgs/geographic_msgs/msg/detail/geographic_map__type_support.hpp
-- Installing: /home/balling/projects/RIC/ros_ws/install/geographic_msgs/include/geographic_msgs/geographic_msgs/msg/detail/map_feature__traits.hpp
-- Installing: /home/balling/projects/RIC/ros_ws/install/geographic_msgs/include/geographic_msgs/geographic_msgs/msg/detail/geo_point__builder.hpp
-- Installing: /home/balling/projects/RIC/ros_ws/install/geographic_msgs/include/geographic_msgs/geographic_msgs/msg/detail/route_segment__struct.hpp
-- Installing: /home/balling/projects/RIC/ros_ws/install/geographic_msgs/include/geographic_msgs/geographic_msgs/msg/detail/route_network__traits.hpp
-- Installing: /home/balling/projects/RIC/ros_ws/install/geographic_msgs/include/geographic_msgs/geographic_msgs/msg/detail/geo_pose__type_support.hpp
-- Installing: /home/balling/projects/RIC/ros_ws/install/geographic_msgs/include/geographic_msgs/geographic_msgs/msg/detail/geo_pose__builder.hpp
-- Installing: /home/balling/projects/RIC/ros_ws/install/geographic_msgs/include/geographic_msgs/geographic_msgs/msg/detail/geographic_map_changes__type_support.hpp
-- Installing: /home/balling/projects/RIC/ros_ws/install/geographic_msgs/include/geographic_msgs/geographic_msgs/msg/detail/key_value__traits.hpp
-- Installing: /home/balling/projects/RIC/ros_ws/install/geographic_msgs/include/geographic_msgs/geographic_msgs/msg/detail/route_segment__builder.hpp
-- Installing: /home/balling/projects/RIC/ros_ws/install/geographic_msgs/include/geographic_msgs/geographic_msgs/msg/detail/geo_point__type_support.hpp
-- Installing: /home/balling/projects/RIC/ros_ws/install/geographic_msgs/include/geographic_msgs/geographic_msgs/msg/detail/key_value__builder.hpp
-- Installing: /home/balling/projects/RIC/ros_ws/install/geographic_msgs/include/geographic_msgs/geographic_msgs/msg/detail/route_network__type_support.hpp
-- Installing: /home/balling/projects/RIC/ros_ws/install/geographic_msgs/include/geographic_msgs/geographic_msgs/msg/detail/bounding_box__traits.hpp
-- Installing: /home/balling/projects/RIC/ros_ws/install/geographic_msgs/include/geographic_msgs/geographic_msgs/msg/detail/route_path__struct.hpp
-- Installing: /home/balling/projects/RIC/ros_ws/install/geographic_msgs/include/geographic_msgs/geographic_msgs/msg/detail/bounding_box__builder.hpp
-- Installing: /home/balling/projects/RIC/ros_ws/install/geographic_msgs/include/geographic_msgs/geographic_msgs/msg/detail/route_network__struct.hpp
-- Installing: /home/balling/projects/RIC/ros_ws/install/geographic_msgs/include/geographic_msgs/geographic_msgs/msg/detail/map_feature__type_support.hpp
-- Installing: /home/balling/projects/RIC/ros_ws/install/geographic_msgs/include/geographic_msgs/geographic_msgs/msg/detail/geo_point__traits.hpp
-- Installing: /home/balling/projects/RIC/ros_ws/install/geographic_msgs/include/geographic_msgs/geographic_msgs/msg/detail/geographic_map_changes__traits.hpp
-- Installing: /home/balling/projects/RIC/ros_ws/install/geographic_msgs/include/geographic_msgs/geographic_msgs/msg/detail/geographic_map__traits.hpp
-- Installing: /home/balling/projects/RIC/ros_ws/install/geographic_msgs/include/geographic_msgs/geographic_msgs/msg/detail/map_feature__struct.hpp
-- Installing: /home/balling/projects/RIC/ros_ws/install/geographic_msgs/include/geographic_msgs/geographic_msgs/msg/detail/geographic_map__struct.hpp
-- Installing: /home/balling/projects/RIC/ros_ws/install/geographic_msgs/include/geographic_msgs/geographic_msgs/msg/route_segment.hpp
-- Installing: /home/balling/projects/RIC/ros_ws/install/geographic_msgs/include/geographic_msgs/geographic_msgs/msg/geo_point.hpp
-- Installing: /home/balling/projects/RIC/ros_ws/install/geographic_msgs/include/geographic_msgs/geographic_msgs/msg/geo_pose.hpp
-- Installing: /home/balling/projects/RIC/ros_ws/install/geographic_msgs/include/geographic_msgs/geographic_msgs/msg/geographic_map.hpp
-- Installing: /home/balling/projects/RIC/ros_ws/install/geographic_msgs/include/geographic_msgs/geographic_msgs/msg/geographic_map_changes.hpp
-- Installing: /home/balling/projects/RIC/ros_ws/install/geographic_msgs/include/geographic_msgs/geographic_msgs/msg/key_value.hpp
-- Installing: /home/balling/projects/RIC/ros_ws/install/geographic_msgs/include/geographic_msgs/geographic_msgs/msg/bounding_box.hpp
-- Installing: /home/balling/projects/RIC/ros_ws/install/geographic_msgs/include/geographic_msgs/geographic_msgs/msg/way_point.hpp
-- Installing: /home/balling/projects/RIC/ros_ws/install/geographic_msgs/include/geographic_msgs/geographic_msgs/msg/rosidl_generator_cpp__visibility_control.hpp
-- Installing: /home/balling/projects/RIC/ros_ws/install/geographic_msgs/include/geographic_msgs/geographic_msgs/msg/map_feature.hpp
-- Installing: /home/balling/projects/RIC/ros_ws/install/geographic_msgs/include/geographic_msgs/geographic_msgs/msg/route_network.hpp
-- Installing: /home/balling/projects/RIC/ros_ws/install/geographic_msgs/include/geographic_msgs/geographic_msgs/msg/route_path.hpp
-- Up-to-date: /home/balling/projects/RIC/ros_ws/install/geographic_msgs/include/geographic_msgs/geographic_msgs/srv
-- Up-to-date: /home/balling/projects/RIC/ros_ws/install/geographic_msgs/include/geographic_msgs/geographic_msgs/srv/detail
-- Installing: /home/balling/projects/RIC/ros_ws/install/geographic_msgs/include/geographic_msgs/geographic_msgs/srv/detail/update_geographic_map__type_support.hpp
-- Installing: /home/balling/projects/RIC/ros_ws/install/geographic_msgs/include/geographic_msgs/geographic_msgs/srv/detail/get_route_plan__builder.hpp
-- Installing: /home/balling/projects/RIC/ros_ws/install/geographic_msgs/include/geographic_msgs/geographic_msgs/srv/detail/update_geographic_map__traits.hpp
-- Installing: /home/balling/projects/RIC/ros_ws/install/geographic_msgs/include/geographic_msgs/geographic_msgs/srv/detail/update_geographic_map__struct.hpp
-- Installing: /home/balling/projects/RIC/ros_ws/install/geographic_msgs/include/geographic_msgs/geographic_msgs/srv/detail/get_geographic_map__struct.hpp
-- Installing: /home/balling/projects/RIC/ros_ws/install/geographic_msgs/include/geographic_msgs/geographic_msgs/srv/detail/get_route_plan__struct.hpp
-- Installing: /home/balling/projects/RIC/ros_ws/install/geographic_msgs/include/geographic_msgs/geographic_msgs/srv/detail/get_route_plan__traits.hpp
-- Installing: /home/balling/projects/RIC/ros_ws/install/geographic_msgs/include/geographic_msgs/geographic_msgs/srv/detail/get_geographic_map__builder.hpp
-- Installing: /home/balling/projects/RIC/ros_ws/install/geographic_msgs/include/geographic_msgs/geographic_msgs/srv/detail/get_geographic_map__type_support.hpp
-- Installing: /home/balling/projects/RIC/ros_ws/install/geographic_msgs/include/geographic_msgs/geographic_msgs/srv/detail/get_route_plan__type_support.hpp
-- Installing: /home/balling/projects/RIC/ros_ws/install/geographic_msgs/include/geographic_msgs/geographic_msgs/srv/detail/get_geographic_map__traits.hpp
-- Installing: /home/balling/projects/RIC/ros_ws/install/geographic_msgs/include/geographic_msgs/geographic_msgs/srv/detail/update_geographic_map__builder.hpp
-- Installing: /home/balling/projects/RIC/ros_ws/install/geographic_msgs/include/geographic_msgs/geographic_msgs/srv/update_geographic_map.hpp
-- Installing: /home/balling/projects/RIC/ros_ws/install/geographic_msgs/include/geographic_msgs/geographic_msgs/srv/get_route_plan.hpp
-- Installing: /home/balling/projects/RIC/ros_ws/install/geographic_msgs/include/geographic_msgs/geographic_msgs/srv/get_geographic_map.hpp
-- Up-to-date: /home/balling/projects/RIC/ros_ws/install/geographic_msgs/include/geographic_msgs/geographic_msgs
-- Up-to-date: /home/balling/projects/RIC/ros_ws/install/geographic_msgs/include/geographic_msgs/geographic_msgs/msg
-- Up-to-date: /home/balling/projects/RIC/ros_ws/install/geographic_msgs/include/geographic_msgs/geographic_msgs/msg/detail
-- Installing: /home/balling/projects/RIC/ros_ws/install/geographic_msgs/include/geographic_msgs/geographic_msgs/msg/detail/way_point__rosidl_typesupport_fastrtps_cpp.hpp
-- Installing: /home/balling/projects/RIC/ros_ws/install/geographic_msgs/include/geographic_msgs/geographic_msgs/msg/detail/key_value__rosidl_typesupport_fastrtps_cpp.hpp
-- Installing: /home/balling/projects/RIC/ros_ws/install/geographic_msgs/include/geographic_msgs/geographic_msgs/msg/detail/geographic_map_changes__rosidl_typesupport_fastrtps_cpp.hpp
-- Installing: /home/balling/projects/RIC/ros_ws/install/geographic_msgs/include/geographic_msgs/geographic_msgs/msg/detail/geographic_map__rosidl_typesupport_fastrtps_cpp.hpp
-- Installing: /home/balling/projects/RIC/ros_ws/install/geographic_msgs/include/geographic_msgs/geographic_msgs/msg/detail/route_network__rosidl_typesupport_fastrtps_cpp.hpp
-- Installing: /home/balling/projects/RIC/ros_ws/install/geographic_msgs/include/geographic_msgs/geographic_msgs/msg/detail/geo_pose__rosidl_typesupport_fastrtps_cpp.hpp
-- Installing: /home/balling/projects/RIC/ros_ws/install/geographic_msgs/include/geographic_msgs/geographic_msgs/msg/detail/map_feature__rosidl_typesupport_fastrtps_cpp.hpp
-- Installing: /home/balling/projects/RIC/ros_ws/install/geographic_msgs/include/geographic_msgs/geographic_msgs/msg/detail/route_segment__rosidl_typesupport_fastrtps_cpp.hpp
-- Installing: /home/balling/projects/RIC/ros_ws/install/geographic_msgs/include/geographic_msgs/geographic_msgs/msg/detail/geo_point__rosidl_typesupport_fastrtps_cpp.hpp
-- Installing: /home/balling/projects/RIC/ros_ws/install/geographic_msgs/include/geographic_msgs/geographic_msgs/msg/detail/bounding_box__rosidl_typesupport_fastrtps_cpp.hpp
-- Installing: /home/balling/projects/RIC/ros_ws/install/geographic_msgs/include/geographic_msgs/geographic_msgs/msg/detail/route_path__rosidl_typesupport_fastrtps_cpp.hpp
-- Installing: /home/balling/projects/RIC/ros_ws/install/geographic_msgs/include/geographic_msgs/geographic_msgs/msg/detail/dds_fastrtps
-- Installing: /home/balling/projects/RIC/ros_ws/install/geographic_msgs/include/geographic_msgs/geographic_msgs/msg/rosidl_typesupport_fastrtps_cpp__visibility_control.h
-- Up-to-date: /home/balling/projects/RIC/ros_ws/install/geographic_msgs/include/geographic_msgs/geographic_msgs/srv
-- Up-to-date: /home/balling/projects/RIC/ros_ws/install/geographic_msgs/include/geographic_msgs/geographic_msgs/srv/detail
-- Installing: /home/balling/projects/RIC/ros_ws/install/geographic_msgs/include/geographic_msgs/geographic_msgs/srv/detail/get_route_plan__rosidl_typesupport_fastrtps_cpp.hpp
-- Installing: /home/balling/projects/RIC/ros_ws/install/geographic_msgs/include/geographic_msgs/geographic_msgs/srv/detail/update_geographic_map__rosidl_typesupport_fastrtps_cpp.hpp
-- Installing: /home/balling/projects/RIC/ros_ws/install/geographic_msgs/include/geographic_msgs/geographic_msgs/srv/detail/get_geographic_map__rosidl_typesupport_fastrtps_cpp.hpp
-- Installing: /home/balling/projects/RIC/ros_ws/install/geographic_msgs/include/geographic_msgs/geographic_msgs/srv/detail/dds_fastrtps
-- Installing: /home/balling/projects/RIC/ros_ws/install/geographic_msgs/lib/libgeographic_msgs__rosidl_typesupport_fastrtps_cpp.so
-- Set non-toolchain portion of runtime path of "/home/balling/projects/RIC/ros_ws/install/geographic_msgs/lib/libgeographic_msgs__rosidl_typesupport_fastrtps_cpp.so" to ""
-- Up-to-date: /home/balling/projects/RIC/ros_ws/install/geographic_msgs/include/geographic_msgs/geographic_msgs
-- Up-to-date: /home/balling/projects/RIC/ros_ws/install/geographic_msgs/include/geographic_msgs/geographic_msgs/msg
-- Up-to-date: /home/balling/projects/RIC/ros_ws/install/geographic_msgs/include/geographic_msgs/geographic_msgs/msg/detail
-- Installing: /home/balling/projects/RIC/ros_ws/install/geographic_msgs/include/geographic_msgs/geographic_msgs/msg/detail/key_value__type_support.cpp
-- Installing: /home/balling/projects/RIC/ros_ws/install/geographic_msgs/include/geographic_msgs/geographic_msgs/msg/detail/way_point__rosidl_typesupport_introspection_cpp.hpp
-- Installing: /home/balling/projects/RIC/ros_ws/install/geographic_msgs/include/geographic_msgs/geographic_msgs/msg/detail/route_path__rosidl_typesupport_introspection_cpp.hpp
-- Installing: /home/balling/projects/RIC/ros_ws/install/geographic_msgs/include/geographic_msgs/geographic_msgs/msg/detail/geographic_map__rosidl_typesupport_introspection_cpp.hpp
-- Installing: /home/balling/projects/RIC/ros_ws/install/geographic_msgs/include/geographic_msgs/geographic_msgs/msg/detail/bounding_box__type_support.cpp
-- Installing: /home/balling/projects/RIC/ros_ws/install/geographic_msgs/include/geographic_msgs/geographic_msgs/msg/detail/geo_pose__rosidl_typesupport_introspection_cpp.hpp
-- Installing: /home/balling/projects/RIC/ros_ws/install/geographic_msgs/include/geographic_msgs/geographic_msgs/msg/detail/route_network__type_support.cpp
-- Installing: /home/balling/projects/RIC/ros_ws/install/geographic_msgs/include/geographic_msgs/geographic_msgs/msg/detail/key_value__rosidl_typesupport_introspection_cpp.hpp
-- Installing: /home/balling/projects/RIC/ros_ws/install/geographic_msgs/include/geographic_msgs/geographic_msgs/msg/detail/geographic_map_changes__type_support.cpp
-- Installing: /home/balling/projects/RIC/ros_ws/install/geographic_msgs/include/geographic_msgs/geographic_msgs/msg/detail/route_path__type_support.cpp
-- Installing: /home/balling/projects/RIC/ros_ws/install/geographic_msgs/include/geographic_msgs/geographic_msgs/msg/detail/geographic_map__type_support.cpp
-- Installing: /home/balling/projects/RIC/ros_ws/install/geographic_msgs/include/geographic_msgs/geographic_msgs/msg/detail/geo_point__type_support.cpp
-- Installing: /home/balling/projects/RIC/ros_ws/install/geographic_msgs/include/geographic_msgs/geographic_msgs/msg/detail/map_feature__rosidl_typesupport_introspection_cpp.hpp
-- Installing: /home/balling/projects/RIC/ros_ws/install/geographic_msgs/include/geographic_msgs/geographic_msgs/msg/detail/route_network__rosidl_typesupport_introspection_cpp.hpp
-- Installing: /home/balling/projects/RIC/ros_ws/install/geographic_msgs/include/geographic_msgs/geographic_msgs/msg/detail/route_segment__type_support.cpp
-- Installing: /home/balling/projects/RIC/ros_ws/install/geographic_msgs/include/geographic_msgs/geographic_msgs/msg/detail/bounding_box__rosidl_typesupport_introspection_cpp.hpp
-- Installing: /home/balling/projects/RIC/ros_ws/install/geographic_msgs/include/geographic_msgs/geographic_msgs/msg/detail/way_point__type_support.cpp
-- Installing: /home/balling/projects/RIC/ros_ws/install/geographic_msgs/include/geographic_msgs/geographic_msgs/msg/detail/geo_pose__type_support.cpp
-- Installing: /home/balling/projects/RIC/ros_ws/install/geographic_msgs/include/geographic_msgs/geographic_msgs/msg/detail/route_segment__rosidl_typesupport_introspection_cpp.hpp
-- Installing: /home/balling/projects/RIC/ros_ws/install/geographic_msgs/include/geographic_msgs/geographic_msgs/msg/detail/geo_point__rosidl_typesupport_introspection_cpp.hpp
-- Installing: /home/balling/projects/RIC/ros_ws/install/geographic_msgs/include/geographic_msgs/geographic_msgs/msg/detail/geographic_map_changes__rosidl_typesupport_introspection_cpp.hpp
-- Installing: /home/balling/projects/RIC/ros_ws/install/geographic_msgs/include/geographic_msgs/geographic_msgs/msg/detail/map_feature__type_support.cpp
-- Up-to-date: /home/balling/projects/RIC/ros_ws/install/geographic_msgs/include/geographic_msgs/geographic_msgs/srv
-- Up-to-date: /home/balling/projects/RIC/ros_ws/install/geographic_msgs/include/geographic_msgs/geographic_msgs/srv/detail
-- Installing: /home/balling/projects/RIC/ros_ws/install/geographic_msgs/include/geographic_msgs/geographic_msgs/srv/detail/get_route_plan__rosidl_typesupport_introspection_cpp.hpp
-- Installing: /home/balling/projects/RIC/ros_ws/install/geographic_msgs/include/geographic_msgs/geographic_msgs/srv/detail/get_geographic_map__rosidl_typesupport_introspection_cpp.hpp
-- Installing: /home/balling/projects/RIC/ros_ws/install/geographic_msgs/include/geographic_msgs/geographic_msgs/srv/detail/update_geographic_map__type_support.cpp
-- Installing: /home/balling/projects/RIC/ros_ws/install/geographic_msgs/include/geographic_msgs/geographic_msgs/srv/detail/get_geographic_map__type_support.cpp
-- Installing: /home/balling/projects/RIC/ros_ws/install/geographic_msgs/include/geographic_msgs/geographic_msgs/srv/detail/get_route_plan__type_support.cpp
-- Installing: /home/balling/projects/RIC/ros_ws/install/geographic_msgs/include/geographic_msgs/geographic_msgs/srv/detail/update_geographic_map__rosidl_typesupport_introspection_cpp.hpp
-- Installing: /home/balling/projects/RIC/ros_ws/install/geographic_msgs/lib/libgeographic_msgs__rosidl_typesupport_introspection_cpp.so
-- Set non-toolchain portion of runtime path of "/home/balling/projects/RIC/ros_ws/install/geographic_msgs/lib/libgeographic_msgs__rosidl_typesupport_introspection_cpp.so" to ""
-- Installing: /home/balling/projects/RIC/ros_ws/install/geographic_msgs/lib/libgeographic_msgs__rosidl_typesupport_cpp.so
-- Set non-toolchain portion of runtime path of "/home/balling/projects/RIC/ros_ws/install/geographic_msgs/lib/libgeographic_msgs__rosidl_typesupport_cpp.so" to ""
-- Installing: /home/balling/projects/RIC/ros_ws/install/geographic_msgs/share/ament_index/resource_index/rust_packages/geographic_msgs
-- Installing: /home/balling/projects/RIC/ros_ws/install/geographic_msgs/share/geographic_msgs/rust
-- Installing: /home/balling/projects/RIC/ros_ws/install/geographic_msgs/share/geographic_msgs/rust/build.rs
-- Installing: /home/balling/projects/RIC/ros_ws/install/geographic_msgs/share/geographic_msgs/rust/Cargo.toml
-- Installing: /home/balling/projects/RIC/ros_ws/install/geographic_msgs/share/geographic_msgs/rust/src
-- Installing: /home/balling/projects/RIC/ros_ws/install/geographic_msgs/share/geographic_msgs/rust/src/lib.rs
-- Installing: /home/balling/projects/RIC/ros_ws/install/geographic_msgs/share/geographic_msgs/rust/src/msg.rs
-- Installing: /home/balling/projects/RIC/ros_ws/install/geographic_msgs/share/geographic_msgs/rust/src/srv.rs
-- Installing: /home/balling/projects/RIC/ros_ws/install/geographic_msgs/share/geographic_msgs/environment/pythonpath.sh
-- Installing: /home/balling/projects/RIC/ros_ws/install/geographic_msgs/share/geographic_msgs/environment/pythonpath.dsv
-- Installing: /home/balling/projects/RIC/ros_ws/install/geographic_msgs/lib/python3.12/site-packages/geographic_msgs-0.5.0-py3.12.egg-info
-- Installing: /home/balling/projects/RIC/ros_ws/install/geographic_msgs/lib/python3.12/site-packages/geographic_msgs-0.5.0-py3.12.egg-info/PKG-INFO
-- Installing: /home/balling/projects/RIC/ros_ws/install/geographic_msgs/lib/python3.12/site-packages/geographic_msgs-0.5.0-py3.12.egg-info/dependency_links.txt
-- Installing: /home/balling/projects/RIC/ros_ws/install/geographic_msgs/lib/python3.12/site-packages/geographic_msgs-0.5.0-py3.12.egg-info/top_level.txt
-- Installing: /home/balling/projects/RIC/ros_ws/install/geographic_msgs/lib/python3.12/site-packages/geographic_msgs-0.5.0-py3.12.egg-info/SOURCES.txt
-- Installing: /home/balling/projects/RIC/ros_ws/install/geographic_msgs/lib/python3.12/site-packages/geographic_msgs
-- Installing: /home/balling/projects/RIC/ros_ws/install/geographic_msgs/lib/python3.12/site-packages/geographic_msgs/msg
-- Installing: /home/balling/projects/RIC/ros_ws/install/geographic_msgs/lib/python3.12/site-packages/geographic_msgs/msg/_geographic_map.py
-- Installing: /home/balling/projects/RIC/ros_ws/install/geographic_msgs/lib/python3.12/site-packages/geographic_msgs/msg/_geographic_map_changes.py
-- Installing: /home/balling/projects/RIC/ros_ws/install/geographic_msgs/lib/python3.12/site-packages/geographic_msgs/msg/_route_network.py
-- Installing: /home/balling/projects/RIC/ros_ws/install/geographic_msgs/lib/python3.12/site-packages/geographic_msgs/msg/_map_feature.py
-- Installing: /home/balling/projects/RIC/ros_ws/install/geographic_msgs/lib/python3.12/site-packages/geographic_msgs/msg/_route_segment_s.c
-- Installing: /home/balling/projects/RIC/ros_ws/install/geographic_msgs/lib/python3.12/site-packages/geographic_msgs/msg/_geo_pose_s.c
-- Installing: /home/balling/projects/RIC/ros_ws/install/geographic_msgs/lib/python3.12/site-packages/geographic_msgs/msg/_key_value_s.c
-- Installing: /home/balling/projects/RIC/ros_ws/install/geographic_msgs/lib/python3.12/site-packages/geographic_msgs/msg/_way_point_s.c
-- Installing: /home/balling/projects/RIC/ros_ws/install/geographic_msgs/lib/python3.12/site-packages/geographic_msgs/msg/_route_segment.py
-- Installing: /home/balling/projects/RIC/ros_ws/install/geographic_msgs/lib/python3.12/site-packages/geographic_msgs/msg/_geographic_map_s.c
-- Installing: /home/balling/projects/RIC/ros_ws/install/geographic_msgs/lib/python3.12/site-packages/geographic_msgs/msg/_route_network_s.c
-- Installing: /home/balling/projects/RIC/ros_ws/install/geographic_msgs/lib/python3.12/site-packages/geographic_msgs/msg/_route_path_s.c
-- Installing: /home/balling/projects/RIC/ros_ws/install/geographic_msgs/lib/python3.12/site-packages/geographic_msgs/msg/_geographic_map_changes_s.c
-- Installing: /home/balling/projects/RIC/ros_ws/install/geographic_msgs/lib/python3.12/site-packages/geographic_msgs/msg/__init__.py
-- Installing: /home/balling/projects/RIC/ros_ws/install/geographic_msgs/lib/python3.12/site-packages/geographic_msgs/msg/_geo_point.py
-- Installing: /home/balling/projects/RIC/ros_ws/install/geographic_msgs/lib/python3.12/site-packages/geographic_msgs/msg/_geo_point_s.c
-- Installing: /home/balling/projects/RIC/ros_ws/install/geographic_msgs/lib/python3.12/site-packages/geographic_msgs/msg/_way_point.py
-- Installing: /home/balling/projects/RIC/ros_ws/install/geographic_msgs/lib/python3.12/site-packages/geographic_msgs/msg/_geo_pose.py
-- Installing: /home/balling/projects/RIC/ros_ws/install/geographic_msgs/lib/python3.12/site-packages/geographic_msgs/msg/_bounding_box_s.c
-- Installing: /home/balling/projects/RIC/ros_ws/install/geographic_msgs/lib/python3.12/site-packages/geographic_msgs/msg/_bounding_box.py
-- Installing: /home/balling/projects/RIC/ros_ws/install/geographic_msgs/lib/python3.12/site-packages/geographic_msgs/msg/_route_path.py
-- Installing: /home/balling/projects/RIC/ros_ws/install/geographic_msgs/lib/python3.12/site-packages/geographic_msgs/msg/_map_feature_s.c
-- Installing: /home/balling/projects/RIC/ros_ws/install/geographic_msgs/lib/python3.12/site-packages/geographic_msgs/msg/_key_value.py
-- Installing: /home/balling/projects/RIC/ros_ws/install/geographic_msgs/lib/python3.12/site-packages/geographic_msgs/_geographic_msgs_s.ep.rosidl_typesupport_fastrtps_c.c
-- Installing: /home/balling/projects/RIC/ros_ws/install/geographic_msgs/lib/python3.12/site-packages/geographic_msgs/geographic_msgs_s__rosidl_typesupport_introspection_c.so
-- Installing: /home/balling/projects/RIC/ros_ws/install/geographic_msgs/lib/python3.12/site-packages/geographic_msgs/srv
-- Installing: /home/balling/projects/RIC/ros_ws/install/geographic_msgs/lib/python3.12/site-packages/geographic_msgs/srv/_update_geographic_map.py
-- Installing: /home/balling/projects/RIC/ros_ws/install/geographic_msgs/lib/python3.12/site-packages/geographic_msgs/srv/_get_geographic_map.py
-- Installing: /home/balling/projects/RIC/ros_ws/install/geographic_msgs/lib/python3.12/site-packages/geographic_msgs/srv/_update_geographic_map_s.c
-- Installing: /home/balling/projects/RIC/ros_ws/install/geographic_msgs/lib/python3.12/site-packages/geographic_msgs/srv/_get_geographic_map_s.c
-- Installing: /home/balling/projects/RIC/ros_ws/install/geographic_msgs/lib/python3.12/site-packages/geographic_msgs/srv/_get_route_plan.py
-- Installing: /home/balling/projects/RIC/ros_ws/install/geographic_msgs/lib/python3.12/site-packages/geographic_msgs/srv/__init__.py
-- Installing: /home/balling/projects/RIC/ros_ws/install/geographic_msgs/lib/python3.12/site-packages/geographic_msgs/srv/_get_route_plan_s.c
-- Installing: /home/balling/projects/RIC/ros_ws/install/geographic_msgs/lib/python3.12/site-packages/geographic_msgs/_geographic_msgs_s.ep.rosidl_typesupport_c.c
-- Installing: /home/balling/projects/RIC/ros_ws/install/geographic_msgs/lib/python3.12/site-packages/geographic_msgs/__init__.py
-- Installing: /home/balling/projects/RIC/ros_ws/install/geographic_msgs/lib/python3.12/site-packages/geographic_msgs/geographic_msgs_s__rosidl_typesupport_c.so
-- Installing: /home/balling/projects/RIC/ros_ws/install/geographic_msgs/lib/python3.12/site-packages/geographic_msgs/geographic_msgs_s__rosidl_typesupport_fastrtps_c.so
-- Installing: /home/balling/projects/RIC/ros_ws/install/geographic_msgs/lib/python3.12/site-packages/geographic_msgs/_geographic_msgs_s.ep.rosidl_typesupport_introspection_c.c
Listing '/home/balling/projects/RIC/ros_ws/install/geographic_msgs/lib/python3.12/site-packages/geographic_msgs'...
Compiling '/home/balling/projects/RIC/ros_ws/install/geographic_msgs/lib/python3.12/site-packages/geographic_msgs/__init__.py'...
Listing '/home/balling/projects/RIC/ros_ws/install/geographic_msgs/lib/python3.12/site-packages/geographic_msgs/msg'...
Compiling '/home/balling/projects/RIC/ros_ws/install/geographic_msgs/lib/python3.12/site-packages/geographic_msgs/msg/__init__.py'...
Compiling '/home/balling/projects/RIC/ros_ws/install/geographic_msgs/lib/python3.12/site-packages/geographic_msgs/msg/_bounding_box.py'...
Compiling '/home/balling/projects/RIC/ros_ws/install/geographic_msgs/lib/python3.12/site-packages/geographic_msgs/msg/_geo_point.py'...
Compiling '/home/balling/projects/RIC/ros_ws/install/geographic_msgs/lib/python3.12/site-packages/geographic_msgs/msg/_geo_pose.py'...
Compiling '/home/balling/projects/RIC/ros_ws/install/geographic_msgs/lib/python3.12/site-packages/geographic_msgs/msg/_geographic_map.py'...
Compiling '/home/balling/projects/RIC/ros_ws/install/geographic_msgs/lib/python3.12/site-packages/geographic_msgs/msg/_geographic_map_changes.py'...
Compiling '/home/balling/projects/RIC/ros_ws/install/geographic_msgs/lib/python3.12/site-packages/geographic_msgs/msg/_key_value.py'...
Compiling '/home/balling/projects/RIC/ros_ws/install/geographic_msgs/lib/python3.12/site-packages/geographic_msgs/msg/_map_feature.py'...
Compiling '/home/balling/projects/RIC/ros_ws/install/geographic_msgs/lib/python3.12/site-packages/geographic_msgs/msg/_route_network.py'...
Compiling '/home/balling/projects/RIC/ros_ws/install/geographic_msgs/lib/python3.12/site-packages/geographic_msgs/msg/_route_path.py'...
Compiling '/home/balling/projects/RIC/ros_ws/install/geographic_msgs/lib/python3.12/site-packages/geographic_msgs/msg/_route_segment.py'...
Compiling '/home/balling/projects/RIC/ros_ws/install/geographic_msgs/lib/python3.12/site-packages/geographic_msgs/msg/_way_point.py'...
Listing '/home/balling/projects/RIC/ros_ws/install/geographic_msgs/lib/python3.12/site-packages/geographic_msgs/srv'...
Compiling '/home/balling/projects/RIC/ros_ws/install/geographic_msgs/lib/python3.12/site-packages/geographic_msgs/srv/__init__.py'...
Compiling '/home/balling/projects/RIC/ros_ws/install/geographic_msgs/lib/python3.12/site-packages/geographic_msgs/srv/_get_geographic_map.py'...
Compiling '/home/balling/projects/RIC/ros_ws/install/geographic_msgs/lib/python3.12/site-packages/geographic_msgs/srv/_get_route_plan.py'...
Compiling '/home/balling/projects/RIC/ros_ws/install/geographic_msgs/lib/python3.12/site-packages/geographic_msgs/srv/_update_geographic_map.py'...
-- Installing: /home/balling/projects/RIC/ros_ws/install/geographic_msgs/lib/python3.12/site-packages/geographic_msgs/geographic_msgs_s__rosidl_typesupport_fastrtps_c.so
-- Set non-toolchain portion of runtime path of "/home/balling/projects/RIC/ros_ws/install/geographic_msgs/lib/python3.12/site-packages/geographic_msgs/geographic_msgs_s__rosidl_typesupport_fastrtps_c.so" to ""
-- Installing: /home/balling/projects/RIC/ros_ws/install/geographic_msgs/lib/python3.12/site-packages/geographic_msgs/geographic_msgs_s__rosidl_typesupport_introspection_c.so
-- Set non-toolchain portion of runtime path of "/home/balling/projects/RIC/ros_ws/install/geographic_msgs/lib/python3.12/site-packages/geographic_msgs/geographic_msgs_s__rosidl_typesupport_introspection_c.so" to ""
-- Installing: /home/balling/projects/RIC/ros_ws/install/geographic_msgs/lib/python3.12/site-packages/geographic_msgs/geographic_msgs_s__rosidl_typesupport_c.so
-- Set non-toolchain portion of runtime path of "/home/balling/projects/RIC/ros_ws/install/geographic_msgs/lib/python3.12/site-packages/geographic_msgs/geographic_msgs_s__rosidl_typesupport_c.so" to ""
-- Installing: /home/balling/projects/RIC/ros_ws/install/geographic_msgs/lib/libgeographic_msgs__rosidl_generator_py.so
-- Set non-toolchain portion of runtime path of "/home/balling/projects/RIC/ros_ws/install/geographic_msgs/lib/libgeographic_msgs__rosidl_generator_py.so" to ""
-- Installing: /home/balling/projects/RIC/ros_ws/install/geographic_msgs/share/geographic_msgs/msg/GeoPoint.idl
-- Installing: /home/balling/projects/RIC/ros_ws/install/geographic_msgs/share/geographic_msgs/msg/BoundingBox.idl
-- Installing: /home/balling/projects/RIC/ros_ws/install/geographic_msgs/share/geographic_msgs/msg/GeographicMapChanges.idl
-- Installing: /home/balling/projects/RIC/ros_ws/install/geographic_msgs/share/geographic_msgs/msg/GeographicMap.idl
-- Installing: /home/balling/projects/RIC/ros_ws/install/geographic_msgs/share/geographic_msgs/msg/GeoPose.idl
-- Installing: /home/balling/projects/RIC/ros_ws/install/geographic_msgs/share/geographic_msgs/msg/KeyValue.idl
-- Installing: /home/balling/projects/RIC/ros_ws/install/geographic_msgs/share/geographic_msgs/msg/MapFeature.idl
-- Installing: /home/balling/projects/RIC/ros_ws/install/geographic_msgs/share/geographic_msgs/msg/RouteNetwork.idl
-- Installing: /home/balling/projects/RIC/ros_ws/install/geographic_msgs/share/geographic_msgs/msg/RoutePath.idl
-- Installing: /home/balling/projects/RIC/ros_ws/install/geographic_msgs/share/geographic_msgs/msg/RouteSegment.idl
-- Installing: /home/balling/projects/RIC/ros_ws/install/geographic_msgs/share/geographic_msgs/msg/WayPoint.idl
-- Installing: /home/balling/projects/RIC/ros_ws/install/geographic_msgs/share/geographic_msgs/srv/GetGeographicMap.idl
-- Installing: /home/balling/projects/RIC/ros_ws/install/geographic_msgs/share/geographic_msgs/srv/GetRoutePlan.idl
-- Installing: /home/balling/projects/RIC/ros_ws/install/geographic_msgs/share/geographic_msgs/srv/UpdateGeographicMap.idl
-- Installing: /home/balling/projects/RIC/ros_ws/install/geographic_msgs/share/geographic_msgs/msg/GeoPoint.msg
-- Installing: /home/balling/projects/RIC/ros_ws/install/geographic_msgs/share/geographic_msgs/msg/BoundingBox.msg
-- Installing: /home/balling/projects/RIC/ros_ws/install/geographic_msgs/share/geographic_msgs/msg/GeographicMapChanges.msg
-- Installing: /home/balling/projects/RIC/ros_ws/install/geographic_msgs/share/geographic_msgs/msg/GeographicMap.msg
-- Installing: /home/balling/projects/RIC/ros_ws/install/geographic_msgs/share/geographic_msgs/msg/GeoPose.msg
-- Installing: /home/balling/projects/RIC/ros_ws/install/geographic_msgs/share/geographic_msgs/msg/KeyValue.msg
-- Installing: /home/balling/projects/RIC/ros_ws/install/geographic_msgs/share/geographic_msgs/msg/MapFeature.msg
-- Installing: /home/balling/projects/RIC/ros_ws/install/geographic_msgs/share/geographic_msgs/msg/RouteNetwork.msg
-- Installing: /home/balling/projects/RIC/ros_ws/install/geographic_msgs/share/geographic_msgs/msg/RoutePath.msg
-- Installing: /home/balling/projects/RIC/ros_ws/install/geographic_msgs/share/geographic_msgs/msg/RouteSegment.msg
-- Installing: /home/balling/projects/RIC/ros_ws/install/geographic_msgs/share/geographic_msgs/msg/WayPoint.msg
-- Installing: /home/balling/projects/RIC/ros_ws/install/geographic_msgs/share/geographic_msgs/srv/GetGeographicMap.srv
-- Installing: /home/balling/projects/RIC/ros_ws/install/geographic_msgs/share/geographic_msgs/srv/GetRoutePlan.srv
-- Installing: /home/balling/projects/RIC/ros_ws/install/geographic_msgs/share/geographic_msgs/srv/UpdateGeographicMap.srv
-- Installing: /home/balling/projects/RIC/ros_ws/install/geographic_msgs/share/ament_index/resource_index/package_run_dependencies/geographic_msgs
-- Installing: /home/balling/projects/RIC/ros_ws/install/geographic_msgs/share/ament_index/resource_index/parent_prefix_path/geographic_msgs
-- Installing: /home/balling/projects/RIC/ros_ws/install/geographic_msgs/share/geographic_msgs/environment/ament_prefix_path.sh
-- Installing: /home/balling/projects/RIC/ros_ws/install/geographic_msgs/share/geographic_msgs/environment/ament_prefix_path.dsv
-- Installing: /home/balling/projects/RIC/ros_ws/install/geographic_msgs/share/geographic_msgs/environment/path.sh
-- Installing: /home/balling/projects/RIC/ros_ws/install/geographic_msgs/share/geographic_msgs/environment/path.dsv
-- Installing: /home/balling/projects/RIC/ros_ws/install/geographic_msgs/share/geographic_msgs/local_setup.bash
-- Installing: /home/balling/projects/RIC/ros_ws/install/geographic_msgs/share/geographic_msgs/local_setup.sh
-- Installing: /home/balling/projects/RIC/ros_ws/install/geographic_msgs/share/geographic_msgs/local_setup.zsh
-- Installing: /home/balling/projects/RIC/ros_ws/install/geographic_msgs/share/geographic_msgs/local_setup.dsv
-- Installing: /home/balling/projects/RIC/ros_ws/install/geographic_msgs/share/geographic_msgs/package.dsv
-- Installing: /home/balling/projects/RIC/ros_ws/install/geographic_msgs/share/ament_index/resource_index/packages/geographic_msgs
-- Installing: /home/balling/projects/RIC/ros_ws/install/geographic_msgs/share/geographic_msgs/cmake/export_geographic_msgs__rosidl_generator_cExport.cmake
-- Installing: /home/balling/projects/RIC/ros_ws/install/geographic_msgs/share/geographic_msgs/cmake/export_geographic_msgs__rosidl_generator_cExport-noconfig.cmake
-- Installing: /home/balling/projects/RIC/ros_ws/install/geographic_msgs/share/geographic_msgs/cmake/export_geographic_msgs__rosidl_typesupport_fastrtps_cExport.cmake
-- Installing: /home/balling/projects/RIC/ros_ws/install/geographic_msgs/share/geographic_msgs/cmake/export_geographic_msgs__rosidl_typesupport_fastrtps_cExport-noconfig.cmake
-- Installing: /home/balling/projects/RIC/ros_ws/install/geographic_msgs/share/geographic_msgs/cmake/geographic_msgs__rosidl_typesupport_introspection_cExport.cmake
-- Installing: /home/balling/projects/RIC/ros_ws/install/geographic_msgs/share/geographic_msgs/cmake/geographic_msgs__rosidl_typesupport_introspection_cExport-noconfig.cmake
-- Installing: /home/balling/projects/RIC/ros_ws/install/geographic_msgs/share/geographic_msgs/cmake/geographic_msgs__rosidl_typesupport_cExport.cmake
-- Installing: /home/balling/projects/RIC/ros_ws/install/geographic_msgs/share/geographic_msgs/cmake/geographic_msgs__rosidl_typesupport_cExport-noconfig.cmake
-- Installing: /home/balling/projects/RIC/ros_ws/install/geographic_msgs/share/geographic_msgs/cmake/export_geographic_msgs__rosidl_generator_cppExport.cmake
-- Installing: /home/balling/projects/RIC/ros_ws/install/geographic_msgs/share/geographic_msgs/cmake/export_geographic_msgs__rosidl_typesupport_fastrtps_cppExport.cmake
-- Installing: /home/balling/projects/RIC/ros_ws/install/geographic_msgs/share/geographic_msgs/cmake/export_geographic_msgs__rosidl_typesupport_fastrtps_cppExport-noconfig.cmake
-- Installing: /home/balling/projects/RIC/ros_ws/install/geographic_msgs/share/geographic_msgs/cmake/geographic_msgs__rosidl_typesupport_introspection_cppExport.cmake
-- Installing: /home/balling/projects/RIC/ros_ws/install/geographic_msgs/share/geographic_msgs/cmake/geographic_msgs__rosidl_typesupport_introspection_cppExport-noconfig.cmake
-- Installing: /home/balling/projects/RIC/ros_ws/install/geographic_msgs/share/geographic_msgs/cmake/geographic_msgs__rosidl_typesupport_cppExport.cmake
-- Installing: /home/balling/projects/RIC/ros_ws/install/geographic_msgs/share/geographic_msgs/cmake/geographic_msgs__rosidl_typesupport_cppExport-noconfig.cmake
-- Installing: /home/balling/projects/RIC/ros_ws/install/geographic_msgs/share/geographic_msgs/cmake/export_geographic_msgs__rosidl_generator_pyExport.cmake
-- Installing: /home/balling/projects/RIC/ros_ws/install/geographic_msgs/share/geographic_msgs/cmake/export_geographic_msgs__rosidl_generator_pyExport-noconfig.cmake
-- Installing: /home/balling/projects/RIC/ros_ws/install/geographic_msgs/share/geographic_msgs/cmake/rosidl_cmake-extras.cmake
-- Installing: /home/balling/projects/RIC/ros_ws/install/geographic_msgs/share/geographic_msgs/cmake/ament_cmake_export_dependencies-extras.cmake
-- Installing: /home/balling/projects/RIC/ros_ws/install/geographic_msgs/share/geographic_msgs/cmake/ament_cmake_export_include_directories-extras.cmake
-- Installing: /home/balling/projects/RIC/ros_ws/install/geographic_msgs/share/geographic_msgs/cmake/ament_cmake_export_libraries-extras.cmake
-- Installing: /home/balling/projects/RIC/ros_ws/install/geographic_msgs/share/geographic_msgs/cmake/ament_cmake_export_targets-extras.cmake
-- Installing: /home/balling/projects/RIC/ros_ws/install/geographic_msgs/share/geographic_msgs/cmake/rosidl_cmake_export_typesupport_targets-extras.cmake
-- Installing: /home/balling/projects/RIC/ros_ws/install/geographic_msgs/share/geographic_msgs/cmake/rosidl_cmake_export_typesupport_libraries-extras.cmake
-- Installing: /home/balling/projects/RIC/ros_ws/install/geographic_msgs/share/geographic_msgs/cmake/geographic_msgsConfig.cmake
-- Installing: /home/balling/projects/RIC/ros_ws/install/geographic_msgs/share/geographic_msgs/cmake/geographic_msgsConfig-version.cmake
-- Installing: /home/balling/projects/RIC/ros_ws/install/geographic_msgs/share/geographic_msgs/package.xml
