[0.021s] Invoking command in '/home/balling/projects/RIC/ros_ws/build/action_msgs': AMENT_PREFIX_PATH=/home/balling/projects/RIC/ros_ws/install/service_msgs:/home/balling/projects/RIC/ros_ws/install/unique_identifier_msgs:/home/balling/projects/RIC/ros_ws/install/builtin_interfaces:/home/balling/projects/RIC/ros_ws/install/rosidl_core_runtime:/home/balling/projects/RIC/ros_ws/install/rosidl_core_generators:/home/balling/projects/RIC/ros_ws/install/rosidl_generator_rs:/home/balling/projects/RIC/ros_ws/install/rosidl_runtime_rs:${AMENT_PREFIX_PATH} CMAKE_PREFIX_PATH=/home/balling/projects/RIC/ros_ws/install/service_msgs:/home/balling/projects/RIC/ros_ws/install/unique_identifier_msgs:/home/balling/projects/RIC/ros_ws/install/builtin_interfaces:/home/balling/projects/RIC/ros_ws/install/rosidl_core_runtime:/home/balling/projects/RIC/ros_ws/install/rosidl_core_generators:/home/balling/projects/RIC/ros_ws/install/rosidl_generator_rs:/home/balling/projects/RIC/mobile_robot_ws/install/mobile_robot:/home/balling/projects/RIC/mobile_robot_ws/install/articubot_one:/opt/ros/jazzy/opt/gz_sim_vendor:/opt/ros/jazzy/opt/gz_sensors_vendor:/opt/ros/jazzy/opt/gz_physics_vendor:/opt/ros/jazzy/opt/sdformat_vendor:/opt/ros/jazzy/opt/gz_gui_vendor:/opt/ros/jazzy/opt/gz_transport_vendor:/opt/ros/jazzy/opt/gz_rendering_vendor:/opt/ros/jazzy/opt/gz_plugin_vendor:/opt/ros/jazzy/opt/gz_fuel_tools_vendor:/opt/ros/jazzy/opt/gz_msgs_vendor:/opt/ros/jazzy/opt/gz_common_vendor:/opt/ros/jazzy/opt/gz_math_vendor:/opt/ros/jazzy/opt/gz_utils_vendor:/opt/ros/jazzy/opt/gz_tools_vendor:/opt/ros/jazzy/opt/gz_ogre_next_vendor:/opt/ros/jazzy/opt/gz_dartsim_vendor:/opt/ros/jazzy/opt/gz_cmake_vendor:/opt/ros/jazzy DEBUGINFOD_URLS=https://debuginfod.ubuntu.com LD_LIBRARY_PATH=/home/balling/projects/RIC/ros_ws/install/service_msgs/lib:/home/balling/projects/RIC/ros_ws/install/unique_identifier_msgs/lib:/home/balling/projects/RIC/ros_ws/install/builtin_interfaces/lib:${LD_LIBRARY_PATH} PYTHONPATH=/home/balling/projects/RIC/ros_ws/install/service_msgs/lib/python3.12/site-packages:/home/balling/projects/RIC/ros_ws/install/unique_identifier_msgs/lib/python3.12/site-packages:/home/balling/projects/RIC/ros_ws/install/builtin_interfaces/lib/python3.12/site-packages:/home/balling/projects/RIC/ros_ws/install/rosidl_generator_rs/lib/python3.12/site-packages:${PYTHONPATH} /home/balling/.nix-profile/bin/cmake /home/balling/projects/RIC/ros_ws/src/ros2/rcl_interfaces/action_msgs -DCMAKE_INSTALL_PREFIX=/home/balling/projects/RIC/ros_ws/install/action_msgs
[0.072s] -- The C compiler identification is GNU 13.3.0
[0.123s] -- The CXX compiler identification is GNU 13.3.0
[0.132s] -- Detecting C compiler ABI info
[0.195s] -- Detecting C compiler ABI info - done
[0.213s] -- Check for working C compiler: /usr/bin/cc - skipped
[0.213s] -- Detecting C compile features
[0.213s] -- Detecting C compile features - done
[0.216s] -- Detecting CXX compiler ABI info
[0.283s] -- Detecting CXX compiler ABI info - done
[0.298s] -- Check for working CXX compiler: /usr/bin/c++ - skipped
[0.298s] -- Detecting CXX compile features
[0.298s] -- Detecting CXX compile features - done
[0.302s] -- Found ament_cmake: 2.5.2 (/opt/ros/jazzy/share/ament_cmake/cmake)
[0.421s] -- Found Python3: /usr/bin/python3 (found version "3.12.3") found components: Interpreter
[0.503s] -- Found builtin_interfaces: 2.0.2 (/home/balling/projects/RIC/ros_ws/install/builtin_interfaces/share/builtin_interfaces/cmake)
[0.539s] -- Found rosidl_generator_c: 4.6.4 (/opt/ros/jazzy/share/rosidl_generator_c/cmake)
[0.551s] -- Found rosidl_generator_cpp: 4.6.4 (/opt/ros/jazzy/share/rosidl_generator_cpp/cmake)
[0.566s] -- Using all available rosidl_typesupport_c: rosidl_typesupport_fastrtps_c;rosidl_typesupport_introspection_c
[0.581s] -- Using all available rosidl_typesupport_cpp: rosidl_typesupport_fastrtps_cpp;rosidl_typesupport_introspection_cpp
[0.595s] -- Found rosidl_core_generators: 0.2.0 (/home/balling/projects/RIC/ros_ws/install/rosidl_core_generators/share/rosidl_core_generators/cmake)
[0.610s] -- Found rosidl_adapter: 4.6.4 (/opt/ros/jazzy/share/rosidl_adapter/cmake)
[0.610s] -- Found unique_identifier_msgs: 2.5.0 (/home/balling/projects/RIC/ros_ws/install/unique_identifier_msgs/share/unique_identifier_msgs/cmake)
[1.047s] -- Found ament_cmake_cppcheck: 0.17.1 (/opt/ros/jazzy/share/ament_cmake_cppcheck/cmake)
[1.050s] -- Found ament_cmake_cpplint: 0.17.1 (/opt/ros/jazzy/share/ament_cmake_cpplint/cmake)
[1.053s] -- Found ament_cmake_uncrustify: 0.17.1 (/opt/ros/jazzy/share/ament_cmake_uncrustify/cmake)
[1.056s] -- Found ament_cmake_ros: 0.12.0 (/opt/ros/jazzy/share/ament_cmake_ros/cmake)
[1.605s] -- Using all available rosidl_typesupport_c: rosidl_typesupport_fastrtps_c;rosidl_typesupport_introspection_c
[1.819s] -- Using all available rosidl_typesupport_cpp: rosidl_typesupport_fastrtps_cpp;rosidl_typesupport_introspection_cpp
[1.832s] -- Found python_cmake_module: 0.11.1 (/opt/ros/jazzy/share/python_cmake_module/cmake)
[1.929s] -- Found PythonExtra: /usr/bin/python3
[2.232s] -- Found Python3: /usr/bin/python3 (found version "3.12.3") found components: Interpreter Development NumPy Development.Module Development.Embed
[2.262s] -- Found ament_cmake_flake8: 0.17.1 (/opt/ros/jazzy/share/ament_cmake_flake8/cmake)
[2.265s] -- Found ament_cmake_pep257: 0.17.1 (/opt/ros/jazzy/share/ament_cmake_pep257/cmake)
[2.269s] -- Found ament_lint_auto: 0.17.1 (/opt/ros/jazzy/share/ament_lint_auto/cmake)
[2.284s] -- Added test 'copyright' to check source files copyright and LICENSE
[2.284s] -- Added test 'lint_cmake' to check CMake code style
[2.285s] -- Added test 'xmllint' to check XML markup files
[2.287s] -- Configuring done (2.3s)
[2.320s] -- Generating done (0.0s)
[2.334s] -- Build files have been written to: /home/balling/projects/RIC/ros_ws/build/action_msgs
[2.340s] Invoked command in '/home/balling/projects/RIC/ros_ws/build/action_msgs' returned '0': AMENT_PREFIX_PATH=/home/balling/projects/RIC/ros_ws/install/service_msgs:/home/balling/projects/RIC/ros_ws/install/unique_identifier_msgs:/home/balling/projects/RIC/ros_ws/install/builtin_interfaces:/home/balling/projects/RIC/ros_ws/install/rosidl_core_runtime:/home/balling/projects/RIC/ros_ws/install/rosidl_core_generators:/home/balling/projects/RIC/ros_ws/install/rosidl_generator_rs:/home/balling/projects/RIC/ros_ws/install/rosidl_runtime_rs:${AMENT_PREFIX_PATH} CMAKE_PREFIX_PATH=/home/balling/projects/RIC/ros_ws/install/service_msgs:/home/balling/projects/RIC/ros_ws/install/unique_identifier_msgs:/home/balling/projects/RIC/ros_ws/install/builtin_interfaces:/home/balling/projects/RIC/ros_ws/install/rosidl_core_runtime:/home/balling/projects/RIC/ros_ws/install/rosidl_core_generators:/home/balling/projects/RIC/ros_ws/install/rosidl_generator_rs:/home/balling/projects/RIC/mobile_robot_ws/install/mobile_robot:/home/balling/projects/RIC/mobile_robot_ws/install/articubot_one:/opt/ros/jazzy/opt/gz_sim_vendor:/opt/ros/jazzy/opt/gz_sensors_vendor:/opt/ros/jazzy/opt/gz_physics_vendor:/opt/ros/jazzy/opt/sdformat_vendor:/opt/ros/jazzy/opt/gz_gui_vendor:/opt/ros/jazzy/opt/gz_transport_vendor:/opt/ros/jazzy/opt/gz_rendering_vendor:/opt/ros/jazzy/opt/gz_plugin_vendor:/opt/ros/jazzy/opt/gz_fuel_tools_vendor:/opt/ros/jazzy/opt/gz_msgs_vendor:/opt/ros/jazzy/opt/gz_common_vendor:/opt/ros/jazzy/opt/gz_math_vendor:/opt/ros/jazzy/opt/gz_utils_vendor:/opt/ros/jazzy/opt/gz_tools_vendor:/opt/ros/jazzy/opt/gz_ogre_next_vendor:/opt/ros/jazzy/opt/gz_dartsim_vendor:/opt/ros/jazzy/opt/gz_cmake_vendor:/opt/ros/jazzy DEBUGINFOD_URLS=https://debuginfod.ubuntu.com LD_LIBRARY_PATH=/home/balling/projects/RIC/ros_ws/install/service_msgs/lib:/home/balling/projects/RIC/ros_ws/install/unique_identifier_msgs/lib:/home/balling/projects/RIC/ros_ws/install/builtin_interfaces/lib:${LD_LIBRARY_PATH} PYTHONPATH=/home/balling/projects/RIC/ros_ws/install/service_msgs/lib/python3.12/site-packages:/home/balling/projects/RIC/ros_ws/install/unique_identifier_msgs/lib/python3.12/site-packages:/home/balling/projects/RIC/ros_ws/install/builtin_interfaces/lib/python3.12/site-packages:/home/balling/projects/RIC/ros_ws/install/rosidl_generator_rs/lib/python3.12/site-packages:${PYTHONPATH} /home/balling/.nix-profile/bin/cmake /home/balling/projects/RIC/ros_ws/src/ros2/rcl_interfaces/action_msgs -DCMAKE_INSTALL_PREFIX=/home/balling/projects/RIC/ros_ws/install/action_msgs
[2.341s] Invoking command in '/home/balling/projects/RIC/ros_ws/build/action_msgs': AMENT_PREFIX_PATH=/home/balling/projects/RIC/ros_ws/install/service_msgs:/home/balling/projects/RIC/ros_ws/install/unique_identifier_msgs:/home/balling/projects/RIC/ros_ws/install/builtin_interfaces:/home/balling/projects/RIC/ros_ws/install/rosidl_core_runtime:/home/balling/projects/RIC/ros_ws/install/rosidl_core_generators:/home/balling/projects/RIC/ros_ws/install/rosidl_generator_rs:/home/balling/projects/RIC/ros_ws/install/rosidl_runtime_rs:${AMENT_PREFIX_PATH} CMAKE_PREFIX_PATH=/home/balling/projects/RIC/ros_ws/install/service_msgs:/home/balling/projects/RIC/ros_ws/install/unique_identifier_msgs:/home/balling/projects/RIC/ros_ws/install/builtin_interfaces:/home/balling/projects/RIC/ros_ws/install/rosidl_core_runtime:/home/balling/projects/RIC/ros_ws/install/rosidl_core_generators:/home/balling/projects/RIC/ros_ws/install/rosidl_generator_rs:/home/balling/projects/RIC/mobile_robot_ws/install/mobile_robot:/home/balling/projects/RIC/mobile_robot_ws/install/articubot_one:/opt/ros/jazzy/opt/gz_sim_vendor:/opt/ros/jazzy/opt/gz_sensors_vendor:/opt/ros/jazzy/opt/gz_physics_vendor:/opt/ros/jazzy/opt/sdformat_vendor:/opt/ros/jazzy/opt/gz_gui_vendor:/opt/ros/jazzy/opt/gz_transport_vendor:/opt/ros/jazzy/opt/gz_rendering_vendor:/opt/ros/jazzy/opt/gz_plugin_vendor:/opt/ros/jazzy/opt/gz_fuel_tools_vendor:/opt/ros/jazzy/opt/gz_msgs_vendor:/opt/ros/jazzy/opt/gz_common_vendor:/opt/ros/jazzy/opt/gz_math_vendor:/opt/ros/jazzy/opt/gz_utils_vendor:/opt/ros/jazzy/opt/gz_tools_vendor:/opt/ros/jazzy/opt/gz_ogre_next_vendor:/opt/ros/jazzy/opt/gz_dartsim_vendor:/opt/ros/jazzy/opt/gz_cmake_vendor:/opt/ros/jazzy DEBUGINFOD_URLS=https://debuginfod.ubuntu.com LD_LIBRARY_PATH=/home/balling/projects/RIC/ros_ws/install/service_msgs/lib:/home/balling/projects/RIC/ros_ws/install/unique_identifier_msgs/lib:/home/balling/projects/RIC/ros_ws/install/builtin_interfaces/lib:${LD_LIBRARY_PATH} PYTHONPATH=/home/balling/projects/RIC/ros_ws/install/service_msgs/lib/python3.12/site-packages:/home/balling/projects/RIC/ros_ws/install/unique_identifier_msgs/lib/python3.12/site-packages:/home/balling/projects/RIC/ros_ws/install/builtin_interfaces/lib/python3.12/site-packages:/home/balling/projects/RIC/ros_ws/install/rosidl_generator_rs/lib/python3.12/site-packages:${PYTHONPATH} /home/balling/.nix-profile/bin/cmake --build /home/balling/projects/RIC/ros_ws/build/action_msgs -- -j8 -l8
[2.379s] [  3%] [34m[1mGenerating type hashes for ROS interfaces[0m
[2.379s] [  1%] [34m[1mGenerating Rust code for ROS interfaces[0m
[2.385s] [  3%] Built target ament_cmake_python_copy_action_msgs
[2.523s] running egg_info
[2.523s] creating action_msgs.egg-info
[2.538s] writing action_msgs.egg-info/PKG-INFO
[2.538s] writing dependency_links to action_msgs.egg-info/dependency_links.txt
[2.538s] writing top-level names to action_msgs.egg-info/top_level.txt
[2.538s] writing manifest file 'action_msgs.egg-info/SOURCES.txt'
[2.570s] reading manifest file 'action_msgs.egg-info/SOURCES.txt'
[2.570s] writing manifest file 'action_msgs.egg-info/SOURCES.txt'
[2.589s] [  3%] Built target ament_cmake_python_build_action_msgs_egg
[2.676s] [  3%] Built target action_msgs__rosidl_generator_type_description
[2.683s] [  4%] [34m[1mGenerating C code for ROS interfaces[0m
[2.691s] [  6%] [34m[1mGenerating C++ code for ROS interfaces[0m
[2.695s] [  6%] Built target action_msgs__rs
[3.071s] [  6%] Built target action_msgs__cpp
[3.121s] [  7%] [32mBuilding C object CMakeFiles/action_msgs__rosidl_generator_c.dir/rosidl_generator_c/action_msgs/msg/detail/goal_info__functions.c.o[0m
[3.121s] [  9%] [32mBuilding C object CMakeFiles/action_msgs__rosidl_generator_c.dir/rosidl_generator_c/action_msgs/msg/detail/goal_info__description.c.o[0m
[3.121s] [ 10%] [32mBuilding C object CMakeFiles/action_msgs__rosidl_generator_c.dir/rosidl_generator_c/action_msgs/msg/detail/goal_status__description.c.o[0m
[3.121s] [ 13%] [32mBuilding C object CMakeFiles/action_msgs__rosidl_generator_c.dir/rosidl_generator_c/action_msgs/msg/detail/goal_status__functions.c.o[0m
[3.121s] [ 13%] [32mBuilding C object CMakeFiles/action_msgs__rosidl_generator_c.dir/rosidl_generator_c/action_msgs/msg/detail/goal_info__type_support.c.o[0m
[3.121s] [ 15%] [32mBuilding C object CMakeFiles/action_msgs__rosidl_generator_c.dir/rosidl_generator_c/action_msgs/msg/detail/goal_status__type_support.c.o[0m
[3.122s] [ 16%] [32mBuilding C object CMakeFiles/action_msgs__rosidl_generator_c.dir/rosidl_generator_c/action_msgs/msg/detail/goal_status_array__functions.c.o[0m
[3.122s] [ 18%] [32mBuilding C object CMakeFiles/action_msgs__rosidl_generator_c.dir/rosidl_generator_c/action_msgs/msg/detail/goal_status_array__description.c.o[0m
[3.160s] [ 20%] [32mBuilding C object CMakeFiles/action_msgs__rosidl_generator_c.dir/rosidl_generator_c/action_msgs/msg/detail/goal_status_array__type_support.c.o[0m
[3.161s] [ 21%] [32mBuilding C object CMakeFiles/action_msgs__rosidl_generator_c.dir/rosidl_generator_c/action_msgs/srv/detail/cancel_goal__description.c.o[0m
[3.164s] [ 23%] [32mBuilding C object CMakeFiles/action_msgs__rosidl_generator_c.dir/rosidl_generator_c/action_msgs/srv/detail/cancel_goal__functions.c.o[0m
[3.164s] [ 24%] [32mBuilding C object CMakeFiles/action_msgs__rosidl_generator_c.dir/rosidl_generator_c/action_msgs/srv/detail/cancel_goal__type_support.c.o[0m
[3.223s] [ 26%] [32m[1mLinking C shared library libaction_msgs__rosidl_generator_c.so[0m
[3.253s] [ 26%] Built target action_msgs__rosidl_generator_c
[3.260s] [ 27%] [34m[1mGenerating C++ type support for eProsima Fast-RTPS[0m
[3.260s] [ 29%] [34m[1mGenerating C type support dispatch for ROS interfaces[0m
[3.260s] [ 30%] [34m[1mGenerating C type support for eProsima Fast-RTPS[0m
[3.261s] [ 32%] [34m[1mGenerating C introspection for ROS interfaces[0m
[3.261s] [ 33%] [34m[1mGenerating C++ introspection for ROS interfaces[0m
[3.262s] [ 35%] [34m[1mGenerating C++ type support dispatch for ROS interfaces[0m
[3.617s] [ 36%] [32mBuilding CXX object CMakeFiles/action_msgs__rosidl_typesupport_c.dir/rosidl_typesupport_c/action_msgs/msg/goal_info__type_support.cpp.o[0m
[3.617s] [ 38%] [32mBuilding CXX object CMakeFiles/action_msgs__rosidl_typesupport_c.dir/rosidl_typesupport_c/action_msgs/msg/goal_status__type_support.cpp.o[0m
[3.617s] [ 40%] [32mBuilding CXX object CMakeFiles/action_msgs__rosidl_typesupport_c.dir/rosidl_typesupport_c/action_msgs/msg/goal_status_array__type_support.cpp.o[0m
[3.637s] [ 41%] [32mBuilding CXX object CMakeFiles/action_msgs__rosidl_typesupport_cpp.dir/rosidl_typesupport_cpp/action_msgs/msg/goal_info__type_support.cpp.o[0m
[3.664s] [ 43%] [32mBuilding CXX object CMakeFiles/action_msgs__rosidl_typesupport_cpp.dir/rosidl_typesupport_cpp/action_msgs/msg/goal_status__type_support.cpp.o[0m
[3.668s] [ 44%] [32mBuilding CXX object CMakeFiles/action_msgs__rosidl_typesupport_c.dir/rosidl_typesupport_c/action_msgs/srv/cancel_goal__type_support.cpp.o[0m
[3.675s] [ 46%] [32mBuilding CXX object CMakeFiles/action_msgs__rosidl_typesupport_cpp.dir/rosidl_typesupport_cpp/action_msgs/msg/goal_status_array__type_support.cpp.o[0m
[3.680s] [ 47%] [32mBuilding CXX object CMakeFiles/action_msgs__rosidl_typesupport_introspection_cpp.dir/rosidl_typesupport_introspection_cpp/action_msgs/msg/detail/goal_info__type_support.cpp.o[0m
[3.714s] [ 49%] [32mBuilding C object CMakeFiles/action_msgs__rosidl_typesupport_introspection_c.dir/rosidl_typesupport_introspection_c/action_msgs/msg/detail/goal_info__type_support.c.o[0m
[3.714s] [ 50%] [32m[1mLinking CXX shared library libaction_msgs__rosidl_typesupport_c.so[0m
[3.749s] [ 50%] Built target action_msgs__rosidl_typesupport_c
[3.753s] [ 52%] [32mBuilding CXX object CMakeFiles/action_msgs__rosidl_typesupport_fastrtps_cpp.dir/rosidl_typesupport_fastrtps_cpp/action_msgs/msg/detail/dds_fastrtps/goal_info__type_support.cpp.o[0m
[3.755s] [ 53%] [32mBuilding C object CMakeFiles/action_msgs__rosidl_typesupport_introspection_c.dir/rosidl_typesupport_introspection_c/action_msgs/msg/detail/goal_status__type_support.c.o[0m
[3.755s] [ 55%] [32mBuilding CXX object CMakeFiles/action_msgs__rosidl_typesupport_introspection_cpp.dir/rosidl_typesupport_introspection_cpp/action_msgs/msg/detail/goal_status__type_support.cpp.o[0m
[3.770s] [ 56%] [32mBuilding CXX object CMakeFiles/action_msgs__rosidl_typesupport_fastrtps_c.dir/rosidl_typesupport_fastrtps_c/action_msgs/msg/detail/goal_info__type_support_c.cpp.o[0m
[3.792s] [ 58%] [32mBuilding C object CMakeFiles/action_msgs__rosidl_typesupport_introspection_c.dir/rosidl_typesupport_introspection_c/action_msgs/msg/detail/goal_status_array__type_support.c.o[0m
[3.828s] [ 60%] [32mBuilding C object CMakeFiles/action_msgs__rosidl_typesupport_introspection_c.dir/rosidl_typesupport_introspection_c/action_msgs/srv/detail/cancel_goal__type_support.c.o[0m
[3.874s] [ 61%] [32m[1mLinking C shared library libaction_msgs__rosidl_typesupport_introspection_c.so[0m
[3.901s] [ 61%] Built target action_msgs__rosidl_typesupport_introspection_c
[3.909s] [ 63%] [32mBuilding CXX object CMakeFiles/action_msgs__rosidl_typesupport_cpp.dir/rosidl_typesupport_cpp/action_msgs/srv/cancel_goal__type_support.cpp.o[0m
[3.916s] [ 64%] [32mBuilding CXX object CMakeFiles/action_msgs__rosidl_typesupport_introspection_cpp.dir/rosidl_typesupport_introspection_cpp/action_msgs/msg/detail/goal_status_array__type_support.cpp.o[0m
[3.928s] [ 66%] [32mBuilding CXX object CMakeFiles/action_msgs__rosidl_typesupport_fastrtps_c.dir/rosidl_typesupport_fastrtps_c/action_msgs/msg/detail/goal_status__type_support_c.cpp.o[0m
[3.932s] [ 67%] [32mBuilding CXX object CMakeFiles/action_msgs__rosidl_typesupport_fastrtps_cpp.dir/rosidl_typesupport_fastrtps_cpp/action_msgs/msg/detail/dds_fastrtps/goal_status__type_support.cpp.o[0m
[3.935s] [ 69%] [32mBuilding CXX object CMakeFiles/action_msgs__rosidl_typesupport_fastrtps_c.dir/rosidl_typesupport_fastrtps_c/action_msgs/msg/detail/goal_status_array__type_support_c.cpp.o[0m
[4.033s] [ 70%] [32mBuilding CXX object CMakeFiles/action_msgs__rosidl_typesupport_fastrtps_cpp.dir/rosidl_typesupport_fastrtps_cpp/action_msgs/msg/detail/dds_fastrtps/goal_status_array__type_support.cpp.o[0m
[4.140s] [ 72%] [32mBuilding CXX object CMakeFiles/action_msgs__rosidl_typesupport_introspection_cpp.dir/rosidl_typesupport_introspection_cpp/action_msgs/srv/detail/cancel_goal__type_support.cpp.o[0m
[4.204s] [ 73%] [32mBuilding CXX object CMakeFiles/action_msgs__rosidl_typesupport_fastrtps_cpp.dir/rosidl_typesupport_fastrtps_cpp/action_msgs/srv/detail/dds_fastrtps/cancel_goal__type_support.cpp.o[0m
[4.237s] [ 75%] [32mBuilding CXX object CMakeFiles/action_msgs__rosidl_typesupport_fastrtps_c.dir/rosidl_typesupport_fastrtps_c/action_msgs/srv/detail/cancel_goal__type_support_c.cpp.o[0m
[4.286s] [ 76%] [32m[1mLinking CXX shared library libaction_msgs__rosidl_typesupport_cpp.so[0m
[4.347s] [ 76%] Built target action_msgs__rosidl_typesupport_cpp
[4.502s] [ 78%] [32m[1mLinking CXX shared library libaction_msgs__rosidl_typesupport_introspection_cpp.so[0m
[4.563s] [ 78%] Built target action_msgs__rosidl_typesupport_introspection_cpp
[4.614s] [ 80%] [32m[1mLinking CXX shared library libaction_msgs__rosidl_typesupport_fastrtps_c.so[0m
[4.654s] [ 80%] Built target action_msgs__rosidl_typesupport_fastrtps_c
[4.696s] [ 81%] [32m[1mLinking CXX shared library libaction_msgs__rosidl_typesupport_fastrtps_cpp.so[0m
[4.741s] [ 81%] Built target action_msgs__rosidl_typesupport_fastrtps_cpp
[4.755s] [ 81%] Built target action_msgs
[4.771s] [ 83%] [34m[1mGenerating Python code for ROS interfaces[0m
[5.327s] [ 83%] Built target action_msgs__py
[5.341s] [ 84%] [32mBuilding C object CMakeFiles/action_msgs__rosidl_generator_py.dir/rosidl_generator_py/action_msgs/msg/_goal_info_s.c.o[0m
[5.341s] [ 86%] [32mBuilding C object CMakeFiles/action_msgs__rosidl_generator_py.dir/rosidl_generator_py/action_msgs/msg/_goal_status_s.c.o[0m
[5.342s] [ 87%] [32mBuilding C object CMakeFiles/action_msgs__rosidl_generator_py.dir/rosidl_generator_py/action_msgs/msg/_goal_status_array_s.c.o[0m
[5.342s] [ 89%] [32mBuilding C object CMakeFiles/action_msgs__rosidl_generator_py.dir/rosidl_generator_py/action_msgs/srv/_cancel_goal_s.c.o[0m
[5.457s] [ 90%] [32m[1mLinking C shared library libaction_msgs__rosidl_generator_py.so[0m
[5.490s] [ 90%] Built target action_msgs__rosidl_generator_py
[5.505s] [ 93%] [32mBuilding C object CMakeFiles/action_msgs_s__rosidl_typesupport_fastrtps_c.dir/rosidl_generator_py/action_msgs/_action_msgs_s.ep.rosidl_typesupport_fastrtps_c.c.o[0m
[5.505s] [ 93%] [32mBuilding C object CMakeFiles/action_msgs_s__rosidl_typesupport_c.dir/rosidl_generator_py/action_msgs/_action_msgs_s.ep.rosidl_typesupport_c.c.o[0m
[5.506s] [ 95%] [32mBuilding C object CMakeFiles/action_msgs_s__rosidl_typesupport_introspection_c.dir/rosidl_generator_py/action_msgs/_action_msgs_s.ep.rosidl_typesupport_introspection_c.c.o[0m
[5.600s] [ 96%] [32m[1mLinking C shared module rosidl_generator_py/action_msgs/action_msgs_s__rosidl_typesupport_fastrtps_c.so[0m
[5.600s] [ 98%] [32m[1mLinking C shared module rosidl_generator_py/action_msgs/action_msgs_s__rosidl_typesupport_c.so[0m
[5.600s] [100%] [32m[1mLinking C shared module rosidl_generator_py/action_msgs/action_msgs_s__rosidl_typesupport_introspection_c.so[0m
[5.622s] [100%] Built target action_msgs_s__rosidl_typesupport_c
[5.627s] [100%] Built target action_msgs_s__rosidl_typesupport_fastrtps_c
[5.627s] [100%] Built target action_msgs_s__rosidl_typesupport_introspection_c
[5.637s] Invoked command in '/home/balling/projects/RIC/ros_ws/build/action_msgs' returned '0': AMENT_PREFIX_PATH=/home/balling/projects/RIC/ros_ws/install/service_msgs:/home/balling/projects/RIC/ros_ws/install/unique_identifier_msgs:/home/balling/projects/RIC/ros_ws/install/builtin_interfaces:/home/balling/projects/RIC/ros_ws/install/rosidl_core_runtime:/home/balling/projects/RIC/ros_ws/install/rosidl_core_generators:/home/balling/projects/RIC/ros_ws/install/rosidl_generator_rs:/home/balling/projects/RIC/ros_ws/install/rosidl_runtime_rs:${AMENT_PREFIX_PATH} CMAKE_PREFIX_PATH=/home/balling/projects/RIC/ros_ws/install/service_msgs:/home/balling/projects/RIC/ros_ws/install/unique_identifier_msgs:/home/balling/projects/RIC/ros_ws/install/builtin_interfaces:/home/balling/projects/RIC/ros_ws/install/rosidl_core_runtime:/home/balling/projects/RIC/ros_ws/install/rosidl_core_generators:/home/balling/projects/RIC/ros_ws/install/rosidl_generator_rs:/home/balling/projects/RIC/mobile_robot_ws/install/mobile_robot:/home/balling/projects/RIC/mobile_robot_ws/install/articubot_one:/opt/ros/jazzy/opt/gz_sim_vendor:/opt/ros/jazzy/opt/gz_sensors_vendor:/opt/ros/jazzy/opt/gz_physics_vendor:/opt/ros/jazzy/opt/sdformat_vendor:/opt/ros/jazzy/opt/gz_gui_vendor:/opt/ros/jazzy/opt/gz_transport_vendor:/opt/ros/jazzy/opt/gz_rendering_vendor:/opt/ros/jazzy/opt/gz_plugin_vendor:/opt/ros/jazzy/opt/gz_fuel_tools_vendor:/opt/ros/jazzy/opt/gz_msgs_vendor:/opt/ros/jazzy/opt/gz_common_vendor:/opt/ros/jazzy/opt/gz_math_vendor:/opt/ros/jazzy/opt/gz_utils_vendor:/opt/ros/jazzy/opt/gz_tools_vendor:/opt/ros/jazzy/opt/gz_ogre_next_vendor:/opt/ros/jazzy/opt/gz_dartsim_vendor:/opt/ros/jazzy/opt/gz_cmake_vendor:/opt/ros/jazzy DEBUGINFOD_URLS=https://debuginfod.ubuntu.com LD_LIBRARY_PATH=/home/balling/projects/RIC/ros_ws/install/service_msgs/lib:/home/balling/projects/RIC/ros_ws/install/unique_identifier_msgs/lib:/home/balling/projects/RIC/ros_ws/install/builtin_interfaces/lib:${LD_LIBRARY_PATH} PYTHONPATH=/home/balling/projects/RIC/ros_ws/install/service_msgs/lib/python3.12/site-packages:/home/balling/projects/RIC/ros_ws/install/unique_identifier_msgs/lib/python3.12/site-packages:/home/balling/projects/RIC/ros_ws/install/builtin_interfaces/lib/python3.12/site-packages:/home/balling/projects/RIC/ros_ws/install/rosidl_generator_rs/lib/python3.12/site-packages:${PYTHONPATH} /home/balling/.nix-profile/bin/cmake --build /home/balling/projects/RIC/ros_ws/build/action_msgs -- -j8 -l8
[5.638s] Invoking command in '/home/balling/projects/RIC/ros_ws/build/action_msgs': AMENT_PREFIX_PATH=/home/balling/projects/RIC/ros_ws/install/service_msgs:/home/balling/projects/RIC/ros_ws/install/unique_identifier_msgs:/home/balling/projects/RIC/ros_ws/install/builtin_interfaces:/home/balling/projects/RIC/ros_ws/install/rosidl_core_runtime:/home/balling/projects/RIC/ros_ws/install/rosidl_core_generators:/home/balling/projects/RIC/ros_ws/install/rosidl_generator_rs:/home/balling/projects/RIC/ros_ws/install/rosidl_runtime_rs:${AMENT_PREFIX_PATH} CMAKE_PREFIX_PATH=/home/balling/projects/RIC/ros_ws/install/service_msgs:/home/balling/projects/RIC/ros_ws/install/unique_identifier_msgs:/home/balling/projects/RIC/ros_ws/install/builtin_interfaces:/home/balling/projects/RIC/ros_ws/install/rosidl_core_runtime:/home/balling/projects/RIC/ros_ws/install/rosidl_core_generators:/home/balling/projects/RIC/ros_ws/install/rosidl_generator_rs:/home/balling/projects/RIC/mobile_robot_ws/install/mobile_robot:/home/balling/projects/RIC/mobile_robot_ws/install/articubot_one:/opt/ros/jazzy/opt/gz_sim_vendor:/opt/ros/jazzy/opt/gz_sensors_vendor:/opt/ros/jazzy/opt/gz_physics_vendor:/opt/ros/jazzy/opt/sdformat_vendor:/opt/ros/jazzy/opt/gz_gui_vendor:/opt/ros/jazzy/opt/gz_transport_vendor:/opt/ros/jazzy/opt/gz_rendering_vendor:/opt/ros/jazzy/opt/gz_plugin_vendor:/opt/ros/jazzy/opt/gz_fuel_tools_vendor:/opt/ros/jazzy/opt/gz_msgs_vendor:/opt/ros/jazzy/opt/gz_common_vendor:/opt/ros/jazzy/opt/gz_math_vendor:/opt/ros/jazzy/opt/gz_utils_vendor:/opt/ros/jazzy/opt/gz_tools_vendor:/opt/ros/jazzy/opt/gz_ogre_next_vendor:/opt/ros/jazzy/opt/gz_dartsim_vendor:/opt/ros/jazzy/opt/gz_cmake_vendor:/opt/ros/jazzy DEBUGINFOD_URLS=https://debuginfod.ubuntu.com LD_LIBRARY_PATH=/home/balling/projects/RIC/ros_ws/install/service_msgs/lib:/home/balling/projects/RIC/ros_ws/install/unique_identifier_msgs/lib:/home/balling/projects/RIC/ros_ws/install/builtin_interfaces/lib:${LD_LIBRARY_PATH} PYTHONPATH=/home/balling/projects/RIC/ros_ws/install/service_msgs/lib/python3.12/site-packages:/home/balling/projects/RIC/ros_ws/install/unique_identifier_msgs/lib/python3.12/site-packages:/home/balling/projects/RIC/ros_ws/install/builtin_interfaces/lib/python3.12/site-packages:/home/balling/projects/RIC/ros_ws/install/rosidl_generator_rs/lib/python3.12/site-packages:${PYTHONPATH} /home/balling/.nix-profile/bin/cmake --install /home/balling/projects/RIC/ros_ws/build/action_msgs
[5.644s] -- Install configuration: ""
[5.644s] -- Installing: /home/balling/projects/RIC/ros_ws/install/action_msgs/share/ament_index/resource_index/rosidl_interfaces/action_msgs
[5.644s] -- Installing: /home/balling/projects/RIC/ros_ws/install/action_msgs/share/action_msgs/msg/GoalInfo.json
[5.644s] -- Installing: /home/balling/projects/RIC/ros_ws/install/action_msgs/share/action_msgs/msg/GoalStatus.json
[5.645s] -- Installing: /home/balling/projects/RIC/ros_ws/install/action_msgs/share/action_msgs/msg/GoalStatusArray.json
[5.645s] -- Installing: /home/balling/projects/RIC/ros_ws/install/action_msgs/share/action_msgs/srv/CancelGoal.json
[5.645s] -- Installing: /home/balling/projects/RIC/ros_ws/install/action_msgs/include/action_msgs/action_msgs
[5.645s] -- Installing: /home/balling/projects/RIC/ros_ws/install/action_msgs/include/action_msgs/action_msgs/msg
[5.645s] -- Installing: /home/balling/projects/RIC/ros_ws/install/action_msgs/include/action_msgs/action_msgs/msg/goal_info.h
[5.645s] -- Installing: /home/balling/projects/RIC/ros_ws/install/action_msgs/include/action_msgs/action_msgs/msg/detail
[5.646s] -- Installing: /home/balling/projects/RIC/ros_ws/install/action_msgs/include/action_msgs/action_msgs/msg/detail/goal_status__type_support.h
[5.646s] -- Installing: /home/balling/projects/RIC/ros_ws/install/action_msgs/include/action_msgs/action_msgs/msg/detail/goal_info__type_support.h
[5.646s] -- Installing: /home/balling/projects/RIC/ros_ws/install/action_msgs/include/action_msgs/action_msgs/msg/detail/goal_info__type_support.c
[5.646s] -- Installing: /home/balling/projects/RIC/ros_ws/install/action_msgs/include/action_msgs/action_msgs/msg/detail/goal_status_array__type_support.c
[5.646s] -- Installing: /home/balling/projects/RIC/ros_ws/install/action_msgs/include/action_msgs/action_msgs/msg/detail/goal_status__struct.h
[5.646s] -- Installing: /home/balling/projects/RIC/ros_ws/install/action_msgs/include/action_msgs/action_msgs/msg/detail/goal_status_array__struct.h
[5.646s] -- Installing: /home/balling/projects/RIC/ros_ws/install/action_msgs/include/action_msgs/action_msgs/msg/detail/goal_status_array__type_support.h
[5.646s] -- Installing: /home/balling/projects/RIC/ros_ws/install/action_msgs/include/action_msgs/action_msgs/msg/detail/goal_status_array__functions.h
[5.646s] -- Installing: /home/balling/projects/RIC/ros_ws/install/action_msgs/include/action_msgs/action_msgs/msg/detail/goal_status_array__functions.c
[5.646s] -- Installing: /home/balling/projects/RIC/ros_ws/install/action_msgs/include/action_msgs/action_msgs/msg/detail/goal_info__struct.h
[5.646s] -- Installing: /home/balling/projects/RIC/ros_ws/install/action_msgs/include/action_msgs/action_msgs/msg/detail/goal_status__type_support.c
[5.646s] -- Installing: /home/balling/projects/RIC/ros_ws/install/action_msgs/include/action_msgs/action_msgs/msg/detail/goal_status__description.c
[5.646s] -- Installing: /home/balling/projects/RIC/ros_ws/install/action_msgs/include/action_msgs/action_msgs/msg/detail/goal_status__functions.h
[5.646s] -- Installing: /home/balling/projects/RIC/ros_ws/install/action_msgs/include/action_msgs/action_msgs/msg/detail/goal_status__functions.c
[5.647s] -- Installing: /home/balling/projects/RIC/ros_ws/install/action_msgs/include/action_msgs/action_msgs/msg/detail/goal_status_array__description.c
[5.647s] -- Installing: /home/balling/projects/RIC/ros_ws/install/action_msgs/include/action_msgs/action_msgs/msg/detail/goal_info__functions.h
[5.647s] -- Installing: /home/balling/projects/RIC/ros_ws/install/action_msgs/include/action_msgs/action_msgs/msg/detail/goal_info__functions.c
[5.647s] -- Installing: /home/balling/projects/RIC/ros_ws/install/action_msgs/include/action_msgs/action_msgs/msg/detail/goal_info__description.c
[5.647s] -- Installing: /home/balling/projects/RIC/ros_ws/install/action_msgs/include/action_msgs/action_msgs/msg/goal_status.h
[5.647s] -- Installing: /home/balling/projects/RIC/ros_ws/install/action_msgs/include/action_msgs/action_msgs/msg/goal_status_array.h
[5.647s] -- Installing: /home/balling/projects/RIC/ros_ws/install/action_msgs/include/action_msgs/action_msgs/msg/rosidl_generator_c__visibility_control.h
[5.648s] -- Installing: /home/balling/projects/RIC/ros_ws/install/action_msgs/include/action_msgs/action_msgs/srv
[5.648s] -- Installing: /home/balling/projects/RIC/ros_ws/install/action_msgs/include/action_msgs/action_msgs/srv/detail
[5.648s] -- Installing: /home/balling/projects/RIC/ros_ws/install/action_msgs/include/action_msgs/action_msgs/srv/detail/cancel_goal__functions.c
[5.648s] -- Installing: /home/balling/projects/RIC/ros_ws/install/action_msgs/include/action_msgs/action_msgs/srv/detail/cancel_goal__type_support.c
[5.648s] -- Installing: /home/balling/projects/RIC/ros_ws/install/action_msgs/include/action_msgs/action_msgs/srv/detail/cancel_goal__struct.h
[5.648s] -- Installing: /home/balling/projects/RIC/ros_ws/install/action_msgs/include/action_msgs/action_msgs/srv/detail/cancel_goal__description.c
[5.648s] -- Installing: /home/balling/projects/RIC/ros_ws/install/action_msgs/include/action_msgs/action_msgs/srv/detail/cancel_goal__type_support.h
[5.648s] -- Installing: /home/balling/projects/RIC/ros_ws/install/action_msgs/include/action_msgs/action_msgs/srv/detail/cancel_goal__functions.h
[5.648s] -- Installing: /home/balling/projects/RIC/ros_ws/install/action_msgs/include/action_msgs/action_msgs/srv/cancel_goal.h
[5.648s] -- Installing: /home/balling/projects/RIC/ros_ws/install/action_msgs/share/action_msgs/environment/library_path.sh
[5.648s] -- Installing: /home/balling/projects/RIC/ros_ws/install/action_msgs/share/action_msgs/environment/library_path.dsv
[5.649s] -- Installing: /home/balling/projects/RIC/ros_ws/install/action_msgs/lib/libaction_msgs__rosidl_generator_c.so
[5.649s] -- Set non-toolchain portion of runtime path of "/home/balling/projects/RIC/ros_ws/install/action_msgs/lib/libaction_msgs__rosidl_generator_c.so" to ""
[5.649s] -- Up-to-date: /home/balling/projects/RIC/ros_ws/install/action_msgs/include/action_msgs/action_msgs
[5.649s] -- Up-to-date: /home/balling/projects/RIC/ros_ws/install/action_msgs/include/action_msgs/action_msgs/msg
[5.649s] -- Up-to-date: /home/balling/projects/RIC/ros_ws/install/action_msgs/include/action_msgs/action_msgs/msg/detail
[5.649s] -- Installing: /home/balling/projects/RIC/ros_ws/install/action_msgs/include/action_msgs/action_msgs/msg/detail/goal_status__rosidl_typesupport_fastrtps_c.h
[5.649s] -- Installing: /home/balling/projects/RIC/ros_ws/install/action_msgs/include/action_msgs/action_msgs/msg/detail/goal_status_array__rosidl_typesupport_fastrtps_c.h
[5.649s] -- Installing: /home/balling/projects/RIC/ros_ws/install/action_msgs/include/action_msgs/action_msgs/msg/detail/goal_info__rosidl_typesupport_fastrtps_c.h
[5.649s] -- Installing: /home/balling/projects/RIC/ros_ws/install/action_msgs/include/action_msgs/action_msgs/msg/rosidl_typesupport_fastrtps_c__visibility_control.h
[5.649s] -- Up-to-date: /home/balling/projects/RIC/ros_ws/install/action_msgs/include/action_msgs/action_msgs/srv
[5.650s] -- Up-to-date: /home/balling/projects/RIC/ros_ws/install/action_msgs/include/action_msgs/action_msgs/srv/detail
[5.650s] -- Installing: /home/balling/projects/RIC/ros_ws/install/action_msgs/include/action_msgs/action_msgs/srv/detail/cancel_goal__rosidl_typesupport_fastrtps_c.h
[5.650s] -- Installing: /home/balling/projects/RIC/ros_ws/install/action_msgs/lib/libaction_msgs__rosidl_typesupport_fastrtps_c.so
[5.650s] -- Set non-toolchain portion of runtime path of "/home/balling/projects/RIC/ros_ws/install/action_msgs/lib/libaction_msgs__rosidl_typesupport_fastrtps_c.so" to ""
[5.650s] -- Up-to-date: /home/balling/projects/RIC/ros_ws/install/action_msgs/include/action_msgs/action_msgs
[5.650s] -- Up-to-date: /home/balling/projects/RIC/ros_ws/install/action_msgs/include/action_msgs/action_msgs/msg
[5.650s] -- Installing: /home/balling/projects/RIC/ros_ws/install/action_msgs/include/action_msgs/action_msgs/msg/goal_status_array.hpp
[5.650s] -- Up-to-date: /home/balling/projects/RIC/ros_ws/install/action_msgs/include/action_msgs/action_msgs/msg/detail
[5.650s] -- Installing: /home/balling/projects/RIC/ros_ws/install/action_msgs/include/action_msgs/action_msgs/msg/detail/goal_status__struct.hpp
[5.650s] -- Installing: /home/balling/projects/RIC/ros_ws/install/action_msgs/include/action_msgs/action_msgs/msg/detail/goal_info__builder.hpp
[5.650s] -- Installing: /home/balling/projects/RIC/ros_ws/install/action_msgs/include/action_msgs/action_msgs/msg/detail/goal_status_array__struct.hpp
[5.650s] -- Installing: /home/balling/projects/RIC/ros_ws/install/action_msgs/include/action_msgs/action_msgs/msg/detail/goal_status__builder.hpp
[5.651s] -- Installing: /home/balling/projects/RIC/ros_ws/install/action_msgs/include/action_msgs/action_msgs/msg/detail/goal_info__type_support.hpp
[5.651s] -- Installing: /home/balling/projects/RIC/ros_ws/install/action_msgs/include/action_msgs/action_msgs/msg/detail/goal_status_array__traits.hpp
[5.651s] -- Installing: /home/balling/projects/RIC/ros_ws/install/action_msgs/include/action_msgs/action_msgs/msg/detail/goal_status__type_support.hpp
[5.651s] -- Installing: /home/balling/projects/RIC/ros_ws/install/action_msgs/include/action_msgs/action_msgs/msg/detail/goal_status_array__type_support.hpp
[5.651s] -- Installing: /home/balling/projects/RIC/ros_ws/install/action_msgs/include/action_msgs/action_msgs/msg/detail/goal_status__traits.hpp
[5.651s] -- Installing: /home/balling/projects/RIC/ros_ws/install/action_msgs/include/action_msgs/action_msgs/msg/detail/goal_info__struct.hpp
[5.651s] -- Installing: /home/balling/projects/RIC/ros_ws/install/action_msgs/include/action_msgs/action_msgs/msg/detail/goal_status_array__builder.hpp
[5.651s] -- Installing: /home/balling/projects/RIC/ros_ws/install/action_msgs/include/action_msgs/action_msgs/msg/detail/goal_info__traits.hpp
[5.651s] -- Installing: /home/balling/projects/RIC/ros_ws/install/action_msgs/include/action_msgs/action_msgs/msg/goal_status.hpp
[5.651s] -- Installing: /home/balling/projects/RIC/ros_ws/install/action_msgs/include/action_msgs/action_msgs/msg/goal_info.hpp
[5.651s] -- Installing: /home/balling/projects/RIC/ros_ws/install/action_msgs/include/action_msgs/action_msgs/msg/rosidl_generator_cpp__visibility_control.hpp
[5.651s] -- Up-to-date: /home/balling/projects/RIC/ros_ws/install/action_msgs/include/action_msgs/action_msgs/srv
[5.651s] -- Up-to-date: /home/balling/projects/RIC/ros_ws/install/action_msgs/include/action_msgs/action_msgs/srv/detail
[5.651s] -- Installing: /home/balling/projects/RIC/ros_ws/install/action_msgs/include/action_msgs/action_msgs/srv/detail/cancel_goal__traits.hpp
[5.651s] -- Installing: /home/balling/projects/RIC/ros_ws/install/action_msgs/include/action_msgs/action_msgs/srv/detail/cancel_goal__type_support.hpp
[5.651s] -- Installing: /home/balling/projects/RIC/ros_ws/install/action_msgs/include/action_msgs/action_msgs/srv/detail/cancel_goal__struct.hpp
[5.652s] -- Installing: /home/balling/projects/RIC/ros_ws/install/action_msgs/include/action_msgs/action_msgs/srv/detail/cancel_goal__builder.hpp
[5.652s] -- Installing: /home/balling/projects/RIC/ros_ws/install/action_msgs/include/action_msgs/action_msgs/srv/cancel_goal.hpp
[5.652s] -- Up-to-date: /home/balling/projects/RIC/ros_ws/install/action_msgs/include/action_msgs/action_msgs
[5.652s] -- Up-to-date: /home/balling/projects/RIC/ros_ws/install/action_msgs/include/action_msgs/action_msgs/msg
[5.652s] -- Up-to-date: /home/balling/projects/RIC/ros_ws/install/action_msgs/include/action_msgs/action_msgs/msg/detail
[5.652s] -- Installing: /home/balling/projects/RIC/ros_ws/install/action_msgs/include/action_msgs/action_msgs/msg/detail/goal_info__rosidl_typesupport_fastrtps_cpp.hpp
[5.652s] -- Installing: /home/balling/projects/RIC/ros_ws/install/action_msgs/include/action_msgs/action_msgs/msg/detail/goal_status_array__rosidl_typesupport_fastrtps_cpp.hpp
[5.652s] -- Installing: /home/balling/projects/RIC/ros_ws/install/action_msgs/include/action_msgs/action_msgs/msg/detail/dds_fastrtps
[5.652s] -- Installing: /home/balling/projects/RIC/ros_ws/install/action_msgs/include/action_msgs/action_msgs/msg/detail/goal_status__rosidl_typesupport_fastrtps_cpp.hpp
[5.652s] -- Installing: /home/balling/projects/RIC/ros_ws/install/action_msgs/include/action_msgs/action_msgs/msg/rosidl_typesupport_fastrtps_cpp__visibility_control.h
[5.652s] -- Up-to-date: /home/balling/projects/RIC/ros_ws/install/action_msgs/include/action_msgs/action_msgs/srv
[5.652s] -- Up-to-date: /home/balling/projects/RIC/ros_ws/install/action_msgs/include/action_msgs/action_msgs/srv/detail
[5.652s] -- Installing: /home/balling/projects/RIC/ros_ws/install/action_msgs/include/action_msgs/action_msgs/srv/detail/cancel_goal__rosidl_typesupport_fastrtps_cpp.hpp
[5.652s] -- Installing: /home/balling/projects/RIC/ros_ws/install/action_msgs/include/action_msgs/action_msgs/srv/detail/dds_fastrtps
[5.652s] -- Installing: /home/balling/projects/RIC/ros_ws/install/action_msgs/lib/libaction_msgs__rosidl_typesupport_fastrtps_cpp.so
[5.653s] -- Set non-toolchain portion of runtime path of "/home/balling/projects/RIC/ros_ws/install/action_msgs/lib/libaction_msgs__rosidl_typesupport_fastrtps_cpp.so" to ""
[5.653s] -- Up-to-date: /home/balling/projects/RIC/ros_ws/install/action_msgs/include/action_msgs/action_msgs
[5.653s] -- Up-to-date: /home/balling/projects/RIC/ros_ws/install/action_msgs/include/action_msgs/action_msgs/msg
[5.653s] -- Up-to-date: /home/balling/projects/RIC/ros_ws/install/action_msgs/include/action_msgs/action_msgs/msg/detail
[5.653s] -- Installing: /home/balling/projects/RIC/ros_ws/install/action_msgs/include/action_msgs/action_msgs/msg/detail/goal_info__type_support.c
[5.653s] -- Installing: /home/balling/projects/RIC/ros_ws/install/action_msgs/include/action_msgs/action_msgs/msg/detail/goal_status_array__type_support.c
[5.653s] -- Installing: /home/balling/projects/RIC/ros_ws/install/action_msgs/include/action_msgs/action_msgs/msg/detail/goal_status_array__rosidl_typesupport_introspection_c.h
[5.653s] -- Installing: /home/balling/projects/RIC/ros_ws/install/action_msgs/include/action_msgs/action_msgs/msg/detail/goal_status__type_support.c
[5.653s] -- Installing: /home/balling/projects/RIC/ros_ws/install/action_msgs/include/action_msgs/action_msgs/msg/detail/goal_status__rosidl_typesupport_introspection_c.h
[5.653s] -- Installing: /home/balling/projects/RIC/ros_ws/install/action_msgs/include/action_msgs/action_msgs/msg/detail/goal_info__rosidl_typesupport_introspection_c.h
[5.653s] -- Installing: /home/balling/projects/RIC/ros_ws/install/action_msgs/include/action_msgs/action_msgs/msg/rosidl_typesupport_introspection_c__visibility_control.h
[5.653s] -- Up-to-date: /home/balling/projects/RIC/ros_ws/install/action_msgs/include/action_msgs/action_msgs/srv
[5.653s] -- Up-to-date: /home/balling/projects/RIC/ros_ws/install/action_msgs/include/action_msgs/action_msgs/srv/detail
[5.653s] -- Installing: /home/balling/projects/RIC/ros_ws/install/action_msgs/include/action_msgs/action_msgs/srv/detail/cancel_goal__type_support.c
[5.653s] -- Installing: /home/balling/projects/RIC/ros_ws/install/action_msgs/include/action_msgs/action_msgs/srv/detail/cancel_goal__rosidl_typesupport_introspection_c.h
[5.654s] -- Installing: /home/balling/projects/RIC/ros_ws/install/action_msgs/lib/libaction_msgs__rosidl_typesupport_introspection_c.so
[5.654s] -- Set non-toolchain portion of runtime path of "/home/balling/projects/RIC/ros_ws/install/action_msgs/lib/libaction_msgs__rosidl_typesupport_introspection_c.so" to ""
[5.654s] -- Installing: /home/balling/projects/RIC/ros_ws/install/action_msgs/lib/libaction_msgs__rosidl_typesupport_c.so
[5.654s] -- Set non-toolchain portion of runtime path of "/home/balling/projects/RIC/ros_ws/install/action_msgs/lib/libaction_msgs__rosidl_typesupport_c.so" to ""
[5.654s] -- Up-to-date: /home/balling/projects/RIC/ros_ws/install/action_msgs/include/action_msgs/action_msgs
[5.654s] -- Up-to-date: /home/balling/projects/RIC/ros_ws/install/action_msgs/include/action_msgs/action_msgs/msg
[5.654s] -- Up-to-date: /home/balling/projects/RIC/ros_ws/install/action_msgs/include/action_msgs/action_msgs/msg/detail
[5.654s] -- Installing: /home/balling/projects/RIC/ros_ws/install/action_msgs/include/action_msgs/action_msgs/msg/detail/goal_info__rosidl_typesupport_introspection_cpp.hpp
[5.654s] -- Installing: /home/balling/projects/RIC/ros_ws/install/action_msgs/include/action_msgs/action_msgs/msg/detail/goal_info__type_support.cpp
[5.654s] -- Installing: /home/balling/projects/RIC/ros_ws/install/action_msgs/include/action_msgs/action_msgs/msg/detail/goal_status_array__type_support.cpp
[5.654s] -- Installing: /home/balling/projects/RIC/ros_ws/install/action_msgs/include/action_msgs/action_msgs/msg/detail/goal_status__rosidl_typesupport_introspection_cpp.hpp
[5.654s] -- Installing: /home/balling/projects/RIC/ros_ws/install/action_msgs/include/action_msgs/action_msgs/msg/detail/goal_status__type_support.cpp
[5.655s] -- Installing: /home/balling/projects/RIC/ros_ws/install/action_msgs/include/action_msgs/action_msgs/msg/detail/goal_status_array__rosidl_typesupport_introspection_cpp.hpp
[5.655s] -- Up-to-date: /home/balling/projects/RIC/ros_ws/install/action_msgs/include/action_msgs/action_msgs/srv
[5.655s] -- Up-to-date: /home/balling/projects/RIC/ros_ws/install/action_msgs/include/action_msgs/action_msgs/srv/detail
[5.655s] -- Installing: /home/balling/projects/RIC/ros_ws/install/action_msgs/include/action_msgs/action_msgs/srv/detail/cancel_goal__rosidl_typesupport_introspection_cpp.hpp
[5.655s] -- Installing: /home/balling/projects/RIC/ros_ws/install/action_msgs/include/action_msgs/action_msgs/srv/detail/cancel_goal__type_support.cpp
[5.655s] -- Installing: /home/balling/projects/RIC/ros_ws/install/action_msgs/lib/libaction_msgs__rosidl_typesupport_introspection_cpp.so
[5.655s] -- Set non-toolchain portion of runtime path of "/home/balling/projects/RIC/ros_ws/install/action_msgs/lib/libaction_msgs__rosidl_typesupport_introspection_cpp.so" to ""
[5.655s] -- Installing: /home/balling/projects/RIC/ros_ws/install/action_msgs/lib/libaction_msgs__rosidl_typesupport_cpp.so
[5.655s] -- Set non-toolchain portion of runtime path of "/home/balling/projects/RIC/ros_ws/install/action_msgs/lib/libaction_msgs__rosidl_typesupport_cpp.so" to ""
[5.655s] -- Installing: /home/balling/projects/RIC/ros_ws/install/action_msgs/share/ament_index/resource_index/rust_packages/action_msgs
[5.656s] -- Installing: /home/balling/projects/RIC/ros_ws/install/action_msgs/share/action_msgs/rust
[5.656s] -- Installing: /home/balling/projects/RIC/ros_ws/install/action_msgs/share/action_msgs/rust/build.rs
[5.656s] -- Installing: /home/balling/projects/RIC/ros_ws/install/action_msgs/share/action_msgs/rust/Cargo.toml
[5.656s] -- Installing: /home/balling/projects/RIC/ros_ws/install/action_msgs/share/action_msgs/rust/src
[5.656s] -- Installing: /home/balling/projects/RIC/ros_ws/install/action_msgs/share/action_msgs/rust/src/lib.rs
[5.656s] -- Installing: /home/balling/projects/RIC/ros_ws/install/action_msgs/share/action_msgs/rust/src/msg.rs
[5.656s] -- Installing: /home/balling/projects/RIC/ros_ws/install/action_msgs/share/action_msgs/rust/src/srv.rs
[5.656s] -- Installing: /home/balling/projects/RIC/ros_ws/install/action_msgs/share/action_msgs/environment/pythonpath.sh
[5.656s] -- Installing: /home/balling/projects/RIC/ros_ws/install/action_msgs/share/action_msgs/environment/pythonpath.dsv
[5.656s] -- Installing: /home/balling/projects/RIC/ros_ws/install/action_msgs/lib/python3.12/site-packages/action_msgs-2.0.2-py3.12.egg-info
[5.657s] -- Installing: /home/balling/projects/RIC/ros_ws/install/action_msgs/lib/python3.12/site-packages/action_msgs-2.0.2-py3.12.egg-info/PKG-INFO
[5.657s] -- Installing: /home/balling/projects/RIC/ros_ws/install/action_msgs/lib/python3.12/site-packages/action_msgs-2.0.2-py3.12.egg-info/dependency_links.txt
[5.657s] -- Installing: /home/balling/projects/RIC/ros_ws/install/action_msgs/lib/python3.12/site-packages/action_msgs-2.0.2-py3.12.egg-info/top_level.txt
[5.657s] -- Installing: /home/balling/projects/RIC/ros_ws/install/action_msgs/lib/python3.12/site-packages/action_msgs-2.0.2-py3.12.egg-info/SOURCES.txt
[5.657s] -- Installing: /home/balling/projects/RIC/ros_ws/install/action_msgs/lib/python3.12/site-packages/action_msgs
[5.657s] -- Installing: /home/balling/projects/RIC/ros_ws/install/action_msgs/lib/python3.12/site-packages/action_msgs/_action_msgs_s.ep.rosidl_typesupport_fastrtps_c.c
[5.657s] -- Installing: /home/balling/projects/RIC/ros_ws/install/action_msgs/lib/python3.12/site-packages/action_msgs/msg
[5.657s] -- Installing: /home/balling/projects/RIC/ros_ws/install/action_msgs/lib/python3.12/site-packages/action_msgs/msg/_goal_status_array_s.c
[5.657s] -- Installing: /home/balling/projects/RIC/ros_ws/install/action_msgs/lib/python3.12/site-packages/action_msgs/msg/_goal_status_array.py
[5.657s] -- Installing: /home/balling/projects/RIC/ros_ws/install/action_msgs/lib/python3.12/site-packages/action_msgs/msg/_goal_status.py
[5.657s] -- Installing: /home/balling/projects/RIC/ros_ws/install/action_msgs/lib/python3.12/site-packages/action_msgs/msg/__init__.py
[5.657s] -- Installing: /home/balling/projects/RIC/ros_ws/install/action_msgs/lib/python3.12/site-packages/action_msgs/msg/_goal_info.py
[5.657s] -- Installing: /home/balling/projects/RIC/ros_ws/install/action_msgs/lib/python3.12/site-packages/action_msgs/msg/_goal_status_s.c
[5.657s] -- Installing: /home/balling/projects/RIC/ros_ws/install/action_msgs/lib/python3.12/site-packages/action_msgs/msg/_goal_info_s.c
[5.657s] -- Installing: /home/balling/projects/RIC/ros_ws/install/action_msgs/lib/python3.12/site-packages/action_msgs/action_msgs_s__rosidl_typesupport_fastrtps_c.so
[5.657s] -- Installing: /home/balling/projects/RIC/ros_ws/install/action_msgs/lib/python3.12/site-packages/action_msgs/action_msgs_s__rosidl_typesupport_introspection_c.so
[5.658s] -- Installing: /home/balling/projects/RIC/ros_ws/install/action_msgs/lib/python3.12/site-packages/action_msgs/srv
[5.658s] -- Installing: /home/balling/projects/RIC/ros_ws/install/action_msgs/lib/python3.12/site-packages/action_msgs/srv/_cancel_goal_s.c
[5.658s] -- Installing: /home/balling/projects/RIC/ros_ws/install/action_msgs/lib/python3.12/site-packages/action_msgs/srv/_cancel_goal.py
[5.658s] -- Installing: /home/balling/projects/RIC/ros_ws/install/action_msgs/lib/python3.12/site-packages/action_msgs/srv/__init__.py
[5.658s] -- Installing: /home/balling/projects/RIC/ros_ws/install/action_msgs/lib/python3.12/site-packages/action_msgs/action_msgs_s__rosidl_typesupport_c.so
[5.658s] -- Installing: /home/balling/projects/RIC/ros_ws/install/action_msgs/lib/python3.12/site-packages/action_msgs/_action_msgs_s.ep.rosidl_typesupport_c.c
[5.658s] -- Installing: /home/balling/projects/RIC/ros_ws/install/action_msgs/lib/python3.12/site-packages/action_msgs/__init__.py
[5.658s] -- Installing: /home/balling/projects/RIC/ros_ws/install/action_msgs/lib/python3.12/site-packages/action_msgs/_action_msgs_s.ep.rosidl_typesupport_introspection_c.c
[5.689s] Listing '/home/balling/projects/RIC/ros_ws/install/action_msgs/lib/python3.12/site-packages/action_msgs'...
[5.689s] Compiling '/home/balling/projects/RIC/ros_ws/install/action_msgs/lib/python3.12/site-packages/action_msgs/__init__.py'...
[5.689s] Listing '/home/balling/projects/RIC/ros_ws/install/action_msgs/lib/python3.12/site-packages/action_msgs/msg'...
[5.689s] Compiling '/home/balling/projects/RIC/ros_ws/install/action_msgs/lib/python3.12/site-packages/action_msgs/msg/__init__.py'...
[5.689s] Compiling '/home/balling/projects/RIC/ros_ws/install/action_msgs/lib/python3.12/site-packages/action_msgs/msg/_goal_info.py'...
[5.689s] Compiling '/home/balling/projects/RIC/ros_ws/install/action_msgs/lib/python3.12/site-packages/action_msgs/msg/_goal_status.py'...
[5.689s] Compiling '/home/balling/projects/RIC/ros_ws/install/action_msgs/lib/python3.12/site-packages/action_msgs/msg/_goal_status_array.py'...
[5.689s] Listing '/home/balling/projects/RIC/ros_ws/install/action_msgs/lib/python3.12/site-packages/action_msgs/srv'...
[5.689s] Compiling '/home/balling/projects/RIC/ros_ws/install/action_msgs/lib/python3.12/site-packages/action_msgs/srv/__init__.py'...
[5.689s] Compiling '/home/balling/projects/RIC/ros_ws/install/action_msgs/lib/python3.12/site-packages/action_msgs/srv/_cancel_goal.py'...
[5.693s] -- Installing: /home/balling/projects/RIC/ros_ws/install/action_msgs/lib/python3.12/site-packages/action_msgs/action_msgs_s__rosidl_typesupport_fastrtps_c.so
[5.693s] -- Set non-toolchain portion of runtime path of "/home/balling/projects/RIC/ros_ws/install/action_msgs/lib/python3.12/site-packages/action_msgs/action_msgs_s__rosidl_typesupport_fastrtps_c.so" to ""
[5.693s] -- Installing: /home/balling/projects/RIC/ros_ws/install/action_msgs/lib/python3.12/site-packages/action_msgs/action_msgs_s__rosidl_typesupport_introspection_c.so
[5.694s] -- Set non-toolchain portion of runtime path of "/home/balling/projects/RIC/ros_ws/install/action_msgs/lib/python3.12/site-packages/action_msgs/action_msgs_s__rosidl_typesupport_introspection_c.so" to ""
[5.694s] -- Installing: /home/balling/projects/RIC/ros_ws/install/action_msgs/lib/python3.12/site-packages/action_msgs/action_msgs_s__rosidl_typesupport_c.so
[5.694s] -- Set non-toolchain portion of runtime path of "/home/balling/projects/RIC/ros_ws/install/action_msgs/lib/python3.12/site-packages/action_msgs/action_msgs_s__rosidl_typesupport_c.so" to ""
[5.694s] -- Installing: /home/balling/projects/RIC/ros_ws/install/action_msgs/lib/libaction_msgs__rosidl_generator_py.so
[5.694s] -- Set non-toolchain portion of runtime path of "/home/balling/projects/RIC/ros_ws/install/action_msgs/lib/libaction_msgs__rosidl_generator_py.so" to ""
[5.695s] -- Installing: /home/balling/projects/RIC/ros_ws/install/action_msgs/share/action_msgs/msg/GoalInfo.idl
[5.695s] -- Installing: /home/balling/projects/RIC/ros_ws/install/action_msgs/share/action_msgs/msg/GoalStatus.idl
[5.695s] -- Installing: /home/balling/projects/RIC/ros_ws/install/action_msgs/share/action_msgs/msg/GoalStatusArray.idl
[5.695s] -- Installing: /home/balling/projects/RIC/ros_ws/install/action_msgs/share/action_msgs/srv/CancelGoal.idl
[5.695s] -- Installing: /home/balling/projects/RIC/ros_ws/install/action_msgs/share/action_msgs/msg/GoalInfo.msg
[5.696s] -- Installing: /home/balling/projects/RIC/ros_ws/install/action_msgs/share/action_msgs/msg/GoalStatus.msg
[5.696s] -- Installing: /home/balling/projects/RIC/ros_ws/install/action_msgs/share/action_msgs/msg/GoalStatusArray.msg
[5.696s] -- Installing: /home/balling/projects/RIC/ros_ws/install/action_msgs/share/action_msgs/srv/CancelGoal.srv
[5.696s] -- Installing: /home/balling/projects/RIC/ros_ws/install/action_msgs/share/ament_index/resource_index/package_run_dependencies/action_msgs
[5.696s] -- Installing: /home/balling/projects/RIC/ros_ws/install/action_msgs/share/ament_index/resource_index/parent_prefix_path/action_msgs
[5.696s] -- Installing: /home/balling/projects/RIC/ros_ws/install/action_msgs/share/action_msgs/environment/ament_prefix_path.sh
[5.696s] -- Installing: /home/balling/projects/RIC/ros_ws/install/action_msgs/share/action_msgs/environment/ament_prefix_path.dsv
[5.696s] -- Installing: /home/balling/projects/RIC/ros_ws/install/action_msgs/share/action_msgs/environment/path.sh
[5.696s] -- Installing: /home/balling/projects/RIC/ros_ws/install/action_msgs/share/action_msgs/environment/path.dsv
[5.696s] -- Installing: /home/balling/projects/RIC/ros_ws/install/action_msgs/share/action_msgs/local_setup.bash
[5.696s] -- Installing: /home/balling/projects/RIC/ros_ws/install/action_msgs/share/action_msgs/local_setup.sh
[5.696s] -- Installing: /home/balling/projects/RIC/ros_ws/install/action_msgs/share/action_msgs/local_setup.zsh
[5.697s] -- Installing: /home/balling/projects/RIC/ros_ws/install/action_msgs/share/action_msgs/local_setup.dsv
[5.697s] -- Installing: /home/balling/projects/RIC/ros_ws/install/action_msgs/share/action_msgs/package.dsv
[5.697s] -- Installing: /home/balling/projects/RIC/ros_ws/install/action_msgs/share/ament_index/resource_index/packages/action_msgs
[5.697s] -- Installing: /home/balling/projects/RIC/ros_ws/install/action_msgs/share/action_msgs/cmake/export_action_msgs__rosidl_generator_cExport.cmake
[5.697s] -- Installing: /home/balling/projects/RIC/ros_ws/install/action_msgs/share/action_msgs/cmake/export_action_msgs__rosidl_generator_cExport-noconfig.cmake
[5.697s] -- Installing: /home/balling/projects/RIC/ros_ws/install/action_msgs/share/action_msgs/cmake/export_action_msgs__rosidl_typesupport_fastrtps_cExport.cmake
[5.697s] -- Installing: /home/balling/projects/RIC/ros_ws/install/action_msgs/share/action_msgs/cmake/export_action_msgs__rosidl_typesupport_fastrtps_cExport-noconfig.cmake
[5.697s] -- Installing: /home/balling/projects/RIC/ros_ws/install/action_msgs/share/action_msgs/cmake/export_action_msgs__rosidl_generator_cppExport.cmake
[5.697s] -- Installing: /home/balling/projects/RIC/ros_ws/install/action_msgs/share/action_msgs/cmake/export_action_msgs__rosidl_typesupport_fastrtps_cppExport.cmake
[5.698s] -- Installing: /home/balling/projects/RIC/ros_ws/install/action_msgs/share/action_msgs/cmake/export_action_msgs__rosidl_typesupport_fastrtps_cppExport-noconfig.cmake
[5.698s] -- Installing: /home/balling/projects/RIC/ros_ws/install/action_msgs/share/action_msgs/cmake/action_msgs__rosidl_typesupport_introspection_cExport.cmake
[5.698s] -- Installing: /home/balling/projects/RIC/ros_ws/install/action_msgs/share/action_msgs/cmake/action_msgs__rosidl_typesupport_introspection_cExport-noconfig.cmake
[5.698s] -- Installing: /home/balling/projects/RIC/ros_ws/install/action_msgs/share/action_msgs/cmake/action_msgs__rosidl_typesupport_cExport.cmake
[5.698s] -- Installing: /home/balling/projects/RIC/ros_ws/install/action_msgs/share/action_msgs/cmake/action_msgs__rosidl_typesupport_cExport-noconfig.cmake
[5.698s] -- Installing: /home/balling/projects/RIC/ros_ws/install/action_msgs/share/action_msgs/cmake/action_msgs__rosidl_typesupport_introspection_cppExport.cmake
[5.698s] -- Installing: /home/balling/projects/RIC/ros_ws/install/action_msgs/share/action_msgs/cmake/action_msgs__rosidl_typesupport_introspection_cppExport-noconfig.cmake
[5.699s] -- Installing: /home/balling/projects/RIC/ros_ws/install/action_msgs/share/action_msgs/cmake/action_msgs__rosidl_typesupport_cppExport.cmake
[5.699s] -- Installing: /home/balling/projects/RIC/ros_ws/install/action_msgs/share/action_msgs/cmake/action_msgs__rosidl_typesupport_cppExport-noconfig.cmake
[5.699s] -- Installing: /home/balling/projects/RIC/ros_ws/install/action_msgs/share/action_msgs/cmake/export_action_msgs__rosidl_generator_pyExport.cmake
[5.699s] -- Installing: /home/balling/projects/RIC/ros_ws/install/action_msgs/share/action_msgs/cmake/export_action_msgs__rosidl_generator_pyExport-noconfig.cmake
[5.699s] -- Installing: /home/balling/projects/RIC/ros_ws/install/action_msgs/share/action_msgs/cmake/rosidl_cmake-extras.cmake
[5.699s] -- Installing: /home/balling/projects/RIC/ros_ws/install/action_msgs/share/action_msgs/cmake/ament_cmake_export_dependencies-extras.cmake
[5.699s] -- Installing: /home/balling/projects/RIC/ros_ws/install/action_msgs/share/action_msgs/cmake/ament_cmake_export_include_directories-extras.cmake
[5.699s] -- Installing: /home/balling/projects/RIC/ros_ws/install/action_msgs/share/action_msgs/cmake/ament_cmake_export_libraries-extras.cmake
[5.699s] -- Installing: /home/balling/projects/RIC/ros_ws/install/action_msgs/share/action_msgs/cmake/ament_cmake_export_targets-extras.cmake
[5.699s] -- Installing: /home/balling/projects/RIC/ros_ws/install/action_msgs/share/action_msgs/cmake/rosidl_cmake_export_typesupport_targets-extras.cmake
[5.700s] -- Installing: /home/balling/projects/RIC/ros_ws/install/action_msgs/share/action_msgs/cmake/rosidl_cmake_export_typesupport_libraries-extras.cmake
[5.700s] -- Installing: /home/balling/projects/RIC/ros_ws/install/action_msgs/share/action_msgs/cmake/action_msgsConfig.cmake
[5.700s] -- Installing: /home/balling/projects/RIC/ros_ws/install/action_msgs/share/action_msgs/cmake/action_msgsConfig-version.cmake
[5.700s] -- Installing: /home/balling/projects/RIC/ros_ws/install/action_msgs/share/action_msgs/package.xml
[5.702s] Invoked command in '/home/balling/projects/RIC/ros_ws/build/action_msgs' returned '0': AMENT_PREFIX_PATH=/home/balling/projects/RIC/ros_ws/install/service_msgs:/home/balling/projects/RIC/ros_ws/install/unique_identifier_msgs:/home/balling/projects/RIC/ros_ws/install/builtin_interfaces:/home/balling/projects/RIC/ros_ws/install/rosidl_core_runtime:/home/balling/projects/RIC/ros_ws/install/rosidl_core_generators:/home/balling/projects/RIC/ros_ws/install/rosidl_generator_rs:/home/balling/projects/RIC/ros_ws/install/rosidl_runtime_rs:${AMENT_PREFIX_PATH} CMAKE_PREFIX_PATH=/home/balling/projects/RIC/ros_ws/install/service_msgs:/home/balling/projects/RIC/ros_ws/install/unique_identifier_msgs:/home/balling/projects/RIC/ros_ws/install/builtin_interfaces:/home/balling/projects/RIC/ros_ws/install/rosidl_core_runtime:/home/balling/projects/RIC/ros_ws/install/rosidl_core_generators:/home/balling/projects/RIC/ros_ws/install/rosidl_generator_rs:/home/balling/projects/RIC/mobile_robot_ws/install/mobile_robot:/home/balling/projects/RIC/mobile_robot_ws/install/articubot_one:/opt/ros/jazzy/opt/gz_sim_vendor:/opt/ros/jazzy/opt/gz_sensors_vendor:/opt/ros/jazzy/opt/gz_physics_vendor:/opt/ros/jazzy/opt/sdformat_vendor:/opt/ros/jazzy/opt/gz_gui_vendor:/opt/ros/jazzy/opt/gz_transport_vendor:/opt/ros/jazzy/opt/gz_rendering_vendor:/opt/ros/jazzy/opt/gz_plugin_vendor:/opt/ros/jazzy/opt/gz_fuel_tools_vendor:/opt/ros/jazzy/opt/gz_msgs_vendor:/opt/ros/jazzy/opt/gz_common_vendor:/opt/ros/jazzy/opt/gz_math_vendor:/opt/ros/jazzy/opt/gz_utils_vendor:/opt/ros/jazzy/opt/gz_tools_vendor:/opt/ros/jazzy/opt/gz_ogre_next_vendor:/opt/ros/jazzy/opt/gz_dartsim_vendor:/opt/ros/jazzy/opt/gz_cmake_vendor:/opt/ros/jazzy DEBUGINFOD_URLS=https://debuginfod.ubuntu.com LD_LIBRARY_PATH=/home/balling/projects/RIC/ros_ws/install/service_msgs/lib:/home/balling/projects/RIC/ros_ws/install/unique_identifier_msgs/lib:/home/balling/projects/RIC/ros_ws/install/builtin_interfaces/lib:${LD_LIBRARY_PATH} PYTHONPATH=/home/balling/projects/RIC/ros_ws/install/service_msgs/lib/python3.12/site-packages:/home/balling/projects/RIC/ros_ws/install/unique_identifier_msgs/lib/python3.12/site-packages:/home/balling/projects/RIC/ros_ws/install/builtin_interfaces/lib/python3.12/site-packages:/home/balling/projects/RIC/ros_ws/install/rosidl_generator_rs/lib/python3.12/site-packages:${PYTHONPATH} /home/balling/.nix-profile/bin/cmake --install /home/balling/projects/RIC/ros_ws/build/action_msgs
